Host: node3
Start: Thu Mar 26 11:48:33 AM UTC 2026
TMPDIR: /data/home/tqi/data1/share/after_freesurfer/CODE/analysis/tmp
Subjects in demo (after basic cleaning): 207 
Subjects with existing matrix+degree csv: 207 
Missing subjects (demo has but file not): 0 
Detected ROI number: 318 
Number of edges (upper triangle): 50403 
Degree matrix: 207 x 318 
Edge matrix: 207 x 50403 

=== Running ROI-wise ANOVA (degree) ===
Degree features with NA p-values (likely constant/degenerate): 0 
Significant Interaction (degree, FDR<0.05): 0 
Saved degree results: /data/home/tqi/data1/share/after_freesurfer/FILE/test_any_2/MIND_DK318_ANOVA/ANOVA_DK318_degree_results.csv 

=== Running Edge-wise ANOVA (upper triangle) ===
Edge chunk 1 / 26 - edges: 2000 
Edge chunk 2 / 26 - edges: 2000 
Edge chunk 3 / 26 - edges: 2000 
Edge chunk 4 / 26 - edges: 2000 
Edge chunk 5 / 26 - edges: 2000 
Edge chunk 6 / 26 - edges: 2000 
Edge chunk 7 / 26 - edges: 2000 
Edge chunk 8 / 26 - edges: 2000 
Edge chunk 9 / 26 - edges: 2000 
Edge chunk 10 / 26 - edges: 2000 
Edge chunk 11 / 26 - edges: 2000 
Edge chunk 12 / 26 - edges: 2000 
Edge chunk 13 / 26 - edges: 2000 
Edge chunk 14 / 26 - edges: 2000 
Edge chunk 15 / 26 - edges: 2000 
Edge chunk 16 / 26 - edges: 2000 
Edge chunk 17 / 26 - edges: 2000 
Edge chunk 18 / 26 - edges: 2000 
Edge chunk 19 / 26 - edges: 2000 
Edge chunk 20 / 26 - edges: 2000 
Edge chunk 21 / 26 - edges: 2000 
Edge chunk 22 / 26 - edges: 2000 
Edge chunk 23 / 26 - edges: 2000 
Edge chunk 24 / 26 - edges: 2000 
Edge chunk 25 / 26 - edges: 2000 
Edge chunk 26 / 26 - edges: 403 
Edge features with NA p-values (likely constant/degenerate): 0 
Significant Interaction (edges, FDR<0.05): 1 
Saved edge results: /data/home/tqi/data1/share/after_freesurfer/FILE/test_any_2/MIND_DK318_ANOVA/ANOVA_DK318_edge_results.csv 

=== Generating significant results tables ===
Significant Diagnosis degree results (n = 15 ): /data/home/tqi/data1/share/after_freesurfer/FILE/test_any_2/MIND_DK318_ANOVA/Significant_Diagnosis_DK318_degree_results.csv 
# A tibble: 15 × 18
   feature                n p_Diagnosis p_AgeGroup p_Interaction p_Diagnosis_FDR
   <chr>              <int>       <dbl>      <dbl>         <dbl>           <dbl>
 1 rh_precentral_par…   207   0.0000265   1.58e- 8        0.461          0.00843
 2 rh_precentral_par…   207   0.0000650   7.21e- 6        0.0675         0.0103 
 3 lh_superiortempor…   207   0.000123    8.03e- 2        0.898          0.0130 
 4 lh_supramarginal_…   207   0.000381    7.64e- 2        0.623          0.0165 
 5 rh_superiorfronta…   207   0.000415    2.41e- 4        0.267          0.0165 
 6 rh_supramarginal_…   207   0.000328    3.37e- 3        0.943          0.0165 
 7 rh_supramarginal_…   207   0.000248    1.07e- 1        0.750          0.0165 
 8 rh_insula_part3      207   0.000271    9.90e- 3        0.0983         0.0165 
 9 rh_caudalmiddlefr…   207   0.000636    1.92e- 2        0.233          0.0225 
10 lh_insula_part3      207   0.00109     9.77e- 3        0.981          0.0314 
11 rh_superiorfronta…   207   0.00100     2.55e-11        0.415          0.0314 
12 rh_superiorfronta…   207   0.00140     2.77e- 3        0.746          0.0371 
13 rh_rostralanterio…   207   0.00181     8.21e- 6        0.593          0.0443 
14 rh_inferiortempor…   207   0.00203     2.85e- 2        0.686          0.0461 
15 rh_precentral_par…   207   0.00224     4.53e- 3        0.485          0.0476 
# ℹ 12 more variables: p_AgeGroup_FDR <dbl>, p_Interaction_FDR <dbl>,
#   p_Interaction_FDR_diagSig <dbl>, eta2_Diagnosis <dbl>, eta2_AgeGroup <dbl>,
#   eta2_Interaction <dbl>, cohens_f_Diagnosis <dbl>, cohens_f_AgeGroup <dbl>,
#   cohens_f_Interaction <dbl>, mean_TD <dbl>, mean_DD <dbl>, direction <chr>
Significant Diagnosis edge results (n = 648 ): /data/home/tqi/data1/share/after_freesurfer/FILE/test_any_2/MIND_DK318_ANOVA/Significant_Diagnosis_DK318_edge_results.csv 
# A tibble: 648 × 21
   edge_id     i     j region_i            region_j     n p_Diagnosis p_AgeGroup
     <int> <int> <int> <chr>               <chr>    <int>       <dbl>      <dbl>
 1   31358   233   251 rh_parstriangulari… rh_prec…   207     4.29e-8   7.37e-11
 2   38766   263   279 rh_rostralanterior… rh_supe…   207     6.84e-8   2.68e- 4
 3   31285   160   251 rh_bankssts_part1   rh_prec…   207     3.20e-7   1.16e- 3
 4   31815   189   253 rh_inferiortempora… rh_prec…   207     2.98e-7   7.82e- 3
 5   31173    48   251 lh_lateralorbitofr… rh_prec…   207     7.80e-7   5.19e- 6
 6   31199    74   251 lh_parstriangulari… rh_prec…   207     7.86e-7   2.81e-10
 7   31655    29   253 lh_inferiortempora… rh_prec…   207     6.32e-7   9.63e- 2
 8   10448     8   146 lh_cuneus_part1     lh_supr…   207     2.61e-6   3.17e- 3
 9   25504    79   227 lh_postcentral_par… rh_para…   207     3.54e-6   2.18e- 5
10   25571   146   227 lh_supramarginal_p… rh_para…   207     3.80e-6   3.04e- 1
# ℹ 638 more rows
# ℹ 13 more variables: p_Interaction <dbl>, p_Diagnosis_FDR <dbl>,
#   p_AgeGroup_FDR <dbl>, p_Interaction_FDR <dbl>, eta2_Diagnosis <dbl>,
#   eta2_AgeGroup <dbl>, eta2_Interaction <dbl>, cohens_f_Diagnosis <dbl>,
#   cohens_f_AgeGroup <dbl>, cohens_f_Interaction <dbl>, mean_TD <dbl>,
#   mean_DD <dbl>, direction <chr>
Significant AgeGroup degree results (n = 148 ): /data/home/tqi/data1/share/after_freesurfer/FILE/test_any_2/MIND_DK318_ANOVA/Significant_AgeGroup_DK318_degree_results.csv 
# A tibble: 148 × 18
   feature                n p_Diagnosis p_AgeGroup p_Interaction p_Diagnosis_FDR
   <chr>              <int>       <dbl>      <dbl>         <dbl>           <dbl>
 1 rh_superiorfronta…   207   0.00100     2.55e-11         0.415         0.0314 
 2 rh_precentral_par…   207   0.0000265   1.58e- 8         0.461         0.00843
 3 rh_lateralorbitof…   207   0.285       1.59e- 7         0.204         0.429  
 4 rh_precentral_par…   207   0.0374      2.91e- 7         0.268         0.143  
 5 lh_precentral_par…   207   0.334       5.95e- 7         0.139         0.480  
 6 lh_superiorfronta…   207   0.0373      5.62e- 7         0.964         0.143  
 7 lh_supramarginal_…   207   0.130       6.97e- 7         0.945         0.270  
 8 lh_inferiorpariet…   207   0.126       2.46e- 6         0.841         0.266  
 9 lh_precentral_par…   207   0.0400      2.76e- 6         0.155         0.145  
10 lh_inferiorpariet…   207   0.514       4.85e- 6         0.328         0.629  
# ℹ 138 more rows
# ℹ 12 more variables: p_AgeGroup_FDR <dbl>, p_Interaction_FDR <dbl>,
#   p_Interaction_FDR_diagSig <dbl>, eta2_Diagnosis <dbl>, eta2_AgeGroup <dbl>,
#   eta2_Interaction <dbl>, cohens_f_Diagnosis <dbl>, cohens_f_AgeGroup <dbl>,
#   cohens_f_Interaction <dbl>, mean_Child <dbl>, mean_Adult <dbl>,
#   direction <chr>
Significant AgeGroup edge results (n = 8306 ): /data/home/tqi/data1/share/after_freesurfer/FILE/test_any_2/MIND_DK318_ANOVA/Significant_AgeGroup_DK318_edge_results.csv 
# A tibble: 8,306 × 21
   edge_id     i     j region_i            region_j     n p_Diagnosis p_AgeGroup
     <int> <int> <int> <chr>               <chr>    <int>       <dbl>      <dbl>
 1   31357   232   251 rh_parstriangulari… rh_prec…   207   0.0000307   4.90e-14
 2   39030   249   280 rh_precentral_part3 rh_supe…   207   0.0367      2.25e-13
 3   31198    73   251 lh_parstriangulari… rh_prec…   207   0.00133     7.52e-13
 4   31243   118   251 lh_superiorfrontal… rh_prec…   207   0.00126     6.46e-13
 5   30702    74   249 lh_parstriangulari… rh_prec…   207   0.000389    2.41e-12
 6   30861   233   249 rh_parstriangulari… rh_prec…   207   0.000140    2.61e-12
 7   37512   111   275 lh_rostralmiddlefr… rh_supe…   207   0.0434      3.20e-12
 8    9664    73   140 lh_parstriangulari… lh_supe…   207   0.0877      4.22e-12
 9   30746   118   249 lh_superiorfrontal… rh_prec…   207   0.0355      4.01e-12
10   30860   232   249 rh_parstriangulari… rh_prec…   207   0.0107      7.05e-12
# ℹ 8,296 more rows
# ℹ 13 more variables: p_Interaction <dbl>, p_Diagnosis_FDR <dbl>,
#   p_AgeGroup_FDR <dbl>, p_Interaction_FDR <dbl>, eta2_Diagnosis <dbl>,
#   eta2_AgeGroup <dbl>, eta2_Interaction <dbl>, cohens_f_Diagnosis <dbl>,
#   cohens_f_AgeGroup <dbl>, cohens_f_Interaction <dbl>, mean_Child <dbl>,
#   mean_Adult <dbl>, direction <chr>
No significant Interaction results for degree (FDR<0.05)
NULL
Significant Interaction edge results (n = 1 ): /data/home/tqi/data1/share/after_freesurfer/FILE/test_any_2/MIND_DK318_ANOVA/Significant_Interaction_DK318_edge_results.csv 
# A tibble: 1 × 22
  edge_id     i     j region_i             region_j     n p_Diagnosis p_AgeGroup
    <int> <int> <int> <chr>                <chr>    <int>       <dbl>      <dbl>
1   14616    81   172 lh_postcentral_part4 rh_fusi…   207       0.752      0.777
# ℹ 14 more variables: p_Interaction <dbl>, p_Diagnosis_FDR <dbl>,
#   p_AgeGroup_FDR <dbl>, p_Interaction_FDR <dbl>, eta2_Diagnosis <dbl>,
#   eta2_AgeGroup <dbl>, eta2_Interaction <dbl>, cohens_f_Diagnosis <dbl>,
#   cohens_f_AgeGroup <dbl>, cohens_f_Interaction <dbl>, mean_TD_Child <dbl>,
#   mean_TD_Adult <dbl>, mean_DD_Child <dbl>, mean_DD_Adult <dbl>

DONE.
End: Thu Mar 26 11:56:02 AM UTC 2026
