Loading required package: readxl
Loading required package: dplyr

Attaching package: ‘dplyr’

The following objects are masked from ‘package:stats’:

    filter, lag

The following objects are masked from ‘package:base’:

    intersect, setdiff, setequal, union

Loading required package: purrr
Loading required package: dglm
Loading required package: stringr
Loading required package: emmeans
Welcome to emmeans.
Caution: You lose important information if you filter this package's results.
See '? untidy'
Warning messages:
1: glm.fit: algorithm did not converge 
2: step size truncated due to divergence 
3: glm.fit: algorithm did not converge 
4: glm.fit: algorithm did not converge 
5: glm.fit: algorithm did not converge 
6: glm.fit: algorithm did not converge 
7: glm.fit: algorithm did not converge 
8: glm.fit: algorithm did not converge 
