Host: node3
Start: Mon Apr 27 12:27:22 PM UTC 2026
TMPDIR: /data/home/tqi/data1/share/after_freesurfer/CODE/analysis/tmp
Variant: main
Result dir: /data/home/tqi/data1/share/after_freesurfer/FILE/test_mean_1.5/MIND_DK318_DGLM_main
model: default 
sex: all 
result_dir override: /data/home/tqi/data1/share/after_freesurfer/FILE/test_mean_1.5/MIND_DK318_DGLM_main 
Selected result directories:
[1] "/data1/tqi/share/after_freesurfer/FILE/test_mean_1.5/MIND_DK318_DGLM_main/degree"                                                       
[2] "/data1/tqi/share/after_freesurfer/FILE/test_mean_1.5/MIND_DK318_DGLM_main/degree/network_FDR/alphabetic_functional"                     
[3] "/data1/tqi/share/after_freesurfer/FILE/test_mean_1.5/MIND_DK318_DGLM_main/degree/network_FDR/alphabetic_structural"                     
[4] "/data1/tqi/share/after_freesurfer/FILE/test_mean_1.5/MIND_DK318_DGLM_main/degree/network_FDR/brain_regions_at_least_one_task_mean_gt_2" 
[5] "/data1/tqi/share/after_freesurfer/FILE/test_mean_1.5/MIND_DK318_DGLM_main/degree/network_FDR/brain_regions_at_least_two_tasks_mean_gt_2"
[6] "/data1/tqi/share/after_freesurfer/FILE/test_mean_1.5/MIND_DK318_DGLM_main/degree/network_FDR/morphosyllabic_functional"                 
[7] "/data1/tqi/share/after_freesurfer/FILE/test_mean_1.5/MIND_DK318_DGLM_main/degree/network_FDR/morphosyllabic_structural"                 
task p_mean_Diagnosis_AgeGroup : 27 sig ROI in /data1/tqi/share/after_freesurfer/FILE/test_mean_1.5/MIND_DK318_DGLM_main/degree/violin_followup/mean/Diagnosis_AgeGroup/uncorrected/p_mean_Diagnosis_AgeGroup 
task p_mean_Diagnosis_Sex : 20 sig ROI in /data1/tqi/share/after_freesurfer/FILE/test_mean_1.5/MIND_DK318_DGLM_main/degree/violin_followup/mean/Diagnosis_Sex/uncorrected/p_mean_Diagnosis_Sex 
task p_mean_AgeGroup_Sex : 23 sig ROI in /data1/tqi/share/after_freesurfer/FILE/test_mean_1.5/MIND_DK318_DGLM_main/degree/violin_followup/mean/AgeGroup_Sex/uncorrected/p_mean_AgeGroup_Sex 
task p_mean_Diagnosis_AgeGroup_Sex : 30 sig ROI in /data1/tqi/share/after_freesurfer/FILE/test_mean_1.5/MIND_DK318_DGLM_main/degree/violin_followup/mean/Diagnosis_AgeGroup_Sex/uncorrected/p_mean_Diagnosis_AgeGroup_Sex 
task p_disp_Diagnosis_AgeGroup : 4 sig ROI in /data1/tqi/share/after_freesurfer/FILE/test_mean_1.5/MIND_DK318_DGLM_main/degree/violin_followup/disp/Diagnosis_AgeGroup/uncorrected/p_disp_Diagnosis_AgeGroup 
task p_disp_Diagnosis_Sex : 2 sig ROI in /data1/tqi/share/after_freesurfer/FILE/test_mean_1.5/MIND_DK318_DGLM_main/degree/violin_followup/disp/Diagnosis_Sex/uncorrected/p_disp_Diagnosis_Sex 
task p_disp_AgeGroup_Sex : 6 sig ROI in /data1/tqi/share/after_freesurfer/FILE/test_mean_1.5/MIND_DK318_DGLM_main/degree/violin_followup/disp/AgeGroup_Sex/uncorrected/p_disp_AgeGroup_Sex 
task p_disp_Diagnosis_AgeGroup_Sex : 5 sig ROI in /data1/tqi/share/after_freesurfer/FILE/test_mean_1.5/MIND_DK318_DGLM_main/degree/violin_followup/disp/Diagnosis_AgeGroup_Sex/uncorrected/p_disp_Diagnosis_AgeGroup_Sex 
task p_mean_Diagnosis_AgeGroup_FDR : 1 sig ROI in /data1/tqi/share/after_freesurfer/FILE/test_mean_1.5/MIND_DK318_DGLM_main/degree/violin_followup/mean/Diagnosis_AgeGroup/FDR/p_mean_Diagnosis_AgeGroup_FDR 
task p_mean_Diagnosis_Sex_FDR : 1 sig ROI in /data1/tqi/share/after_freesurfer/FILE/test_mean_1.5/MIND_DK318_DGLM_main/degree/violin_followup/mean/Diagnosis_Sex/FDR/p_mean_Diagnosis_Sex_FDR 
task p_mean_AgeGroup_Sex_FDR : 4 sig ROI in /data1/tqi/share/after_freesurfer/FILE/test_mean_1.5/MIND_DK318_DGLM_main/degree/violin_followup/mean/AgeGroup_Sex/FDR/p_mean_AgeGroup_Sex_FDR 
task p_mean_Diagnosis_AgeGroup_Sex_FDR : 0 sig ROI in /data1/tqi/share/after_freesurfer/FILE/test_mean_1.5/MIND_DK318_DGLM_main/degree/violin_followup/mean/Diagnosis_AgeGroup_Sex/FDR/p_mean_Diagnosis_AgeGroup_Sex_FDR 
task p_disp_Diagnosis_AgeGroup_FDR : 0 sig ROI in /data1/tqi/share/after_freesurfer/FILE/test_mean_1.5/MIND_DK318_DGLM_main/degree/violin_followup/disp/Diagnosis_AgeGroup/FDR/p_disp_Diagnosis_AgeGroup_FDR 
task p_disp_Diagnosis_Sex_FDR : 0 sig ROI in /data1/tqi/share/after_freesurfer/FILE/test_mean_1.5/MIND_DK318_DGLM_main/degree/violin_followup/disp/Diagnosis_Sex/FDR/p_disp_Diagnosis_Sex_FDR 
task p_disp_AgeGroup_Sex_FDR : 0 sig ROI in /data1/tqi/share/after_freesurfer/FILE/test_mean_1.5/MIND_DK318_DGLM_main/degree/violin_followup/disp/AgeGroup_Sex/FDR/p_disp_AgeGroup_Sex_FDR 
task p_disp_Diagnosis_AgeGroup_Sex_FDR : 0 sig ROI in /data1/tqi/share/after_freesurfer/FILE/test_mean_1.5/MIND_DK318_DGLM_main/degree/violin_followup/disp/Diagnosis_AgeGroup_Sex/FDR/p_disp_Diagnosis_AgeGroup_Sex_FDR 
task p_mean_Diagnosis_AgeGroup_networkFDR_alphabetic_functional : 0 sig ROI in /data1/tqi/share/after_freesurfer/FILE/test_mean_1.5/MIND_DK318_DGLM_main/degree/violin_followup/mean/Diagnosis_AgeGroup/networkFDR/p_mean_Diagnosis_AgeGroup_networkFDR_alphabetic_functional 
task p_mean_Diagnosis_AgeGroup_networkFDR_alphabetic_structural : 0 sig ROI in /data1/tqi/share/after_freesurfer/FILE/test_mean_1.5/MIND_DK318_DGLM_main/degree/violin_followup/mean/Diagnosis_AgeGroup/networkFDR/p_mean_Diagnosis_AgeGroup_networkFDR_alphabetic_structural 
task p_mean_Diagnosis_AgeGroup_networkFDR_brain_regions_at_least_one_task_mean_gt_2 : 0 sig ROI in /data1/tqi/share/after_freesurfer/FILE/test_mean_1.5/MIND_DK318_DGLM_main/degree/violin_followup/mean/Diagnosis_AgeGroup/networkFDR/p_mean_Diagnosis_AgeGroup_networkFDR_brain_regions_at_least_one_task_mean_gt_2 
task p_mean_Diagnosis_AgeGroup_networkFDR_brain_regions_at_least_two_tasks_mean_gt_2 : 0 sig ROI in /data1/tqi/share/after_freesurfer/FILE/test_mean_1.5/MIND_DK318_DGLM_main/degree/violin_followup/mean/Diagnosis_AgeGroup/networkFDR/p_mean_Diagnosis_AgeGroup_networkFDR_brain_regions_at_least_two_tasks_mean_gt_2 
task p_mean_Diagnosis_AgeGroup_networkFDR_morphosyllabic_functional : 0 sig ROI in /data1/tqi/share/after_freesurfer/FILE/test_mean_1.5/MIND_DK318_DGLM_main/degree/violin_followup/mean/Diagnosis_AgeGroup/networkFDR/p_mean_Diagnosis_AgeGroup_networkFDR_morphosyllabic_functional 
task p_mean_Diagnosis_AgeGroup_networkFDR_morphosyllabic_structural : 0 sig ROI in /data1/tqi/share/after_freesurfer/FILE/test_mean_1.5/MIND_DK318_DGLM_main/degree/violin_followup/mean/Diagnosis_AgeGroup/networkFDR/p_mean_Diagnosis_AgeGroup_networkFDR_morphosyllabic_structural 
task p_mean_Diagnosis_Sex_networkFDR_alphabetic_functional : 0 sig ROI in /data1/tqi/share/after_freesurfer/FILE/test_mean_1.5/MIND_DK318_DGLM_main/degree/violin_followup/mean/Diagnosis_Sex/networkFDR/p_mean_Diagnosis_Sex_networkFDR_alphabetic_functional 
task p_mean_Diagnosis_Sex_networkFDR_alphabetic_structural : 0 sig ROI in /data1/tqi/share/after_freesurfer/FILE/test_mean_1.5/MIND_DK318_DGLM_main/degree/violin_followup/mean/Diagnosis_Sex/networkFDR/p_mean_Diagnosis_Sex_networkFDR_alphabetic_structural 
task p_mean_Diagnosis_Sex_networkFDR_brain_regions_at_least_one_task_mean_gt_2 : 0 sig ROI in /data1/tqi/share/after_freesurfer/FILE/test_mean_1.5/MIND_DK318_DGLM_main/degree/violin_followup/mean/Diagnosis_Sex/networkFDR/p_mean_Diagnosis_Sex_networkFDR_brain_regions_at_least_one_task_mean_gt_2 
task p_mean_Diagnosis_Sex_networkFDR_brain_regions_at_least_two_tasks_mean_gt_2 : 0 sig ROI in /data1/tqi/share/after_freesurfer/FILE/test_mean_1.5/MIND_DK318_DGLM_main/degree/violin_followup/mean/Diagnosis_Sex/networkFDR/p_mean_Diagnosis_Sex_networkFDR_brain_regions_at_least_two_tasks_mean_gt_2 
task p_mean_Diagnosis_Sex_networkFDR_morphosyllabic_functional : 0 sig ROI in /data1/tqi/share/after_freesurfer/FILE/test_mean_1.5/MIND_DK318_DGLM_main/degree/violin_followup/mean/Diagnosis_Sex/networkFDR/p_mean_Diagnosis_Sex_networkFDR_morphosyllabic_functional 
task p_mean_Diagnosis_Sex_networkFDR_morphosyllabic_structural : 0 sig ROI in /data1/tqi/share/after_freesurfer/FILE/test_mean_1.5/MIND_DK318_DGLM_main/degree/violin_followup/mean/Diagnosis_Sex/networkFDR/p_mean_Diagnosis_Sex_networkFDR_morphosyllabic_structural 
task p_mean_AgeGroup_Sex_networkFDR_alphabetic_functional : 0 sig ROI in /data1/tqi/share/after_freesurfer/FILE/test_mean_1.5/MIND_DK318_DGLM_main/degree/violin_followup/mean/AgeGroup_Sex/networkFDR/p_mean_AgeGroup_Sex_networkFDR_alphabetic_functional 
task p_mean_AgeGroup_Sex_networkFDR_alphabetic_structural : 0 sig ROI in /data1/tqi/share/after_freesurfer/FILE/test_mean_1.5/MIND_DK318_DGLM_main/degree/violin_followup/mean/AgeGroup_Sex/networkFDR/p_mean_AgeGroup_Sex_networkFDR_alphabetic_structural 
task p_mean_AgeGroup_Sex_networkFDR_brain_regions_at_least_one_task_mean_gt_2 : 0 sig ROI in /data1/tqi/share/after_freesurfer/FILE/test_mean_1.5/MIND_DK318_DGLM_main/degree/violin_followup/mean/AgeGroup_Sex/networkFDR/p_mean_AgeGroup_Sex_networkFDR_brain_regions_at_least_one_task_mean_gt_2 
task p_mean_AgeGroup_Sex_networkFDR_brain_regions_at_least_two_tasks_mean_gt_2 : 0 sig ROI in /data1/tqi/share/after_freesurfer/FILE/test_mean_1.5/MIND_DK318_DGLM_main/degree/violin_followup/mean/AgeGroup_Sex/networkFDR/p_mean_AgeGroup_Sex_networkFDR_brain_regions_at_least_two_tasks_mean_gt_2 
task p_mean_AgeGroup_Sex_networkFDR_morphosyllabic_functional : 0 sig ROI in /data1/tqi/share/after_freesurfer/FILE/test_mean_1.5/MIND_DK318_DGLM_main/degree/violin_followup/mean/AgeGroup_Sex/networkFDR/p_mean_AgeGroup_Sex_networkFDR_morphosyllabic_functional 
task p_mean_AgeGroup_Sex_networkFDR_morphosyllabic_structural : 1 sig ROI in /data1/tqi/share/after_freesurfer/FILE/test_mean_1.5/MIND_DK318_DGLM_main/degree/violin_followup/mean/AgeGroup_Sex/networkFDR/p_mean_AgeGroup_Sex_networkFDR_morphosyllabic_structural 
task p_mean_Diagnosis_AgeGroup_Sex_networkFDR_alphabetic_functional : 0 sig ROI in /data1/tqi/share/after_freesurfer/FILE/test_mean_1.5/MIND_DK318_DGLM_main/degree/violin_followup/mean/Diagnosis_AgeGroup_Sex/networkFDR/p_mean_Diagnosis_AgeGroup_Sex_networkFDR_alphabetic_functional 
task p_mean_Diagnosis_AgeGroup_Sex_networkFDR_alphabetic_structural : 2 sig ROI in /data1/tqi/share/after_freesurfer/FILE/test_mean_1.5/MIND_DK318_DGLM_main/degree/violin_followup/mean/Diagnosis_AgeGroup_Sex/networkFDR/p_mean_Diagnosis_AgeGroup_Sex_networkFDR_alphabetic_structural 
task p_mean_Diagnosis_AgeGroup_Sex_networkFDR_brain_regions_at_least_one_task_mean_gt_2 : 0 sig ROI in /data1/tqi/share/after_freesurfer/FILE/test_mean_1.5/MIND_DK318_DGLM_main/degree/violin_followup/mean/Diagnosis_AgeGroup_Sex/networkFDR/p_mean_Diagnosis_AgeGroup_Sex_networkFDR_brain_regions_at_least_one_task_mean_gt_2 
task p_mean_Diagnosis_AgeGroup_Sex_networkFDR_brain_regions_at_least_two_tasks_mean_gt_2 : 0 sig ROI in /data1/tqi/share/after_freesurfer/FILE/test_mean_1.5/MIND_DK318_DGLM_main/degree/violin_followup/mean/Diagnosis_AgeGroup_Sex/networkFDR/p_mean_Diagnosis_AgeGroup_Sex_networkFDR_brain_regions_at_least_two_tasks_mean_gt_2 
task p_mean_Diagnosis_AgeGroup_Sex_networkFDR_morphosyllabic_functional : 0 sig ROI in /data1/tqi/share/after_freesurfer/FILE/test_mean_1.5/MIND_DK318_DGLM_main/degree/violin_followup/mean/Diagnosis_AgeGroup_Sex/networkFDR/p_mean_Diagnosis_AgeGroup_Sex_networkFDR_morphosyllabic_functional 
task p_mean_Diagnosis_AgeGroup_Sex_networkFDR_morphosyllabic_structural : 0 sig ROI in /data1/tqi/share/after_freesurfer/FILE/test_mean_1.5/MIND_DK318_DGLM_main/degree/violin_followup/mean/Diagnosis_AgeGroup_Sex/networkFDR/p_mean_Diagnosis_AgeGroup_Sex_networkFDR_morphosyllabic_structural 
task p_disp_Diagnosis_AgeGroup_networkFDR_alphabetic_functional : 0 sig ROI in /data1/tqi/share/after_freesurfer/FILE/test_mean_1.5/MIND_DK318_DGLM_main/degree/violin_followup/disp/Diagnosis_AgeGroup/networkFDR/p_disp_Diagnosis_AgeGroup_networkFDR_alphabetic_functional 
task p_disp_Diagnosis_AgeGroup_networkFDR_alphabetic_structural : 0 sig ROI in /data1/tqi/share/after_freesurfer/FILE/test_mean_1.5/MIND_DK318_DGLM_main/degree/violin_followup/disp/Diagnosis_AgeGroup/networkFDR/p_disp_Diagnosis_AgeGroup_networkFDR_alphabetic_structural 
task p_disp_Diagnosis_AgeGroup_networkFDR_brain_regions_at_least_one_task_mean_gt_2 : 0 sig ROI in /data1/tqi/share/after_freesurfer/FILE/test_mean_1.5/MIND_DK318_DGLM_main/degree/violin_followup/disp/Diagnosis_AgeGroup/networkFDR/p_disp_Diagnosis_AgeGroup_networkFDR_brain_regions_at_least_one_task_mean_gt_2 
task p_disp_Diagnosis_AgeGroup_networkFDR_brain_regions_at_least_two_tasks_mean_gt_2 : 0 sig ROI in /data1/tqi/share/after_freesurfer/FILE/test_mean_1.5/MIND_DK318_DGLM_main/degree/violin_followup/disp/Diagnosis_AgeGroup/networkFDR/p_disp_Diagnosis_AgeGroup_networkFDR_brain_regions_at_least_two_tasks_mean_gt_2 
task p_disp_Diagnosis_AgeGroup_networkFDR_morphosyllabic_functional : 0 sig ROI in /data1/tqi/share/after_freesurfer/FILE/test_mean_1.5/MIND_DK318_DGLM_main/degree/violin_followup/disp/Diagnosis_AgeGroup/networkFDR/p_disp_Diagnosis_AgeGroup_networkFDR_morphosyllabic_functional 
task p_disp_Diagnosis_AgeGroup_networkFDR_morphosyllabic_structural : 0 sig ROI in /data1/tqi/share/after_freesurfer/FILE/test_mean_1.5/MIND_DK318_DGLM_main/degree/violin_followup/disp/Diagnosis_AgeGroup/networkFDR/p_disp_Diagnosis_AgeGroup_networkFDR_morphosyllabic_structural 
task p_disp_Diagnosis_Sex_networkFDR_alphabetic_functional : 0 sig ROI in /data1/tqi/share/after_freesurfer/FILE/test_mean_1.5/MIND_DK318_DGLM_main/degree/violin_followup/disp/Diagnosis_Sex/networkFDR/p_disp_Diagnosis_Sex_networkFDR_alphabetic_functional 
task p_disp_Diagnosis_Sex_networkFDR_alphabetic_structural : 0 sig ROI in /data1/tqi/share/after_freesurfer/FILE/test_mean_1.5/MIND_DK318_DGLM_main/degree/violin_followup/disp/Diagnosis_Sex/networkFDR/p_disp_Diagnosis_Sex_networkFDR_alphabetic_structural 
task p_disp_Diagnosis_Sex_networkFDR_brain_regions_at_least_one_task_mean_gt_2 : 0 sig ROI in /data1/tqi/share/after_freesurfer/FILE/test_mean_1.5/MIND_DK318_DGLM_main/degree/violin_followup/disp/Diagnosis_Sex/networkFDR/p_disp_Diagnosis_Sex_networkFDR_brain_regions_at_least_one_task_mean_gt_2 
task p_disp_Diagnosis_Sex_networkFDR_brain_regions_at_least_two_tasks_mean_gt_2 : 0 sig ROI in /data1/tqi/share/after_freesurfer/FILE/test_mean_1.5/MIND_DK318_DGLM_main/degree/violin_followup/disp/Diagnosis_Sex/networkFDR/p_disp_Diagnosis_Sex_networkFDR_brain_regions_at_least_two_tasks_mean_gt_2 
task p_disp_Diagnosis_Sex_networkFDR_morphosyllabic_functional : 0 sig ROI in /data1/tqi/share/after_freesurfer/FILE/test_mean_1.5/MIND_DK318_DGLM_main/degree/violin_followup/disp/Diagnosis_Sex/networkFDR/p_disp_Diagnosis_Sex_networkFDR_morphosyllabic_functional 
task p_disp_Diagnosis_Sex_networkFDR_morphosyllabic_structural : 0 sig ROI in /data1/tqi/share/after_freesurfer/FILE/test_mean_1.5/MIND_DK318_DGLM_main/degree/violin_followup/disp/Diagnosis_Sex/networkFDR/p_disp_Diagnosis_Sex_networkFDR_morphosyllabic_structural 
task p_disp_AgeGroup_Sex_networkFDR_alphabetic_functional : 0 sig ROI in /data1/tqi/share/after_freesurfer/FILE/test_mean_1.5/MIND_DK318_DGLM_main/degree/violin_followup/disp/AgeGroup_Sex/networkFDR/p_disp_AgeGroup_Sex_networkFDR_alphabetic_functional 
task p_disp_AgeGroup_Sex_networkFDR_alphabetic_structural : 0 sig ROI in /data1/tqi/share/after_freesurfer/FILE/test_mean_1.5/MIND_DK318_DGLM_main/degree/violin_followup/disp/AgeGroup_Sex/networkFDR/p_disp_AgeGroup_Sex_networkFDR_alphabetic_structural 
task p_disp_AgeGroup_Sex_networkFDR_brain_regions_at_least_one_task_mean_gt_2 : 0 sig ROI in /data1/tqi/share/after_freesurfer/FILE/test_mean_1.5/MIND_DK318_DGLM_main/degree/violin_followup/disp/AgeGroup_Sex/networkFDR/p_disp_AgeGroup_Sex_networkFDR_brain_regions_at_least_one_task_mean_gt_2 
task p_disp_AgeGroup_Sex_networkFDR_brain_regions_at_least_two_tasks_mean_gt_2 : 0 sig ROI in /data1/tqi/share/after_freesurfer/FILE/test_mean_1.5/MIND_DK318_DGLM_main/degree/violin_followup/disp/AgeGroup_Sex/networkFDR/p_disp_AgeGroup_Sex_networkFDR_brain_regions_at_least_two_tasks_mean_gt_2 
task p_disp_AgeGroup_Sex_networkFDR_morphosyllabic_functional : 0 sig ROI in /data1/tqi/share/after_freesurfer/FILE/test_mean_1.5/MIND_DK318_DGLM_main/degree/violin_followup/disp/AgeGroup_Sex/networkFDR/p_disp_AgeGroup_Sex_networkFDR_morphosyllabic_functional 
task p_disp_AgeGroup_Sex_networkFDR_morphosyllabic_structural : 0 sig ROI in /data1/tqi/share/after_freesurfer/FILE/test_mean_1.5/MIND_DK318_DGLM_main/degree/violin_followup/disp/AgeGroup_Sex/networkFDR/p_disp_AgeGroup_Sex_networkFDR_morphosyllabic_structural 
task p_disp_Diagnosis_AgeGroup_Sex_networkFDR_alphabetic_functional : 0 sig ROI in /data1/tqi/share/after_freesurfer/FILE/test_mean_1.5/MIND_DK318_DGLM_main/degree/violin_followup/disp/Diagnosis_AgeGroup_Sex/networkFDR/p_disp_Diagnosis_AgeGroup_Sex_networkFDR_alphabetic_functional 
task p_disp_Diagnosis_AgeGroup_Sex_networkFDR_alphabetic_structural : 0 sig ROI in /data1/tqi/share/after_freesurfer/FILE/test_mean_1.5/MIND_DK318_DGLM_main/degree/violin_followup/disp/Diagnosis_AgeGroup_Sex/networkFDR/p_disp_Diagnosis_AgeGroup_Sex_networkFDR_alphabetic_structural 
task p_disp_Diagnosis_AgeGroup_Sex_networkFDR_brain_regions_at_least_one_task_mean_gt_2 : 0 sig ROI in /data1/tqi/share/after_freesurfer/FILE/test_mean_1.5/MIND_DK318_DGLM_main/degree/violin_followup/disp/Diagnosis_AgeGroup_Sex/networkFDR/p_disp_Diagnosis_AgeGroup_Sex_networkFDR_brain_regions_at_least_one_task_mean_gt_2 
task p_disp_Diagnosis_AgeGroup_Sex_networkFDR_brain_regions_at_least_two_tasks_mean_gt_2 : 0 sig ROI in /data1/tqi/share/after_freesurfer/FILE/test_mean_1.5/MIND_DK318_DGLM_main/degree/violin_followup/disp/Diagnosis_AgeGroup_Sex/networkFDR/p_disp_Diagnosis_AgeGroup_Sex_networkFDR_brain_regions_at_least_two_tasks_mean_gt_2 
task p_disp_Diagnosis_AgeGroup_Sex_networkFDR_morphosyllabic_functional : 0 sig ROI in /data1/tqi/share/after_freesurfer/FILE/test_mean_1.5/MIND_DK318_DGLM_main/degree/violin_followup/disp/Diagnosis_AgeGroup_Sex/networkFDR/p_disp_Diagnosis_AgeGroup_Sex_networkFDR_morphosyllabic_functional 
task p_disp_Diagnosis_AgeGroup_Sex_networkFDR_morphosyllabic_structural : 0 sig ROI in /data1/tqi/share/after_freesurfer/FILE/test_mean_1.5/MIND_DK318_DGLM_main/degree/violin_followup/disp/Diagnosis_AgeGroup_Sex/networkFDR/p_disp_Diagnosis_AgeGroup_Sex_networkFDR_morphosyllabic_structural 
task p_mean_Diagnosis_AgeGroup_networkFDR_alphabetic_functional : 0 sig ROI in /data1/tqi/share/after_freesurfer/FILE/test_mean_1.5/MIND_DK318_DGLM_main/degree/network_FDR/alphabetic_functional/violin_followup/mean/Diagnosis_AgeGroup/networkFDR/p_mean_Diagnosis_AgeGroup_networkFDR_alphabetic_functional 
task p_mean_Diagnosis_Sex_networkFDR_alphabetic_functional : 0 sig ROI in /data1/tqi/share/after_freesurfer/FILE/test_mean_1.5/MIND_DK318_DGLM_main/degree/network_FDR/alphabetic_functional/violin_followup/mean/Diagnosis_Sex/networkFDR/p_mean_Diagnosis_Sex_networkFDR_alphabetic_functional 
task p_mean_AgeGroup_Sex_networkFDR_alphabetic_functional : 0 sig ROI in /data1/tqi/share/after_freesurfer/FILE/test_mean_1.5/MIND_DK318_DGLM_main/degree/network_FDR/alphabetic_functional/violin_followup/mean/AgeGroup_Sex/networkFDR/p_mean_AgeGroup_Sex_networkFDR_alphabetic_functional 
task p_mean_Diagnosis_AgeGroup_Sex_networkFDR_alphabetic_functional : 0 sig ROI in /data1/tqi/share/after_freesurfer/FILE/test_mean_1.5/MIND_DK318_DGLM_main/degree/network_FDR/alphabetic_functional/violin_followup/mean/Diagnosis_AgeGroup_Sex/networkFDR/p_mean_Diagnosis_AgeGroup_Sex_networkFDR_alphabetic_functional 
task p_disp_Diagnosis_AgeGroup_networkFDR_alphabetic_functional : 0 sig ROI in /data1/tqi/share/after_freesurfer/FILE/test_mean_1.5/MIND_DK318_DGLM_main/degree/network_FDR/alphabetic_functional/violin_followup/disp/Diagnosis_AgeGroup/networkFDR/p_disp_Diagnosis_AgeGroup_networkFDR_alphabetic_functional 
task p_disp_Diagnosis_Sex_networkFDR_alphabetic_functional : 0 sig ROI in /data1/tqi/share/after_freesurfer/FILE/test_mean_1.5/MIND_DK318_DGLM_main/degree/network_FDR/alphabetic_functional/violin_followup/disp/Diagnosis_Sex/networkFDR/p_disp_Diagnosis_Sex_networkFDR_alphabetic_functional 
task p_disp_AgeGroup_Sex_networkFDR_alphabetic_functional : 0 sig ROI in /data1/tqi/share/after_freesurfer/FILE/test_mean_1.5/MIND_DK318_DGLM_main/degree/network_FDR/alphabetic_functional/violin_followup/disp/AgeGroup_Sex/networkFDR/p_disp_AgeGroup_Sex_networkFDR_alphabetic_functional 
task p_disp_Diagnosis_AgeGroup_Sex_networkFDR_alphabetic_functional : 0 sig ROI in /data1/tqi/share/after_freesurfer/FILE/test_mean_1.5/MIND_DK318_DGLM_main/degree/network_FDR/alphabetic_functional/violin_followup/disp/Diagnosis_AgeGroup_Sex/networkFDR/p_disp_Diagnosis_AgeGroup_Sex_networkFDR_alphabetic_functional 
task p_mean_Diagnosis_AgeGroup_networkFDR_alphabetic_structural : 0 sig ROI in /data1/tqi/share/after_freesurfer/FILE/test_mean_1.5/MIND_DK318_DGLM_main/degree/network_FDR/alphabetic_structural/violin_followup/mean/Diagnosis_AgeGroup/networkFDR/p_mean_Diagnosis_AgeGroup_networkFDR_alphabetic_structural 
task p_mean_Diagnosis_Sex_networkFDR_alphabetic_structural : 0 sig ROI in /data1/tqi/share/after_freesurfer/FILE/test_mean_1.5/MIND_DK318_DGLM_main/degree/network_FDR/alphabetic_structural/violin_followup/mean/Diagnosis_Sex/networkFDR/p_mean_Diagnosis_Sex_networkFDR_alphabetic_structural 
task p_mean_AgeGroup_Sex_networkFDR_alphabetic_structural : 0 sig ROI in /data1/tqi/share/after_freesurfer/FILE/test_mean_1.5/MIND_DK318_DGLM_main/degree/network_FDR/alphabetic_structural/violin_followup/mean/AgeGroup_Sex/networkFDR/p_mean_AgeGroup_Sex_networkFDR_alphabetic_structural 
task p_mean_Diagnosis_AgeGroup_Sex_networkFDR_alphabetic_structural : 2 sig ROI in /data1/tqi/share/after_freesurfer/FILE/test_mean_1.5/MIND_DK318_DGLM_main/degree/network_FDR/alphabetic_structural/violin_followup/mean/Diagnosis_AgeGroup_Sex/networkFDR/p_mean_Diagnosis_AgeGroup_Sex_networkFDR_alphabetic_structural 
task p_disp_Diagnosis_AgeGroup_networkFDR_alphabetic_structural : 0 sig ROI in /data1/tqi/share/after_freesurfer/FILE/test_mean_1.5/MIND_DK318_DGLM_main/degree/network_FDR/alphabetic_structural/violin_followup/disp/Diagnosis_AgeGroup/networkFDR/p_disp_Diagnosis_AgeGroup_networkFDR_alphabetic_structural 
task p_disp_Diagnosis_Sex_networkFDR_alphabetic_structural : 0 sig ROI in /data1/tqi/share/after_freesurfer/FILE/test_mean_1.5/MIND_DK318_DGLM_main/degree/network_FDR/alphabetic_structural/violin_followup/disp/Diagnosis_Sex/networkFDR/p_disp_Diagnosis_Sex_networkFDR_alphabetic_structural 
task p_disp_AgeGroup_Sex_networkFDR_alphabetic_structural : 0 sig ROI in /data1/tqi/share/after_freesurfer/FILE/test_mean_1.5/MIND_DK318_DGLM_main/degree/network_FDR/alphabetic_structural/violin_followup/disp/AgeGroup_Sex/networkFDR/p_disp_AgeGroup_Sex_networkFDR_alphabetic_structural 
task p_disp_Diagnosis_AgeGroup_Sex_networkFDR_alphabetic_structural : 0 sig ROI in /data1/tqi/share/after_freesurfer/FILE/test_mean_1.5/MIND_DK318_DGLM_main/degree/network_FDR/alphabetic_structural/violin_followup/disp/Diagnosis_AgeGroup_Sex/networkFDR/p_disp_Diagnosis_AgeGroup_Sex_networkFDR_alphabetic_structural 
task p_mean_Diagnosis_AgeGroup_networkFDR_brain_regions_at_least_one_task_mean_gt_2 : 0 sig ROI in /data1/tqi/share/after_freesurfer/FILE/test_mean_1.5/MIND_DK318_DGLM_main/degree/network_FDR/brain_regions_at_least_one_task_mean_gt_2/violin_followup/mean/Diagnosis_AgeGroup/networkFDR/p_mean_Diagnosis_AgeGroup_networkFDR_brain_regions_at_least_one_task_mean_gt_2 
task p_mean_Diagnosis_Sex_networkFDR_brain_regions_at_least_one_task_mean_gt_2 : 0 sig ROI in /data1/tqi/share/after_freesurfer/FILE/test_mean_1.5/MIND_DK318_DGLM_main/degree/network_FDR/brain_regions_at_least_one_task_mean_gt_2/violin_followup/mean/Diagnosis_Sex/networkFDR/p_mean_Diagnosis_Sex_networkFDR_brain_regions_at_least_one_task_mean_gt_2 
task p_mean_AgeGroup_Sex_networkFDR_brain_regions_at_least_one_task_mean_gt_2 : 0 sig ROI in /data1/tqi/share/after_freesurfer/FILE/test_mean_1.5/MIND_DK318_DGLM_main/degree/network_FDR/brain_regions_at_least_one_task_mean_gt_2/violin_followup/mean/AgeGroup_Sex/networkFDR/p_mean_AgeGroup_Sex_networkFDR_brain_regions_at_least_one_task_mean_gt_2 
task p_mean_Diagnosis_AgeGroup_Sex_networkFDR_brain_regions_at_least_one_task_mean_gt_2 : 0 sig ROI in /data1/tqi/share/after_freesurfer/FILE/test_mean_1.5/MIND_DK318_DGLM_main/degree/network_FDR/brain_regions_at_least_one_task_mean_gt_2/violin_followup/mean/Diagnosis_AgeGroup_Sex/networkFDR/p_mean_Diagnosis_AgeGroup_Sex_networkFDR_brain_regions_at_least_one_task_mean_gt_2 
task p_disp_Diagnosis_AgeGroup_networkFDR_brain_regions_at_least_one_task_mean_gt_2 : 0 sig ROI in /data1/tqi/share/after_freesurfer/FILE/test_mean_1.5/MIND_DK318_DGLM_main/degree/network_FDR/brain_regions_at_least_one_task_mean_gt_2/violin_followup/disp/Diagnosis_AgeGroup/networkFDR/p_disp_Diagnosis_AgeGroup_networkFDR_brain_regions_at_least_one_task_mean_gt_2 
task p_disp_Diagnosis_Sex_networkFDR_brain_regions_at_least_one_task_mean_gt_2 : 0 sig ROI in /data1/tqi/share/after_freesurfer/FILE/test_mean_1.5/MIND_DK318_DGLM_main/degree/network_FDR/brain_regions_at_least_one_task_mean_gt_2/violin_followup/disp/Diagnosis_Sex/networkFDR/p_disp_Diagnosis_Sex_networkFDR_brain_regions_at_least_one_task_mean_gt_2 
task p_disp_AgeGroup_Sex_networkFDR_brain_regions_at_least_one_task_mean_gt_2 : 0 sig ROI in /data1/tqi/share/after_freesurfer/FILE/test_mean_1.5/MIND_DK318_DGLM_main/degree/network_FDR/brain_regions_at_least_one_task_mean_gt_2/violin_followup/disp/AgeGroup_Sex/networkFDR/p_disp_AgeGroup_Sex_networkFDR_brain_regions_at_least_one_task_mean_gt_2 
task p_disp_Diagnosis_AgeGroup_Sex_networkFDR_brain_regions_at_least_one_task_mean_gt_2 : 0 sig ROI in /data1/tqi/share/after_freesurfer/FILE/test_mean_1.5/MIND_DK318_DGLM_main/degree/network_FDR/brain_regions_at_least_one_task_mean_gt_2/violin_followup/disp/Diagnosis_AgeGroup_Sex/networkFDR/p_disp_Diagnosis_AgeGroup_Sex_networkFDR_brain_regions_at_least_one_task_mean_gt_2 
task p_mean_Diagnosis_AgeGroup_networkFDR_brain_regions_at_least_two_tasks_mean_gt_2 : 0 sig ROI in /data1/tqi/share/after_freesurfer/FILE/test_mean_1.5/MIND_DK318_DGLM_main/degree/network_FDR/brain_regions_at_least_two_tasks_mean_gt_2/violin_followup/mean/Diagnosis_AgeGroup/networkFDR/p_mean_Diagnosis_AgeGroup_networkFDR_brain_regions_at_least_two_tasks_mean_gt_2 
task p_mean_Diagnosis_Sex_networkFDR_brain_regions_at_least_two_tasks_mean_gt_2 : 0 sig ROI in /data1/tqi/share/after_freesurfer/FILE/test_mean_1.5/MIND_DK318_DGLM_main/degree/network_FDR/brain_regions_at_least_two_tasks_mean_gt_2/violin_followup/mean/Diagnosis_Sex/networkFDR/p_mean_Diagnosis_Sex_networkFDR_brain_regions_at_least_two_tasks_mean_gt_2 
task p_mean_AgeGroup_Sex_networkFDR_brain_regions_at_least_two_tasks_mean_gt_2 : 0 sig ROI in /data1/tqi/share/after_freesurfer/FILE/test_mean_1.5/MIND_DK318_DGLM_main/degree/network_FDR/brain_regions_at_least_two_tasks_mean_gt_2/violin_followup/mean/AgeGroup_Sex/networkFDR/p_mean_AgeGroup_Sex_networkFDR_brain_regions_at_least_two_tasks_mean_gt_2 
task p_mean_Diagnosis_AgeGroup_Sex_networkFDR_brain_regions_at_least_two_tasks_mean_gt_2 : 0 sig ROI in /data1/tqi/share/after_freesurfer/FILE/test_mean_1.5/MIND_DK318_DGLM_main/degree/network_FDR/brain_regions_at_least_two_tasks_mean_gt_2/violin_followup/mean/Diagnosis_AgeGroup_Sex/networkFDR/p_mean_Diagnosis_AgeGroup_Sex_networkFDR_brain_regions_at_least_two_tasks_mean_gt_2 
task p_disp_Diagnosis_AgeGroup_networkFDR_brain_regions_at_least_two_tasks_mean_gt_2 : 0 sig ROI in /data1/tqi/share/after_freesurfer/FILE/test_mean_1.5/MIND_DK318_DGLM_main/degree/network_FDR/brain_regions_at_least_two_tasks_mean_gt_2/violin_followup/disp/Diagnosis_AgeGroup/networkFDR/p_disp_Diagnosis_AgeGroup_networkFDR_brain_regions_at_least_two_tasks_mean_gt_2 
task p_disp_Diagnosis_Sex_networkFDR_brain_regions_at_least_two_tasks_mean_gt_2 : 0 sig ROI in /data1/tqi/share/after_freesurfer/FILE/test_mean_1.5/MIND_DK318_DGLM_main/degree/network_FDR/brain_regions_at_least_two_tasks_mean_gt_2/violin_followup/disp/Diagnosis_Sex/networkFDR/p_disp_Diagnosis_Sex_networkFDR_brain_regions_at_least_two_tasks_mean_gt_2 
task p_disp_AgeGroup_Sex_networkFDR_brain_regions_at_least_two_tasks_mean_gt_2 : 0 sig ROI in /data1/tqi/share/after_freesurfer/FILE/test_mean_1.5/MIND_DK318_DGLM_main/degree/network_FDR/brain_regions_at_least_two_tasks_mean_gt_2/violin_followup/disp/AgeGroup_Sex/networkFDR/p_disp_AgeGroup_Sex_networkFDR_brain_regions_at_least_two_tasks_mean_gt_2 
task p_disp_Diagnosis_AgeGroup_Sex_networkFDR_brain_regions_at_least_two_tasks_mean_gt_2 : 0 sig ROI in /data1/tqi/share/after_freesurfer/FILE/test_mean_1.5/MIND_DK318_DGLM_main/degree/network_FDR/brain_regions_at_least_two_tasks_mean_gt_2/violin_followup/disp/Diagnosis_AgeGroup_Sex/networkFDR/p_disp_Diagnosis_AgeGroup_Sex_networkFDR_brain_regions_at_least_two_tasks_mean_gt_2 
task p_mean_Diagnosis_AgeGroup_networkFDR_morphosyllabic_functional : 0 sig ROI in /data1/tqi/share/after_freesurfer/FILE/test_mean_1.5/MIND_DK318_DGLM_main/degree/network_FDR/morphosyllabic_functional/violin_followup/mean/Diagnosis_AgeGroup/networkFDR/p_mean_Diagnosis_AgeGroup_networkFDR_morphosyllabic_functional 
task p_mean_Diagnosis_Sex_networkFDR_morphosyllabic_functional : 0 sig ROI in /data1/tqi/share/after_freesurfer/FILE/test_mean_1.5/MIND_DK318_DGLM_main/degree/network_FDR/morphosyllabic_functional/violin_followup/mean/Diagnosis_Sex/networkFDR/p_mean_Diagnosis_Sex_networkFDR_morphosyllabic_functional 
task p_mean_AgeGroup_Sex_networkFDR_morphosyllabic_functional : 0 sig ROI in /data1/tqi/share/after_freesurfer/FILE/test_mean_1.5/MIND_DK318_DGLM_main/degree/network_FDR/morphosyllabic_functional/violin_followup/mean/AgeGroup_Sex/networkFDR/p_mean_AgeGroup_Sex_networkFDR_morphosyllabic_functional 
task p_mean_Diagnosis_AgeGroup_Sex_networkFDR_morphosyllabic_functional : 0 sig ROI in /data1/tqi/share/after_freesurfer/FILE/test_mean_1.5/MIND_DK318_DGLM_main/degree/network_FDR/morphosyllabic_functional/violin_followup/mean/Diagnosis_AgeGroup_Sex/networkFDR/p_mean_Diagnosis_AgeGroup_Sex_networkFDR_morphosyllabic_functional 
task p_disp_Diagnosis_AgeGroup_networkFDR_morphosyllabic_functional : 0 sig ROI in /data1/tqi/share/after_freesurfer/FILE/test_mean_1.5/MIND_DK318_DGLM_main/degree/network_FDR/morphosyllabic_functional/violin_followup/disp/Diagnosis_AgeGroup/networkFDR/p_disp_Diagnosis_AgeGroup_networkFDR_morphosyllabic_functional 
task p_disp_Diagnosis_Sex_networkFDR_morphosyllabic_functional : 0 sig ROI in /data1/tqi/share/after_freesurfer/FILE/test_mean_1.5/MIND_DK318_DGLM_main/degree/network_FDR/morphosyllabic_functional/violin_followup/disp/Diagnosis_Sex/networkFDR/p_disp_Diagnosis_Sex_networkFDR_morphosyllabic_functional 
task p_disp_AgeGroup_Sex_networkFDR_morphosyllabic_functional : 0 sig ROI in /data1/tqi/share/after_freesurfer/FILE/test_mean_1.5/MIND_DK318_DGLM_main/degree/network_FDR/morphosyllabic_functional/violin_followup/disp/AgeGroup_Sex/networkFDR/p_disp_AgeGroup_Sex_networkFDR_morphosyllabic_functional 
task p_disp_Diagnosis_AgeGroup_Sex_networkFDR_morphosyllabic_functional : 0 sig ROI in /data1/tqi/share/after_freesurfer/FILE/test_mean_1.5/MIND_DK318_DGLM_main/degree/network_FDR/morphosyllabic_functional/violin_followup/disp/Diagnosis_AgeGroup_Sex/networkFDR/p_disp_Diagnosis_AgeGroup_Sex_networkFDR_morphosyllabic_functional 
task p_mean_Diagnosis_AgeGroup_networkFDR_morphosyllabic_structural : 0 sig ROI in /data1/tqi/share/after_freesurfer/FILE/test_mean_1.5/MIND_DK318_DGLM_main/degree/network_FDR/morphosyllabic_structural/violin_followup/mean/Diagnosis_AgeGroup/networkFDR/p_mean_Diagnosis_AgeGroup_networkFDR_morphosyllabic_structural 
task p_mean_Diagnosis_Sex_networkFDR_morphosyllabic_structural : 0 sig ROI in /data1/tqi/share/after_freesurfer/FILE/test_mean_1.5/MIND_DK318_DGLM_main/degree/network_FDR/morphosyllabic_structural/violin_followup/mean/Diagnosis_Sex/networkFDR/p_mean_Diagnosis_Sex_networkFDR_morphosyllabic_structural 
task p_mean_AgeGroup_Sex_networkFDR_morphosyllabic_structural : 1 sig ROI in /data1/tqi/share/after_freesurfer/FILE/test_mean_1.5/MIND_DK318_DGLM_main/degree/network_FDR/morphosyllabic_structural/violin_followup/mean/AgeGroup_Sex/networkFDR/p_mean_AgeGroup_Sex_networkFDR_morphosyllabic_structural 
task p_mean_Diagnosis_AgeGroup_Sex_networkFDR_morphosyllabic_structural : 0 sig ROI in /data1/tqi/share/after_freesurfer/FILE/test_mean_1.5/MIND_DK318_DGLM_main/degree/network_FDR/morphosyllabic_structural/violin_followup/mean/Diagnosis_AgeGroup_Sex/networkFDR/p_mean_Diagnosis_AgeGroup_Sex_networkFDR_morphosyllabic_structural 
task p_disp_Diagnosis_AgeGroup_networkFDR_morphosyllabic_structural : 0 sig ROI in /data1/tqi/share/after_freesurfer/FILE/test_mean_1.5/MIND_DK318_DGLM_main/degree/network_FDR/morphosyllabic_structural/violin_followup/disp/Diagnosis_AgeGroup/networkFDR/p_disp_Diagnosis_AgeGroup_networkFDR_morphosyllabic_structural 
task p_disp_Diagnosis_Sex_networkFDR_morphosyllabic_structural : 0 sig ROI in /data1/tqi/share/after_freesurfer/FILE/test_mean_1.5/MIND_DK318_DGLM_main/degree/network_FDR/morphosyllabic_structural/violin_followup/disp/Diagnosis_Sex/networkFDR/p_disp_Diagnosis_Sex_networkFDR_morphosyllabic_structural 
task p_disp_AgeGroup_Sex_networkFDR_morphosyllabic_structural : 0 sig ROI in /data1/tqi/share/after_freesurfer/FILE/test_mean_1.5/MIND_DK318_DGLM_main/degree/network_FDR/morphosyllabic_structural/violin_followup/disp/AgeGroup_Sex/networkFDR/p_disp_AgeGroup_Sex_networkFDR_morphosyllabic_structural 
task p_disp_Diagnosis_AgeGroup_Sex_networkFDR_morphosyllabic_structural : 0 sig ROI in /data1/tqi/share/after_freesurfer/FILE/test_mean_1.5/MIND_DK318_DGLM_main/degree/network_FDR/morphosyllabic_structural/violin_followup/disp/Diagnosis_AgeGroup_Sex/networkFDR/p_disp_Diagnosis_AgeGroup_Sex_networkFDR_morphosyllabic_structural 
done. success: 129 
End: Mon Apr 27 12:29:25 PM UTC 2026
