==== TEMP DEBUG INFO ====
Host: node4
PWD: /data/home/tqi/data1/share/after_freesurfer/CODE/analysis
TMPDIR(before): /tmp
--- env tmp vars ---
TMPDIR=/tmp
--- system tmp status ---
drwxrwxrwt 38 root root 2605056 Apr 27 00:54 /tmp
Filesystem      Size  Used Avail Use% Mounted on
/dev/sdb2       439G   28G  389G   7% /
Filesystem       Inodes  IUsed    IFree IUse% Mounted on
/dev/sdb2      29270016 521673 28748343    2% /
--- current dir tmp status ---
drwxrwxr-x 13 1010 1010 4096 Apr 27 00:55 tmp
Filesystem      Size  Used Avail Use% Mounted on
node1:/data1    419T  410T  8.8T  98% /data1
Filesystem         Inodes     IUsed      IFree IUse% Mounted on
node1:/data1   8984398336 326408269 8657990067    4% /data1
--- write test /tmp ---
write /tmp ok
--- write test local tmp ---
write local tmp ok
=========================
Host: node4
Start: Mon Apr 27 01:44:34 AM CST 2026
TMPDIR: /data/home/tqi/data1/share/after_freesurfer/CODE/analysis/tmp
Analysis type: degree
DGLM result dir: /data/home/tqi/data1/share/after_freesurfer/FILE/test_mean_1.5/MIND_DK318_DGLM_sensitivity
VIOLIN follow-up dir: /data/home/tqi/data1/share/after_freesurfer/FILE/test_mean_1.5/MIND_DK318_DGLM_sensitivity/VIOLIN_Followup
===== STEP 1/3: Run DGLM model =====
Output dir (STEP 1/3): /data/home/tqi/data1/share/after_freesurfer/FILE/test_mean_1.5/MIND_DK318_DGLM_sensitivity
Analysis type: degree | run_degree: TRUE | run_edge: FALSE 
Output root: /data/home/tqi/data1/share/after_freesurfer/FILE/test_mean_1.5/MIND_DK318_DGLM_sensitivity 
Sex filter: none 
Include age_within_group: TRUE 
Mean formula: y ~ Diagnosis * AgeGroup * Sex + age_within_group 
Dispersion formula: ~Diagnosis * AgeGroup * Sex + age_within_group 
Effects: Diagnosis, AgeGroup, Sex, Diagnosis_AgeGroup, Diagnosis_Sex, AgeGroup_Sex, Diagnosis_AgeGroup_Sex 
Subjects in demo: 204 
Subjects with matrix+degree csv: 204 

Cell counts among subjects used:
, , Sex = Female

         AgeGroup
Diagnosis Child Adult
       TD    25    45
       DD    21    17

, , Sex = Male

         AgeGroup
Diagnosis Child Adult
       TD    26    16
       DD    45     9

ROI number: 318 
Number of edges: 50403 
Degree matrix: 204 x 318 
Loaded network: alphabetic_functional | n_roi = 57 
Loaded network: alphabetic_structural | n_roi = 23 
Loaded network: brain_regions_at_least_one_task_mean_gt_2 | n_roi = 45 
Loaded network: brain_regions_at_least_two_tasks_mean_gt_2 | n_roi = 23 
Loaded network: domain | n_roi = 63 
Loaded network: morphosyllabic_functional | n_roi = 79 
Loaded network: morphosyllabic_structural | n_roi = 77 
Loaded network: multiple_demand | n_roi = 133 

=== Diagnostic: first ROI ===
           feature   n fit_status p_mean_Diagnosis p_mean_AgeGroup  p_mean_Sex
 lh_bankssts_part1 204         ok      0.003963904      0.05993414 0.000861198
 p_mean_Diagnosis_AgeGroup p_mean_Diagnosis_Sex p_mean_AgeGroup_Sex
                 0.2348795            0.3445401           0.6385409
 p_mean_Diagnosis_AgeGroup_Sex p_disp_Diagnosis p_disp_AgeGroup p_disp_Sex
                     0.7927181        0.8697126       0.4701031  0.9140366
 p_disp_Diagnosis_AgeGroup p_disp_Diagnosis_Sex p_disp_AgeGroup_Sex
                 0.1300259            0.6793808           0.4950233
 p_disp_Diagnosis_AgeGroup_Sex
                     0.6862558

=== Running DGLM degree ===
Feature 1 / 318 
Feature 25 / 318 
Feature 50 / 318 
Feature 75 / 318 
Feature 100 / 318 
Feature 125 / 318 
Feature 150 / 318 
Feature 175 / 318 
Feature 200 / 318 
Feature 225 / 318 
Feature 250 / 318 
Feature 275 / 318 
Feature 300 / 318 
Feature 318 / 318 
Saved degree results: /data/home/tqi/data1/share/after_freesurfer/FILE/test_mean_1.5/MIND_DK318_DGLM_sensitivity/degree/DGLM_DK318_degree_results.csv 
Exported network degree results: alphabetic_functional | n_roi in results = 57 
Exported network degree results: alphabetic_structural | n_roi in results = 23 
Exported network degree results: brain_regions_at_least_one_task_mean_gt_2 | n_roi in results = 45 
Exported network degree results: brain_regions_at_least_two_tasks_mean_gt_2 | n_roi in results = 23 
Exported network degree results: morphosyllabic_functional | n_roi in results = 79 
Exported network degree results: morphosyllabic_structural | n_roi in results = 77 

==============================
Significant degree results, FDR < 0.05 
==============================
 result_type                        effect n_tested n_sig_FDR    min_p_raw
      degree              p_mean_Diagnosis      317        22 1.342124e-04
      degree               p_mean_AgeGroup      317       120 6.873150e-10
      degree                    p_mean_Sex      317        58 1.312234e-05
      degree     p_mean_Diagnosis_AgeGroup      317         1 1.099415e-04
      degree          p_mean_Diagnosis_Sex      317         1 3.599030e-05
      degree           p_mean_AgeGroup_Sex      317         6 5.244593e-07
      degree p_mean_Diagnosis_AgeGroup_Sex      317         0 1.511977e-03
      degree              p_disp_Diagnosis      317         0 1.833000e-04
      degree               p_disp_AgeGroup      317         1 4.839302e-05
      degree                    p_disp_Sex      317         0 8.963328e-03
      degree     p_disp_Diagnosis_AgeGroup      317         0 1.794253e-02
      degree          p_disp_Diagnosis_Sex      317         0 3.070423e-02
      degree           p_disp_AgeGroup_Sex      317         0 4.639981e-03
      degree p_disp_Diagnosis_AgeGroup_Sex      317         0 1.748534e-03
    min_p_FDR
 2.250160e-02
 1.493049e-07
 4.159781e-03
 3.485144e-02
 1.140892e-02
 1.662536e-04
 4.308797e-01
 5.810611e-02
 1.534059e-02
 9.912807e-01
 9.968017e-01
 9.893095e-01
 9.853756e-01
 5.542853e-01
Saved summary: /data/home/tqi/data1/share/after_freesurfer/FILE/test_mean_1.5/MIND_DK318_DGLM_sensitivity/summary/DGLM_DK318_degree_FDR_summary.csv 
Saved significant table: /data/home/tqi/data1/share/after_freesurfer/FILE/test_mean_1.5/MIND_DK318_DGLM_sensitivity/summary/DGLM_DK318_degree_significant_FDR0p05.csv 

DONE.
===== STEP 1/3 DONE =====
Output dir (STEP 1/3): /data/home/tqi/data1/share/after_freesurfer/FILE/test_mean_1.5/MIND_DK318_DGLM_sensitivity
===== STEP 2/3: Generate DGLM degree brainmaps =====
Output dir (STEP 2/3): /data/home/tqi/data1/share/after_freesurfer/FILE/test_mean_1.5/MIND_DK318_DGLM_sensitivity
Selected degree result directories:
 - /data/home/tqi/data1/share/after_freesurfer/FILE/test_mean_1.5/MIND_DK318_DGLM_sensitivity/degree
0 files missing from root.txt in /data/home/tqi/data1/share/after_freesurfer/FILE
0 files missing from bem.txt in /data/home/tqi/data1/share/after_freesurfer/FILE/fsaverage
fsaverage dir: /data/home/tqi/data1/share/after_freesurfer/FILE/fsaverage

===== Degree result directory 1/1 =====
/data/home/tqi/data1/share/after_freesurfer/FILE/test_mean_1.5/MIND_DK318_DGLM_sensitivity/degree

========================================
Plotting: /data/home/tqi/data1/share/after_freesurfer/FILE/test_mean_1.5/MIND_DK318_DGLM_sensitivity/degree/DGLM_DK318_degree_results.csv
Network: False
========================================
Loaded result table: /data/home/tqi/data1/share/after_freesurfer/FILE/test_mean_1.5/MIND_DK318_DGLM_sensitivity/degree/DGLM_DK318_degree_results.csv | rows=318 | cols=195
Plottable columns in /data/home/tqi/data1/share/after_freesurfer/FILE/test_mean_1.5/MIND_DK318_DGLM_sensitivity/degree: 22
Starting plot column 1/22: p_mean_Diagnosis_AgeGroup
[1/22] Preparing brainmap column: p_mean_Diagnosis_AgeGroup
[1/22] p_mean_Diagnosis_AgeGroup: 29 significant ROI rows before hemisphere mapping.
[1/22] p_mean_Diagnosis_AgeGroup: ROI mapped to hemispheres | lh=9 | rh=20
[1/22] p_mean_Diagnosis_AgeGroup: finite surface vertices | lh=7491 | rh=19062 | total=26553
[1/22] Saved significant ROI table: /data/home/tqi/data1/share/after_freesurfer/FILE/test_mean_1.5/MIND_DK318_DGLM_sensitivity/degree/brainmaps/p_mean_Diagnosis_AgeGroup/significant_regions_p_mean_Diagnosis_AgeGroup.csv
[1/22] p_mean_Diagnosis_AgeGroup: plotting LH lateral with 7491 finite vertices -> /data/home/tqi/data1/share/after_freesurfer/FILE/test_mean_1.5/MIND_DK318_DGLM_sensitivity/degree/brainmaps/p_mean_Diagnosis_AgeGroup/p_mean_Diagnosis_AgeGroup_lh_lateral.png
Saved: /data/home/tqi/data1/share/after_freesurfer/FILE/test_mean_1.5/MIND_DK318_DGLM_sensitivity/degree/brainmaps/p_mean_Diagnosis_AgeGroup/p_mean_Diagnosis_AgeGroup_lh_lateral.png
[1/22] p_mean_Diagnosis_AgeGroup: plotting LH medial with 7491 finite vertices -> /data/home/tqi/data1/share/after_freesurfer/FILE/test_mean_1.5/MIND_DK318_DGLM_sensitivity/degree/brainmaps/p_mean_Diagnosis_AgeGroup/p_mean_Diagnosis_AgeGroup_lh_medial.png
Saved: /data/home/tqi/data1/share/after_freesurfer/FILE/test_mean_1.5/MIND_DK318_DGLM_sensitivity/degree/brainmaps/p_mean_Diagnosis_AgeGroup/p_mean_Diagnosis_AgeGroup_lh_medial.png
[1/22] p_mean_Diagnosis_AgeGroup: plotting RH lateral with 19062 finite vertices -> /data/home/tqi/data1/share/after_freesurfer/FILE/test_mean_1.5/MIND_DK318_DGLM_sensitivity/degree/brainmaps/p_mean_Diagnosis_AgeGroup/p_mean_Diagnosis_AgeGroup_rh_lateral.png
Saved: /data/home/tqi/data1/share/after_freesurfer/FILE/test_mean_1.5/MIND_DK318_DGLM_sensitivity/degree/brainmaps/p_mean_Diagnosis_AgeGroup/p_mean_Diagnosis_AgeGroup_rh_lateral.png
[1/22] p_mean_Diagnosis_AgeGroup: plotting RH medial with 19062 finite vertices -> /data/home/tqi/data1/share/after_freesurfer/FILE/test_mean_1.5/MIND_DK318_DGLM_sensitivity/degree/brainmaps/p_mean_Diagnosis_AgeGroup/p_mean_Diagnosis_AgeGroup_rh_medial.png
Saved: /data/home/tqi/data1/share/after_freesurfer/FILE/test_mean_1.5/MIND_DK318_DGLM_sensitivity/degree/brainmaps/p_mean_Diagnosis_AgeGroup/p_mean_Diagnosis_AgeGroup_rh_medial.png
Finished plot column 1/22: p_mean_Diagnosis_AgeGroup
Starting plot column 2/22: p_mean_Diagnosis_Sex
[2/22] Preparing brainmap column: p_mean_Diagnosis_Sex
[2/22] p_mean_Diagnosis_Sex: 24 significant ROI rows before hemisphere mapping.
[2/22] p_mean_Diagnosis_Sex: ROI mapped to hemispheres | lh=13 | rh=11
[2/22] p_mean_Diagnosis_Sex: finite surface vertices | lh=10921 | rh=9991 | total=20912
[2/22] Saved significant ROI table: /data/home/tqi/data1/share/after_freesurfer/FILE/test_mean_1.5/MIND_DK318_DGLM_sensitivity/degree/brainmaps/p_mean_Diagnosis_Sex/significant_regions_p_mean_Diagnosis_Sex.csv
[2/22] p_mean_Diagnosis_Sex: plotting LH lateral with 10921 finite vertices -> /data/home/tqi/data1/share/after_freesurfer/FILE/test_mean_1.5/MIND_DK318_DGLM_sensitivity/degree/brainmaps/p_mean_Diagnosis_Sex/p_mean_Diagnosis_Sex_lh_lateral.png
Saved: /data/home/tqi/data1/share/after_freesurfer/FILE/test_mean_1.5/MIND_DK318_DGLM_sensitivity/degree/brainmaps/p_mean_Diagnosis_Sex/p_mean_Diagnosis_Sex_lh_lateral.png
[2/22] p_mean_Diagnosis_Sex: plotting LH medial with 10921 finite vertices -> /data/home/tqi/data1/share/after_freesurfer/FILE/test_mean_1.5/MIND_DK318_DGLM_sensitivity/degree/brainmaps/p_mean_Diagnosis_Sex/p_mean_Diagnosis_Sex_lh_medial.png
Saved: /data/home/tqi/data1/share/after_freesurfer/FILE/test_mean_1.5/MIND_DK318_DGLM_sensitivity/degree/brainmaps/p_mean_Diagnosis_Sex/p_mean_Diagnosis_Sex_lh_medial.png
[2/22] p_mean_Diagnosis_Sex: plotting RH lateral with 9991 finite vertices -> /data/home/tqi/data1/share/after_freesurfer/FILE/test_mean_1.5/MIND_DK318_DGLM_sensitivity/degree/brainmaps/p_mean_Diagnosis_Sex/p_mean_Diagnosis_Sex_rh_lateral.png
Saved: /data/home/tqi/data1/share/after_freesurfer/FILE/test_mean_1.5/MIND_DK318_DGLM_sensitivity/degree/brainmaps/p_mean_Diagnosis_Sex/p_mean_Diagnosis_Sex_rh_lateral.png
[2/22] p_mean_Diagnosis_Sex: plotting RH medial with 9991 finite vertices -> /data/home/tqi/data1/share/after_freesurfer/FILE/test_mean_1.5/MIND_DK318_DGLM_sensitivity/degree/brainmaps/p_mean_Diagnosis_Sex/p_mean_Diagnosis_Sex_rh_medial.png
Saved: /data/home/tqi/data1/share/after_freesurfer/FILE/test_mean_1.5/MIND_DK318_DGLM_sensitivity/degree/brainmaps/p_mean_Diagnosis_Sex/p_mean_Diagnosis_Sex_rh_medial.png
Finished plot column 2/22: p_mean_Diagnosis_Sex
Starting plot column 3/22: p_mean_AgeGroup_Sex
[3/22] Preparing brainmap column: p_mean_AgeGroup_Sex
[3/22] p_mean_AgeGroup_Sex: 31 significant ROI rows before hemisphere mapping.
[3/22] p_mean_AgeGroup_Sex: ROI mapped to hemispheres | lh=16 | rh=15
[3/22] p_mean_AgeGroup_Sex: finite surface vertices | lh=13381 | rh=11952 | total=25333
[3/22] Saved significant ROI table: /data/home/tqi/data1/share/after_freesurfer/FILE/test_mean_1.5/MIND_DK318_DGLM_sensitivity/degree/brainmaps/p_mean_AgeGroup_Sex/significant_regions_p_mean_AgeGroup_Sex.csv
[3/22] p_mean_AgeGroup_Sex: plotting LH lateral with 13381 finite vertices -> /data/home/tqi/data1/share/after_freesurfer/FILE/test_mean_1.5/MIND_DK318_DGLM_sensitivity/degree/brainmaps/p_mean_AgeGroup_Sex/p_mean_AgeGroup_Sex_lh_lateral.png
Saved: /data/home/tqi/data1/share/after_freesurfer/FILE/test_mean_1.5/MIND_DK318_DGLM_sensitivity/degree/brainmaps/p_mean_AgeGroup_Sex/p_mean_AgeGroup_Sex_lh_lateral.png
[3/22] p_mean_AgeGroup_Sex: plotting LH medial with 13381 finite vertices -> /data/home/tqi/data1/share/after_freesurfer/FILE/test_mean_1.5/MIND_DK318_DGLM_sensitivity/degree/brainmaps/p_mean_AgeGroup_Sex/p_mean_AgeGroup_Sex_lh_medial.png
Saved: /data/home/tqi/data1/share/after_freesurfer/FILE/test_mean_1.5/MIND_DK318_DGLM_sensitivity/degree/brainmaps/p_mean_AgeGroup_Sex/p_mean_AgeGroup_Sex_lh_medial.png
[3/22] p_mean_AgeGroup_Sex: plotting RH lateral with 11952 finite vertices -> /data/home/tqi/data1/share/after_freesurfer/FILE/test_mean_1.5/MIND_DK318_DGLM_sensitivity/degree/brainmaps/p_mean_AgeGroup_Sex/p_mean_AgeGroup_Sex_rh_lateral.png
Saved: /data/home/tqi/data1/share/after_freesurfer/FILE/test_mean_1.5/MIND_DK318_DGLM_sensitivity/degree/brainmaps/p_mean_AgeGroup_Sex/p_mean_AgeGroup_Sex_rh_lateral.png
[3/22] p_mean_AgeGroup_Sex: plotting RH medial with 11952 finite vertices -> /data/home/tqi/data1/share/after_freesurfer/FILE/test_mean_1.5/MIND_DK318_DGLM_sensitivity/degree/brainmaps/p_mean_AgeGroup_Sex/p_mean_AgeGroup_Sex_rh_medial.png
Saved: /data/home/tqi/data1/share/after_freesurfer/FILE/test_mean_1.5/MIND_DK318_DGLM_sensitivity/degree/brainmaps/p_mean_AgeGroup_Sex/p_mean_AgeGroup_Sex_rh_medial.png
Finished plot column 3/22: p_mean_AgeGroup_Sex
Starting plot column 4/22: p_mean_Diagnosis_AgeGroup_Sex
[4/22] Preparing brainmap column: p_mean_Diagnosis_AgeGroup_Sex
[4/22] p_mean_Diagnosis_AgeGroup_Sex: 25 significant ROI rows before hemisphere mapping.
[4/22] p_mean_Diagnosis_AgeGroup_Sex: ROI mapped to hemispheres | lh=14 | rh=11
[4/22] p_mean_Diagnosis_AgeGroup_Sex: finite surface vertices | lh=13880 | rh=10438 | total=24318
[4/22] Saved significant ROI table: /data/home/tqi/data1/share/after_freesurfer/FILE/test_mean_1.5/MIND_DK318_DGLM_sensitivity/degree/brainmaps/p_mean_Diagnosis_AgeGroup_Sex/significant_regions_p_mean_Diagnosis_AgeGroup_Sex.csv
[4/22] p_mean_Diagnosis_AgeGroup_Sex: plotting LH lateral with 13880 finite vertices -> /data/home/tqi/data1/share/after_freesurfer/FILE/test_mean_1.5/MIND_DK318_DGLM_sensitivity/degree/brainmaps/p_mean_Diagnosis_AgeGroup_Sex/p_mean_Diagnosis_AgeGroup_Sex_lh_lateral.png
Saved: /data/home/tqi/data1/share/after_freesurfer/FILE/test_mean_1.5/MIND_DK318_DGLM_sensitivity/degree/brainmaps/p_mean_Diagnosis_AgeGroup_Sex/p_mean_Diagnosis_AgeGroup_Sex_lh_lateral.png
[4/22] p_mean_Diagnosis_AgeGroup_Sex: plotting LH medial with 13880 finite vertices -> /data/home/tqi/data1/share/after_freesurfer/FILE/test_mean_1.5/MIND_DK318_DGLM_sensitivity/degree/brainmaps/p_mean_Diagnosis_AgeGroup_Sex/p_mean_Diagnosis_AgeGroup_Sex_lh_medial.png
Saved: /data/home/tqi/data1/share/after_freesurfer/FILE/test_mean_1.5/MIND_DK318_DGLM_sensitivity/degree/brainmaps/p_mean_Diagnosis_AgeGroup_Sex/p_mean_Diagnosis_AgeGroup_Sex_lh_medial.png
[4/22] p_mean_Diagnosis_AgeGroup_Sex: plotting RH lateral with 10438 finite vertices -> /data/home/tqi/data1/share/after_freesurfer/FILE/test_mean_1.5/MIND_DK318_DGLM_sensitivity/degree/brainmaps/p_mean_Diagnosis_AgeGroup_Sex/p_mean_Diagnosis_AgeGroup_Sex_rh_lateral.png
Saved: /data/home/tqi/data1/share/after_freesurfer/FILE/test_mean_1.5/MIND_DK318_DGLM_sensitivity/degree/brainmaps/p_mean_Diagnosis_AgeGroup_Sex/p_mean_Diagnosis_AgeGroup_Sex_rh_lateral.png
[4/22] p_mean_Diagnosis_AgeGroup_Sex: plotting RH medial with 10438 finite vertices -> /data/home/tqi/data1/share/after_freesurfer/FILE/test_mean_1.5/MIND_DK318_DGLM_sensitivity/degree/brainmaps/p_mean_Diagnosis_AgeGroup_Sex/p_mean_Diagnosis_AgeGroup_Sex_rh_medial.png
Saved: /data/home/tqi/data1/share/after_freesurfer/FILE/test_mean_1.5/MIND_DK318_DGLM_sensitivity/degree/brainmaps/p_mean_Diagnosis_AgeGroup_Sex/p_mean_Diagnosis_AgeGroup_Sex_rh_medial.png
Finished plot column 4/22: p_mean_Diagnosis_AgeGroup_Sex
Starting plot column 5/22: p_disp_Diagnosis_AgeGroup
[5/22] Preparing brainmap column: p_disp_Diagnosis_AgeGroup
[5/22] p_disp_Diagnosis_AgeGroup: 4 significant ROI rows before hemisphere mapping.
[5/22] p_disp_Diagnosis_AgeGroup: ROI mapped to hemispheres | lh=1 | rh=3
[5/22] p_disp_Diagnosis_AgeGroup: finite surface vertices | lh=1005 | rh=2973 | total=3978
[5/22] Saved significant ROI table: /data/home/tqi/data1/share/after_freesurfer/FILE/test_mean_1.5/MIND_DK318_DGLM_sensitivity/degree/brainmaps/p_disp_Diagnosis_AgeGroup/significant_regions_p_disp_Diagnosis_AgeGroup.csv
[5/22] p_disp_Diagnosis_AgeGroup: plotting LH lateral with 1005 finite vertices -> /data/home/tqi/data1/share/after_freesurfer/FILE/test_mean_1.5/MIND_DK318_DGLM_sensitivity/degree/brainmaps/p_disp_Diagnosis_AgeGroup/p_disp_Diagnosis_AgeGroup_lh_lateral.png
Saved: /data/home/tqi/data1/share/after_freesurfer/FILE/test_mean_1.5/MIND_DK318_DGLM_sensitivity/degree/brainmaps/p_disp_Diagnosis_AgeGroup/p_disp_Diagnosis_AgeGroup_lh_lateral.png
[5/22] p_disp_Diagnosis_AgeGroup: plotting LH medial with 1005 finite vertices -> /data/home/tqi/data1/share/after_freesurfer/FILE/test_mean_1.5/MIND_DK318_DGLM_sensitivity/degree/brainmaps/p_disp_Diagnosis_AgeGroup/p_disp_Diagnosis_AgeGroup_lh_medial.png
Saved: /data/home/tqi/data1/share/after_freesurfer/FILE/test_mean_1.5/MIND_DK318_DGLM_sensitivity/degree/brainmaps/p_disp_Diagnosis_AgeGroup/p_disp_Diagnosis_AgeGroup_lh_medial.png
[5/22] p_disp_Diagnosis_AgeGroup: plotting RH lateral with 2973 finite vertices -> /data/home/tqi/data1/share/after_freesurfer/FILE/test_mean_1.5/MIND_DK318_DGLM_sensitivity/degree/brainmaps/p_disp_Diagnosis_AgeGroup/p_disp_Diagnosis_AgeGroup_rh_lateral.png
Saved: /data/home/tqi/data1/share/after_freesurfer/FILE/test_mean_1.5/MIND_DK318_DGLM_sensitivity/degree/brainmaps/p_disp_Diagnosis_AgeGroup/p_disp_Diagnosis_AgeGroup_rh_lateral.png
[5/22] p_disp_Diagnosis_AgeGroup: plotting RH medial with 2973 finite vertices -> /data/home/tqi/data1/share/after_freesurfer/FILE/test_mean_1.5/MIND_DK318_DGLM_sensitivity/degree/brainmaps/p_disp_Diagnosis_AgeGroup/p_disp_Diagnosis_AgeGroup_rh_medial.png
Saved: /data/home/tqi/data1/share/after_freesurfer/FILE/test_mean_1.5/MIND_DK318_DGLM_sensitivity/degree/brainmaps/p_disp_Diagnosis_AgeGroup/p_disp_Diagnosis_AgeGroup_rh_medial.png
Finished plot column 5/22: p_disp_Diagnosis_AgeGroup
Starting plot column 6/22: p_disp_Diagnosis_Sex
[6/22] Preparing brainmap column: p_disp_Diagnosis_Sex
[6/22] p_disp_Diagnosis_Sex: 2 significant ROI rows before hemisphere mapping.
[6/22] p_disp_Diagnosis_Sex: ROI mapped to hemispheres | lh=0 | rh=2
[6/22] p_disp_Diagnosis_Sex: finite surface vertices | lh=0 | rh=2332 | total=2332
[6/22] Saved significant ROI table: /data/home/tqi/data1/share/after_freesurfer/FILE/test_mean_1.5/MIND_DK318_DGLM_sensitivity/degree/brainmaps/p_disp_Diagnosis_Sex/significant_regions_p_disp_Diagnosis_Sex.csv
[6/22] p_disp_Diagnosis_Sex: skip LH lateral because all vertex values are NaN.
[6/22] p_disp_Diagnosis_Sex: skip LH medial because all vertex values are NaN.
[6/22] p_disp_Diagnosis_Sex: plotting RH lateral with 2332 finite vertices -> /data/home/tqi/data1/share/after_freesurfer/FILE/test_mean_1.5/MIND_DK318_DGLM_sensitivity/degree/brainmaps/p_disp_Diagnosis_Sex/p_disp_Diagnosis_Sex_rh_lateral.png
Saved: /data/home/tqi/data1/share/after_freesurfer/FILE/test_mean_1.5/MIND_DK318_DGLM_sensitivity/degree/brainmaps/p_disp_Diagnosis_Sex/p_disp_Diagnosis_Sex_rh_lateral.png
[6/22] p_disp_Diagnosis_Sex: plotting RH medial with 2332 finite vertices -> /data/home/tqi/data1/share/after_freesurfer/FILE/test_mean_1.5/MIND_DK318_DGLM_sensitivity/degree/brainmaps/p_disp_Diagnosis_Sex/p_disp_Diagnosis_Sex_rh_medial.png
Saved: /data/home/tqi/data1/share/after_freesurfer/FILE/test_mean_1.5/MIND_DK318_DGLM_sensitivity/degree/brainmaps/p_disp_Diagnosis_Sex/p_disp_Diagnosis_Sex_rh_medial.png
Finished plot column 6/22: p_disp_Diagnosis_Sex
Starting plot column 7/22: p_disp_AgeGroup_Sex
[7/22] Preparing brainmap column: p_disp_AgeGroup_Sex
[7/22] p_disp_AgeGroup_Sex: 9 significant ROI rows before hemisphere mapping.
[7/22] p_disp_AgeGroup_Sex: ROI mapped to hemispheres | lh=6 | rh=3
[7/22] p_disp_AgeGroup_Sex: finite surface vertices | lh=5302 | rh=2846 | total=8148
[7/22] Saved significant ROI table: /data/home/tqi/data1/share/after_freesurfer/FILE/test_mean_1.5/MIND_DK318_DGLM_sensitivity/degree/brainmaps/p_disp_AgeGroup_Sex/significant_regions_p_disp_AgeGroup_Sex.csv
[7/22] p_disp_AgeGroup_Sex: plotting LH lateral with 5302 finite vertices -> /data/home/tqi/data1/share/after_freesurfer/FILE/test_mean_1.5/MIND_DK318_DGLM_sensitivity/degree/brainmaps/p_disp_AgeGroup_Sex/p_disp_AgeGroup_Sex_lh_lateral.png
Saved: /data/home/tqi/data1/share/after_freesurfer/FILE/test_mean_1.5/MIND_DK318_DGLM_sensitivity/degree/brainmaps/p_disp_AgeGroup_Sex/p_disp_AgeGroup_Sex_lh_lateral.png
[7/22] p_disp_AgeGroup_Sex: plotting LH medial with 5302 finite vertices -> /data/home/tqi/data1/share/after_freesurfer/FILE/test_mean_1.5/MIND_DK318_DGLM_sensitivity/degree/brainmaps/p_disp_AgeGroup_Sex/p_disp_AgeGroup_Sex_lh_medial.png
Saved: /data/home/tqi/data1/share/after_freesurfer/FILE/test_mean_1.5/MIND_DK318_DGLM_sensitivity/degree/brainmaps/p_disp_AgeGroup_Sex/p_disp_AgeGroup_Sex_lh_medial.png
[7/22] p_disp_AgeGroup_Sex: plotting RH lateral with 2846 finite vertices -> /data/home/tqi/data1/share/after_freesurfer/FILE/test_mean_1.5/MIND_DK318_DGLM_sensitivity/degree/brainmaps/p_disp_AgeGroup_Sex/p_disp_AgeGroup_Sex_rh_lateral.png
Saved: /data/home/tqi/data1/share/after_freesurfer/FILE/test_mean_1.5/MIND_DK318_DGLM_sensitivity/degree/brainmaps/p_disp_AgeGroup_Sex/p_disp_AgeGroup_Sex_rh_lateral.png
[7/22] p_disp_AgeGroup_Sex: plotting RH medial with 2846 finite vertices -> /data/home/tqi/data1/share/after_freesurfer/FILE/test_mean_1.5/MIND_DK318_DGLM_sensitivity/degree/brainmaps/p_disp_AgeGroup_Sex/p_disp_AgeGroup_Sex_rh_medial.png
Saved: /data/home/tqi/data1/share/after_freesurfer/FILE/test_mean_1.5/MIND_DK318_DGLM_sensitivity/degree/brainmaps/p_disp_AgeGroup_Sex/p_disp_AgeGroup_Sex_rh_medial.png
Finished plot column 7/22: p_disp_AgeGroup_Sex
Starting plot column 8/22: p_disp_Diagnosis_AgeGroup_Sex
[8/22] Preparing brainmap column: p_disp_Diagnosis_AgeGroup_Sex
[8/22] p_disp_Diagnosis_AgeGroup_Sex: 5 significant ROI rows before hemisphere mapping.
[8/22] p_disp_Diagnosis_AgeGroup_Sex: ROI mapped to hemispheres | lh=3 | rh=2
[8/22] p_disp_Diagnosis_AgeGroup_Sex: finite surface vertices | lh=3047 | rh=1939 | total=4986
[8/22] Saved significant ROI table: /data/home/tqi/data1/share/after_freesurfer/FILE/test_mean_1.5/MIND_DK318_DGLM_sensitivity/degree/brainmaps/p_disp_Diagnosis_AgeGroup_Sex/significant_regions_p_disp_Diagnosis_AgeGroup_Sex.csv
[8/22] p_disp_Diagnosis_AgeGroup_Sex: plotting LH lateral with 3047 finite vertices -> /data/home/tqi/data1/share/after_freesurfer/FILE/test_mean_1.5/MIND_DK318_DGLM_sensitivity/degree/brainmaps/p_disp_Diagnosis_AgeGroup_Sex/p_disp_Diagnosis_AgeGroup_Sex_lh_lateral.png
Saved: /data/home/tqi/data1/share/after_freesurfer/FILE/test_mean_1.5/MIND_DK318_DGLM_sensitivity/degree/brainmaps/p_disp_Diagnosis_AgeGroup_Sex/p_disp_Diagnosis_AgeGroup_Sex_lh_lateral.png
[8/22] p_disp_Diagnosis_AgeGroup_Sex: plotting LH medial with 3047 finite vertices -> /data/home/tqi/data1/share/after_freesurfer/FILE/test_mean_1.5/MIND_DK318_DGLM_sensitivity/degree/brainmaps/p_disp_Diagnosis_AgeGroup_Sex/p_disp_Diagnosis_AgeGroup_Sex_lh_medial.png
Saved: /data/home/tqi/data1/share/after_freesurfer/FILE/test_mean_1.5/MIND_DK318_DGLM_sensitivity/degree/brainmaps/p_disp_Diagnosis_AgeGroup_Sex/p_disp_Diagnosis_AgeGroup_Sex_lh_medial.png
[8/22] p_disp_Diagnosis_AgeGroup_Sex: plotting RH lateral with 1939 finite vertices -> /data/home/tqi/data1/share/after_freesurfer/FILE/test_mean_1.5/MIND_DK318_DGLM_sensitivity/degree/brainmaps/p_disp_Diagnosis_AgeGroup_Sex/p_disp_Diagnosis_AgeGroup_Sex_rh_lateral.png
Saved: /data/home/tqi/data1/share/after_freesurfer/FILE/test_mean_1.5/MIND_DK318_DGLM_sensitivity/degree/brainmaps/p_disp_Diagnosis_AgeGroup_Sex/p_disp_Diagnosis_AgeGroup_Sex_rh_lateral.png
[8/22] p_disp_Diagnosis_AgeGroup_Sex: plotting RH medial with 1939 finite vertices -> /data/home/tqi/data1/share/after_freesurfer/FILE/test_mean_1.5/MIND_DK318_DGLM_sensitivity/degree/brainmaps/p_disp_Diagnosis_AgeGroup_Sex/p_disp_Diagnosis_AgeGroup_Sex_rh_medial.png
Saved: /data/home/tqi/data1/share/after_freesurfer/FILE/test_mean_1.5/MIND_DK318_DGLM_sensitivity/degree/brainmaps/p_disp_Diagnosis_AgeGroup_Sex/p_disp_Diagnosis_AgeGroup_Sex_rh_medial.png
Finished plot column 8/22: p_disp_Diagnosis_AgeGroup_Sex
Starting plot column 9/22: p_mean_Diagnosis_FDR
[9/22] Preparing brainmap column: p_mean_Diagnosis_FDR
[9/22] p_mean_Diagnosis_FDR: 22 significant ROI rows before hemisphere mapping.
[9/22] p_mean_Diagnosis_FDR: ROI mapped to hemispheres | lh=12 | rh=10
[9/22] p_mean_Diagnosis_FDR: finite surface vertices | lh=11944 | rh=10439 | total=22383
[9/22] Saved significant ROI table: /data/home/tqi/data1/share/after_freesurfer/FILE/test_mean_1.5/MIND_DK318_DGLM_sensitivity/degree/brainmaps/p_mean_Diagnosis_FDR/significant_regions_p_mean_Diagnosis_FDR.csv
[9/22] p_mean_Diagnosis_FDR: plotting LH lateral with 11944 finite vertices -> /data/home/tqi/data1/share/after_freesurfer/FILE/test_mean_1.5/MIND_DK318_DGLM_sensitivity/degree/brainmaps/p_mean_Diagnosis_FDR/p_mean_Diagnosis_FDR_lh_lateral.png
Saved: /data/home/tqi/data1/share/after_freesurfer/FILE/test_mean_1.5/MIND_DK318_DGLM_sensitivity/degree/brainmaps/p_mean_Diagnosis_FDR/p_mean_Diagnosis_FDR_lh_lateral.png
[9/22] p_mean_Diagnosis_FDR: plotting LH medial with 11944 finite vertices -> /data/home/tqi/data1/share/after_freesurfer/FILE/test_mean_1.5/MIND_DK318_DGLM_sensitivity/degree/brainmaps/p_mean_Diagnosis_FDR/p_mean_Diagnosis_FDR_lh_medial.png
Saved: /data/home/tqi/data1/share/after_freesurfer/FILE/test_mean_1.5/MIND_DK318_DGLM_sensitivity/degree/brainmaps/p_mean_Diagnosis_FDR/p_mean_Diagnosis_FDR_lh_medial.png
[9/22] p_mean_Diagnosis_FDR: plotting RH lateral with 10439 finite vertices -> /data/home/tqi/data1/share/after_freesurfer/FILE/test_mean_1.5/MIND_DK318_DGLM_sensitivity/degree/brainmaps/p_mean_Diagnosis_FDR/p_mean_Diagnosis_FDR_rh_lateral.png
Saved: /data/home/tqi/data1/share/after_freesurfer/FILE/test_mean_1.5/MIND_DK318_DGLM_sensitivity/degree/brainmaps/p_mean_Diagnosis_FDR/p_mean_Diagnosis_FDR_rh_lateral.png
[9/22] p_mean_Diagnosis_FDR: plotting RH medial with 10439 finite vertices -> /data/home/tqi/data1/share/after_freesurfer/FILE/test_mean_1.5/MIND_DK318_DGLM_sensitivity/degree/brainmaps/p_mean_Diagnosis_FDR/p_mean_Diagnosis_FDR_rh_medial.png
Saved: /data/home/tqi/data1/share/after_freesurfer/FILE/test_mean_1.5/MIND_DK318_DGLM_sensitivity/degree/brainmaps/p_mean_Diagnosis_FDR/p_mean_Diagnosis_FDR_rh_medial.png
Finished plot column 9/22: p_mean_Diagnosis_FDR
Starting plot column 10/22: p_mean_AgeGroup_FDR
[10/22] Preparing brainmap column: p_mean_AgeGroup_FDR
[10/22] p_mean_AgeGroup_FDR: 120 significant ROI rows before hemisphere mapping.
[10/22] p_mean_AgeGroup_FDR: ROI mapped to hemispheres | lh=61 | rh=59
[10/22] p_mean_AgeGroup_FDR: finite surface vertices | lh=55345 | rh=57659 | total=113004
[10/22] Saved significant ROI table: /data/home/tqi/data1/share/after_freesurfer/FILE/test_mean_1.5/MIND_DK318_DGLM_sensitivity/degree/brainmaps/p_mean_AgeGroup_FDR/significant_regions_p_mean_AgeGroup_FDR.csv
[10/22] p_mean_AgeGroup_FDR: plotting LH lateral with 55345 finite vertices -> /data/home/tqi/data1/share/after_freesurfer/FILE/test_mean_1.5/MIND_DK318_DGLM_sensitivity/degree/brainmaps/p_mean_AgeGroup_FDR/p_mean_AgeGroup_FDR_lh_lateral.png
Saved: /data/home/tqi/data1/share/after_freesurfer/FILE/test_mean_1.5/MIND_DK318_DGLM_sensitivity/degree/brainmaps/p_mean_AgeGroup_FDR/p_mean_AgeGroup_FDR_lh_lateral.png
[10/22] p_mean_AgeGroup_FDR: plotting LH medial with 55345 finite vertices -> /data/home/tqi/data1/share/after_freesurfer/FILE/test_mean_1.5/MIND_DK318_DGLM_sensitivity/degree/brainmaps/p_mean_AgeGroup_FDR/p_mean_AgeGroup_FDR_lh_medial.png
Saved: /data/home/tqi/data1/share/after_freesurfer/FILE/test_mean_1.5/MIND_DK318_DGLM_sensitivity/degree/brainmaps/p_mean_AgeGroup_FDR/p_mean_AgeGroup_FDR_lh_medial.png
[10/22] p_mean_AgeGroup_FDR: plotting RH lateral with 57659 finite vertices -> /data/home/tqi/data1/share/after_freesurfer/FILE/test_mean_1.5/MIND_DK318_DGLM_sensitivity/degree/brainmaps/p_mean_AgeGroup_FDR/p_mean_AgeGroup_FDR_rh_lateral.png
Saved: /data/home/tqi/data1/share/after_freesurfer/FILE/test_mean_1.5/MIND_DK318_DGLM_sensitivity/degree/brainmaps/p_mean_AgeGroup_FDR/p_mean_AgeGroup_FDR_rh_lateral.png
[10/22] p_mean_AgeGroup_FDR: plotting RH medial with 57659 finite vertices -> /data/home/tqi/data1/share/after_freesurfer/FILE/test_mean_1.5/MIND_DK318_DGLM_sensitivity/degree/brainmaps/p_mean_AgeGroup_FDR/p_mean_AgeGroup_FDR_rh_medial.png
Saved: /data/home/tqi/data1/share/after_freesurfer/FILE/test_mean_1.5/MIND_DK318_DGLM_sensitivity/degree/brainmaps/p_mean_AgeGroup_FDR/p_mean_AgeGroup_FDR_rh_medial.png
Finished plot column 10/22: p_mean_AgeGroup_FDR
Starting plot column 11/22: p_mean_Sex_FDR
[11/22] Preparing brainmap column: p_mean_Sex_FDR
[11/22] p_mean_Sex_FDR: 58 significant ROI rows before hemisphere mapping.
[11/22] p_mean_Sex_FDR: ROI mapped to hemispheres | lh=30 | rh=28
[11/22] p_mean_Sex_FDR: finite surface vertices | lh=25255 | rh=26143 | total=51398
[11/22] Saved significant ROI table: /data/home/tqi/data1/share/after_freesurfer/FILE/test_mean_1.5/MIND_DK318_DGLM_sensitivity/degree/brainmaps/p_mean_Sex_FDR/significant_regions_p_mean_Sex_FDR.csv
[11/22] p_mean_Sex_FDR: plotting LH lateral with 25255 finite vertices -> /data/home/tqi/data1/share/after_freesurfer/FILE/test_mean_1.5/MIND_DK318_DGLM_sensitivity/degree/brainmaps/p_mean_Sex_FDR/p_mean_Sex_FDR_lh_lateral.png
Saved: /data/home/tqi/data1/share/after_freesurfer/FILE/test_mean_1.5/MIND_DK318_DGLM_sensitivity/degree/brainmaps/p_mean_Sex_FDR/p_mean_Sex_FDR_lh_lateral.png
[11/22] p_mean_Sex_FDR: plotting LH medial with 25255 finite vertices -> /data/home/tqi/data1/share/after_freesurfer/FILE/test_mean_1.5/MIND_DK318_DGLM_sensitivity/degree/brainmaps/p_mean_Sex_FDR/p_mean_Sex_FDR_lh_medial.png
Saved: /data/home/tqi/data1/share/after_freesurfer/FILE/test_mean_1.5/MIND_DK318_DGLM_sensitivity/degree/brainmaps/p_mean_Sex_FDR/p_mean_Sex_FDR_lh_medial.png
[11/22] p_mean_Sex_FDR: plotting RH lateral with 26143 finite vertices -> /data/home/tqi/data1/share/after_freesurfer/FILE/test_mean_1.5/MIND_DK318_DGLM_sensitivity/degree/brainmaps/p_mean_Sex_FDR/p_mean_Sex_FDR_rh_lateral.png
Saved: /data/home/tqi/data1/share/after_freesurfer/FILE/test_mean_1.5/MIND_DK318_DGLM_sensitivity/degree/brainmaps/p_mean_Sex_FDR/p_mean_Sex_FDR_rh_lateral.png
[11/22] p_mean_Sex_FDR: plotting RH medial with 26143 finite vertices -> /data/home/tqi/data1/share/after_freesurfer/FILE/test_mean_1.5/MIND_DK318_DGLM_sensitivity/degree/brainmaps/p_mean_Sex_FDR/p_mean_Sex_FDR_rh_medial.png
Saved: /data/home/tqi/data1/share/after_freesurfer/FILE/test_mean_1.5/MIND_DK318_DGLM_sensitivity/degree/brainmaps/p_mean_Sex_FDR/p_mean_Sex_FDR_rh_medial.png
Finished plot column 11/22: p_mean_Sex_FDR
Starting plot column 12/22: p_mean_Diagnosis_AgeGroup_FDR
[12/22] Preparing brainmap column: p_mean_Diagnosis_AgeGroup_FDR
[12/22] p_mean_Diagnosis_AgeGroup_FDR: 1 significant ROI rows before hemisphere mapping.
[12/22] p_mean_Diagnosis_AgeGroup_FDR: ROI mapped to hemispheres | lh=1 | rh=0
[12/22] p_mean_Diagnosis_AgeGroup_FDR: finite surface vertices | lh=1040 | rh=0 | total=1040
[12/22] Saved significant ROI table: /data/home/tqi/data1/share/after_freesurfer/FILE/test_mean_1.5/MIND_DK318_DGLM_sensitivity/degree/brainmaps/p_mean_Diagnosis_AgeGroup_FDR/significant_regions_p_mean_Diagnosis_AgeGroup_FDR.csv
[12/22] p_mean_Diagnosis_AgeGroup_FDR: plotting LH lateral with 1040 finite vertices -> /data/home/tqi/data1/share/after_freesurfer/FILE/test_mean_1.5/MIND_DK318_DGLM_sensitivity/degree/brainmaps/p_mean_Diagnosis_AgeGroup_FDR/p_mean_Diagnosis_AgeGroup_FDR_lh_lateral.png
Saved: /data/home/tqi/data1/share/after_freesurfer/FILE/test_mean_1.5/MIND_DK318_DGLM_sensitivity/degree/brainmaps/p_mean_Diagnosis_AgeGroup_FDR/p_mean_Diagnosis_AgeGroup_FDR_lh_lateral.png
[12/22] p_mean_Diagnosis_AgeGroup_FDR: plotting LH medial with 1040 finite vertices -> /data/home/tqi/data1/share/after_freesurfer/FILE/test_mean_1.5/MIND_DK318_DGLM_sensitivity/degree/brainmaps/p_mean_Diagnosis_AgeGroup_FDR/p_mean_Diagnosis_AgeGroup_FDR_lh_medial.png
Saved: /data/home/tqi/data1/share/after_freesurfer/FILE/test_mean_1.5/MIND_DK318_DGLM_sensitivity/degree/brainmaps/p_mean_Diagnosis_AgeGroup_FDR/p_mean_Diagnosis_AgeGroup_FDR_lh_medial.png
[12/22] p_mean_Diagnosis_AgeGroup_FDR: skip RH lateral because all vertex values are NaN.
[12/22] p_mean_Diagnosis_AgeGroup_FDR: skip RH medial because all vertex values are NaN.
Finished plot column 12/22: p_mean_Diagnosis_AgeGroup_FDR
Starting plot column 13/22: p_mean_Diagnosis_Sex_FDR
[13/22] Preparing brainmap column: p_mean_Diagnosis_Sex_FDR
[13/22] p_mean_Diagnosis_Sex_FDR: 1 significant ROI rows before hemisphere mapping.
[13/22] p_mean_Diagnosis_Sex_FDR: ROI mapped to hemispheres | lh=0 | rh=1
[13/22] p_mean_Diagnosis_Sex_FDR: finite surface vertices | lh=0 | rh=856 | total=856
[13/22] Saved significant ROI table: /data/home/tqi/data1/share/after_freesurfer/FILE/test_mean_1.5/MIND_DK318_DGLM_sensitivity/degree/brainmaps/p_mean_Diagnosis_Sex_FDR/significant_regions_p_mean_Diagnosis_Sex_FDR.csv
[13/22] p_mean_Diagnosis_Sex_FDR: skip LH lateral because all vertex values are NaN.
[13/22] p_mean_Diagnosis_Sex_FDR: skip LH medial because all vertex values are NaN.
[13/22] p_mean_Diagnosis_Sex_FDR: plotting RH lateral with 856 finite vertices -> /data/home/tqi/data1/share/after_freesurfer/FILE/test_mean_1.5/MIND_DK318_DGLM_sensitivity/degree/brainmaps/p_mean_Diagnosis_Sex_FDR/p_mean_Diagnosis_Sex_FDR_rh_lateral.png
Saved: /data/home/tqi/data1/share/after_freesurfer/FILE/test_mean_1.5/MIND_DK318_DGLM_sensitivity/degree/brainmaps/p_mean_Diagnosis_Sex_FDR/p_mean_Diagnosis_Sex_FDR_rh_lateral.png
[13/22] p_mean_Diagnosis_Sex_FDR: plotting RH medial with 856 finite vertices -> /data/home/tqi/data1/share/after_freesurfer/FILE/test_mean_1.5/MIND_DK318_DGLM_sensitivity/degree/brainmaps/p_mean_Diagnosis_Sex_FDR/p_mean_Diagnosis_Sex_FDR_rh_medial.png
Saved: /data/home/tqi/data1/share/after_freesurfer/FILE/test_mean_1.5/MIND_DK318_DGLM_sensitivity/degree/brainmaps/p_mean_Diagnosis_Sex_FDR/p_mean_Diagnosis_Sex_FDR_rh_medial.png
Finished plot column 13/22: p_mean_Diagnosis_Sex_FDR
Starting plot column 14/22: p_mean_AgeGroup_Sex_FDR
[14/22] Preparing brainmap column: p_mean_AgeGroup_Sex_FDR
[14/22] p_mean_AgeGroup_Sex_FDR: 6 significant ROI rows before hemisphere mapping.
[14/22] p_mean_AgeGroup_Sex_FDR: ROI mapped to hemispheres | lh=3 | rh=3
[14/22] p_mean_AgeGroup_Sex_FDR: finite surface vertices | lh=1968 | rh=2676 | total=4644
[14/22] Saved significant ROI table: /data/home/tqi/data1/share/after_freesurfer/FILE/test_mean_1.5/MIND_DK318_DGLM_sensitivity/degree/brainmaps/p_mean_AgeGroup_Sex_FDR/significant_regions_p_mean_AgeGroup_Sex_FDR.csv
[14/22] p_mean_AgeGroup_Sex_FDR: plotting LH lateral with 1968 finite vertices -> /data/home/tqi/data1/share/after_freesurfer/FILE/test_mean_1.5/MIND_DK318_DGLM_sensitivity/degree/brainmaps/p_mean_AgeGroup_Sex_FDR/p_mean_AgeGroup_Sex_FDR_lh_lateral.png
Saved: /data/home/tqi/data1/share/after_freesurfer/FILE/test_mean_1.5/MIND_DK318_DGLM_sensitivity/degree/brainmaps/p_mean_AgeGroup_Sex_FDR/p_mean_AgeGroup_Sex_FDR_lh_lateral.png
[14/22] p_mean_AgeGroup_Sex_FDR: plotting LH medial with 1968 finite vertices -> /data/home/tqi/data1/share/after_freesurfer/FILE/test_mean_1.5/MIND_DK318_DGLM_sensitivity/degree/brainmaps/p_mean_AgeGroup_Sex_FDR/p_mean_AgeGroup_Sex_FDR_lh_medial.png
Saved: /data/home/tqi/data1/share/after_freesurfer/FILE/test_mean_1.5/MIND_DK318_DGLM_sensitivity/degree/brainmaps/p_mean_AgeGroup_Sex_FDR/p_mean_AgeGroup_Sex_FDR_lh_medial.png
[14/22] p_mean_AgeGroup_Sex_FDR: plotting RH lateral with 2676 finite vertices -> /data/home/tqi/data1/share/after_freesurfer/FILE/test_mean_1.5/MIND_DK318_DGLM_sensitivity/degree/brainmaps/p_mean_AgeGroup_Sex_FDR/p_mean_AgeGroup_Sex_FDR_rh_lateral.png
Saved: /data/home/tqi/data1/share/after_freesurfer/FILE/test_mean_1.5/MIND_DK318_DGLM_sensitivity/degree/brainmaps/p_mean_AgeGroup_Sex_FDR/p_mean_AgeGroup_Sex_FDR_rh_lateral.png
[14/22] p_mean_AgeGroup_Sex_FDR: plotting RH medial with 2676 finite vertices -> /data/home/tqi/data1/share/after_freesurfer/FILE/test_mean_1.5/MIND_DK318_DGLM_sensitivity/degree/brainmaps/p_mean_AgeGroup_Sex_FDR/p_mean_AgeGroup_Sex_FDR_rh_medial.png
Saved: /data/home/tqi/data1/share/after_freesurfer/FILE/test_mean_1.5/MIND_DK318_DGLM_sensitivity/degree/brainmaps/p_mean_AgeGroup_Sex_FDR/p_mean_AgeGroup_Sex_FDR_rh_medial.png
Finished plot column 14/22: p_mean_AgeGroup_Sex_FDR
Starting plot column 15/22: p_mean_Diagnosis_AgeGroup_Sex_FDR
[15/22] Preparing brainmap column: p_mean_Diagnosis_AgeGroup_Sex_FDR
[15/22] p_mean_Diagnosis_AgeGroup_Sex_FDR: no significant ROI at p<0.05; skip.
Finished plot column 15/22: p_mean_Diagnosis_AgeGroup_Sex_FDR
Starting plot column 16/22: p_disp_Diagnosis_FDR
[16/22] Preparing brainmap column: p_disp_Diagnosis_FDR
[16/22] p_disp_Diagnosis_FDR: no significant ROI at p<0.05; skip.
Finished plot column 16/22: p_disp_Diagnosis_FDR
Starting plot column 17/22: p_disp_AgeGroup_FDR
[17/22] Preparing brainmap column: p_disp_AgeGroup_FDR
[17/22] p_disp_AgeGroup_FDR: 1 significant ROI rows before hemisphere mapping.
[17/22] p_disp_AgeGroup_FDR: ROI mapped to hemispheres | lh=1 | rh=0
[17/22] p_disp_AgeGroup_FDR: finite surface vertices | lh=1005 | rh=0 | total=1005
[17/22] Saved significant ROI table: /data/home/tqi/data1/share/after_freesurfer/FILE/test_mean_1.5/MIND_DK318_DGLM_sensitivity/degree/brainmaps/p_disp_AgeGroup_FDR/significant_regions_p_disp_AgeGroup_FDR.csv
[17/22] p_disp_AgeGroup_FDR: plotting LH lateral with 1005 finite vertices -> /data/home/tqi/data1/share/after_freesurfer/FILE/test_mean_1.5/MIND_DK318_DGLM_sensitivity/degree/brainmaps/p_disp_AgeGroup_FDR/p_disp_AgeGroup_FDR_lh_lateral.png
Saved: /data/home/tqi/data1/share/after_freesurfer/FILE/test_mean_1.5/MIND_DK318_DGLM_sensitivity/degree/brainmaps/p_disp_AgeGroup_FDR/p_disp_AgeGroup_FDR_lh_lateral.png
[17/22] p_disp_AgeGroup_FDR: plotting LH medial with 1005 finite vertices -> /data/home/tqi/data1/share/after_freesurfer/FILE/test_mean_1.5/MIND_DK318_DGLM_sensitivity/degree/brainmaps/p_disp_AgeGroup_FDR/p_disp_AgeGroup_FDR_lh_medial.png
Saved: /data/home/tqi/data1/share/after_freesurfer/FILE/test_mean_1.5/MIND_DK318_DGLM_sensitivity/degree/brainmaps/p_disp_AgeGroup_FDR/p_disp_AgeGroup_FDR_lh_medial.png
[17/22] p_disp_AgeGroup_FDR: skip RH lateral because all vertex values are NaN.
[17/22] p_disp_AgeGroup_FDR: skip RH medial because all vertex values are NaN.
Finished plot column 17/22: p_disp_AgeGroup_FDR
Starting plot column 18/22: p_disp_Sex_FDR
[18/22] Preparing brainmap column: p_disp_Sex_FDR
[18/22] p_disp_Sex_FDR: no significant ROI at p<0.05; skip.
Finished plot column 18/22: p_disp_Sex_FDR
Starting plot column 19/22: p_disp_Diagnosis_AgeGroup_FDR
[19/22] Preparing brainmap column: p_disp_Diagnosis_AgeGroup_FDR
[19/22] p_disp_Diagnosis_AgeGroup_FDR: no significant ROI at p<0.05; skip.
Finished plot column 19/22: p_disp_Diagnosis_AgeGroup_FDR
Starting plot column 20/22: p_disp_Diagnosis_Sex_FDR
[20/22] Preparing brainmap column: p_disp_Diagnosis_Sex_FDR
[20/22] p_disp_Diagnosis_Sex_FDR: no significant ROI at p<0.05; skip.
Finished plot column 20/22: p_disp_Diagnosis_Sex_FDR
Starting plot column 21/22: p_disp_AgeGroup_Sex_FDR
[21/22] Preparing brainmap column: p_disp_AgeGroup_Sex_FDR
[21/22] p_disp_AgeGroup_Sex_FDR: no significant ROI at p<0.05; skip.
Finished plot column 21/22: p_disp_AgeGroup_Sex_FDR
Starting plot column 22/22: p_disp_Diagnosis_AgeGroup_Sex_FDR
[22/22] Preparing brainmap column: p_disp_Diagnosis_AgeGroup_Sex_FDR
[22/22] p_disp_Diagnosis_AgeGroup_Sex_FDR: no significant ROI at p<0.05; skip.
Finished plot column 22/22: p_disp_Diagnosis_AgeGroup_Sex_FDR
Network result directories under /data/home/tqi/data1/share/after_freesurfer/FILE/test_mean_1.5/MIND_DK318_DGLM_sensitivity/degree: 6

----- Network directory 1/6 for degree dir 1/1 -----
/data/home/tqi/data1/share/after_freesurfer/FILE/test_mean_1.5/MIND_DK318_DGLM_sensitivity/degree/network_FDR/alphabetic_functional

========================================
Plotting: /data/home/tqi/data1/share/after_freesurfer/FILE/test_mean_1.5/MIND_DK318_DGLM_sensitivity/degree/network_FDR/alphabetic_functional/DGLM_DK318_degree_network.csv
Network: True
========================================
Loaded result table: /data/home/tqi/data1/share/after_freesurfer/FILE/test_mean_1.5/MIND_DK318_DGLM_sensitivity/degree/network_FDR/alphabetic_functional/DGLM_DK318_degree_network.csv | rows=57 | cols=87
Plottable columns in /data/home/tqi/data1/share/after_freesurfer/FILE/test_mean_1.5/MIND_DK318_DGLM_sensitivity/degree/network_FDR/alphabetic_functional: 14
Starting plot column 1/14: p_mean_Diagnosis_networkFDR_alphabetic_functional
[1/14] Preparing brainmap column: p_mean_Diagnosis_networkFDR_alphabetic_functional
[1/14] p_mean_Diagnosis_networkFDR_alphabetic_functional: 10 significant ROI rows before hemisphere mapping.
