==== TEMP DEBUG INFO ====
Host: node5
PWD: /data/home/tqi/data1/share/after_freesurfer/CODE/analysis
TMPDIR(before): /tmp
--- env tmp vars ---
TMPDIR=/tmp
--- system tmp status ---
drwxrwxrwt 22 root root 2138112 Mar 26 19:49 /tmp
Filesystem      Size  Used Avail Use% Mounted on
/dev/sda2       439G   52G  365G  13% /
Filesystem       Inodes  IUsed    IFree IUse% Mounted on
/dev/sda2      29237248 663080 28574168    3% /
--- current dir tmp status ---
drwxrwxr-x 3 1010 1010 32 Mar 26 19:49 tmp
Filesystem      Size  Used Avail Use% Mounted on
node1:/data1    419T  401T   18T  96% /data1
Filesystem         Inodes     IUsed      IFree IUse% Mounted on
node1:/data1   8984398336 302441524 8681956812    4% /data1
--- write test /tmp ---
write /tmp ok
--- write test local tmp ---
write local tmp ok
=========================
Host: node5
Start: Thu Mar 26 07:49:03 PM CST 2026
TMPDIR: /data/home/tqi/data1/share/after_freesurfer/CODE/analysis/tmp
Subjects in demo: 207 
Subjects with matrix+degree csv: 207 
ROI number: 318 
Number of edges: 50403 
Degree matrix: 207 x 318 
Edge matrix: 207 x 50403 

=== Diagnostic ===
Diagnosis counts: TD=115, DD=92 
AgeGroup  counts: Child=104, Adult=103 
Sex       counts: Female=112, Male=95 
First ROI: n valid = 207 , var = 0.00020822 
Mean model coef colnames:  Estimate, Std. Error, t value, Pr(>|t|) 
Disp model coef colnames:  Estimate, Std. Error, t value, Pr(>|t|) 
DiagnosisDD mean p-value:  0.6891579 
dglm fit names:  coefficients, residuals, fitted.values, effects, weights, rank, assign, qr, df.residual, call, formula, terms, model, family, linear.predictors, prior.weights, contrasts, df.null, deviance, aic, null.deviance, y, dispersion.fit, iter, method, m2loglik 

=== Running DGLM (degree) ===
Significant mean Interaction (degree, FDR<0.05): 0 
Significant dispersion Interaction (degree, FDR<0.05): 0 
Saved: /data/home/tqi/data1/share/after_freesurfer/FILE/test_any_2/MIND_DGLM_DK318//DGLM_DK318_degree_results.csv 

=== Running DGLM (edges) ===
Edge chunk 1 / 26 
Edge chunk 2 / 26 
Edge chunk 3 / 26 
Edge chunk 4 / 26 
Edge chunk 5 / 26 
Edge chunk 6 / 26 
Edge chunk 7 / 26 
Edge chunk 8 / 26 
Edge chunk 9 / 26 
Edge chunk 10 / 26 
Edge chunk 11 / 26 
Edge chunk 12 / 26 
Edge chunk 13 / 26 
Edge chunk 14 / 26 
Edge chunk 15 / 26 
Edge chunk 16 / 26 
Edge chunk 17 / 26 
Edge chunk 18 / 26 
Edge chunk 19 / 26 
Edge chunk 20 / 26 
Edge chunk 21 / 26 
Edge chunk 22 / 26 
Edge chunk 23 / 26 
Edge chunk 24 / 26 
Edge chunk 25 / 26 
Edge chunk 26 / 26 
Significant mean Interaction (edges, FDR<0.05): 3 
Significant dispersion Interaction (edges, FDR<0.05): 0 
Saved: /data/home/tqi/data1/share/after_freesurfer/FILE/test_any_2/MIND_DGLM_DK318//DGLM_DK318_edge_results.csv 

==============================
Significant Degree Results (FDR < 0.05 )
==============================

[mean_Diagnosis] n_sig = 0

[mean_AgeGroup] n_sig = 100
                           feature   n  p_raw  p_FDR
                 lh_bankssts_part1 207 0.0042 0.0213
      lh_caudalmiddlefrontal_part4 207 0.0154 0.0489
                 lh_fusiform_part1 207 0.0035 0.0204
                 lh_fusiform_part3 207 0.0000 0.0016
                 lh_fusiform_part5 207 0.0140 0.0455
         lh_inferiorparietal_part1 207 0.0068 0.0278
         lh_inferiorparietal_part2 207 0.0004 0.0052
         lh_inferiorparietal_part4 207 0.0052 0.0241
         lh_inferiorparietal_part6 207 0.0003 0.0050
         lh_inferiorparietal_part8 207 0.0001 0.0032
         lh_inferiorparietal_part9 207 0.0012 0.0113
         lh_inferiortemporal_part1 207 0.0071 0.0283
         lh_inferiortemporal_part5 207 0.0014 0.0116
         lh_inferiortemporal_part6 207 0.0046 0.0219
         lh_isthmuscingulate_part2 207 0.0021 0.0147
         lh_lateraloccipital_part1 207 0.0071 0.0283
         lh_lateraloccipital_part2 207 0.0002 0.0048
         lh_lateraloccipital_part3 207 0.0030 0.0185
         lh_lateraloccipital_part6 207 0.0004 0.0052
         lh_lateraloccipital_part7 207 0.0083 0.0302
     lh_lateralorbitofrontal_part1 207 0.0010 0.0099
     lh_lateralorbitofrontal_part3 207 0.0003 0.0050
     lh_lateralorbitofrontal_part4 207 0.0004 0.0050
      lh_medialorbitofrontal_part1 207 0.0028 0.0178
      lh_medialorbitofrontal_part2 207 0.0116 0.0401
      lh_medialorbitofrontal_part4 207 0.0120 0.0411
           lh_middletemporal_part1 207 0.0041 0.0213
           lh_middletemporal_part4 207 0.0064 0.0266
            lh_parsorbitalis_part1 207 0.0062 0.0263
         lh_parstriangularis_part2 207 0.0023 0.0156
              lh_postcentral_part1 207 0.0031 0.0185
              lh_postcentral_part4 207 0.0043 0.0213
              lh_postcentral_part6 207 0.0090 0.0320
               lh_precentral_part3 207 0.0000 0.0002
               lh_precentral_part5 207 0.0000 0.0001
               lh_precentral_part7 207 0.0006 0.0071
                lh_precuneus_part2 207 0.0029 0.0179
                lh_precuneus_part7 207 0.0105 0.0367
     lh_rostralmiddlefrontal_part3 207 0.0014 0.0116
     lh_rostralmiddlefrontal_part7 207 0.0049 0.0230
    lh_rostralmiddlefrontal_part10 207 0.0011 0.0111
    lh_rostralmiddlefrontal_part11 207 0.0018 0.0139
          lh_superiorfrontal_part1 207 0.0001 0.0030
          lh_superiorfrontal_part3 207 0.0003 0.0050
          lh_superiorfrontal_part5 207 0.0004 0.0052
          lh_superiorfrontal_part6 207 0.0002 0.0048
          lh_superiorfrontal_part7 207 0.0038 0.0210
          lh_superiorfrontal_part8 207 0.0021 0.0147
          lh_superiorfrontal_part9 207 0.0042 0.0213
         lh_superiorparietal_part5 207 0.0058 0.0250
            lh_supramarginal_part2 207 0.0001 0.0031
            lh_supramarginal_part5 207 0.0049 0.0230
              lh_frontalpole_part1 207 0.0054 0.0243
                 rh_bankssts_part2 207 0.0146 0.0469
  rh_caudalanteriorcingulate_part1 207 0.0020 0.0147
                 rh_fusiform_part1 207 0.0043 0.0213
                 rh_fusiform_part2 207 0.0012 0.0113
                 rh_fusiform_part3 207 0.0075 0.0290
         rh_inferiorparietal_part3 207 0.0014 0.0116
         rh_inferiorparietal_part4 207 0.0000 0.0002
         rh_inferiorparietal_part6 207 0.0001 0.0031
         rh_inferiortemporal_part1 207 0.0058 0.0250
         rh_inferiortemporal_part2 207 0.0072 0.0283
         rh_lateraloccipital_part2 207 0.0004 0.0050
         rh_lateraloccipital_part3 207 0.0038 0.0210
     rh_lateralorbitofrontal_part1 207 0.0042 0.0213
     rh_lateralorbitofrontal_part3 207 0.0000 0.0001
           rh_middletemporal_part3 207 0.0083 0.0302
           rh_middletemporal_part5 207 0.0020 0.0147
           rh_middletemporal_part6 207 0.0065 0.0269
              rh_paracentral_part2 207 0.0137 0.0455
              rh_paracentral_part3 207 0.0140 0.0455
          rh_parsopercularis_part3 207 0.0077 0.0295
            rh_parsorbitalis_part1 207 0.0013 0.0116
         rh_parstriangularis_part1 207 0.0031 0.0185
              rh_postcentral_part2 207 0.0009 0.0093
              rh_postcentral_part4 207 0.0058 0.0250
       rh_posteriorcingulate_part1 207 0.0084 0.0302
       rh_posteriorcingulate_part2 207 0.0017 0.0136
               rh_precentral_part3 207 0.0000 0.0001
               rh_precentral_part5 207 0.0000 0.0000
               rh_precentral_part7 207 0.0080 0.0298
                rh_precuneus_part5 207 0.0043 0.0213
                rh_precuneus_part6 207 0.0004 0.0051
                rh_precuneus_part7 207 0.0027 0.0176
 rh_rostralanteriorcingulate_part1 207 0.0003 0.0050
          rh_superiorfrontal_part1 207 0.0000 0.0000
          rh_superiorfrontal_part2 207 0.0009 0.0093
          rh_superiorfrontal_part3 207 0.0003 0.0050
          rh_superiorfrontal_part4 207 0.0023 0.0156
          rh_superiorfrontal_part6 207 0.0003 0.0050
         rh_superiorfrontal_part10 207 0.0037 0.0210
         rh_superiorparietal_part3 207 0.0002 0.0048
         rh_superiorparietal_part4 207 0.0128 0.0432
         rh_superiortemporal_part1 207 0.0054 0.0243
         rh_superiortemporal_part7 207 0.0079 0.0298
            rh_supramarginal_part1 207 0.0092 0.0326
            rh_supramarginal_part3 207 0.0015 0.0121
            rh_supramarginal_part4 207 0.0134 0.0449
              rh_frontalpole_part1 207 0.0006 0.0070

[mean_Interaction] n_sig = 0

[disp_Diagnosis] n_sig = 0

[disp_AgeGroup] n_sig = 0

[disp_Interaction] n_sig = 0

Degree mean interaction significant (FDR): 0 ROIs. Saved: /data/home/tqi/data1/share/after_freesurfer/FILE/test_any_2/MIND_DGLM_DK318//DGLM_DK318_degree_mean_interaction_significant_fdr.csv
Degree mean interaction significant (uncorrected): 24 ROIs. Saved: /data/home/tqi/data1/share/after_freesurfer/FILE/test_any_2/MIND_DGLM_DK318//DGLM_DK318_degree_mean_interaction_significant_uncorrected.csv
Degree dispersion interaction significant (FDR): 0 ROIs. Saved: /data/home/tqi/data1/share/after_freesurfer/FILE/test_any_2/MIND_DGLM_DK318//DGLM_DK318_degree_dispersion_interaction_significant_fdr.csv
Degree dispersion interaction significant (uncorrected): 1 ROIs. Saved: /data/home/tqi/data1/share/after_freesurfer/FILE/test_any_2/MIND_DGLM_DK318//DGLM_DK318_degree_dispersion_interaction_significant_uncorrected.csv

==============================
Significant Edge Results (FDR < 0.05 )
==============================

[mean_Diagnosis] n_sig = 17
                          region_i                      region_j   n p_raw
                   lh_cuneus_part1 lh_rostralmiddlefrontal_part5 207     0
          lh_parsopercularis_part1  rh_caudalmiddlefrontal_part1 207     0
         lh_lateraloccipital_part4             rh_fusiform_part1 207     0
                 lh_fusiform_part1     rh_lateraloccipital_part3 207     0
      rh_caudalmiddlefrontal_part1  rh_medialorbitofrontal_part3 207     0
      rh_caudalmiddlefrontal_part1  rh_medialorbitofrontal_part4 207     0
     rh_lateralorbitofrontal_part5   rh_posteriorcingulate_part1 207     0
         rh_inferiorparietal_part2           rh_precentral_part5 207     0
         rh_parstriangularis_part2           rh_precentral_part5 207     0
         lh_inferiortemporal_part4           rh_precentral_part7 207     0
       rh_posteriorcingulate_part2           rh_precentral_part7 207     0
         lh_inferiortemporal_part5      rh_superiorfrontal_part5 207     0
 lh_rostralanteriorcingulate_part1      rh_superiorfrontal_part5 207     0
         rh_isthmuscingulate_part2      rh_superiorfrontal_part5 207     0
 rh_rostralanteriorcingulate_part1      rh_superiorfrontal_part5 207     0
      rh_caudalmiddlefrontal_part1        rh_supramarginal_part6 207     0
                   lh_insula_part2               rh_insula_part3 207     0
  p_FDR
 0.0261
 0.0389
 0.0254
 0.0441
 0.0183
 0.0301
 0.0261
 0.0183
 0.0301
 0.0342
 0.0389
 0.0323
 0.0183
 0.0403
 0.0261
 0.0261
 0.0301

[mean_AgeGroup] n_sig = 5129
  (showing top 20 by FDR)
                      region_i                          region_j   n p_raw
     lh_lateraloccipital_part3     lh_lateralorbitofrontal_part3 207     0
           lh_precentral_part3          rh_superiorfrontal_part6 207     0
           rh_precentral_part3          rh_superiorfrontal_part6 207     0
     rh_parstriangularis_part1               rh_precentral_part3 207     0
     rh_parstriangularis_part1               rh_precentral_part5 207     0
          rh_postcentral_part7               rh_precentral_part1 207     0
      lh_superiorfrontal_part3               rh_precentral_part3 207     0
           lh_precentral_part1          rh_superiorfrontal_part8 207     0
 lh_rostralmiddlefrontal_part7          rh_superiorfrontal_part1 207     0
     lh_parstriangularis_part2               rh_precentral_part3 207     0
      lh_superiorfrontal_part8               rh_precentral_part3 207     0
       rh_middletemporal_part6               rh_precentral_part3 207     0
           lh_precentral_part5          rh_superiorfrontal_part6 207     0
   lh_posteriorcingulate_part1               lh_precentral_part9 207     0
           rh_precentral_part2               rh_precentral_part3 207     0
           lh_precentral_part3          lh_superiorfrontal_part8 207     0
       rh_middletemporal_part5               rh_precentral_part3 207     0
           lh_precentral_part3 rh_rostralanteriorcingulate_part1 207     0
           lh_precentral_part5         rh_parstriangularis_part1 207     0
      lh_superiorfrontal_part6               rh_precentral_part3 207     0
 p_FDR
     0
     0
     0
     0
     0
     0
     0
     0
     0
     0
     0
     0
     0
     0
     0
     0
     0
     0
     0
     0

[mean_Interaction] n_sig = 3
               region_i                      region_j   n p_raw  p_FDR
   lh_postcentral_part1 lh_rostralmiddlefrontal_part9 207     0 0.0431
   lh_postcentral_part4             rh_fusiform_part2 207     0 0.0122
 lh_supramarginal_part2       rh_middletemporal_part3 207     0 0.0384

[disp_Diagnosis] n_sig = 0

[disp_AgeGroup] n_sig = 0

[disp_Interaction] n_sig = 0

Edge mean interaction significant (FDR): 3 edges. Saved: /data/home/tqi/data1/share/after_freesurfer/FILE/test_any_2/MIND_DGLM_DK318//DGLM_DK318_edge_mean_interaction_significant_fdr.csv
Edge mean interaction significant (uncorrected): 4109 edges. Saved: /data/home/tqi/data1/share/after_freesurfer/FILE/test_any_2/MIND_DGLM_DK318//DGLM_DK318_edge_mean_interaction_significant_uncorrected.csv
Edge dispersion interaction significant (FDR): 0 edges. Saved: /data/home/tqi/data1/share/after_freesurfer/FILE/test_any_2/MIND_DGLM_DK318//DGLM_DK318_edge_dispersion_interaction_significant_fdr.csv
Edge dispersion interaction significant (uncorrected): 652 edges. Saved: /data/home/tqi/data1/share/after_freesurfer/FILE/test_any_2/MIND_DGLM_DK318//DGLM_DK318_edge_dispersion_interaction_significant_uncorrected.csv

DONE.
End: Thu Mar 26 07:59:45 PM CST 2026
