Loading required package: readxl
Loading required package: dplyr

Attaching package: ‘dplyr’

The following objects are masked from ‘package:stats’:

    filter, lag

The following objects are masked from ‘package:base’:

    intersect, setdiff, setequal, union

Loading required package: purrr
Loading required package: dglm
Loading required package: stringr
Loading required package: emmeans
Welcome to emmeans.
Caution: You lose important information if you filter this package's results.
See '? untidy'
Traceback (most recent call last):
  File "/data/home/tqi/data1/share/after_freesurfer/CODE/degree/degree_analysis_DK68_DGLM.py", line 68, in <module>
    main()
    ~~~~^^
  File "/data/home/tqi/data1/share/after_freesurfer/CODE/degree/degree_analysis_DK68_DGLM.py", line 64, in main
    exec(compile(script_txt, template_path, "exec"), dk68_globals)
    ~~~~^^^^^^^^^^^^^^^^^^^^^^^^^^^^^^^^^^^^^^^^^^^^^^^^^^^^^^^^^^
  File "/data/home/tqi/data1/share/after_freesurfer/CODE/degree/degree_analysis_DK318_DGLM.py", line 592, in <module>
    run_all(
    ~~~~~~~^
        model=args.model,
        ^^^^^^^^^^^^^^^^^
    ...<4 lines>...
        include_fdr=args.include_fdr,
        ^^^^^^^^^^^^^^^^^^^^^^^^^^^^^
    )
    ^
  File "/data/home/tqi/data1/share/after_freesurfer/CODE/degree/degree_analysis_DK318_DGLM.py", line 547, in run_all
    surfaces = load_fsaverage_and_annot()
  File "/data/home/tqi/data1/share/after_freesurfer/CODE/degree/degree_analysis_DK318_DGLM.py", line 169, in load_fsaverage_and_annot
    lh_labels, _, lh_names = read_annot(LH_ANNOT)
                             ~~~~~~~~~~^^^^^^^^^^
  File "/data/home/tqi/.conda/envs/rd_env_r/lib/python3.13/site-packages/nibabel/freesurfer/io.py", line 355, in read_annot
    with open(filepath, 'rb') as fobj:
         ~~~~^^^^^^^^^^^^^^^^
TypeError: expected str, bytes or os.PathLike object, not NoneType
