Host: node3
Start: Thu Mar 26 11:48:33 AM UTC 2026
TMPDIR: /data/home/tqi/data1/share/after_freesurfer/CODE/analysis/tmp
Subjects in demo: 207 
Subjects with matrix+degree csv: 207 
ROI number: 68 
Number of edges: 2278 
Degree matrix: 207 x 68 
Edge matrix: 207 x 2278 

=== Diagnostic ===
Diagnosis counts: TD=115, DD=92 
AgeGroup  counts: Child=104, Adult=103 
Sex       counts: Female=112, Male=95 
First ROI: n valid = 207 , var = 0.00040399 
Mean model coef colnames:  Estimate, Std. Error, t value, Pr(>|t|) 
Disp model coef colnames:  Estimate, Std. Error, t value, Pr(>|t|) 
DiagnosisDD mean p-value:  0.3577843 
dglm fit names:  coefficients, residuals, fitted.values, effects, weights, rank, assign, qr, df.residual, call, formula, terms, model, family, linear.predictors, prior.weights, contrasts, df.null, deviance, aic, null.deviance, y, dispersion.fit, iter, method, m2loglik 

=== Running DGLM (degree) ===
Significant mean Interaction (degree, FDR<0.05): 0 
Significant dispersion Interaction (degree, FDR<0.05): 0 
Saved: /data/home/tqi/data1/share/after_freesurfer/FILE/test_any_2/MIND_DK68_DGLM//DGLM_DK68_degree_results.csv 

=== Running DGLM (edges) ===
Edge chunk 1 / 2 
Edge chunk 2 / 2 
Significant mean Interaction (edges, FDR<0.05): 0 
Significant dispersion Interaction (edges, FDR<0.05): 0 
Saved: /data/home/tqi/data1/share/after_freesurfer/FILE/test_any_2/MIND_DK68_DGLM//DGLM_DK68_edge_results.csv 

==============================
Significant Degree Results (FDR < 0.05 )
==============================

[mean_Diagnosis] n_sig = 0

[mean_AgeGroup] n_sig = 0

[mean_Interaction] n_sig = 0

[disp_Diagnosis] n_sig = 0

[disp_AgeGroup] n_sig = 0

[disp_Interaction] n_sig = 0

Degree mean interaction significant (FDR): 0 ROIs. Saved: /data/home/tqi/data1/share/after_freesurfer/FILE/test_any_2/MIND_DK68_DGLM//DGLM_DK68_degree_mean_interaction_significant_fdr.csv
Degree mean interaction significant (uncorrected): 0 ROIs. Saved: /data/home/tqi/data1/share/after_freesurfer/FILE/test_any_2/MIND_DK68_DGLM//DGLM_DK68_degree_mean_interaction_significant_uncorrected.csv
Degree dispersion interaction significant (FDR): 0 ROIs. Saved: /data/home/tqi/data1/share/after_freesurfer/FILE/test_any_2/MIND_DK68_DGLM//DGLM_DK68_degree_dispersion_interaction_significant_fdr.csv
Degree dispersion interaction significant (uncorrected): 0 ROIs. Saved: /data/home/tqi/data1/share/after_freesurfer/FILE/test_any_2/MIND_DK68_DGLM//DGLM_DK68_degree_dispersion_interaction_significant_uncorrected.csv

==============================
Significant Edge Results (FDR < 0.05 )
==============================

[mean_Diagnosis] n_sig = 0

[mean_AgeGroup] n_sig = 259
  (showing top 20 by FDR)
                region_i                    region_j   n p_raw p_FDR
           lh_precentral         rh_superiorparietal 207     0 0e+00
               lh_cuneus               lh_precentral 207     0 0e+00
           lh_precentral         lh_superiorparietal 207     0 0e+00
              lh_lingual               lh_precentral 207     0 1e-04
      rh_parsopercularis               rh_precentral 207     0 2e-04
           rh_precentral         rh_superiorparietal 207     0 2e-04
 rh_rostralmiddlefrontal         rh_superiortemporal 207     0 2e-04
        lh_pericalcarine               lh_precentral 207     0 2e-04
           lh_precentral                  rh_lingual 207     0 2e-04
     lh_isthmuscingulate                  lh_lingual 207     0 2e-04
             lh_fusiform rh_rostralanteriorcingulate 207     0 2e-04
        lh_pericalcarine               rh_precentral 207     0 2e-04
           lh_precentral              rh_postcentral 207     0 2e-04
              lh_lingual         rh_isthmuscingulate 207     0 2e-04
           lh_precentral         rh_lateraloccipital 207     0 2e-04
        rh_parsorbitalis          rh_superiorfrontal 207     0 3e-04
           lh_precentral                   rh_cuneus 207     0 3e-04
           lh_precentral          rh_parsopercularis 207     0 3e-04
               lh_cuneus               rh_precentral 207     0 4e-04
          lh_frontalpole              rh_paracentral 207     0 5e-04

[mean_Interaction] n_sig = 0

[disp_Diagnosis] n_sig = 0

[disp_AgeGroup] n_sig = 0

[disp_Interaction] n_sig = 0

Edge mean interaction significant (FDR): 0 edges. Saved: /data/home/tqi/data1/share/after_freesurfer/FILE/test_any_2/MIND_DK68_DGLM//DGLM_DK68_edge_mean_interaction_significant_fdr.csv
Edge mean interaction significant (uncorrected): 111 edges. Saved: /data/home/tqi/data1/share/after_freesurfer/FILE/test_any_2/MIND_DK68_DGLM//DGLM_DK68_edge_mean_interaction_significant_uncorrected.csv
Edge dispersion interaction significant (FDR): 0 edges. Saved: /data/home/tqi/data1/share/after_freesurfer/FILE/test_any_2/MIND_DK68_DGLM//DGLM_DK68_edge_dispersion_interaction_significant_fdr.csv
Edge dispersion interaction significant (uncorrected): 15 edges. Saved: /data/home/tqi/data1/share/after_freesurfer/FILE/test_any_2/MIND_DK68_DGLM//DGLM_DK68_edge_dispersion_interaction_significant_uncorrected.csv

DONE.
End: Thu Mar 26 11:49:01 AM UTC 2026
