==========================================
开始执行 DK-68 Combat 批次校正
开始时间: 2026-03-25 07:47:20
==========================================
协变量表总行数： 246

有效被试数: 246, 每个被试 edge 数: 2278

【诊断】site × group 交叉表:
group   0    1
site          
1      75  107
2      44   20

✅ 有效站点: ['1', '2']

过滤后被试数: 246

[ComBat] 使用官方 NeuroComBat (mean_only=True) 开始校正...
[neuroCombat] Creating design matrix
[neuroCombat] Standardizing data across features
[neuroCombat] Fitting L/S model and finding priors
[neuroCombat] Finding parametric adjustments
[neuroCombat] Final adjustment of data
[ComBat] 校正完成！
[保存] ID=1
[保存] ID=2
[保存] ID=3
[保存] ID=4
[保存] ID=5
[保存] ID=6
[保存] ID=7
[保存] ID=8
[保存] ID=9
[保存] ID=10
[保存] ID=11
[保存] ID=12
[保存] ID=13
[保存] ID=14
[保存] ID=15
[保存] ID=16
[保存] ID=17
[保存] ID=18
[保存] ID=19
[保存] ID=20
[保存] ID=21
[保存] ID=22
[保存] ID=23
[保存] ID=24
[保存] ID=25
[保存] ID=27
[保存] ID=28
[保存] ID=29
[保存] ID=30
[保存] ID=35
[保存] ID=37
[保存] ID=39
[保存] ID=40
[保存] ID=44
[保存] ID=45
[保存] ID=46
[保存] ID=47
[保存] ID=50
[保存] ID=52
[保存] ID=54
[保存] ID=57
[保存] ID=58
[保存] ID=59
[保存] ID=61
[保存] ID=65
[保存] ID=66
[保存] ID=67
[保存] ID=69
[保存] ID=70
[保存] ID=71
[保存] ID=72
[保存] ID=73
[保存] ID=74
[保存] ID=75
[保存] ID=76
[保存] ID=77
[保存] ID=78
[保存] ID=79
[保存] ID=80
[保存] ID=81
[保存] ID=82
[保存] ID=83
[保存] ID=84
[保存] ID=85
[保存] ID=86
[保存] ID=87
[保存] ID=88
[保存] ID=89
[保存] ID=90
[保存] ID=91
[保存] ID=92
[保存] ID=93
[保存] ID=94
[保存] ID=95
[保存] ID=96
[保存] ID=97
[保存] ID=98
[保存] ID=99
[保存] ID=100
[保存] ID=101
[保存] ID=102
[保存] ID=103
[保存] ID=104
[保存] ID=105
[保存] ID=106
[保存] ID=107
[保存] ID=108
[保存] ID=109
[保存] ID=110
[保存] ID=111
[保存] ID=112
[保存] ID=113
[保存] ID=114
[保存] ID=115
[保存] ID=116
[保存] ID=117
[保存] ID=118
[保存] ID=119
[保存] ID=120
[保存] ID=121
[保存] ID=122
[保存] ID=123
[保存] ID=124
[保存] ID=125
[保存] ID=126
[保存] ID=127
[保存] ID=128
[保存] ID=129
[保存] ID=130
[保存] ID=131
[保存] ID=132
[保存] ID=133
[保存] ID=134
[保存] ID=135
[保存] ID=136
[保存] ID=137
[保存] ID=138
[保存] ID=139
[保存] ID=140
[保存] ID=141
[保存] ID=142
[保存] ID=143
[保存] ID=144
[保存] ID=145
[保存] ID=146
[保存] ID=147
[保存] ID=148
[保存] ID=149
[保存] ID=150
[保存] ID=151
[保存] ID=152
[保存] ID=153
[保存] ID=154
[保存] ID=155
[保存] ID=156
[保存] ID=157
[保存] ID=158
[保存] ID=159
[保存] ID=160
[保存] ID=161
[保存] ID=162
[保存] ID=163
[保存] ID=164
[保存] ID=165
[保存] ID=166
[保存] ID=167
[保存] ID=168
[保存] ID=169
[保存] ID=170
[保存] ID=171
[保存] ID=172
[保存] ID=173
[保存] ID=174
[保存] ID=175
[保存] ID=176
[保存] ID=177
[保存] ID=178
[保存] ID=179
[保存] ID=180
[保存] ID=181
[保存] ID=182
[保存] ID=183
[保存] ID=184
[保存] ID=185
[保存] ID=186
[保存] ID=187
[保存] ID=188
[保存] ID=189
[保存] ID=190
[保存] ID=192
[保存] ID=193
[保存] ID=194
[保存] ID=195
[保存] ID=196
[保存] ID=197
[保存] ID=198
[保存] ID=199
[保存] ID=200
[保存] ID=201
[保存] ID=202
[保存] ID=203
[保存] ID=204
[保存] ID=206
[保存] ID=207
[保存] ID=208
[保存] ID=209
[保存] ID=210
[保存] ID=211
[保存] ID=212
[保存] ID=213
[保存] ID=214
[保存] ID=215
[保存] ID=216
[保存] ID=217
[保存] ID=218
[保存] ID=219
[保存] ID=220
[保存] ID=221
[保存] ID=222
[保存] ID=224
[保存] ID=225
[保存] ID=226
[保存] ID=227
[保存] ID=228
[保存] ID=229
[保存] ID=231
[保存] ID=232
[保存] ID=233
[保存] ID=234
[保存] ID=236
[保存] ID=238
[保存] ID=241
[保存] ID=242
[保存] ID=243
[保存] ID=244
[保存] ID=245
[保存] ID=246
[保存] ID=247
[保存] ID=248
[保存] ID=249
[保存] ID=250
[保存] ID=251
[保存] ID=252
[保存] ID=253
[保存] ID=254
[保存] ID=255
[保存] ID=256
[保存] ID=257
[保存] ID=258
[保存] ID=259
[保存] ID=260
[保存] ID=261
[保存] ID=262
[保存] ID=263
[保存] ID=264
[保存] ID=265
[保存] ID=266
[保存] ID=267
[保存] ID=268
[保存] ID=269
[保存] ID=270
[保存] ID=271
[保存] ID=272
[保存] ID=273
[保存] ID=274
[保存] ID=275

✅ 全部完成！输出目录：/data/home/tqi/data1/share/after_freesurfer/FILE/MIND_DK68_combat
==========================================
DK-68 Combat 批次校正完成
结束时间: 2026-03-25 07:47:35
==========================================
