
Attaching package: ‘dplyr’

The following objects are masked from ‘package:stats’:

    filter, lag

The following objects are masked from ‘package:base’:

    intersect, setdiff, setequal, union

NMF - BioConductor layer [OK] | Shared memory capabilities [OK] | Cores 2/2

Attaching package: ‘car’

The following object is masked from ‘package:dplyr’:

    recode

Warning message:
Using `size` aesthetic for lines was deprecated in ggplot2 3.4.0.
ℹ Please use `linewidth` instead. 
Warning message:
Unknown or uninitialised column: `has_file`. 

Attaching package: ‘dplyr’

The following objects are masked from ‘package:stats’:

    filter, lag

The following objects are masked from ‘package:base’:

    intersect, setdiff, setequal, union

Error in file(file, "rt") : cannot open the connection
Calls: read.csv -> read.table -> file
In addition: Warning message:
In file(file, "rt") :
  cannot open file '/data/home/tqi/data1/share/after_freesurfer/FILE/test_mean_1.5/MIND_DK318_NMF_4/NMF_ROI_hard_assignment.csv': No such file or directory
Execution halted
