==========================================
DK318 MIND Degree NMF - DD Only
==========================================
Host: node4
Start: Sun May 10 08:55:15 PM CST 2026
Output directory: /data/home/tqi/data1/share/after_freesurfer/FILE/test_mean_1.5/MIND_DK318_NMF_DD_only
NMF_K_FINAL: 4
NMF_NRUN: 100
NMF_SEED: 2026
NMF_METHOD: brunet

Conda environment: rd_env_r
R version: Rscript (R) version 4.3.1 (2023-06-16)

Working directory: /data/home/tqi/data1/share/after_freesurfer/CODE/NMF
TMPDIR: /data/home/tqi/data1/share/after_freesurfer/CODE/NMF/tmp

Checking required R packages...
All required packages are available.

Running DD-only NMF analysis...
Start: Sun May 10 08:55:19 PM CST 2026
Starting DK318 MIND Degree NMF - DD only...

Output directory: /data/home/tqi/data1/share/after_freesurfer/FILE/test_mean_1.5/MIND_DK318_NMF_DD_only 
K range: 2, 3, 4, 5, 6, 7, 8, 9, 10 | K final: 4 | nrun: 100 

Loading demographic data...
Total subjects: 204 
Subjects with degree files: 204 
DD subjects used: 92 
        Sex
AgeGroup Female Male
   Child     21   45
   Adult     17    9

Loading degree data...
  Subject 1 / 92 
  Subject 50 / 92 
  Subject 92 / 92 
Raw degree range: 0.0592405 to 0.1841715 | negative values: 0 
Scaled range: 0 to 1 

Evaluating K...
  Fitting K = 2 
     K reconstruction_error      rss cophenetic dispersion
1860 2              1019.43 879.9886  0.9645966  0.8100819
  Fitting K = 3 
     K reconstruction_error      rss cophenetic dispersion
2000 3             979.6378 852.4947  0.8845473  0.4254037
  Fitting K = 4 
      K reconstruction_error      rss cophenetic dispersion
20001 4             942.2489 820.5357  0.9055428  0.5445525
  Fitting K = 5 
      K reconstruction_error      rss cophenetic dispersion
20002 5             909.2026 793.2095   0.907151  0.5820926
  Fitting K = 6 
      K reconstruction_error      rss cophenetic dispersion
20003 6             880.3682 768.5558  0.8654673  0.5593276
  Fitting K = 7 
      K reconstruction_error      rss cophenetic dispersion
20004 7             853.5963 748.3935  0.8345004  0.5710132
  Fitting K = 8 
      K reconstruction_error      rss cophenetic dispersion
20005 8             829.5612 732.3342  0.7857186  0.5854833
  Fitting K = 9 
      K reconstruction_error      rss cophenetic dispersion
20006 9             806.9115 712.7675  0.7843402  0.6135418
  Fitting K = 10 
       K reconstruction_error      rss cophenetic dispersion
20007 10             786.5979 694.9672  0.7528592  0.6391726
null device 
          1 
null device 
          1 
null device 
          1 
Extracting final model K = 4 
Testing AgeGroup/Sex effects on component scores...

==============================
DD-ONLY NMF COMPLETE
==============================
Output directory: /data/home/tqi/data1/share/after_freesurfer/FILE/test_mean_1.5/MIND_DK318_NMF_DD_only 
DD subjects: 92 | ROIs: 318 | K final: 4 

# A tibble: 4 × 9
  dominant_subtype   n_subjects percent n_child n_adult n_female n_male
  <chr>                   <int>   <dbl>   <int>   <int>    <int>  <int>
1 SubtypeComponent_1         11   12.0        9       2        5      6
2 SubtypeComponent_2         23   25         21       2        3     20
3 SubtypeComponent_3         54   58.7       32      22       29     25
4 SubtypeComponent_4          4    4.35       4       0        1      3
# ℹ 2 more variables: mean_dominant_proportion <dbl>, mean_subtype_margin <dbl>

DONE
End: Sun May 10 09:20:26 PM CST 2026

Running DD-only network enrichment analysis...
Start: Sun May 10 09:20:26 PM CST 2026
Starting DD-only NMF Network Enrichment Analysis...

DD-only NMF directory: /data/home/tqi/data1/share/after_freesurfer/FILE/test_mean_1.5/MIND_DK318_NMF_DD_only 
Network base directory: /data/home/tqi/data1/share/after_freesurfer/FILE/test_mean_1.5/DM_MD_LAN_network/brain_region_table_brainmaps 

Loaded 318 ROIs and 4 components.

   DMN : 63 ROIs
   MD : 133 ROIs
   Reading : 57 ROIs

Testing enrichment for hard-assigned ROIs...
Testing enrichment for top ROIs...

Significant DD-only enrichments, hard assignment q < 0.05:
          component network n_overlap enrichment_ratio      p_value     q_value
 SubtypeComponent_3      MD        67         1.291899 0.0003256031 0.003907237

Significant DD-only enrichments, top ROIs q < 0.05:
          component     top_type network n_overlap enrichment_ratio     p_value
 SubtypeComponent_2 top10percent Reading        13         2.266447 0.001226786
    q_value
 0.04416429

DD-only network enrichment complete.
DD-only network enrichment completed successfully.
End: Sun May 10 09:20:27 PM CST 2026

Checking key output files:
  ✓ NMF_DD_only_K_selection_metrics.csv
  ✓ NMF_DD_only_W_subject_loadings_and_subtypes.csv
  ✓ NMF_DD_only_subtype_summary.csv
  ✓ NMF_DD_only_H_component_roi_weights.csv
  ✓ NMF_DD_only_component_top_ROIs.csv
  ✓ NMF_DD_only_ROI_hard_assignment.csv
  ✓ NMF_DD_only_network_enrichment_hard_assignment.csv
  ✓ NMF_DD_only_network_enrichment_top_rois.csv
  ✓ NMF_DD_only_degree_QC_summary.csv

Output files generated:
  CSV files: 19
  PNG files: 5

==========================================
DD-only NMF Pipeline Complete
==========================================
End: Sun May 10 09:20:27 PM CST 2026
