==========================================
DK318 MIND Degree NMF - DD Only
==========================================
Host: node4
Start: Mon May 11 12:55:02 AM CST 2026
Output directory: /data/home/tqi/data1/share/after_freesurfer/FILE/test_mean_1.5/MIND_DK318_NMF_DD_only
NMF_K_FINAL: 4
NMF_NRUN: 100
NMF_SEED: 2026
NMF_METHOD: brunet

Conda environment: rd_env_r
R version: Rscript (R) version 4.3.1 (2023-06-16)

Working directory: /data/home/tqi/data1/share/after_freesurfer/CODE/NMF
TMPDIR: /data/home/tqi/data1/share/after_freesurfer/CODE/NMF/tmp

Checking required R packages...
All required packages are available.

Running DD-only NMF analysis...
Start: Mon May 11 12:55:07 AM CST 2026
Starting DK318 MIND Degree NMF - DD only...

Output directory: /data/home/tqi/data1/share/after_freesurfer/FILE/test_mean_1.5/MIND_DK318_NMF_DD_only 
K range: 2, 3, 4, 5, 6, 7, 8, 9, 10 | K final: 4 | nrun: 100 

Loading demographic data...
Total subjects: 204 
Subjects with degree files: 204 
DD subjects used: 92 
        Sex
AgeGroup Female Male
   Child     21   45
   Adult     17    9

Loading degree data...
  Subject 1 / 92 
  Subject 50 / 92 
  Subject 92 / 92 
Raw degree range: 0.0592405 to 0.1841715 | negative values: 0 
Scaled range: 0 to 1 

Evaluating K...
  Fitting K = 2 
     K reconstruction_error      rss cophenetic dispersion
1860 2              1019.43 879.9886  0.9645966  0.8100819
  Fitting K = 3 
     K reconstruction_error      rss cophenetic dispersion
2000 3             979.6378 852.4947  0.8845473  0.4254037
  Fitting K = 4 
      K reconstruction_error      rss cophenetic dispersion
20001 4             942.2489 820.5357  0.9055428  0.5445525
  Fitting K = 5 
      K reconstruction_error      rss cophenetic dispersion
20002 5             909.2026 793.2095   0.907151  0.5820926
  Fitting K = 6 
      K reconstruction_error      rss cophenetic dispersion
20003 6             880.3682 768.5558  0.8654673  0.5593276
  Fitting K = 7 
      K reconstruction_error      rss cophenetic dispersion
20004 7             853.5963 748.3935  0.8345004  0.5710132
  Fitting K = 8 
      K reconstruction_error      rss cophenetic dispersion
20005 8             829.5612 732.3342  0.7857186  0.5854833
  Fitting K = 9 
      K reconstruction_error      rss cophenetic dispersion
20006 9             806.9115 712.7675  0.7843402  0.6135418
  Fitting K = 10 
       K reconstruction_error      rss cophenetic dispersion
20007 10             786.5979 694.9672  0.7528592  0.6391726
null device 
          1 
null device 
          1 
null device 
          1 
Extracting final model K = 4 
Testing AgeGroup/Sex effects on component scores...

==============================
DD-ONLY NMF COMPLETE
==============================
Output directory: /data/home/tqi/data1/share/after_freesurfer/FILE/test_mean_1.5/MIND_DK318_NMF_DD_only 
DD subjects: 92 | ROIs: 318 | K final: 4 

# A tibble: 4 × 9
  dominant_subtype   n_subjects percent n_child n_adult n_female n_male
  <chr>                   <int>   <dbl>   <int>   <int>    <int>  <int>
1 SubtypeComponent_1         11   12.0        9       2        5      6
2 SubtypeComponent_2         23   25         21       2        3     20
3 SubtypeComponent_3         54   58.7       32      22       29     25
4 SubtypeComponent_4          4    4.35       4       0        1      3
# ℹ 2 more variables: mean_dominant_proportion <dbl>, mean_subtype_margin <dbl>

DONE
End: Mon May 11 01:20:41 AM CST 2026

Running DD-only post-hoc/descriptive analysis...
Start: Mon May 11 01:20:41 AM CST 2026
Starting DD-only NMF Post-hoc Analysis...

DD-only NMF directory: /data/home/tqi/data1/share/after_freesurfer/FILE/test_mean_1.5/MIND_DK318_NMF_DD_only 

Loaded 92 DD subjects and 4 components.

Running post-hoc contrasts...
  Processing SubtypeComponent_2 
  Processing SubtypeComponent_3 
Saved: /data/home/tqi/data1/share/after_freesurfer/FILE/test_mean_1.5/MIND_DK318_NMF_DD_only/NMF_DD_only_posthoc_age_sex_contrasts.csv 
Calculating descriptive statistics...
Saved: /data/home/tqi/data1/share/after_freesurfer/FILE/test_mean_1.5/MIND_DK318_NMF_DD_only/NMF_DD_only_descriptive_statistics_age_sex.csv 
Saved: /data/home/tqi/data1/share/after_freesurfer/FILE/test_mean_1.5/MIND_DK318_NMF_DD_only/NMF_DD_only_descriptive_statistics_by_subtype.csv 

==============================
DD-ONLY POST-HOC SUMMARY
==============================

Significant AgeGroup/Sex contrasts, q < 0.05:
          component     term      contrast   estimate  cohens_d      p.value
 SubtypeComponent_2      Sex Female - Male -0.2081261 0.9898144 2.835892e-05
 SubtypeComponent_3 AgeGroup Child - Adult -0.1658310 0.7431622 5.102689e-03
      q_value effect_size_interpretation
 0.0001134357                      large
 0.0102053772                     medium

DONE
DD-only post-hoc/descriptive analysis completed successfully.
End: Mon May 11 01:20:44 AM CST 2026

Running DD-only visualization...
Start: Mon May 11 01:20:44 AM CST 2026
Starting DD-only NMF Visualization...

DD-only NMF directory: /data/home/tqi/data1/share/after_freesurfer/FILE/test_mean_1.5/MIND_DK318_NMF_DD_only 
Plot directory: /data/home/tqi/data1/share/after_freesurfer/FILE/test_mean_1.5/MIND_DK318_NMF_DD_only/plots 

Loaded 92 DD subjects and 4 components.

Creating individual component score plots...
Creating component scores heatmap...
null device 
          1 
Creating top ROI plots...
Creating ANOVA heatmap...
null device 
          1 
Creating component correlation plot...
null device 
          1 
Creating subtype distribution plots...

==============================
DD-ONLY VISUALIZATION COMPLETE
==============================
Output directory: /data/home/tqi/data1/share/after_freesurfer/FILE/test_mean_1.5/MIND_DK318_NMF_DD_only/plots 
Generated individual boxplots: 4 
Generated top ROI plots: 4 
DONE
DD-only visualization completed successfully.
End: Mon May 11 01:20:53 AM CST 2026

Running DD-only network enrichment analysis...
Start: Mon May 11 01:20:53 AM CST 2026
Starting DD-only NMF Network Enrichment Analysis...

DD-only NMF directory: /data/home/tqi/data1/share/after_freesurfer/FILE/test_mean_1.5/MIND_DK318_NMF_DD_only 
Network base directory: /data/home/tqi/data1/share/after_freesurfer/FILE/test_mean_1.5/DM_MD_LAN_network/brain_region_table_brainmaps 

Loaded 318 ROIs and 4 components.

   DMN : 63 ROIs
   MD : 133 ROIs
   Reading : 57 ROIs

Testing enrichment for hard-assigned ROIs...
Testing enrichment for top ROIs...

Significant DD-only enrichments, hard assignment q < 0.05:
          component network n_overlap enrichment_ratio      p_value     q_value
 SubtypeComponent_3      MD        67         1.291899 0.0003256031 0.003907237

Significant DD-only enrichments, top ROIs q < 0.05:
          component     top_type network n_overlap enrichment_ratio     p_value
 SubtypeComponent_2 top10percent Reading        13         2.266447 0.001226786
    q_value
 0.04416429

DD-only network enrichment complete.
DD-only network enrichment completed successfully.
End: Mon May 11 01:20:54 AM CST 2026

Checking key output files:
  ✓ NMF_DD_only_K_selection_metrics.csv
  ✓ NMF_DD_only_W_subject_loadings_and_subtypes.csv
  ✓ NMF_DD_only_subtype_summary.csv
  ✓ NMF_DD_only_H_component_roi_weights.csv
  ✓ NMF_DD_only_component_top_ROIs.csv
  ✓ NMF_DD_only_ROI_hard_assignment.csv
  ✓ NMF_DD_only_posthoc_age_sex_contrasts.csv
  ✓ NMF_DD_only_descriptive_statistics_age_sex.csv
  ✓ NMF_DD_only_descriptive_statistics_by_subtype.csv
  ✓ plots/DD_only_all_components_overview.png
  ✓ plots/DD_only_component_scores_heatmap.png
  ✓ plots/DD_only_dominant_subtype_counts_by_age.png
  ✓ NMF_DD_only_network_enrichment_hard_assignment.csv
  ✓ NMF_DD_only_network_enrichment_top_rois.csv
  ✓ NMF_DD_only_degree_QC_summary.csv

Output files generated:
  CSV files: 24
  PNG files: 5

==========================================
DD-only NMF Pipeline Complete
==========================================
End: Mon May 11 01:20:54 AM CST 2026
