Start: Wed Feb  4 08:34:24 AM UTC 2026
Loading demographic data...
Total subjects: 278
  - Adult-TD: 61
  - Adult-DD: 58
  - Child-TD: 75
  - Child-DD: 84

Loading significant degree results...
Number of significant ROIs: 72

Total ROIs in matrix: 318
Loading degree data...
Degree matrix shape: (278, 318)

Preparing long-form data for significant ROIs...

Plot data prepared: 20016 rows

Generating individual violin plots for top 10 ROIs...
  Saved: rh_precentral_part7.png
  Saved: lh_superiortemporal_part3.png
  Saved: rh_precentral_part5.png
  Saved: rh_inferiorparietal_part5.png
  Saved: lh_medialorbitofrontal_part2.png
  Saved: rh_precentral_part8.png
  Saved: rh_supramarginal_part4.png
  Saved: rh_supramarginal_part6.png
  Saved: lh_bankssts_part1.png
  Saved: rh_insula_part3.png

Plot data saved: /data/home/tqi/data1/share/after_freesurfer/FILE/MIND_ANOVA/degree_diagnosis_barplot/Significant_Diagnosis_DK318_degree_barplot_data.csv

Generated 10 individual barplots!
DONE!
End: Wed Feb  4 08:34:36 AM UTC 2026
