Traceback (most recent call last):
  File "/data1/tqi/share/after_freesurfer/CODE/degree/DK318_brain_region_check.py", line 135, in <module>
    plot_selected_rois(roi_list, out_dir=args.out_dir, cmap_name=args.cmap)
  File "/data1/tqi/share/after_freesurfer/CODE/degree/DK318_brain_region_check.py", line 110, in plot_selected_rois
    fig.savefig(out_file, bbox_inches="tight", pad_inches=0.2)
  File "/data/home/tqi/.conda/envs/rd_env/lib/python3.9/site-packages/matplotlib/figure.py", line 3395, in savefig
    self.canvas.print_figure(fname, **kwargs)
  File "/data/home/tqi/.conda/envs/rd_env/lib/python3.9/site-packages/matplotlib/backend_bases.py", line 2204, in print_figure
    result = print_method(
  File "/data/home/tqi/.conda/envs/rd_env/lib/python3.9/site-packages/matplotlib/backend_bases.py", line 2054, in <lambda>
    print_method = functools.wraps(meth)(lambda *args, **kwargs: meth(
  File "/data/home/tqi/.conda/envs/rd_env/lib/python3.9/site-packages/matplotlib/backends/backend_agg.py", line 496, in print_png
    self._print_pil(filename_or_obj, "png", pil_kwargs, metadata)
  File "/data/home/tqi/.conda/envs/rd_env/lib/python3.9/site-packages/matplotlib/backends/backend_agg.py", line 445, in _print_pil
    mpl.image.imsave(
  File "/data/home/tqi/.conda/envs/rd_env/lib/python3.9/site-packages/matplotlib/image.py", line 1676, in imsave
    image.save(fname, **pil_kwargs)
  File "/data/home/tqi/.conda/envs/rd_env/lib/python3.9/site-packages/PIL/Image.py", line 2583, in save
    fp = builtins.open(filename, "w+b")
OSError: [Errno 36] File name too long: '/data/home/tqi/data1/share/after_freesurfer/FILE/DK318-degree/rh_precentral_part3__lh_superiorfrontal_part6__lh_lateralorbitofrontal_part5__rh_entorhinal_part1__lh_lateralorbitofrontal_part4__lh_temporalpole_part1__rh_middletemporal_part3__lh_bankssts_part1__lh_superiorfrontal_part4__lh_inferiorparietal_part7__rh_precuneus_part6__rh_superiorfrontal_part1__lh_middletemporal_part3__lh_entorhinal_part1__rh_parahippocampal_part1__rh_precentral_part7__rh_precentral_part5__lh_bankssts_part2__lh_parahippocampal_part1__rh_middletemporal_part5__rh_inferiorparietal_part5__lh_supramarginal_part5__lh_parstriangularis_part2__lh_postcentral_part6__rh_parstriangularis_part2__lh_precentral_part3__lh_precentral_part5__rh_rostralanteriorcingulate_part1__lh_superiortemporal_part3__lh_precuneus_part7__rh_supramarginal_part6__rh_inferiorparietal_part1__lh_medialorbitofrontal_part2__rh_fusiform_part2__rh_superiortemporal_part1__lh_superiorfrontal_part12__lh_posteriorcingulate_part1__rh_rostralmiddlefrontal_part1__lh_postcentral_part4__lh_fusiform_part2__lh_insula_part2__rh_inferiorparietal_part3__rh_supramarginal_part4__rh_superiortemporal_part3__lh_rostralmiddlefrontal_part1__lh_inferiorparietal_part4__rh_superiortemporal_part7__rh_medialorbitofrontal_part4__lh_medialorbitofrontal_part4__rh_lateralorbitofrontal_part2__lh_superiorfrontal_part9__rh_superiorfrontal_part6__lh_parsorbitalis_part1__rh_lateralorbitofrontal_part3__rh_temporalpole_part1__rh_precentral_part8__rh_parsorbitalis_part1__rh_superiorfrontal_part5__lh_rostralmiddlefrontal_part6__rh_superiortemporal_part4__lh_superiorfrontal_part8__rh_lateraloccipital_part2__lh_insula_part3__lh_rostralmiddlefrontal_part10__lh_superiortemporal_part5__lh_postcentral_part1__lh_fusiform_part1__rh_lateraloccipital_part9__lh_inferiorparietal_part9__rh_supramarginal_part1__rh_lateraloccipital_part1__rh_paracentral_part3__lh_frontalpole_part1__rh_parsopercularis_part1__rh_supramarginal_part5__rh_superiorparietal_part3__rh_inferiortemporal_part4__rh_precuneus_part1__rh_superiorfrontal_part10__lh_inferiortemporal_part1__rh_superiorfrontal_part2__lh_insula_part4__lh_rostralmiddlefrontal_part7__lh_paracentral_part3__rh_middletemporal_part1__lh_lateralorbitofrontal_part2__lh_lateraloccipital_part1__lh_fusiform_part5__rh_inferiorparietal_part4__lh_superiorfrontal_part11__lh_precentral_part4__rh_parsopercularis_part2__rh_lateraloccipital_part3__lh_superiorfrontal_part1__rh_lateraloccipital_part8__rh_inferiortemporal_part2__rh_superiorfrontal_part11__rh_bankssts_part1__rh_inferiortemporal_part6__lh_inferiortemporal_part2__lh_fusiform_part4__lh_superiortemporal_part6__lh_fusiform_part3__rh_superiorparietal_part1__lh_postcentral_part2__lh_precentral_part7__lh_lateraloccipital_part5__lh_paracentral_part1__lh_postcentral_part3__lh_supramarginal_part1__rh_rostralmiddlefrontal_part11__rh_superiorparietal_part7__rh_paracentral_part1__lh_superiorfrontal_part3__rh_rostralmiddlefrontal_part8__lh_lateralorbitofrontal_part3__rh_inferiortemporal_part1__lh_precentral_part8_lh_lateral.png'
