/data1/tqi/share/after_freesurfer/CODE/degree/DK318_Diagnosis_degree_barplot.py:166: FutureWarning: 

Passing `palette` without assigning `hue` is deprecated and will be removed in v0.14.0. Assign the `x` variable to `hue` and set `legend=False` for the same effect.

  sns.violinplot(
/data1/tqi/share/after_freesurfer/CODE/degree/DK318_Diagnosis_degree_barplot.py:190: UserWarning: set_ticklabels() should only be used with a fixed number of ticks, i.e. after set_ticks() or using a FixedLocator.
  ax.set_xticklabels(groups, fontsize=11, fontweight='bold')
/data1/tqi/share/after_freesurfer/CODE/degree/DK318_Diagnosis_degree_barplot.py:166: FutureWarning: 

Passing `palette` without assigning `hue` is deprecated and will be removed in v0.14.0. Assign the `x` variable to `hue` and set `legend=False` for the same effect.

  sns.violinplot(
/data1/tqi/share/after_freesurfer/CODE/degree/DK318_Diagnosis_degree_barplot.py:190: UserWarning: set_ticklabels() should only be used with a fixed number of ticks, i.e. after set_ticks() or using a FixedLocator.
  ax.set_xticklabels(groups, fontsize=11, fontweight='bold')
/data1/tqi/share/after_freesurfer/CODE/degree/DK318_Diagnosis_degree_barplot.py:166: FutureWarning: 

Passing `palette` without assigning `hue` is deprecated and will be removed in v0.14.0. Assign the `x` variable to `hue` and set `legend=False` for the same effect.

  sns.violinplot(
/data1/tqi/share/after_freesurfer/CODE/degree/DK318_Diagnosis_degree_barplot.py:190: UserWarning: set_ticklabels() should only be used with a fixed number of ticks, i.e. after set_ticks() or using a FixedLocator.
  ax.set_xticklabels(groups, fontsize=11, fontweight='bold')
/data1/tqi/share/after_freesurfer/CODE/degree/DK318_Diagnosis_degree_barplot.py:166: FutureWarning: 

Passing `palette` without assigning `hue` is deprecated and will be removed in v0.14.0. Assign the `x` variable to `hue` and set `legend=False` for the same effect.

  sns.violinplot(
/data1/tqi/share/after_freesurfer/CODE/degree/DK318_Diagnosis_degree_barplot.py:190: UserWarning: set_ticklabels() should only be used with a fixed number of ticks, i.e. after set_ticks() or using a FixedLocator.
  ax.set_xticklabels(groups, fontsize=11, fontweight='bold')
/data1/tqi/share/after_freesurfer/CODE/degree/DK318_Diagnosis_degree_barplot.py:166: FutureWarning: 

Passing `palette` without assigning `hue` is deprecated and will be removed in v0.14.0. Assign the `x` variable to `hue` and set `legend=False` for the same effect.

  sns.violinplot(
/data1/tqi/share/after_freesurfer/CODE/degree/DK318_Diagnosis_degree_barplot.py:190: UserWarning: set_ticklabels() should only be used with a fixed number of ticks, i.e. after set_ticks() or using a FixedLocator.
  ax.set_xticklabels(groups, fontsize=11, fontweight='bold')
/data1/tqi/share/after_freesurfer/CODE/degree/DK318_Diagnosis_degree_barplot.py:166: FutureWarning: 

Passing `palette` without assigning `hue` is deprecated and will be removed in v0.14.0. Assign the `x` variable to `hue` and set `legend=False` for the same effect.

  sns.violinplot(
/data1/tqi/share/after_freesurfer/CODE/degree/DK318_Diagnosis_degree_barplot.py:190: UserWarning: set_ticklabels() should only be used with a fixed number of ticks, i.e. after set_ticks() or using a FixedLocator.
  ax.set_xticklabels(groups, fontsize=11, fontweight='bold')
/data1/tqi/share/after_freesurfer/CODE/degree/DK318_Diagnosis_degree_barplot.py:166: FutureWarning: 

Passing `palette` without assigning `hue` is deprecated and will be removed in v0.14.0. Assign the `x` variable to `hue` and set `legend=False` for the same effect.

  sns.violinplot(
/data1/tqi/share/after_freesurfer/CODE/degree/DK318_Diagnosis_degree_barplot.py:190: UserWarning: set_ticklabels() should only be used with a fixed number of ticks, i.e. after set_ticks() or using a FixedLocator.
  ax.set_xticklabels(groups, fontsize=11, fontweight='bold')
/data1/tqi/share/after_freesurfer/CODE/degree/DK318_Diagnosis_degree_barplot.py:166: FutureWarning: 

Passing `palette` without assigning `hue` is deprecated and will be removed in v0.14.0. Assign the `x` variable to `hue` and set `legend=False` for the same effect.

  sns.violinplot(
/data1/tqi/share/after_freesurfer/CODE/degree/DK318_Diagnosis_degree_barplot.py:190: UserWarning: set_ticklabels() should only be used with a fixed number of ticks, i.e. after set_ticks() or using a FixedLocator.
  ax.set_xticklabels(groups, fontsize=11, fontweight='bold')
/data1/tqi/share/after_freesurfer/CODE/degree/DK318_Diagnosis_degree_barplot.py:166: FutureWarning: 

Passing `palette` without assigning `hue` is deprecated and will be removed in v0.14.0. Assign the `x` variable to `hue` and set `legend=False` for the same effect.

  sns.violinplot(
/data1/tqi/share/after_freesurfer/CODE/degree/DK318_Diagnosis_degree_barplot.py:190: UserWarning: set_ticklabels() should only be used with a fixed number of ticks, i.e. after set_ticks() or using a FixedLocator.
  ax.set_xticklabels(groups, fontsize=11, fontweight='bold')
/data1/tqi/share/after_freesurfer/CODE/degree/DK318_Diagnosis_degree_barplot.py:166: FutureWarning: 

Passing `palette` without assigning `hue` is deprecated and will be removed in v0.14.0. Assign the `x` variable to `hue` and set `legend=False` for the same effect.

  sns.violinplot(
/data1/tqi/share/after_freesurfer/CODE/degree/DK318_Diagnosis_degree_barplot.py:190: UserWarning: set_ticklabels() should only be used with a fixed number of ticks, i.e. after set_ticks() or using a FixedLocator.
  ax.set_xticklabels(groups, fontsize=11, fontweight='bold')
