Start: Fri Apr 10 06:34:17 AM UTC 2026
当前工作目录： /data1/tqi/share/after_freesurfer
0 files missing from root.txt in /data/home/tqi/data1/share/after_freesurfer/FILE
0 files missing from bem.txt in /data/home/tqi/data1/share/after_freesurfer/FILE/fsaverage
fsaverage dir: /data/home/tqi/data1/share/after_freesurfer/FILE/fsaverage
LH surface vertices: 163842
RH surface vertices: 163842
LH annot vertices: 163842
RH annot vertices: 163842

============================
绘制列: p_Interaction
LH vertex filled (%): 3.78
RH vertex filled (%): 7.76
Color range vmin/vmax: 1.3 3.0
显著脑区列表已保存至: /data/home/tqi/data1/share/after_freesurfer/FILE/test_mean_1.5/MIND_DK318_ANOVA_sensitivity/dk318_degree_brainmaps(ANOVA_significant)/p_Interaction/significant_regions_p_Interaction.csv
Saved: /data/home/tqi/data1/share/after_freesurfer/FILE/test_mean_1.5/MIND_DK318_ANOVA_sensitivity/dk318_degree_brainmaps(ANOVA_significant)/p_Interaction/p_Interaction_lh_lateral.png
Saved: /data/home/tqi/data1/share/after_freesurfer/FILE/test_mean_1.5/MIND_DK318_ANOVA_sensitivity/dk318_degree_brainmaps(ANOVA_significant)/p_Interaction/p_Interaction_lh_medial.png
Saved: /data/home/tqi/data1/share/after_freesurfer/FILE/test_mean_1.5/MIND_DK318_ANOVA_sensitivity/dk318_degree_brainmaps(ANOVA_significant)/p_Interaction/p_Interaction_rh_lateral.png
Saved: /data/home/tqi/data1/share/after_freesurfer/FILE/test_mean_1.5/MIND_DK318_ANOVA_sensitivity/dk318_degree_brainmaps(ANOVA_significant)/p_Interaction/p_Interaction_rh_medial.png
Done. Four brain maps for p_Interaction saved in: /data/home/tqi/data1/share/after_freesurfer/FILE/test_mean_1.5/MIND_DK318_ANOVA_sensitivity/dk318_degree_brainmaps(ANOVA_significant)/p_Interaction

============================
绘制列: p_Interaction_FDR
p_Interaction_FDR: 没有显著脑区 (阈值<0.05)，跳过绘图。

============================
绘制列: p_Diagnosis_FDR
LH vertex filled (%): 15.84
RH vertex filled (%): 19.40
Color range vmin/vmax: -2.3698803687888303 2.3698803687888303
显著脑区列表已保存至: /data/home/tqi/data1/share/after_freesurfer/FILE/test_mean_1.5/MIND_DK318_ANOVA_sensitivity/dk318_degree_brainmaps(ANOVA_significant)/p_Diagnosis_FDR/significant_regions_p_Diagnosis_FDR.csv
Saved: /data/home/tqi/data1/share/after_freesurfer/FILE/test_mean_1.5/MIND_DK318_ANOVA_sensitivity/dk318_degree_brainmaps(ANOVA_significant)/p_Diagnosis_FDR/p_Diagnosis_FDR_lh_lateral.png
Saved: /data/home/tqi/data1/share/after_freesurfer/FILE/test_mean_1.5/MIND_DK318_ANOVA_sensitivity/dk318_degree_brainmaps(ANOVA_significant)/p_Diagnosis_FDR/p_Diagnosis_FDR_lh_medial.png
Saved: /data/home/tqi/data1/share/after_freesurfer/FILE/test_mean_1.5/MIND_DK318_ANOVA_sensitivity/dk318_degree_brainmaps(ANOVA_significant)/p_Diagnosis_FDR/p_Diagnosis_FDR_rh_lateral.png
Saved: /data/home/tqi/data1/share/after_freesurfer/FILE/test_mean_1.5/MIND_DK318_ANOVA_sensitivity/dk318_degree_brainmaps(ANOVA_significant)/p_Diagnosis_FDR/p_Diagnosis_FDR_rh_medial.png
Done. Four brain maps for p_Diagnosis_FDR saved in: /data/home/tqi/data1/share/after_freesurfer/FILE/test_mean_1.5/MIND_DK318_ANOVA_sensitivity/dk318_degree_brainmaps(ANOVA_significant)/p_Diagnosis_FDR

============================
绘制列: p_AgeGroup_FDR
Loading directional info from: /data/home/tqi/data1/share/after_freesurfer/FILE/test_mean_1.5/MIND_DK318_ANOVA_sensitivity/Significant_AgeGroup_DK318_degree_results.csv
LH vertex filled (%): 30.55
RH vertex filled (%): 31.20
Color range vmin/vmax: -5.754644122426021 5.754644122426021
显著脑区列表已保存至: /data/home/tqi/data1/share/after_freesurfer/FILE/test_mean_1.5/MIND_DK318_ANOVA_sensitivity/dk318_degree_brainmaps(ANOVA_significant)/p_AgeGroup_FDR/significant_regions_p_AgeGroup_FDR.csv
Saved: /data/home/tqi/data1/share/after_freesurfer/FILE/test_mean_1.5/MIND_DK318_ANOVA_sensitivity/dk318_degree_brainmaps(ANOVA_significant)/p_AgeGroup_FDR/p_AgeGroup_FDR_lh_lateral.png
Saved: /data/home/tqi/data1/share/after_freesurfer/FILE/test_mean_1.5/MIND_DK318_ANOVA_sensitivity/dk318_degree_brainmaps(ANOVA_significant)/p_AgeGroup_FDR/p_AgeGroup_FDR_lh_medial.png
Saved: /data/home/tqi/data1/share/after_freesurfer/FILE/test_mean_1.5/MIND_DK318_ANOVA_sensitivity/dk318_degree_brainmaps(ANOVA_significant)/p_AgeGroup_FDR/p_AgeGroup_FDR_rh_lateral.png
Saved: /data/home/tqi/data1/share/after_freesurfer/FILE/test_mean_1.5/MIND_DK318_ANOVA_sensitivity/dk318_degree_brainmaps(ANOVA_significant)/p_AgeGroup_FDR/p_AgeGroup_FDR_rh_medial.png
Done. Four brain maps for p_AgeGroup_FDR saved in: /data/home/tqi/data1/share/after_freesurfer/FILE/test_mean_1.5/MIND_DK318_ANOVA_sensitivity/dk318_degree_brainmaps(ANOVA_significant)/p_AgeGroup_FDR
End: Fri Apr 10 06:38:09 AM UTC 2026
