Start: Wed Feb  4 05:19:47 PM CST 2026
当前工作目录： /data1/tqi/share/after_freesurfer
0 files missing from root.txt in /data/home/tqi/data1/share/after_freesurfer/FILE
0 files missing from bem.txt in /data/home/tqi/data1/share/after_freesurfer/FILE/fsaverage
fsaverage dir: /data/home/tqi/data1/share/after_freesurfer/FILE/fsaverage
LH surface vertices: 163842
RH surface vertices: 163842
LH annot vertices: 163842
RH annot vertices: 163842

============================
绘制列: p_Interaction
LH vertex filled (%): 6.78
RH vertex filled (%): 5.02
Color range vmin/vmax: 1.3 3.0
显著脑区列表已保存至: /data/home/tqi/data1/share/after_freesurfer/FILE/MIND_ANOVA/dk318_degree_brainmaps(ANOVA_significant)/p_Interaction/significant_regions_p_Interaction.csv
Saved: /data/home/tqi/data1/share/after_freesurfer/FILE/MIND_ANOVA/dk318_degree_brainmaps(ANOVA_significant)/p_Interaction/p_Interaction_lh_lateral.png
Saved: /data/home/tqi/data1/share/after_freesurfer/FILE/MIND_ANOVA/dk318_degree_brainmaps(ANOVA_significant)/p_Interaction/p_Interaction_lh_medial.png
Saved: /data/home/tqi/data1/share/after_freesurfer/FILE/MIND_ANOVA/dk318_degree_brainmaps(ANOVA_significant)/p_Interaction/p_Interaction_rh_lateral.png
Saved: /data/home/tqi/data1/share/after_freesurfer/FILE/MIND_ANOVA/dk318_degree_brainmaps(ANOVA_significant)/p_Interaction/p_Interaction_rh_medial.png
Done. Four brain maps for p_Interaction saved in: /data/home/tqi/data1/share/after_freesurfer/FILE/MIND_ANOVA/dk318_degree_brainmaps(ANOVA_significant)/p_Interaction

============================
绘制列: p_Interaction_FDR
p_Interaction_FDR: 没有显著脑区 (阈值<0.05)，跳过绘图。

============================
绘制列: p_Diagnosis_FDR
Loading directional info from: /data/home/tqi/data1/share/after_freesurfer/FILE/MIND_ANOVA/Significant_Diagnosis_DK318_degree_results.csv
LH vertex filled (%): 2.53
RH vertex filled (%): 5.75
Color range vmin/vmax: -2.248511035841626 2.248511035841626
显著脑区列表已保存至: /data/home/tqi/data1/share/after_freesurfer/FILE/MIND_ANOVA/dk318_degree_brainmaps(ANOVA_significant)/p_Diagnosis_FDR/significant_regions_p_Diagnosis_FDR.csv
Saved: /data/home/tqi/data1/share/after_freesurfer/FILE/MIND_ANOVA/dk318_degree_brainmaps(ANOVA_significant)/p_Diagnosis_FDR/p_Diagnosis_FDR_lh_lateral.png
Saved: /data/home/tqi/data1/share/after_freesurfer/FILE/MIND_ANOVA/dk318_degree_brainmaps(ANOVA_significant)/p_Diagnosis_FDR/p_Diagnosis_FDR_lh_medial.png
Saved: /data/home/tqi/data1/share/after_freesurfer/FILE/MIND_ANOVA/dk318_degree_brainmaps(ANOVA_significant)/p_Diagnosis_FDR/p_Diagnosis_FDR_rh_lateral.png
Saved: /data/home/tqi/data1/share/after_freesurfer/FILE/MIND_ANOVA/dk318_degree_brainmaps(ANOVA_significant)/p_Diagnosis_FDR/p_Diagnosis_FDR_rh_medial.png
Done. Four brain maps for p_Diagnosis_FDR saved in: /data/home/tqi/data1/share/after_freesurfer/FILE/MIND_ANOVA/dk318_degree_brainmaps(ANOVA_significant)/p_Diagnosis_FDR

============================
绘制列: p_AgeGroup_FDR
Loading directional info from: /data/home/tqi/data1/share/after_freesurfer/FILE/MIND_ANOVA/Significant_AgeGroup_DK318_degree_results.csv
LH vertex filled (%): 26.66
RH vertex filled (%): 29.78
Color range vmin/vmax: -5.670104311612103 5.670104311612103
显著脑区列表已保存至: /data/home/tqi/data1/share/after_freesurfer/FILE/MIND_ANOVA/dk318_degree_brainmaps(ANOVA_significant)/p_AgeGroup_FDR/significant_regions_p_AgeGroup_FDR.csv
Saved: /data/home/tqi/data1/share/after_freesurfer/FILE/MIND_ANOVA/dk318_degree_brainmaps(ANOVA_significant)/p_AgeGroup_FDR/p_AgeGroup_FDR_lh_lateral.png
Saved: /data/home/tqi/data1/share/after_freesurfer/FILE/MIND_ANOVA/dk318_degree_brainmaps(ANOVA_significant)/p_AgeGroup_FDR/p_AgeGroup_FDR_lh_medial.png
Saved: /data/home/tqi/data1/share/after_freesurfer/FILE/MIND_ANOVA/dk318_degree_brainmaps(ANOVA_significant)/p_AgeGroup_FDR/p_AgeGroup_FDR_rh_lateral.png
Saved: /data/home/tqi/data1/share/after_freesurfer/FILE/MIND_ANOVA/dk318_degree_brainmaps(ANOVA_significant)/p_AgeGroup_FDR/p_AgeGroup_FDR_rh_medial.png
Done. Four brain maps for p_AgeGroup_FDR saved in: /data/home/tqi/data1/share/after_freesurfer/FILE/MIND_ANOVA/dk318_degree_brainmaps(ANOVA_significant)/p_AgeGroup_FDR
End: Wed Feb  4 05:25:45 PM CST 2026
