Start: Wed Apr 15 11:06:18 AM UTC 2026
0 files missing from root.txt in /data/home/tqi/data1/share/after_freesurfer/FILE
0 files missing from bem.txt in /data/home/tqi/data1/share/after_freesurfer/FILE/fsaverage
fsaverage dir: /data/home/tqi/data1/share/after_freesurfer/FILE/fsaverage
LH surface vertices: 163842
RH surface vertices: 163842
LH annot vertices: 163842
RH annot vertices: 163842
DGLM results dir: /data/home/tqi/data1/share/after_freesurfer/FILE/test_mean_1.5/MIND_DK318_DGLM
DGLM csv: /data/home/tqi/data1/share/after_freesurfer/FILE/test_mean_1.5/MIND_DK318_DGLM/DGLM_DK318_degree_results.csv
DGLM stratified dir: /data/home/tqi/data1/share/after_freesurfer/FILE/test_mean_1.5/MIND_DK318_DGLM_stratified

========== 绘制 Mean Interaction (uncorrected) ==========

============================
绘制列: p_mean_Interaction
LH vertex filled (%): 4.26
RH vertex filled (%): 6.56
Color range vmin/vmax: 1.3 3.0
显著脑区列表已保存至: /data/home/tqi/data1/share/after_freesurfer/FILE/test_mean_1.5/MIND_DK318_DGLM/dk318_degree_mean_interaction_brainmaps(uncorrected)/p_mean_Interaction/significant_regions_p_mean_Interaction.csv
Saved: /data/home/tqi/data1/share/after_freesurfer/FILE/test_mean_1.5/MIND_DK318_DGLM/dk318_degree_mean_interaction_brainmaps(uncorrected)/p_mean_Interaction/p_mean_Interaction_lh_lateral.png
Saved: /data/home/tqi/data1/share/after_freesurfer/FILE/test_mean_1.5/MIND_DK318_DGLM/dk318_degree_mean_interaction_brainmaps(uncorrected)/p_mean_Interaction/p_mean_Interaction_lh_medial.png
Saved: /data/home/tqi/data1/share/after_freesurfer/FILE/test_mean_1.5/MIND_DK318_DGLM/dk318_degree_mean_interaction_brainmaps(uncorrected)/p_mean_Interaction/p_mean_Interaction_rh_lateral.png
Saved: /data/home/tqi/data1/share/after_freesurfer/FILE/test_mean_1.5/MIND_DK318_DGLM/dk318_degree_mean_interaction_brainmaps(uncorrected)/p_mean_Interaction/p_mean_Interaction_rh_medial.png
Done. Four brain maps for p_mean_Interaction saved in: /data/home/tqi/data1/share/after_freesurfer/FILE/test_mean_1.5/MIND_DK318_DGLM/dk318_degree_mean_interaction_brainmaps(uncorrected)/p_mean_Interaction

========== 绘制 Mean Interaction (FDR) ==========

============================
绘制列: p_mean_Interaction_FDR
p_mean_Interaction_FDR: 没有显著脑区 (阈值<0.05)，跳过绘图。

========== 绘制 Dispersion Interaction (uncorrected) ==========

============================
绘制列: p_disp_Interaction
LH vertex filled (%): 0.59
RH vertex filled (%): 0.00
Color range vmin/vmax: 1.3 3.0
显著脑区列表已保存至: /data/home/tqi/data1/share/after_freesurfer/FILE/test_mean_1.5/MIND_DK318_DGLM/dk318_degree_dispersion_interaction_brainmaps(uncorrected)/p_disp_Interaction/significant_regions_p_disp_Interaction.csv
Saved: /data/home/tqi/data1/share/after_freesurfer/FILE/test_mean_1.5/MIND_DK318_DGLM/dk318_degree_dispersion_interaction_brainmaps(uncorrected)/p_disp_Interaction/p_disp_Interaction_lh_lateral.png
Saved: /data/home/tqi/data1/share/after_freesurfer/FILE/test_mean_1.5/MIND_DK318_DGLM/dk318_degree_dispersion_interaction_brainmaps(uncorrected)/p_disp_Interaction/p_disp_Interaction_lh_medial.png
Saved: /data/home/tqi/data1/share/after_freesurfer/FILE/test_mean_1.5/MIND_DK318_DGLM/dk318_degree_dispersion_interaction_brainmaps(uncorrected)/p_disp_Interaction/p_disp_Interaction_rh_lateral.png
Saved: /data/home/tqi/data1/share/after_freesurfer/FILE/test_mean_1.5/MIND_DK318_DGLM/dk318_degree_dispersion_interaction_brainmaps(uncorrected)/p_disp_Interaction/p_disp_Interaction_rh_medial.png
Done. Four brain maps for p_disp_Interaction saved in: /data/home/tqi/data1/share/after_freesurfer/FILE/test_mean_1.5/MIND_DK318_DGLM/dk318_degree_dispersion_interaction_brainmaps(uncorrected)/p_disp_Interaction

========== 绘制 Dispersion Interaction (FDR) ==========

============================
绘制列: p_disp_Interaction_FDR
p_disp_Interaction_FDR: 没有显著脑区 (阈值<0.05)，跳过绘图。

========== 绘制 Mean Diagnosis (FDR) ==========

============================
绘制列: p_mean_Diagnosis_FDR
LH vertex filled (%): 3.48
RH vertex filled (%): 6.85
Color range vmin/vmax: -2.415811089605374 2.415811089605374
显著脑区列表已保存至: /data/home/tqi/data1/share/after_freesurfer/FILE/test_mean_1.5/MIND_DK318_DGLM/dk318_degree_mean_diagnosis_brainmaps(FDR)/p_mean_Diagnosis_FDR/significant_regions_p_mean_Diagnosis_FDR.csv
Saved: /data/home/tqi/data1/share/after_freesurfer/FILE/test_mean_1.5/MIND_DK318_DGLM/dk318_degree_mean_diagnosis_brainmaps(FDR)/p_mean_Diagnosis_FDR/p_mean_Diagnosis_FDR_lh_lateral.png
Saved: /data/home/tqi/data1/share/after_freesurfer/FILE/test_mean_1.5/MIND_DK318_DGLM/dk318_degree_mean_diagnosis_brainmaps(FDR)/p_mean_Diagnosis_FDR/p_mean_Diagnosis_FDR_lh_medial.png
Saved: /data/home/tqi/data1/share/after_freesurfer/FILE/test_mean_1.5/MIND_DK318_DGLM/dk318_degree_mean_diagnosis_brainmaps(FDR)/p_mean_Diagnosis_FDR/p_mean_Diagnosis_FDR_rh_lateral.png
Saved: /data/home/tqi/data1/share/after_freesurfer/FILE/test_mean_1.5/MIND_DK318_DGLM/dk318_degree_mean_diagnosis_brainmaps(FDR)/p_mean_Diagnosis_FDR/p_mean_Diagnosis_FDR_rh_medial.png
Done. Four brain maps for p_mean_Diagnosis_FDR saved in: /data/home/tqi/data1/share/after_freesurfer/FILE/test_mean_1.5/MIND_DK318_DGLM/dk318_degree_mean_diagnosis_brainmaps(FDR)/p_mean_Diagnosis_FDR

========== 绘制 Mean AgeGroup (FDR) ==========

============================
绘制列: p_mean_AgeGroup_FDR
LH vertex filled (%): 16.01
RH vertex filled (%): 14.06
Color range vmin/vmax: -6.395501047542466 6.395501047542466
显著脑区列表已保存至: /data/home/tqi/data1/share/after_freesurfer/FILE/test_mean_1.5/MIND_DK318_DGLM/dk318_degree_mean_agegroup_brainmaps(FDR)/p_mean_AgeGroup_FDR/significant_regions_p_mean_AgeGroup_FDR.csv
Saved: /data/home/tqi/data1/share/after_freesurfer/FILE/test_mean_1.5/MIND_DK318_DGLM/dk318_degree_mean_agegroup_brainmaps(FDR)/p_mean_AgeGroup_FDR/p_mean_AgeGroup_FDR_lh_lateral.png
Saved: /data/home/tqi/data1/share/after_freesurfer/FILE/test_mean_1.5/MIND_DK318_DGLM/dk318_degree_mean_agegroup_brainmaps(FDR)/p_mean_AgeGroup_FDR/p_mean_AgeGroup_FDR_lh_medial.png
Saved: /data/home/tqi/data1/share/after_freesurfer/FILE/test_mean_1.5/MIND_DK318_DGLM/dk318_degree_mean_agegroup_brainmaps(FDR)/p_mean_AgeGroup_FDR/p_mean_AgeGroup_FDR_rh_lateral.png
Saved: /data/home/tqi/data1/share/after_freesurfer/FILE/test_mean_1.5/MIND_DK318_DGLM/dk318_degree_mean_agegroup_brainmaps(FDR)/p_mean_AgeGroup_FDR/p_mean_AgeGroup_FDR_rh_medial.png
Done. Four brain maps for p_mean_AgeGroup_FDR saved in: /data/home/tqi/data1/share/after_freesurfer/FILE/test_mean_1.5/MIND_DK318_DGLM/dk318_degree_mean_agegroup_brainmaps(FDR)/p_mean_AgeGroup_FDR

========== 绘制 Dispersion Diagnosis (FDR) ==========

============================
绘制列: p_disp_Diagnosis_FDR
p_disp_Diagnosis_FDR: 没有显著脑区 (阈值<0.05)，跳过绘图。

========== 绘制 Dispersion AgeGroup (FDR) ==========

============================
绘制列: p_disp_AgeGroup_FDR
p_disp_AgeGroup_FDR: 没有显著脑区 (阈值<0.05)，跳过绘图。

========== 所有 DK318 DGLM 脑图绘制完成 ==========
End: Wed Apr 15 11:12:14 AM UTC 2026
