Start: Wed Apr 15 01:06:21 AM UTC 2026
当前工作目录： /data1/tqi/share/after_freesurfer
0 files missing from root.txt in /data/home/tqi/data1/share/after_freesurfer/FILE
0 files missing from bem.txt in /data/home/tqi/data1/share/after_freesurfer/FILE/fsaverage
fsaverage dir: /data/home/tqi/data1/share/after_freesurfer/FILE/fsaverage
LH surface vertices: 163842
RH surface vertices: 163842
LH annot vertices: 163842
RH annot vertices: 163842

============================
绘制列: p_Interaction
LH vertex filled (%): 89.68
RH vertex filled (%): 89.75
Color range vmin/vmax: 1.3 3.0
显著脑区列表已保存至: /data/home/tqi/data1/share/after_freesurfer/FILE/test_mean_1.5/MIND_DK318_ANOVA_main/dk318_degree_brainmaps(ANOVA_significant)/p_Interaction/significant_regions_p_Interaction.csv
Saved: /data/home/tqi/data1/share/after_freesurfer/FILE/test_mean_1.5/MIND_DK318_ANOVA_main/dk318_degree_brainmaps(ANOVA_significant)/p_Interaction/p_Interaction_lh_lateral.png
Saved: /data/home/tqi/data1/share/after_freesurfer/FILE/test_mean_1.5/MIND_DK318_ANOVA_main/dk318_degree_brainmaps(ANOVA_significant)/p_Interaction/p_Interaction_lh_medial.png
Saved: /data/home/tqi/data1/share/after_freesurfer/FILE/test_mean_1.5/MIND_DK318_ANOVA_main/dk318_degree_brainmaps(ANOVA_significant)/p_Interaction/p_Interaction_rh_lateral.png
Saved: /data/home/tqi/data1/share/after_freesurfer/FILE/test_mean_1.5/MIND_DK318_ANOVA_main/dk318_degree_brainmaps(ANOVA_significant)/p_Interaction/p_Interaction_rh_medial.png
Done. Four brain maps for p_Interaction saved in: /data/home/tqi/data1/share/after_freesurfer/FILE/test_mean_1.5/MIND_DK318_ANOVA_main/dk318_degree_brainmaps(ANOVA_significant)/p_Interaction

============================
绘制列: p_Interaction_FDR
LH vertex filled (%): 89.68
RH vertex filled (%): 89.75
Color range vmin/vmax: 1.3 3.0
显著脑区列表已保存至: /data/home/tqi/data1/share/after_freesurfer/FILE/test_mean_1.5/MIND_DK318_ANOVA_main/dk318_degree_brainmaps(ANOVA_significant)/p_Interaction_FDR/significant_regions_p_Interaction_FDR.csv
Saved: /data/home/tqi/data1/share/after_freesurfer/FILE/test_mean_1.5/MIND_DK318_ANOVA_main/dk318_degree_brainmaps(ANOVA_significant)/p_Interaction_FDR/p_Interaction_FDR_lh_lateral.png
Saved: /data/home/tqi/data1/share/after_freesurfer/FILE/test_mean_1.5/MIND_DK318_ANOVA_main/dk318_degree_brainmaps(ANOVA_significant)/p_Interaction_FDR/p_Interaction_FDR_lh_medial.png
Saved: /data/home/tqi/data1/share/after_freesurfer/FILE/test_mean_1.5/MIND_DK318_ANOVA_main/dk318_degree_brainmaps(ANOVA_significant)/p_Interaction_FDR/p_Interaction_FDR_rh_lateral.png
Saved: /data/home/tqi/data1/share/after_freesurfer/FILE/test_mean_1.5/MIND_DK318_ANOVA_main/dk318_degree_brainmaps(ANOVA_significant)/p_Interaction_FDR/p_Interaction_FDR_rh_medial.png
Done. Four brain maps for p_Interaction_FDR saved in: /data/home/tqi/data1/share/after_freesurfer/FILE/test_mean_1.5/MIND_DK318_ANOVA_main/dk318_degree_brainmaps(ANOVA_significant)/p_Interaction_FDR

============================
绘制列: p_Interaction_0_01
LH vertex filled (%): 1.06
RH vertex filled (%): 0.34
Color range vmin/vmax: 1.3 3.0
显著脑区列表已保存至: /data/home/tqi/data1/share/after_freesurfer/FILE/test_mean_1.5/MIND_DK318_ANOVA_main/dk318_degree_brainmaps(ANOVA_significant)/p_Interaction_0_01/significant_regions_p_Interaction_0_01.csv
Saved: /data/home/tqi/data1/share/after_freesurfer/FILE/test_mean_1.5/MIND_DK318_ANOVA_main/dk318_degree_brainmaps(ANOVA_significant)/p_Interaction_0_01/p_Interaction_0_01_lh_lateral.png
Saved: /data/home/tqi/data1/share/after_freesurfer/FILE/test_mean_1.5/MIND_DK318_ANOVA_main/dk318_degree_brainmaps(ANOVA_significant)/p_Interaction_0_01/p_Interaction_0_01_lh_medial.png
Saved: /data/home/tqi/data1/share/after_freesurfer/FILE/test_mean_1.5/MIND_DK318_ANOVA_main/dk318_degree_brainmaps(ANOVA_significant)/p_Interaction_0_01/p_Interaction_0_01_rh_lateral.png
Saved: /data/home/tqi/data1/share/after_freesurfer/FILE/test_mean_1.5/MIND_DK318_ANOVA_main/dk318_degree_brainmaps(ANOVA_significant)/p_Interaction_0_01/p_Interaction_0_01_rh_medial.png
Done. Four brain maps for p_Interaction_0_01 saved in: /data/home/tqi/data1/share/after_freesurfer/FILE/test_mean_1.5/MIND_DK318_ANOVA_main/dk318_degree_brainmaps(ANOVA_significant)/p_Interaction_0_01

============================
绘制列: p_Interaction_0_001
LH vertex filled (%): 0.63
RH vertex filled (%): 0.00
Color range vmin/vmax: 1.3 3.0
显著脑区列表已保存至: /data/home/tqi/data1/share/after_freesurfer/FILE/test_mean_1.5/MIND_DK318_ANOVA_main/dk318_degree_brainmaps(ANOVA_significant)/p_Interaction_0_001/significant_regions_p_Interaction_0_001.csv
Saved: /data/home/tqi/data1/share/after_freesurfer/FILE/test_mean_1.5/MIND_DK318_ANOVA_main/dk318_degree_brainmaps(ANOVA_significant)/p_Interaction_0_001/p_Interaction_0_001_lh_lateral.png
Saved: /data/home/tqi/data1/share/after_freesurfer/FILE/test_mean_1.5/MIND_DK318_ANOVA_main/dk318_degree_brainmaps(ANOVA_significant)/p_Interaction_0_001/p_Interaction_0_001_lh_medial.png
Saved: /data/home/tqi/data1/share/after_freesurfer/FILE/test_mean_1.5/MIND_DK318_ANOVA_main/dk318_degree_brainmaps(ANOVA_significant)/p_Interaction_0_001/p_Interaction_0_001_rh_lateral.png
Saved: /data/home/tqi/data1/share/after_freesurfer/FILE/test_mean_1.5/MIND_DK318_ANOVA_main/dk318_degree_brainmaps(ANOVA_significant)/p_Interaction_0_001/p_Interaction_0_001_rh_medial.png
Done. Four brain maps for p_Interaction_0_001 saved in: /data/home/tqi/data1/share/after_freesurfer/FILE/test_mean_1.5/MIND_DK318_ANOVA_main/dk318_degree_brainmaps(ANOVA_significant)/p_Interaction_0_001

============================
绘制列: p_Diagnosis_FDR
LH vertex filled (%): 89.68
RH vertex filled (%): 89.75
Color range vmin/vmax: -0.960872407336618 0.960872407336618
显著脑区列表已保存至: /data/home/tqi/data1/share/after_freesurfer/FILE/test_mean_1.5/MIND_DK318_ANOVA_main/dk318_degree_brainmaps(ANOVA_significant)/p_Diagnosis_FDR/significant_regions_p_Diagnosis_FDR.csv
Saved: /data/home/tqi/data1/share/after_freesurfer/FILE/test_mean_1.5/MIND_DK318_ANOVA_main/dk318_degree_brainmaps(ANOVA_significant)/p_Diagnosis_FDR/p_Diagnosis_FDR_lh_lateral.png
Saved: /data/home/tqi/data1/share/after_freesurfer/FILE/test_mean_1.5/MIND_DK318_ANOVA_main/dk318_degree_brainmaps(ANOVA_significant)/p_Diagnosis_FDR/p_Diagnosis_FDR_lh_medial.png
Saved: /data/home/tqi/data1/share/after_freesurfer/FILE/test_mean_1.5/MIND_DK318_ANOVA_main/dk318_degree_brainmaps(ANOVA_significant)/p_Diagnosis_FDR/p_Diagnosis_FDR_rh_lateral.png
Saved: /data/home/tqi/data1/share/after_freesurfer/FILE/test_mean_1.5/MIND_DK318_ANOVA_main/dk318_degree_brainmaps(ANOVA_significant)/p_Diagnosis_FDR/p_Diagnosis_FDR_rh_medial.png
Done. Four brain maps for p_Diagnosis_FDR saved in: /data/home/tqi/data1/share/after_freesurfer/FILE/test_mean_1.5/MIND_DK318_ANOVA_main/dk318_degree_brainmaps(ANOVA_significant)/p_Diagnosis_FDR

============================
绘制列: p_AgeGroup_FDR
Loading directional info from: /data/home/tqi/data1/share/after_freesurfer/FILE/test_mean_1.5/MIND_DK318_ANOVA_main/Significant_AgeGroup_DK318_degree_results.csv
LH vertex filled (%): 89.68
RH vertex filled (%): 89.75
Color range vmin/vmax: -0.985488823172027 0.985488823172027
显著脑区列表已保存至: /data/home/tqi/data1/share/after_freesurfer/FILE/test_mean_1.5/MIND_DK318_ANOVA_main/dk318_degree_brainmaps(ANOVA_significant)/p_AgeGroup_FDR/significant_regions_p_AgeGroup_FDR.csv
Saved: /data/home/tqi/data1/share/after_freesurfer/FILE/test_mean_1.5/MIND_DK318_ANOVA_main/dk318_degree_brainmaps(ANOVA_significant)/p_AgeGroup_FDR/p_AgeGroup_FDR_lh_lateral.png
Saved: /data/home/tqi/data1/share/after_freesurfer/FILE/test_mean_1.5/MIND_DK318_ANOVA_main/dk318_degree_brainmaps(ANOVA_significant)/p_AgeGroup_FDR/p_AgeGroup_FDR_lh_medial.png
Saved: /data/home/tqi/data1/share/after_freesurfer/FILE/test_mean_1.5/MIND_DK318_ANOVA_main/dk318_degree_brainmaps(ANOVA_significant)/p_AgeGroup_FDR/p_AgeGroup_FDR_rh_lateral.png
Saved: /data/home/tqi/data1/share/after_freesurfer/FILE/test_mean_1.5/MIND_DK318_ANOVA_main/dk318_degree_brainmaps(ANOVA_significant)/p_AgeGroup_FDR/p_AgeGroup_FDR_rh_medial.png
Done. Four brain maps for p_AgeGroup_FDR saved in: /data/home/tqi/data1/share/after_freesurfer/FILE/test_mean_1.5/MIND_DK318_ANOVA_main/dk318_degree_brainmaps(ANOVA_significant)/p_AgeGroup_FDR
End: Wed Apr 15 01:14:19 AM UTC 2026
