Start: Wed Feb  4 08:34:54 AM UTC 2026
Loading demographic data...
Total subjects: 279
  - Adult-TD: 61
  - Adult-DD: 58
  - Child-TD: 75
  - Child-DD: 85

Loading significant degree results...
Number of significant ROIs: 37

Total ROIs in matrix: 68
Loading degree data...
Degree matrix shape: (279, 68)

Preparing long-form data for significant ROIs...

Plot data prepared: 10323 rows

Generating individual violin plots for top 10 ROIs...
  Saved: lh_rostralmiddlefrontal.png
  Saved: rh_precentral.png
  Saved: rh_supramarginal.png
  Saved: lh_bankssts.png
  Saved: lh_inferiortemporal.png
  Saved: lh_lateralorbitofrontal.png
  Saved: lh_paracentral.png
  Saved: lh_supramarginal.png
  Saved: rh_inferiorparietal.png
  Saved: rh_lateralorbitofrontal.png

Plot data saved: /data/home/tqi/data1/share/after_freesurfer/FILE/MIND_DK68_ANOVA/degree_diagnosis_barplot/Significant_Diagnosis_DK68_degree_barplot_data.csv

Generated 10 individual barplots!
DONE!
End: Wed Feb  4 08:35:02 AM UTC 2026
