Loading required package: splines
Loading required package: gamlss.data

Attaching package: ‘gamlss.data’

The following object is masked from ‘package:datasets’:

    sleep

Loading required package: gamlss.dist
Loading required package: nlme
Loading required package: parallel
 **********   GAMLSS Version 5.5-0  ********** 
For more on GAMLSS look at https://www.gamlss.com/
Type gamlssNews() to see new features/changes/bug fixes.

Warning message:
In eval(ei, envir) :
  Have set a fixed random seed, all runs will be identical unless this is changed (may be good or bad, depending on what you want)

Attaching package: ‘dplyr’

The following object is masked from ‘package:nlme’:

    collapse

The following objects are masked from ‘package:stats’:

    filter, lag

The following objects are masked from ‘package:base’:

    intersect, setdiff, setequal, union

Error: Too few subjects after aligning clinical and MRI data
In addition: Warning message:
In additive.fit(x = X, y = wv, w = wt * w, s = s, who = who, smooth.frame,  :
  additive.fit convergence not obtained in  30  iterations
Execution halted
