========================================
DK318 3-Network Degree Visualization
========================================
Host: node3
Job ID: 748410
Start time: Tue May  5 12:00:58 PM UTC 2026

Activating conda environment...
Conda environment: rd_env_r

Working directory: /data/home/tqi/data1/share/after_freesurfer/CODE/Network
TMPDIR: /data/home/tqi/data1/share/after_freesurfer/CODE/Network/tmp

Visualization script: /data/home/tqi/data1/share/after_freesurfer/CODE/Network/02_DK318_3network_degree_visualization.R
Analysis directory: /data/home/tqi/data1/share/after_freesurfer/FILE/test_mean_1.5/MIND_DK318_3network_analysis/analysis

Starting R visualization...
----------------------------------------
Starting DK318 3-network degree visualization...

Loading packages...
Checking required input files...
All required files found.

Generating Figure 1: Network overlap membership bar...
Generating Figure 2: Mixed model adjusted means...
Generating Figure 3: Raw network degree distributions...
Generating Figure 4: Mixed model TD-DD t heatmap...
Generating Figure 5: Mixed model TD-DD contrast profile...
Generating Figure 6: Per-network TD-DD t heatmap...
Generating Figure 7: Per-network model adjusted means...
Generating Figure 8: Per-network TD-DD t heatmap...
Generating Figure 9: Per-network TD-DD contrast profile...
Generating Figure 10: Per-network Diagnosis×AgeGroup interaction...
Generating Figure 11: Model comparison scatter plot...
