Host: node5
Start: Fri Mar 27 10:16:34 AM CST 2026
[1] "GMV"
[1] "file exist"
GAMLSS-RS iteration 1: Global Deviance = 1640.671 
GAMLSS-RS iteration 2: Global Deviance = 1640.67 
GAMLSS-RS iteration 3: Global Deviance = 1640.67 
[1] "no random effects for this term"
[1] "no random effects for this term"
[1] "no random effects for this term"
[1] "sGMV"
[1] "file exist"
GAMLSS-RS iteration 1: Global Deviance = 1308.652 
GAMLSS-RS iteration 2: Global Deviance = 1307.763 
GAMLSS-RS iteration 3: Global Deviance = 1307.478 
GAMLSS-RS iteration 4: Global Deviance = 1307.383 
GAMLSS-RS iteration 5: Global Deviance = 1307.351 
GAMLSS-RS iteration 6: Global Deviance = 1307.341 
GAMLSS-RS iteration 7: Global Deviance = 1307.338 
GAMLSS-RS iteration 8: Global Deviance = 1307.337 
[1] "no random effects for this term"
[1] "no random effects for this term"
[1] "no random effects for this term"
[1] "WMV"
[1] "file exist"
[1] "no random effects for this term"
GAMLSS-RS iteration 1: Global Deviance = 1608.722 
GAMLSS-RS iteration 2: Global Deviance = 1607.99 
GAMLSS-RS iteration 3: Global Deviance = 1607.724 
GAMLSS-RS iteration 4: Global Deviance = 1607.627 
GAMLSS-RS iteration 5: Global Deviance = 1607.59 
GAMLSS-RS iteration 6: Global Deviance = 1607.575 
GAMLSS-RS iteration 7: Global Deviance = 1607.57 
GAMLSS-RS iteration 8: Global Deviance = 1607.568 
GAMLSS-RS iteration 9: Global Deviance = 1607.567 
[1] "no random effects for this term"
[1] "no random effects for this term"
[1] "no random effects for this term"
[1] "no random effects for this term"
[1] "no random effects for this term"
[1] "no random effects for this term"
[1] "Ventricles"
[1] "file exist"
[1] "no random effects for this term"
[1] "no random effects for this term"
GAMLSS-RS iteration 1: Global Deviance = 1286.286 
GAMLSS-RS iteration 2: Global Deviance = 1284.61 
GAMLSS-RS iteration 3: Global Deviance = 1283.771 
GAMLSS-RS iteration 4: Global Deviance = 1283.366 
GAMLSS-RS iteration 5: Global Deviance = 1283.173 
GAMLSS-RS iteration 6: Global Deviance = 1283.081 
GAMLSS-RS iteration 7: Global Deviance = 1283.036 
GAMLSS-RS iteration 8: Global Deviance = 1283.014 
GAMLSS-RS iteration 9: Global Deviance = 1283.004 
GAMLSS-RS iteration 10: Global Deviance = 1282.998 
GAMLSS-RS iteration 11: Global Deviance = 1282.996 
GAMLSS-RS iteration 12: Global Deviance = 1282.995 
GAMLSS-RS iteration 13: Global Deviance = 1282.994 
[1] "no random effects for this term"
[1] "no random effects for this term"
[1] "no random effects for this term"
[1] "no random effects for this term"
[1] "no random effects for this term"
[1] "no random effects for this term"
[1] "no random effects for this term"
[1] "no random effects for this term"
[1] "no random effects for this term"
[1] "TCV"
[1] "file exist"
GAMLSS-RS iteration 1: Global Deviance = 1788.656 
GAMLSS-RS iteration 2: Global Deviance = 1789.025 
GAMLSS-RS iteration 3: Global Deviance = 1789.031 
GAMLSS-RS iteration 4: Global Deviance = 1789.038 
GAMLSS-RS iteration 5: Global Deviance = 1789.043 
GAMLSS-RS iteration 6: Global Deviance = 1789.048 
GAMLSS-RS iteration 7: Global Deviance = 1789.051 
GAMLSS-RS iteration 8: Global Deviance = 1789.054 
GAMLSS-RS iteration 9: Global Deviance = 1789.057 
GAMLSS-RS iteration 10: Global Deviance = 1789.059 
GAMLSS-RS iteration 11: Global Deviance = 1789.06 
GAMLSS-RS iteration 12: Global Deviance = 1789.061 
GAMLSS-RS iteration 13: Global Deviance = 1789.062 
[1] "no random effects for this term"
[1] "no random effects for this term"
[1] "no random effects for this term"
[1] "mean_thickness"
[1] "file exist"
GAMLSS-RS iteration 1: Global Deviance = -153.8815 
GAMLSS-RS iteration 2: Global Deviance = -154.3363 
GAMLSS-RS iteration 3: Global Deviance = -154.3696 
GAMLSS-RS iteration 4: Global Deviance = -154.374 
GAMLSS-RS iteration 5: Global Deviance = -154.3898 
GAMLSS-RS iteration 6: Global Deviance = -154.3921 
GAMLSS-RS iteration 7: Global Deviance = -154.3933 
GAMLSS-RS iteration 8: Global Deviance = -154.3939 
[1] "no random effects for this term"
[1] "no random effects for this term"
[1] "no random effects for this term"
[1] "total_surface_arrea"
[1] "file exist"
[1] "no random effects for this term"
GAMLSS-RS iteration 1: Global Deviance = 1485.97 
GAMLSS-RS iteration 2: Global Deviance = 1485.652 
GAMLSS-RS iteration 3: Global Deviance = 1485.537 
GAMLSS-RS iteration 4: Global Deviance = 1485.494 
GAMLSS-RS iteration 5: Global Deviance = 1485.478 
GAMLSS-RS iteration 6: Global Deviance = 1485.473 
GAMLSS-RS iteration 7: Global Deviance = 1485.47 
GAMLSS-RS iteration 8: Global Deviance = 1485.47 
[1] "no random effects for this term"
[1] "no random effects for this term"
[1] "no random effects for this term"
[1] "no random effects for this term"
[1] "no random effects for this term"
[1] "no random effects for this term"
[1] "Left.Accumbens.area"
[1] "file exist"
[1] "no random effects for this term"
GAMLSS-RS iteration 1: Global Deviance = 802.9515 
GAMLSS-RS iteration 2: Global Deviance = 802.6417 
GAMLSS-RS iteration 3: Global Deviance = 802.4795 
GAMLSS-RS iteration 4: Global Deviance = 802.3945 
GAMLSS-RS iteration 5: Global Deviance = 802.3476 
GAMLSS-RS iteration 6: Global Deviance = 802.3209 
GAMLSS-RS iteration 7: Global Deviance = 802.3053 
GAMLSS-RS iteration 8: Global Deviance = 802.296 
GAMLSS-RS iteration 9: Global Deviance = 802.2934 
GAMLSS-RS iteration 10: Global Deviance = 802.2867 
GAMLSS-RS iteration 11: Global Deviance = 802.2862 
[1] "no random effects for this term"
[1] "no random effects for this term"
[1] "no random effects for this term"
[1] "no random effects for this term"
[1] "no random effects for this term"
[1] "no random effects for this term"
[1] "Right.Accumbens.area"
[1] "file exist"
[1] "no random effects for this term"
GAMLSS-RS iteration 1: Global Deviance = 785.0564 
GAMLSS-RS iteration 2: Global Deviance = 785.0039 
GAMLSS-RS iteration 3: Global Deviance = 784.9794 
GAMLSS-RS iteration 4: Global Deviance = 784.9731 
GAMLSS-RS iteration 5: Global Deviance = 784.9708 
GAMLSS-RS iteration 6: Global Deviance = 784.9698 
[1] "no random effects for this term"
[1] "no random effects for this term"
[1] "no random effects for this term"
[1] "no random effects for this term"
[1] "no random effects for this term"
[1] "no random effects for this term"
[1] "Left.Amygdala"
[1] "file exist"
[1] "no random effects for this term"
GAMLSS-RS iteration 1: Global Deviance = 935.6697 
GAMLSS-RS iteration 2: Global Deviance = 931.4151 
GAMLSS-RS iteration 3: Global Deviance = 929.7789 
GAMLSS-RS iteration 4: Global Deviance = 929.1559 
GAMLSS-RS iteration 5: Global Deviance = 928.9349 
GAMLSS-RS iteration 6: Global Deviance = 928.8692 
GAMLSS-RS iteration 7: Global Deviance = 928.8615 
GAMLSS-RS iteration 8: Global Deviance = 928.8724 
GAMLSS-RS iteration 9: Global Deviance = 928.8858 
GAMLSS-RS iteration 10: Global Deviance = 928.8978 
GAMLSS-RS iteration 11: Global Deviance = 928.9074 
GAMLSS-RS iteration 12: Global Deviance = 928.9146 
GAMLSS-RS iteration 13: Global Deviance = 928.9214 
GAMLSS-RS iteration 14: Global Deviance = 928.9254 
GAMLSS-RS iteration 15: Global Deviance = 928.9278 
GAMLSS-RS iteration 16: Global Deviance = 928.929 
GAMLSS-RS iteration 17: Global Deviance = 928.9298 
[1] "no random effects for this term"
[1] "no random effects for this term"
[1] "no random effects for this term"
[1] "no random effects for this term"
[1] "no random effects for this term"
[1] "no random effects for this term"
[1] "Right.Amygdala"
[1] "file exist"
[1] "no random effects for this term"
GAMLSS-RS iteration 1: Global Deviance = 868.2094 
GAMLSS-RS iteration 2: Global Deviance = 867.2417 
GAMLSS-RS iteration 3: Global Deviance = 866.7745 
GAMLSS-RS iteration 4: Global Deviance = 866.5559 
GAMLSS-RS iteration 5: Global Deviance = 866.449 
GAMLSS-RS iteration 6: Global Deviance = 866.3942 
GAMLSS-RS iteration 7: Global Deviance = 866.3647 
GAMLSS-RS iteration 8: Global Deviance = 866.3482 
GAMLSS-RS iteration 9: Global Deviance = 866.3387 
GAMLSS-RS iteration 10: Global Deviance = 866.3329 
GAMLSS-RS iteration 11: Global Deviance = 866.3295 
GAMLSS-RS iteration 12: Global Deviance = 866.3274 
GAMLSS-RS iteration 13: Global Deviance = 866.3261 
GAMLSS-RS iteration 14: Global Deviance = 866.3254 
[1] "no random effects for this term"
[1] "no random effects for this term"
[1] "no random effects for this term"
[1] "no random effects for this term"
[1] "no random effects for this term"
[1] "no random effects for this term"
[1] "Left.Caudate"
[1] "file exist"
GAMLSS-RS iteration 1: Global Deviance = 998.7125 
GAMLSS-RS iteration 2: Global Deviance = 998.6574 
GAMLSS-RS iteration 3: Global Deviance = 998.6374 
GAMLSS-RS iteration 4: Global Deviance = 998.6301 
GAMLSS-RS iteration 5: Global Deviance = 998.6273 
GAMLSS-RS iteration 6: Global Deviance = 998.6263 
GAMLSS-RS iteration 7: Global Deviance = 998.6259 
[1] "no random effects for this term"
[1] "no random effects for this term"
[1] "no random effects for this term"
[1] "Right.Caudate"
[1] "file exist"
[1] "no random effects for this term"
[1] "no random effects for this term"
GAMLSS-RS iteration 1: Global Deviance = 993.2521 
GAMLSS-RS iteration 2: Global Deviance = 992.9783 
GAMLSS-RS iteration 3: Global Deviance = 992.8839 
GAMLSS-RS iteration 4: Global Deviance = 992.8509 
GAMLSS-RS iteration 5: Global Deviance = 992.839 
GAMLSS-RS iteration 6: Global Deviance = 992.8347 
GAMLSS-RS iteration 7: Global Deviance = 992.8331 
GAMLSS-RS iteration 8: Global Deviance = 992.8325 
[1] "no random effects for this term"
[1] "no random effects for this term"
[1] "no random effects for this term"
[1] "no random effects for this term"
[1] "no random effects for this term"
[1] "no random effects for this term"
[1] "no random effects for this term"
[1] "no random effects for this term"
[1] "no random effects for this term"
[1] "Left.Hippocampus"
[1] "file exist"
[1] "no random effects for this term"
GAMLSS-RS iteration 1: Global Deviance = 972.639 
GAMLSS-RS iteration 2: Global Deviance = 971.1629 
GAMLSS-RS iteration 3: Global Deviance = 970.6005 
GAMLSS-RS iteration 4: Global Deviance = 970.3543 
GAMLSS-RS iteration 5: Global Deviance = 970.2401 
GAMLSS-RS iteration 6: Global Deviance = 970.1856 
GAMLSS-RS iteration 7: Global Deviance = 970.159 
GAMLSS-RS iteration 8: Global Deviance = 970.1456 
GAMLSS-RS iteration 9: Global Deviance = 970.1387 
GAMLSS-RS iteration 10: Global Deviance = 970.1374 
GAMLSS-RS iteration 11: Global Deviance = 970.133 
GAMLSS-RS iteration 12: Global Deviance = 970.1329 
[1] "no random effects for this term"
[1] "no random effects for this term"
[1] "no random effects for this term"
[1] "no random effects for this term"
[1] "no random effects for this term"
[1] "no random effects for this term"
[1] "Right.Hippocampus"
[1] "file exist"
[1] "no random effects for this term"
GAMLSS-RS iteration 1: Global Deviance = 985.2269 
GAMLSS-RS iteration 2: Global Deviance = 984.1412 
GAMLSS-RS iteration 3: Global Deviance = 983.7352 
GAMLSS-RS iteration 4: Global Deviance = 983.4895 
GAMLSS-RS iteration 5: Global Deviance = 983.3374 
GAMLSS-RS iteration 6: Global Deviance = 983.2402 
GAMLSS-RS iteration 7: Global Deviance = 983.1758 
GAMLSS-RS iteration 8: Global Deviance = 983.1326 
GAMLSS-RS iteration 9: Global Deviance = 983.1025 
GAMLSS-RS iteration 10: Global Deviance = 983.0819 
GAMLSS-RS iteration 11: Global Deviance = 983.068 
GAMLSS-RS iteration 12: Global Deviance = 983.0577 
GAMLSS-RS iteration 13: Global Deviance = 983.0501 
GAMLSS-RS iteration 14: Global Deviance = 983.0448 
GAMLSS-RS iteration 15: Global Deviance = 983.0406 
GAMLSS-RS iteration 16: Global Deviance = 983.0375 
GAMLSS-RS iteration 17: Global Deviance = 983.0351 
GAMLSS-RS iteration 18: Global Deviance = 983.0333 
GAMLSS-RS iteration 19: Global Deviance = 983.032 
GAMLSS-RS iteration 20: Global Deviance = 983.0311 
[1] "no random effects for this term"
[1] "no random effects for this term"
[1] "no random effects for this term"
[1] "no random effects for this term"
[1] "no random effects for this term"
[1] "no random effects for this term"
[1] "Left.Pallidum"
[1] "file exist"
[1] "no random effects for this term"
GAMLSS-RS iteration 1: Global Deviance = 909.9427 
GAMLSS-RS iteration 2: Global Deviance = 908.197 
GAMLSS-RS iteration 3: Global Deviance = 907.524 
GAMLSS-RS iteration 4: Global Deviance = 907.2457 
GAMLSS-RS iteration 5: Global Deviance = 907.1274 
GAMLSS-RS iteration 6: Global Deviance = 907.0751 
GAMLSS-RS iteration 7: Global Deviance = 907.0515 
GAMLSS-RS iteration 8: Global Deviance = 907.0408 
GAMLSS-RS iteration 9: Global Deviance = 907.0357 
GAMLSS-RS iteration 10: Global Deviance = 907.0335 
GAMLSS-RS iteration 11: Global Deviance = 907.0323 
GAMLSS-RS iteration 12: Global Deviance = 907.0317 
[1] "no random effects for this term"
[1] "no random effects for this term"
[1] "no random effects for this term"
[1] "no random effects for this term"
[1] "no random effects for this term"
[1] "no random effects for this term"
[1] "Right.Pallidum"
[1] "file exist"
[1] "no random effects for this term"
GAMLSS-RS iteration 1: Global Deviance = 889.8981 
GAMLSS-RS iteration 2: Global Deviance = 888.2006 
GAMLSS-RS iteration 3: Global Deviance = 887.4734 
GAMLSS-RS iteration 4: Global Deviance = 886.9919 
GAMLSS-RS iteration 5: Global Deviance = 886.1516 
GAMLSS-RS iteration 6: Global Deviance = 885.8657 
GAMLSS-RS iteration 7: Global Deviance = 885.4367 
GAMLSS-RS iteration 8: Global Deviance = 885.1234 
GAMLSS-RS iteration 9: Global Deviance = 884.9359 
GAMLSS-RS iteration 10: Global Deviance = 884.8164 
GAMLSS-RS iteration 11: Global Deviance = 884.7588 
GAMLSS-RS iteration 12: Global Deviance = 884.684 
GAMLSS-RS iteration 13: Global Deviance = 884.6538 
GAMLSS-RS iteration 14: Global Deviance = 884.627 
GAMLSS-RS iteration 15: Global Deviance = 884.6047 
GAMLSS-RS iteration 16: Global Deviance = 884.5875 
GAMLSS-RS iteration 17: Global Deviance = 884.5741 
GAMLSS-RS iteration 18: Global Deviance = 884.5636 
GAMLSS-RS iteration 19: Global Deviance = 884.5553 
GAMLSS-RS iteration 20: Global Deviance = 884.5488 
[1] "no random effects for this term"
[1] "no random effects for this term"
[1] "no random effects for this term"
[1] "no random effects for this term"
[1] "no random effects for this term"
[1] "no random effects for this term"
[1] "Left.Putamen"
[1] "file exist"
[1] "no random effects for this term"
GAMLSS-RS iteration 1: Global Deviance = 1055.288 
GAMLSS-RS iteration 2: Global Deviance = 1052.666 
GAMLSS-RS iteration 3: Global Deviance = 1051.975 
GAMLSS-RS iteration 4: Global Deviance = 1051.788 
GAMLSS-RS iteration 5: Global Deviance = 1051.752 
GAMLSS-RS iteration 6: Global Deviance = 1051.719 
GAMLSS-RS iteration 7: Global Deviance = 1051.715 
GAMLSS-RS iteration 8: Global Deviance = 1051.713 
GAMLSS-RS iteration 9: Global Deviance = 1051.713 
[1] "no random effects for this term"
[1] "no random effects for this term"
[1] "no random effects for this term"
[1] "no random effects for this term"
[1] "no random effects for this term"
[1] "no random effects for this term"
[1] "Right.Putamen"
[1] "file exist"
[1] "no random effects for this term"
[1] "no random effects for this term"
GAMLSS-RS iteration 1: Global Deviance = 1028.719 
GAMLSS-RS iteration 2: Global Deviance = 1028.689 
GAMLSS-RS iteration 3: Global Deviance = 1028.681 
GAMLSS-RS iteration 4: Global Deviance = 1028.678 
GAMLSS-RS iteration 5: Global Deviance = 1028.678 
[1] "no random effects for this term"
[1] "no random effects for this term"
[1] "no random effects for this term"
[1] "no random effects for this term"
[1] "no random effects for this term"
[1] "no random effects for this term"
[1] "no random effects for this term"
[1] "no random effects for this term"
[1] "no random effects for this term"
[1] "Left.Thalamus"
[1] "file exist"
GAMLSS-RS iteration 1: Global Deviance = 1053.431 
GAMLSS-RS iteration 2: Global Deviance = 1054.231 
GAMLSS-RS iteration 3: Global Deviance = 1054.389 
GAMLSS-RS iteration 4: Global Deviance = 1054.438 
GAMLSS-RS iteration 5: Global Deviance = 1054.464 
GAMLSS-RS iteration 6: Global Deviance = 1054.478 
GAMLSS-RS iteration 7: Global Deviance = 1054.486 
GAMLSS-RS iteration 8: Global Deviance = 1054.491 
GAMLSS-RS iteration 9: Global Deviance = 1054.494 
GAMLSS-RS iteration 10: Global Deviance = 1054.496 
GAMLSS-RS iteration 11: Global Deviance = 1054.498 
GAMLSS-RS iteration 12: Global Deviance = 1054.499 
GAMLSS-RS iteration 13: Global Deviance = 1054.5 
[1] "no random effects for this term"
[1] "no random effects for this term"
[1] "no random effects for this term"
[1] "Right.Thalamus"
[1] "file exist"
[1] "no random effects for this term"
GAMLSS-RS iteration 1: Global Deviance = 1072.485 
GAMLSS-RS iteration 2: Global Deviance = 1072.446 
GAMLSS-RS iteration 3: Global Deviance = 1072.473 
GAMLSS-RS iteration 4: Global Deviance = 1072.529 
GAMLSS-RS iteration 5: Global Deviance = 1072.581 
GAMLSS-RS iteration 6: Global Deviance = 1072.619 
GAMLSS-RS iteration 7: Global Deviance = 1072.646 
GAMLSS-RS iteration 8: Global Deviance = 1072.663 
GAMLSS-RS iteration 9: Global Deviance = 1072.673 
GAMLSS-RS iteration 10: Global Deviance = 1072.68 
GAMLSS-RS iteration 11: Global Deviance = 1072.684 
GAMLSS-RS iteration 12: Global Deviance = 1072.686 
GAMLSS-RS iteration 13: Global Deviance = 1072.687 
GAMLSS-RS iteration 14: Global Deviance = 1072.688 
[1] "no random effects for this term"
[1] "no random effects for this term"
[1] "no random effects for this term"
[1] "no random effects for this term"
[1] "no random effects for this term"
[1] "no random effects for this term"
[1] "Left.VentralDC"
[1] "file exist"
[1] "no random effects for this term"
GAMLSS-RS iteration 1: Global Deviance = 964.7764 
GAMLSS-RS iteration 2: Global Deviance = 964.7689 
GAMLSS-RS iteration 3: Global Deviance = 964.7763 
GAMLSS-RS iteration 4: Global Deviance = 964.7813 
GAMLSS-RS iteration 5: Global Deviance = 964.7846 
GAMLSS-RS iteration 6: Global Deviance = 964.7867 
GAMLSS-RS iteration 7: Global Deviance = 964.7881 
GAMLSS-RS iteration 8: Global Deviance = 964.789 
[1] "no random effects for this term"
[1] "no random effects for this term"
[1] "no random effects for this term"
[1] "no random effects for this term"
[1] "no random effects for this term"
[1] "no random effects for this term"
[1] "Right.VentralDC"
[1] "file exist"
[1] "no random effects for this term"
GAMLSS-RS iteration 1: Global Deviance = 960.1455 
GAMLSS-RS iteration 2: Global Deviance = 958.7469 
GAMLSS-RS iteration 3: Global Deviance = 958.1055 
GAMLSS-RS iteration 4: Global Deviance = 957.7638 
GAMLSS-RS iteration 5: Global Deviance = 957.5656 
GAMLSS-RS iteration 6: Global Deviance = 957.4445 
GAMLSS-RS iteration 7: Global Deviance = 957.3665 
GAMLSS-RS iteration 8: Global Deviance = 957.3147 
GAMLSS-RS iteration 9: Global Deviance = 957.2796 
GAMLSS-RS iteration 10: Global Deviance = 957.2555 
GAMLSS-RS iteration 11: Global Deviance = 957.2387 
GAMLSS-RS iteration 12: Global Deviance = 957.2269 
GAMLSS-RS iteration 13: Global Deviance = 957.2186 
GAMLSS-RS iteration 14: Global Deviance = 957.2128 
GAMLSS-RS iteration 15: Global Deviance = 957.2087 
GAMLSS-RS iteration 16: Global Deviance = 957.2059 
GAMLSS-RS iteration 17: Global Deviance = 957.2039 
GAMLSS-RS iteration 18: Global Deviance = 957.2026 
GAMLSS-RS iteration 19: Global Deviance = 957.2017 
[1] "no random effects for this term"
[1] "no random effects for this term"
[1] "no random effects for this term"
[1] "no random effects for this term"
[1] "no random effects for this term"
[1] "no random effects for this term"
[1] "Brain.Stem"
[1] "cerebellum_total"
[1] "BrainSegVol"
[1] "BrainSegVolNotVent"
[1] "lhCortexVol"
[1] "rhCortexVol"
[1] "CortexVol"
[1] "CerebralWhiteMatterVol"
[1] "SubCortGrayVol"
[1] "TotalGrayVol"
[1] "EstimatedTotalIntraCranialVol"
[1] "lh_bankssts_volume"
[1] "file exist"
[1] "no random effects for this term"
[1] "no random effects for this term"
GAMLSS-RS iteration 1: Global Deviance = 1027.437 
GAMLSS-RS iteration 2: Global Deviance = 1026.745 
GAMLSS-RS iteration 3: Global Deviance = 1026.598 
GAMLSS-RS iteration 4: Global Deviance = 1026.58 
GAMLSS-RS iteration 5: Global Deviance = 1026.596 
GAMLSS-RS iteration 6: Global Deviance = 1026.616 
GAMLSS-RS iteration 7: Global Deviance = 1026.629 
GAMLSS-RS iteration 8: Global Deviance = 1026.639 
GAMLSS-RS iteration 9: Global Deviance = 1026.645 
GAMLSS-RS iteration 10: Global Deviance = 1026.649 
GAMLSS-RS iteration 11: Global Deviance = 1026.653 
GAMLSS-RS iteration 12: Global Deviance = 1026.655 
GAMLSS-RS iteration 13: Global Deviance = 1026.656 
GAMLSS-RS iteration 14: Global Deviance = 1026.657 
[1] "no random effects for this term"
[1] "no random effects for this term"
[1] "no random effects for this term"
[1] "no random effects for this term"
[1] "no random effects for this term"
[1] "no random effects for this term"
[1] "no random effects for this term"
[1] "no random effects for this term"
[1] "no random effects for this term"
[1] "lh_caudalanteriorcingulate_volume"
[1] "file exist"
[1] "no random effects for this term"
[1] "no random effects for this term"
GAMLSS-RS iteration 1: Global Deviance = 983.1506 
GAMLSS-RS iteration 2: Global Deviance = 982.7488 
GAMLSS-RS iteration 3: Global Deviance = 982.5647 
GAMLSS-RS iteration 4: Global Deviance = 982.4794 
GAMLSS-RS iteration 5: Global Deviance = 982.4392 
GAMLSS-RS iteration 6: Global Deviance = 982.4178 
GAMLSS-RS iteration 7: Global Deviance = 982.4067 
GAMLSS-RS iteration 8: Global Deviance = 982.4008 
GAMLSS-RS iteration 9: Global Deviance = 982.3975 
GAMLSS-RS iteration 10: Global Deviance = 982.3951 
GAMLSS-RS iteration 11: Global Deviance = 982.3936 
GAMLSS-RS iteration 12: Global Deviance = 982.3929 
[1] "no random effects for this term"
[1] "no random effects for this term"
[1] "no random effects for this term"
[1] "no random effects for this term"
[1] "no random effects for this term"
[1] "no random effects for this term"
[1] "no random effects for this term"
[1] "no random effects for this term"
[1] "no random effects for this term"
[1] "lh_caudalmiddlefrontal_volume"
[1] "file exist"
[1] "no random effects for this term"
GAMLSS-RS iteration 1: Global Deviance = 1171.253 
GAMLSS-RS iteration 2: Global Deviance = 1171.252 
GAMLSS-RS iteration 3: Global Deviance = 1171.252 
[1] "no random effects for this term"
[1] "no random effects for this term"
[1] "no random effects for this term"
[1] "no random effects for this term"
[1] "no random effects for this term"
[1] "no random effects for this term"
[1] "lh_cuneus_volume"
[1] "file exist"
[1] "no random effects for this term"
[1] "no random effects for this term"
GAMLSS-RS iteration 1: Global Deviance = 984.7912 
GAMLSS-RS iteration 2: Global Deviance = 984.7623 
GAMLSS-RS iteration 3: Global Deviance = 984.7507 
GAMLSS-RS iteration 4: Global Deviance = 984.746 
GAMLSS-RS iteration 5: Global Deviance = 984.7441 
GAMLSS-RS iteration 6: Global Deviance = 984.7433 
[1] "no random effects for this term"
[1] "no random effects for this term"
[1] "no random effects for this term"
[1] "no random effects for this term"
[1] "no random effects for this term"
[1] "no random effects for this term"
[1] "no random effects for this term"
[1] "no random effects for this term"
[1] "no random effects for this term"
[1] "lh_entorhinal_volume"
[1] "file exist"
[1] "no random effects for this term"
GAMLSS-RS iteration 1: Global Deviance = 1000.456 
GAMLSS-RS iteration 2: Global Deviance = 993.224 
GAMLSS-RS iteration 3: Global Deviance = 992.1576 
GAMLSS-RS iteration 4: Global Deviance = 992.2881 
GAMLSS-RS iteration 5: Global Deviance = 992.7005 
GAMLSS-RS iteration 6: Global Deviance = 993.1795 
GAMLSS-RS iteration 7: Global Deviance = 993.4297 
GAMLSS-RS iteration 8: Global Deviance = 993.3984 
GAMLSS-RS iteration 9: Global Deviance = 993.3865 
GAMLSS-RS iteration 10: Global Deviance = 993.3877 
GAMLSS-RS iteration 11: Global Deviance = 993.3919 
GAMLSS-RS iteration 12: Global Deviance = 993.3964 
GAMLSS-RS iteration 13: Global Deviance = 993.4002 
GAMLSS-RS iteration 14: Global Deviance = 993.403 
GAMLSS-RS iteration 15: Global Deviance = 993.4052 
GAMLSS-RS iteration 16: Global Deviance = 993.4066 
GAMLSS-RS iteration 17: Global Deviance = 993.4077 
GAMLSS-RS iteration 18: Global Deviance = 993.4084 
[1] "no random effects for this term"
[1] "no random effects for this term"
[1] "no random effects for this term"
[1] "no random effects for this term"
[1] "no random effects for this term"
[1] "no random effects for this term"
[1] "lh_fusiform_volume"
[1] "file exist"
[1] "no random effects for this term"
[1] "no random effects for this term"
GAMLSS-RS iteration 1: Global Deviance = 1142.058 
GAMLSS-RS iteration 2: Global Deviance = 1141.958 
GAMLSS-RS iteration 3: Global Deviance = 1141.922 
GAMLSS-RS iteration 4: Global Deviance = 1141.908 
GAMLSS-RS iteration 5: Global Deviance = 1141.903 
GAMLSS-RS iteration 6: Global Deviance = 1141.901 
GAMLSS-RS iteration 7: Global Deviance = 1141.901 
[1] "no random effects for this term"
[1] "no random effects for this term"
[1] "no random effects for this term"
[1] "no random effects for this term"
[1] "no random effects for this term"
[1] "no random effects for this term"
[1] "no random effects for this term"
[1] "no random effects for this term"
[1] "no random effects for this term"
[1] "lh_inferiorparietal_volume"
[1] "file exist"
[1] "no random effects for this term"
[1] "no random effects for this term"
GAMLSS-RS iteration 1: Global Deviance = 1208.267 
GAMLSS-RS iteration 2: Global Deviance = 1208.006 
GAMLSS-RS iteration 3: Global Deviance = 1207.926 
GAMLSS-RS iteration 4: Global Deviance = 1207.9 
GAMLSS-RS iteration 5: Global Deviance = 1207.891 
GAMLSS-RS iteration 6: Global Deviance = 1207.889 
GAMLSS-RS iteration 7: Global Deviance = 1207.888 
[1] "no random effects for this term"
[1] "no random effects for this term"
[1] "no random effects for this term"
[1] "no random effects for this term"
[1] "no random effects for this term"
[1] "no random effects for this term"
[1] "no random effects for this term"
[1] "no random effects for this term"
[1] "no random effects for this term"
[1] "lh_inferiortemporal_volume"
[1] "file exist"
[1] "no random effects for this term"
GAMLSS-RS iteration 1: Global Deviance = 1163.818 
GAMLSS-RS iteration 2: Global Deviance = 1163.452 
GAMLSS-RS iteration 3: Global Deviance = 1163.317 
GAMLSS-RS iteration 4: Global Deviance = 1163.267 
GAMLSS-RS iteration 5: Global Deviance = 1163.249 
GAMLSS-RS iteration 6: Global Deviance = 1163.242 
GAMLSS-RS iteration 7: Global Deviance = 1163.24 
GAMLSS-RS iteration 8: Global Deviance = 1163.239 
[1] "no random effects for this term"
[1] "no random effects for this term"
[1] "no random effects for this term"
[1] "no random effects for this term"
[1] "no random effects for this term"
[1] "no random effects for this term"
[1] "lh_isthmuscingulate_volume"
[1] "file exist"
[1] "no random effects for this term"
[1] "no random effects for this term"
GAMLSS-RS iteration 1: Global Deviance = 966.5645 
GAMLSS-RS iteration 2: Global Deviance = 966.5616 
GAMLSS-RS iteration 3: Global Deviance = 966.5612 
[1] "no random effects for this term"
[1] "no random effects for this term"
[1] "no random effects for this term"
[1] "no random effects for this term"
[1] "no random effects for this term"
[1] "no random effects for this term"
[1] "no random effects for this term"
[1] "no random effects for this term"
[1] "no random effects for this term"
[1] "lh_lateraloccipital_volume"
[1] "file exist"
[1] "no random effects for this term"
GAMLSS-RS iteration 1: Global Deviance = 1147.817 
GAMLSS-RS iteration 2: Global Deviance = 1146.049 
GAMLSS-RS iteration 3: Global Deviance = 1145.283 
GAMLSS-RS iteration 4: Global Deviance = 1144.932 
GAMLSS-RS iteration 5: Global Deviance = 1144.77 
GAMLSS-RS iteration 6: Global Deviance = 1144.69 
GAMLSS-RS iteration 7: Global Deviance = 1144.651 
GAMLSS-RS iteration 8: Global Deviance = 1144.63 
GAMLSS-RS iteration 9: Global Deviance = 1144.62 
GAMLSS-RS iteration 10: Global Deviance = 1144.615 
GAMLSS-RS iteration 11: Global Deviance = 1144.612 
GAMLSS-RS iteration 12: Global Deviance = 1144.61 
GAMLSS-RS iteration 13: Global Deviance = 1144.61 
[1] "no random effects for this term"
[1] "no random effects for this term"
[1] "no random effects for this term"
[1] "no random effects for this term"
[1] "no random effects for this term"
[1] "no random effects for this term"
[1] "lh_lateralorbitofrontal_volume"
[1] "file exist"
[1] "no random effects for this term"
GAMLSS-RS iteration 1: Global Deviance = 1086.715 
GAMLSS-RS iteration 2: Global Deviance = 1086.706 
GAMLSS-RS iteration 3: Global Deviance = 1086.701 
GAMLSS-RS iteration 4: Global Deviance = 1086.7 
GAMLSS-RS iteration 5: Global Deviance = 1086.699 
[1] "no random effects for this term"
[1] "no random effects for this term"
[1] "no random effects for this term"
[1] "no random effects for this term"
[1] "no random effects for this term"
[1] "no random effects for this term"
[1] "lh_lingual_volume"
[1] "file exist"
[1] "no random effects for this term"
[1] "no random effects for this term"
GAMLSS-RS iteration 1: Global Deviance = 1130.52 
GAMLSS-RS iteration 2: Global Deviance = 1130.192 
GAMLSS-RS iteration 3: Global Deviance = 1130.061 
GAMLSS-RS iteration 4: Global Deviance = 1130.008 
GAMLSS-RS iteration 5: Global Deviance = 1129.986 
GAMLSS-RS iteration 6: Global Deviance = 1129.976 
GAMLSS-RS iteration 7: Global Deviance = 1129.973 
GAMLSS-RS iteration 8: Global Deviance = 1129.971 
GAMLSS-RS iteration 9: Global Deviance = 1129.97 
[1] "no random effects for this term"
[1] "no random effects for this term"
[1] "no random effects for this term"
[1] "no random effects for this term"
[1] "no random effects for this term"
[1] "no random effects for this term"
[1] "no random effects for this term"
[1] "no random effects for this term"
[1] "no random effects for this term"
[1] "lh_medialorbitofrontal_volume"
[1] "file exist"
[1] "no random effects for this term"
GAMLSS-RS iteration 1: Global Deviance = 1050.265 
GAMLSS-RS iteration 2: Global Deviance = 1050.299 
GAMLSS-RS iteration 3: Global Deviance = 1050.291 
GAMLSS-RS iteration 4: Global Deviance = 1050.29 
[1] "no random effects for this term"
[1] "no random effects for this term"
[1] "no random effects for this term"
[1] "no random effects for this term"
[1] "no random effects for this term"
[1] "no random effects for this term"
[1] "lh_middletemporal_volume"
[1] "file exist"
[1] "no random effects for this term"
GAMLSS-RS iteration 1: Global Deviance = 1188.441 
GAMLSS-RS iteration 2: Global Deviance = 1188.005 
GAMLSS-RS iteration 3: Global Deviance = 1187.792 
GAMLSS-RS iteration 4: Global Deviance = 1187.685 
GAMLSS-RS iteration 5: Global Deviance = 1187.632 
GAMLSS-RS iteration 6: Global Deviance = 1187.605 
GAMLSS-RS iteration 7: Global Deviance = 1187.59 
GAMLSS-RS iteration 8: Global Deviance = 1187.583 
GAMLSS-RS iteration 9: Global Deviance = 1187.579 
GAMLSS-RS iteration 10: Global Deviance = 1187.577 
GAMLSS-RS iteration 11: Global Deviance = 1187.576 
GAMLSS-RS iteration 12: Global Deviance = 1187.575 
[1] "no random effects for this term"
[1] "no random effects for this term"
[1] "no random effects for this term"
[1] "no random effects for this term"
[1] "no random effects for this term"
[1] "no random effects for this term"
[1] "lh_parahippocampal_volume"
[1] "file exist"
[1] "no random effects for this term"
[1] "no random effects for this term"
GAMLSS-RS iteration 1: Global Deviance = 956.4559 
GAMLSS-RS iteration 2: Global Deviance = 956.3765 
GAMLSS-RS iteration 3: Global Deviance = 956.3531 
GAMLSS-RS iteration 4: Global Deviance = 956.3458 
GAMLSS-RS iteration 5: Global Deviance = 956.3435 
GAMLSS-RS iteration 6: Global Deviance = 956.3428 
[1] "no random effects for this term"
[1] "no random effects for this term"
[1] "no random effects for this term"
[1] "no random effects for this term"
[1] "no random effects for this term"
[1] "no random effects for this term"
[1] "no random effects for this term"
[1] "no random effects for this term"
[1] "no random effects for this term"
[1] "lh_paracentral_volume"
[1] "file exist"
[1] "no random effects for this term"
GAMLSS-RS iteration 1: Global Deviance = 1040.458 
GAMLSS-RS iteration 2: Global Deviance = 1038.55 
GAMLSS-RS iteration 3: Global Deviance = 1037.632 
GAMLSS-RS iteration 4: Global Deviance = 1037.148 
GAMLSS-RS iteration 5: Global Deviance = 1036.876 
GAMLSS-RS iteration 6: Global Deviance = 1036.717 
GAMLSS-RS iteration 7: Global Deviance = 1036.619 
GAMLSS-RS iteration 8: Global Deviance = 1036.558 
GAMLSS-RS iteration 9: Global Deviance = 1036.519 
GAMLSS-RS iteration 10: Global Deviance = 1036.493 
GAMLSS-RS iteration 11: Global Deviance = 1036.476 
GAMLSS-RS iteration 12: Global Deviance = 1036.465 
GAMLSS-RS iteration 13: Global Deviance = 1036.458 
GAMLSS-RS iteration 14: Global Deviance = 1036.453 
GAMLSS-RS iteration 15: Global Deviance = 1036.449 
GAMLSS-RS iteration 16: Global Deviance = 1036.447 
GAMLSS-RS iteration 17: Global Deviance = 1036.445 
GAMLSS-RS iteration 18: Global Deviance = 1036.444 
GAMLSS-RS iteration 19: Global Deviance = 1036.444 
[1] "no random effects for this term"
[1] "no random effects for this term"
[1] "no random effects for this term"
[1] "no random effects for this term"
[1] "no random effects for this term"
[1] "no random effects for this term"
[1] "lh_parsopercularis_volume"
[1] "file exist"
[1] "no random effects for this term"
[1] "no random effects for this term"
GAMLSS-RS iteration 1: Global Deviance = 1111.1 
GAMLSS-RS iteration 2: Global Deviance = 1110.812 
GAMLSS-RS iteration 3: Global Deviance = 1110.702 
GAMLSS-RS iteration 4: Global Deviance = 1110.66 
GAMLSS-RS iteration 5: Global Deviance = 1110.644 
GAMLSS-RS iteration 6: Global Deviance = 1110.638 
GAMLSS-RS iteration 7: Global Deviance = 1110.636 
GAMLSS-RS iteration 8: Global Deviance = 1110.635 
[1] "no random effects for this term"
[1] "no random effects for this term"
[1] "no random effects for this term"
[1] "no random effects for this term"
[1] "no random effects for this term"
[1] "no random effects for this term"
[1] "no random effects for this term"
[1] "no random effects for this term"
[1] "no random effects for this term"
[1] "lh_parsorbitalis_volume"
[1] "file exist"
[1] "no random effects for this term"
GAMLSS-RS iteration 1: Global Deviance = 984.6557 
GAMLSS-RS iteration 2: Global Deviance = 983.0447 
GAMLSS-RS iteration 3: Global Deviance = 982.2913 
GAMLSS-RS iteration 4: Global Deviance = 981.9105 
GAMLSS-RS iteration 5: Global Deviance = 981.7084 
GAMLSS-RS iteration 6: Global Deviance = 981.5952 
GAMLSS-RS iteration 7: Global Deviance = 981.53 
GAMLSS-RS iteration 8: Global Deviance = 981.4918 
GAMLSS-RS iteration 9: Global Deviance = 981.4692 
GAMLSS-RS iteration 10: Global Deviance = 981.4556 
GAMLSS-RS iteration 11: Global Deviance = 981.4473 
GAMLSS-RS iteration 12: Global Deviance = 981.4422 
GAMLSS-RS iteration 13: Global Deviance = 981.4391 
GAMLSS-RS iteration 14: Global Deviance = 981.4372 
GAMLSS-RS iteration 15: Global Deviance = 981.4361 
GAMLSS-RS iteration 16: Global Deviance = 981.4353 
[1] "no random effects for this term"
[1] "no random effects for this term"
[1] "no random effects for this term"
[1] "no random effects for this term"
[1] "no random effects for this term"
[1] "no random effects for this term"
[1] "lh_parstriangularis_volume"
[1] "file exist"
[1] "no random effects for this term"
[1] "no random effects for this term"
GAMLSS-RS iteration 1: Global Deviance = 1066.244 
GAMLSS-RS iteration 2: Global Deviance = 1066.23 
GAMLSS-RS iteration 3: Global Deviance = 1066.223 
GAMLSS-RS iteration 4: Global Deviance = 1066.22 
GAMLSS-RS iteration 5: Global Deviance = 1066.219 
GAMLSS-RS iteration 6: Global Deviance = 1066.218 
[1] "no random effects for this term"
[1] "no random effects for this term"
[1] "no random effects for this term"
[1] "no random effects for this term"
[1] "no random effects for this term"
[1] "no random effects for this term"
[1] "no random effects for this term"
[1] "no random effects for this term"
[1] "no random effects for this term"
[1] "lh_pericalcarine_volume"
[1] "file exist"
[1] "no random effects for this term"
[1] "no random effects for this term"
GAMLSS-RS iteration 1: Global Deviance = 1022.472 
GAMLSS-RS iteration 2: Global Deviance = 1021.81 
GAMLSS-RS iteration 3: Global Deviance = 1021.584 
GAMLSS-RS iteration 4: Global Deviance = 1021.441 
GAMLSS-RS iteration 5: Global Deviance = 1021.349 
GAMLSS-RS iteration 6: Global Deviance = 1021.287 
GAMLSS-RS iteration 7: Global Deviance = 1021.244 
GAMLSS-RS iteration 8: Global Deviance = 1021.215 
GAMLSS-RS iteration 9: Global Deviance = 1021.194 
GAMLSS-RS iteration 10: Global Deviance = 1021.181 
GAMLSS-RS iteration 11: Global Deviance = 1021.171 
GAMLSS-RS iteration 12: Global Deviance = 1021.163 
GAMLSS-RS iteration 13: Global Deviance = 1021.158 
GAMLSS-RS iteration 14: Global Deviance = 1021.153 
GAMLSS-RS iteration 15: Global Deviance = 1021.15 
GAMLSS-RS iteration 16: Global Deviance = 1021.148 
GAMLSS-RS iteration 17: Global Deviance = 1021.146 
GAMLSS-RS iteration 18: Global Deviance = 1021.145 
GAMLSS-RS iteration 19: Global Deviance = 1021.144 
[1] "no random effects for this term"
[1] "no random effects for this term"
[1] "no random effects for this term"
[1] "no random effects for this term"
[1] "no random effects for this term"
[1] "no random effects for this term"
[1] "no random effects for this term"
[1] "no random effects for this term"
[1] "no random effects for this term"
[1] "lh_postcentral_volume"
[1] "file exist"
[1] "no random effects for this term"
GAMLSS-RS iteration 1: Global Deviance = 1134.249 
GAMLSS-RS iteration 2: Global Deviance = 1134.13 
GAMLSS-RS iteration 3: Global Deviance = 1134.08 
GAMLSS-RS iteration 4: Global Deviance = 1134.058 
GAMLSS-RS iteration 5: Global Deviance = 1134.048 
GAMLSS-RS iteration 6: Global Deviance = 1134.044 
GAMLSS-RS iteration 7: Global Deviance = 1134.042 
GAMLSS-RS iteration 8: Global Deviance = 1134.041 
[1] "no random effects for this term"
[1] "no random effects for this term"
[1] "no random effects for this term"
[1] "no random effects for this term"
[1] "no random effects for this term"
[1] "no random effects for this term"
[1] "lh_posteriorcingulate_volume"
[1] "file exist"
[1] "no random effects for this term"
[1] "no random effects for this term"
GAMLSS-RS iteration 1: Global Deviance = 1028.065 
GAMLSS-RS iteration 2: Global Deviance = 1024.031 
GAMLSS-RS iteration 3: Global Deviance = 1023.476 
GAMLSS-RS iteration 4: Global Deviance = 1023.298 
GAMLSS-RS iteration 5: Global Deviance = 1023.172 
GAMLSS-RS iteration 6: Global Deviance = 1023.07 
GAMLSS-RS iteration 7: Global Deviance = 1022.986 
GAMLSS-RS iteration 8: Global Deviance = 1022.915 
GAMLSS-RS iteration 9: Global Deviance = 1022.855 
GAMLSS-RS iteration 10: Global Deviance = 1022.804 
GAMLSS-RS iteration 11: Global Deviance = 1022.761 
GAMLSS-RS iteration 12: Global Deviance = 1022.728 
GAMLSS-RS iteration 13: Global Deviance = 1022.699 
GAMLSS-RS iteration 14: Global Deviance = 1022.674 
GAMLSS-RS iteration 15: Global Deviance = 1022.652 
GAMLSS-RS iteration 16: Global Deviance = 1022.633 
GAMLSS-RS iteration 17: Global Deviance = 1022.617 
GAMLSS-RS iteration 18: Global Deviance = 1022.602 
GAMLSS-RS iteration 19: Global Deviance = 1022.59 
GAMLSS-RS iteration 20: Global Deviance = 1022.579 
[1] "no random effects for this term"
[1] "no random effects for this term"
[1] "no random effects for this term"
[1] "no random effects for this term"
[1] "no random effects for this term"
[1] "no random effects for this term"
[1] "no random effects for this term"
[1] "no random effects for this term"
[1] "no random effects for this term"
[1] "lh_precentral_volume"
[1] "file exist"
[1] "no random effects for this term"
GAMLSS-RS iteration 1: Global Deviance = 1164.004 
GAMLSS-RS iteration 2: Global Deviance = 1162.55 
GAMLSS-RS iteration 3: Global Deviance = 1161.986 
GAMLSS-RS iteration 4: Global Deviance = 1161.755 
GAMLSS-RS iteration 5: Global Deviance = 1161.656 
GAMLSS-RS iteration 6: Global Deviance = 1161.613 
GAMLSS-RS iteration 7: Global Deviance = 1161.593 
GAMLSS-RS iteration 8: Global Deviance = 1161.584 
GAMLSS-RS iteration 9: Global Deviance = 1161.58 
GAMLSS-RS iteration 10: Global Deviance = 1161.579 
GAMLSS-RS iteration 11: Global Deviance = 1161.578 
[1] "no random effects for this term"
[1] "no random effects for this term"
[1] "no random effects for this term"
[1] "no random effects for this term"
[1] "no random effects for this term"
[1] "no random effects for this term"
[1] "lh_precuneus_volume"
[1] "file exist"
[1] "no random effects for this term"
GAMLSS-RS iteration 1: Global Deviance = 1162.767 
GAMLSS-RS iteration 2: Global Deviance = 1162.484 
GAMLSS-RS iteration 3: Global Deviance = 1162.393 
GAMLSS-RS iteration 4: Global Deviance = 1162.363 
GAMLSS-RS iteration 5: Global Deviance = 1162.352 
GAMLSS-RS iteration 6: Global Deviance = 1162.349 
GAMLSS-RS iteration 7: Global Deviance = 1162.348 
GAMLSS-RS iteration 8: Global Deviance = 1162.347 
[1] "no random effects for this term"
[1] "no random effects for this term"
[1] "no random effects for this term"
[1] "no random effects for this term"
[1] "no random effects for this term"
[1] "no random effects for this term"
[1] "lh_rostralanteriorcingulate_volume"
[1] "file exist"
[1] "no random effects for this term"
[1] "no random effects for this term"
GAMLSS-RS iteration 1: Global Deviance = 1056.651 
GAMLSS-RS iteration 2: Global Deviance = 1056.646 
GAMLSS-RS iteration 3: Global Deviance = 1056.644 
GAMLSS-RS iteration 4: Global Deviance = 1056.643 
[1] "no random effects for this term"
[1] "no random effects for this term"
[1] "no random effects for this term"
[1] "no random effects for this term"
[1] "no random effects for this term"
[1] "no random effects for this term"
[1] "no random effects for this term"
[1] "no random effects for this term"
[1] "no random effects for this term"
[1] "lh_rostralmiddlefrontal_volume"
[1] "file exist"
[1] "no random effects for this term"
GAMLSS-RS iteration 1: Global Deviance = 1231.702 
GAMLSS-RS iteration 2: Global Deviance = 1228.136 
GAMLSS-RS iteration 3: Global Deviance = 1227.491 
GAMLSS-RS iteration 4: Global Deviance = 1227.919 
GAMLSS-RS iteration 5: Global Deviance = 1227.836 
GAMLSS-RS iteration 6: Global Deviance = 1227.719 
GAMLSS-RS iteration 7: Global Deviance = 1227.663 
GAMLSS-RS iteration 8: Global Deviance = 1227.635 
GAMLSS-RS iteration 9: Global Deviance = 1227.62 
GAMLSS-RS iteration 10: Global Deviance = 1227.612 
GAMLSS-RS iteration 11: Global Deviance = 1227.609 
GAMLSS-RS iteration 12: Global Deviance = 1227.606 
GAMLSS-RS iteration 13: Global Deviance = 1227.605 
GAMLSS-RS iteration 14: Global Deviance = 1227.604 
[1] "no random effects for this term"
[1] "no random effects for this term"
[1] "no random effects for this term"
[1] "no random effects for this term"
[1] "no random effects for this term"
[1] "no random effects for this term"
[1] "lh_superiorfrontal_volume"
[1] "file exist"
[1] "no random effects for this term"
GAMLSS-RS iteration 1: Global Deviance = 1273.709 
GAMLSS-RS iteration 2: Global Deviance = 1273.64 
GAMLSS-RS iteration 3: Global Deviance = 1273.61 
GAMLSS-RS iteration 4: Global Deviance = 1273.598 
GAMLSS-RS iteration 5: Global Deviance = 1273.592 
GAMLSS-RS iteration 6: Global Deviance = 1273.59 
GAMLSS-RS iteration 7: Global Deviance = 1273.589 
[1] "no random effects for this term"
[1] "no random effects for this term"
[1] "no random effects for this term"
[1] "no random effects for this term"
[1] "no random effects for this term"
[1] "no random effects for this term"
[1] "lh_superiorparietal_volume"
[1] "file exist"
[1] "no random effects for this term"
GAMLSS-RS iteration 1: Global Deviance = 1207.035 
GAMLSS-RS iteration 2: Global Deviance = 1206.546 
GAMLSS-RS iteration 3: Global Deviance = 1206.43 
GAMLSS-RS iteration 4: Global Deviance = 1206.405 
GAMLSS-RS iteration 5: Global Deviance = 1206.4 
GAMLSS-RS iteration 6: Global Deviance = 1206.398 
GAMLSS-RS iteration 7: Global Deviance = 1206.398 
[1] "no random effects for this term"
[1] "no random effects for this term"
[1] "no random effects for this term"
[1] "no random effects for this term"
[1] "no random effects for this term"
[1] "no random effects for this term"
[1] "lh_superiortemporal_volume"
[1] "file exist"
[1] "no random effects for this term"
[1] "no random effects for this term"
GAMLSS-RS iteration 1: Global Deviance = 1174.503 
GAMLSS-RS iteration 2: Global Deviance = 1174.162 
GAMLSS-RS iteration 3: Global Deviance = 1174.032 
GAMLSS-RS iteration 4: Global Deviance = 1173.981 
GAMLSS-RS iteration 5: Global Deviance = 1173.961 
GAMLSS-RS iteration 6: Global Deviance = 1173.953 
GAMLSS-RS iteration 7: Global Deviance = 1173.95 
GAMLSS-RS iteration 8: Global Deviance = 1173.949 
GAMLSS-RS iteration 9: Global Deviance = 1173.948 
[1] "no random effects for this term"
[1] "no random effects for this term"
[1] "no random effects for this term"
[1] "no random effects for this term"
[1] "no random effects for this term"
[1] "no random effects for this term"
[1] "no random effects for this term"
[1] "no random effects for this term"
[1] "no random effects for this term"
[1] "lh_supramarginal_volume"
[1] "file exist"
[1] "no random effects for this term"
[1] "no random effects for this term"
GAMLSS-RS iteration 1: Global Deviance = 1214.329 
GAMLSS-RS iteration 2: Global Deviance = 1213.599 
GAMLSS-RS iteration 3: Global Deviance = 1213.316 
GAMLSS-RS iteration 4: Global Deviance = 1213.202 
GAMLSS-RS iteration 5: Global Deviance = 1213.154 
GAMLSS-RS iteration 6: Global Deviance = 1213.134 
GAMLSS-RS iteration 7: Global Deviance = 1213.126 
GAMLSS-RS iteration 8: Global Deviance = 1213.122 
GAMLSS-RS iteration 9: Global Deviance = 1213.12 
GAMLSS-RS iteration 10: Global Deviance = 1213.119 
[1] "no random effects for this term"
[1] "no random effects for this term"
[1] "no random effects for this term"
[1] "no random effects for this term"
[1] "no random effects for this term"
[1] "no random effects for this term"
[1] "no random effects for this term"
[1] "no random effects for this term"
[1] "no random effects for this term"
[1] "lh_frontalpole_volume"
[1] "file exist"
[1] "no random effects for this term"
GAMLSS-RS iteration 1: Global Deviance = 876.6409 
GAMLSS-RS iteration 2: Global Deviance = 876.5866 
GAMLSS-RS iteration 3: Global Deviance = 876.5602 
GAMLSS-RS iteration 4: Global Deviance = 876.5465 
GAMLSS-RS iteration 5: Global Deviance = 876.5399 
GAMLSS-RS iteration 6: Global Deviance = 876.5365 
GAMLSS-RS iteration 7: Global Deviance = 876.5349 
