Host: node5
Start: Wed Apr  8 07:27:30 PM CST 2026
[1] "GMV"
inter_row length: 29 
[1] "no random effects for nu"
[1] "sGMV"
inter_row length: 29 
[1] "no random effects for nu"
[1] "WMV"
inter_row length: 29 
[1] "no random effects for mu"
[1] "no random effects for nu"
[1] "Ventricles"
inter_row length: 29 
[1] "no random effects for mu"
[1] "no random effects for sigma"
[1] "no random effects for nu"
[1] "TCV"
inter_row length: 29 
[1] "no random effects for nu"
[1] "mean_thickness"
inter_row length: 29 
[1] "no random effects for nu"
[1] "total_surface_arrea"
inter_row length: 29 
[1] "no random effects for sigma"
[1] "no random effects for nu"
[1] "Left.Thalamus"
inter_row length: 0 
WARNING: no intersection, skipping
[1] "Left.Caudate"
inter_row length: 0 
WARNING: no intersection, skipping
[1] "Left.Putamen"
inter_row length: 0 
WARNING: no intersection, skipping
[1] "Left.Pallidum"
inter_row length: 0 
WARNING: no intersection, skipping
[1] "Brain.Stem"
[1] "Left.Hippocampus"
inter_row length: 0 
WARNING: no intersection, skipping
[1] "Left.Amygdala"
inter_row length: 0 
WARNING: no intersection, skipping
[1] "Left.Accumbens.area"
inter_row length: 0 
WARNING: no intersection, skipping
[1] "Left.VentralDC"
inter_row length: 0 
WARNING: no intersection, skipping
[1] "Right.Thalamus"
inter_row length: 0 
WARNING: no intersection, skipping
[1] "Right.Caudate"
inter_row length: 0 
WARNING: no intersection, skipping
[1] "Right.Putamen"
inter_row length: 0 
WARNING: no intersection, skipping
[1] "Right.Pallidum"
inter_row length: 0 
WARNING: no intersection, skipping
[1] "Right.Hippocampus"
inter_row length: 0 
WARNING: no intersection, skipping
[1] "Right.Amygdala"
inter_row length: 0 
WARNING: no intersection, skipping
[1] "Right.Accumbens.area"
inter_row length: 0 
WARNING: no intersection, skipping
[1] "Right.VentralDC"
inter_row length: 0 
WARNING: no intersection, skipping
[1] "cerebellum_WM"
[1] "cerebellum_GM"
[1] "cerebellum_total"
[1] "lh_bankssts_volume"
inter_row length: 29 
[1] "no random effects for mu"
[1] "no random effects for sigma"
[1] "no random effects for nu"
[1] "lh_caudalanteriorcingulate_volume"
inter_row length: 29 
[1] "no random effects for mu"
[1] "no random effects for sigma"
[1] "no random effects for nu"
[1] "lh_caudalmiddlefrontal_volume"
inter_row length: 29 
[1] "no random effects for sigma"
[1] "no random effects for nu"
[1] "lh_cuneus_volume"
inter_row length: 29 
[1] "no random effects for mu"
[1] "no random effects for sigma"
[1] "no random effects for nu"
[1] "lh_entorhinal_volume"
inter_row length: 29 
[1] "no random effects for sigma"
[1] "no random effects for nu"
[1] "lh_fusiform_volume"
inter_row length: 29 
[1] "no random effects for mu"
[1] "no random effects for sigma"
[1] "no random effects for nu"
[1] "lh_inferiorparietal_volume"
inter_row length: 29 
[1] "no random effects for mu"
[1] "no random effects for sigma"
[1] "no random effects for nu"
[1] "lh_inferiortemporal_volume"
inter_row length: 29 
[1] "no random effects for sigma"
[1] "no random effects for nu"
[1] "lh_isthmuscingulate_volume"
inter_row length: 29 
[1] "no random effects for mu"
[1] "no random effects for sigma"
[1] "no random effects for nu"
[1] "lh_lateraloccipital_volume"
inter_row length: 29 
[1] "no random effects for sigma"
[1] "no random effects for nu"
[1] "lh_lateralorbitofrontal_volume"
inter_row length: 29 
[1] "no random effects for sigma"
[1] "no random effects for nu"
[1] "lh_lingual_volume"
inter_row length: 29 
[1] "no random effects for mu"
[1] "no random effects for sigma"
[1] "no random effects for nu"
[1] "lh_medialorbitofrontal_volume"
inter_row length: 29 
[1] "no random effects for sigma"
[1] "no random effects for nu"
[1] "lh_middletemporal_volume"
inter_row length: 29 
[1] "no random effects for sigma"
[1] "no random effects for nu"
[1] "lh_parahippocampal_volume"
inter_row length: 29 
[1] "no random effects for mu"
[1] "no random effects for sigma"
[1] "no random effects for nu"
[1] "lh_paracentral_volume"
inter_row length: 29 
[1] "no random effects for sigma"
[1] "no random effects for nu"
[1] "lh_parsopercularis_volume"
inter_row length: 29 
[1] "no random effects for mu"
[1] "no random effects for sigma"
[1] "no random effects for nu"
[1] "lh_parsorbitalis_volume"
inter_row length: 29 
[1] "no random effects for sigma"
[1] "no random effects for nu"
[1] "lh_parstriangularis_volume"
inter_row length: 29 
[1] "no random effects for mu"
[1] "no random effects for sigma"
[1] "no random effects for nu"
[1] "lh_pericalcarine_volume"
inter_row length: 29 
[1] "no random effects for mu"
[1] "no random effects for sigma"
[1] "no random effects for nu"
[1] "lh_postcentral_volume"
inter_row length: 29 
[1] "no random effects for sigma"
[1] "no random effects for nu"
[1] "lh_posteriorcingulate_volume"
inter_row length: 29 
[1] "no random effects for mu"
[1] "no random effects for sigma"
[1] "no random effects for nu"
[1] "lh_precentral_volume"
inter_row length: 29 
[1] "no random effects for sigma"
[1] "no random effects for nu"
[1] "lh_precuneus_volume"
inter_row length: 29 
[1] "no random effects for sigma"
[1] "no random effects for nu"
[1] "lh_rostralanteriorcingulate_volume"
inter_row length: 29 
[1] "no random effects for mu"
[1] "no random effects for sigma"
[1] "no random effects for nu"
[1] "lh_rostralmiddlefrontal_volume"
inter_row length: 29 
[1] "no random effects for sigma"
[1] "no random effects for nu"
[1] "lh_superiorfrontal_volume"
inter_row length: 29 
[1] "no random effects for sigma"
[1] "no random effects for nu"
[1] "lh_superiorparietal_volume"
inter_row length: 29 
[1] "no random effects for sigma"
[1] "no random effects for nu"
[1] "lh_superiortemporal_volume"
inter_row length: 29 
[1] "no random effects for mu"
[1] "no random effects for sigma"
[1] "no random effects for nu"
[1] "lh_supramarginal_volume"
inter_row length: 29 
[1] "no random effects for mu"
[1] "no random effects for sigma"
[1] "no random effects for nu"
[1] "lh_frontalpole_volume"
inter_row length: 29 
[1] "no random effects for sigma"
[1] "no random effects for nu"
[1] "lh_temporalpole_volume"
inter_row length: 29 
[1] "no random effects for sigma"
[1] "no random effects for nu"
[1] "lh_transversetemporal_volume"
inter_row length: 29 
[1] "no random effects for mu"
[1] "no random effects for sigma"
[1] "no random effects for nu"
[1] "lh_insula_volume"
inter_row length: 29 
[1] "no random effects for mu"
[1] "no random effects for sigma"
[1] "no random effects for nu"
[1] "rh_bankssts_volume"
inter_row length: 29 
[1] "no random effects for mu"
[1] "no random effects for sigma"
[1] "no random effects for nu"
[1] "rh_caudalanteriorcingulate_volume"
inter_row length: 29 
[1] "no random effects for mu"
[1] "no random effects for sigma"
[1] "no random effects for nu"
[1] "rh_caudalmiddlefrontal_volume"
inter_row length: 29 
[1] "no random effects for mu"
[1] "no random effects for sigma"
[1] "no random effects for nu"
[1] "rh_cuneus_volume"
inter_row length: 29 
[1] "no random effects for sigma"
[1] "no random effects for nu"
[1] "rh_entorhinal_volume"
inter_row length: 29 
[1] "no random effects for sigma"
[1] "no random effects for nu"
[1] "rh_fusiform_volume"
inter_row length: 29 
[1] "no random effects for mu"
[1] "no random effects for sigma"
[1] "no random effects for nu"
[1] "rh_inferiorparietal_volume"
inter_row length: 29 
[1] "no random effects for mu"
[1] "no random effects for sigma"
[1] "no random effects for nu"
[1] "rh_inferiortemporal_volume"
inter_row length: 29 
[1] "no random effects for mu"
[1] "no random effects for sigma"
[1] "no random effects for nu"
[1] "rh_isthmuscingulate_volume"
inter_row length: 29 
[1] "no random effects for mu"
[1] "no random effects for sigma"
[1] "no random effects for nu"
[1] "rh_lateraloccipital_volume"
inter_row length: 29 
[1] "no random effects for mu"
[1] "no random effects for sigma"
[1] "no random effects for nu"
[1] "rh_lateralorbitofrontal_volume"
inter_row length: 29 
[1] "no random effects for sigma"
[1] "no random effects for nu"
[1] "rh_lingual_volume"
inter_row length: 29 
[1] "no random effects for mu"
[1] "no random effects for sigma"
[1] "no random effects for nu"
[1] "rh_medialorbitofrontal_volume"
inter_row length: 29 
[1] "no random effects for sigma"
[1] "no random effects for nu"
[1] "rh_middletemporal_volume"
inter_row length: 29 
[1] "no random effects for sigma"
[1] "no random effects for nu"
[1] "rh_parahippocampal_volume"
inter_row length: 29 
[1] "no random effects for mu"
[1] "no random effects for sigma"
[1] "no random effects for nu"
[1] "rh_paracentral_volume"
inter_row length: 29 
[1] "no random effects for sigma"
[1] "no random effects for nu"
[1] "rh_parsopercularis_volume"
inter_row length: 29 
[1] "no random effects for nu"
[1] "rh_parsorbitalis_volume"
inter_row length: 29 
[1] "no random effects for sigma"
[1] "no random effects for nu"
[1] "rh_parstriangularis_volume"
inter_row length: 29 
[1] "no random effects for mu"
[1] "no random effects for sigma"
[1] "no random effects for nu"
[1] "rh_pericalcarine_volume"
inter_row length: 29 
[1] "no random effects for mu"
[1] "no random effects for sigma"
[1] "no random effects for nu"
[1] "rh_postcentral_volume"
inter_row length: 29 
[1] "no random effects for sigma"
[1] "no random effects for nu"
[1] "rh_posteriorcingulate_volume"
inter_row length: 29 
[1] "no random effects for mu"
[1] "no random effects for sigma"
[1] "no random effects for nu"
[1] "rh_precentral_volume"
inter_row length: 29 
[1] "no random effects for sigma"
[1] "no random effects for nu"
[1] "rh_precuneus_volume"
inter_row length: 29 
[1] "no random effects for mu"
[1] "no random effects for sigma"
[1] "no random effects for nu"
[1] "rh_rostralanteriorcingulate_volume"
inter_row length: 29 
[1] "no random effects for mu"
[1] "no random effects for sigma"
[1] "no random effects for nu"
[1] "rh_rostralmiddlefrontal_volume"
inter_row length: 29 
[1] "no random effects for nu"
[1] "rh_superiorfrontal_volume"
inter_row length: 29 
[1] "no random effects for sigma"
[1] "no random effects for nu"
[1] "rh_superiorparietal_volume"
inter_row length: 29 
[1] "no random effects for sigma"
[1] "no random effects for nu"
[1] "rh_superiortemporal_volume"
inter_row length: 29 
[1] "no random effects for sigma"
[1] "no random effects for nu"
[1] "rh_supramarginal_volume"
inter_row length: 29 
[1] "no random effects for mu"
[1] "no random effects for sigma"
[1] "no random effects for nu"
[1] "rh_frontalpole_volume"
inter_row length: 29 
[1] "no random effects for sigma"
[1] "no random effects for nu"
[1] "rh_temporalpole_volume"
inter_row length: 29 
[1] "no random effects for mu"
[1] "no random effects for sigma"
[1] "no random effects for nu"
[1] "rh_transversetemporal_volume"
inter_row length: 29 
[1] "no random effects for sigma"
[1] "no random effects for nu"
[1] "rh_insula_volume"
inter_row length: 29 
[1] "no random effects for mu"
[1] "no random effects for sigma"
[1] "no random effects for nu"
[1] "lh_bankssts_thickness"
inter_row length: 29 
[1] "no random effects for sigma"
[1] "no random effects for nu"
[1] "lh_caudalanteriorcingulate_thickness"
inter_row length: 29 
[1] "no random effects for mu"
[1] "no random effects for sigma"
[1] "no random effects for nu"
[1] "lh_caudalmiddlefrontal_thickness"
inter_row length: 29 
[1] "no random effects for sigma"
[1] "no random effects for nu"
[1] "lh_cuneus_thickness"
inter_row length: 29 
[1] "no random effects for sigma"
[1] "no random effects for nu"
[1] "lh_entorhinal_thickness"
inter_row length: 29 
[1] "no random effects for sigma"
[1] "no random effects for nu"
[1] "lh_fusiform_thickness"
inter_row length: 29 
[1] "no random effects for sigma"
[1] "no random effects for nu"
[1] "lh_inferiorparietal_thickness"
inter_row length: 29 
[1] "no random effects for sigma"
[1] "no random effects for nu"
[1] "lh_inferiortemporal_thickness"
inter_row length: 29 
[1] "no random effects for sigma"
[1] "no random effects for nu"
[1] "lh_isthmuscingulate_thickness"
inter_row length: 29 
[1] "no random effects for nu"
[1] "lh_lateraloccipital_thickness"
inter_row length: 29 
[1] "no random effects for sigma"
[1] "no random effects for nu"
[1] "lh_lateralorbitofrontal_thickness"
inter_row length: 29 
[1] "no random effects for sigma"
[1] "no random effects for nu"
[1] "lh_lingual_thickness"
inter_row length: 29 
[1] "no random effects for sigma"
[1] "no random effects for nu"
[1] "lh_medialorbitofrontal_thickness"
inter_row length: 29 
[1] "no random effects for sigma"
[1] "no random effects for nu"
[1] "lh_middletemporal_thickness"
inter_row length: 29 
[1] "no random effects for sigma"
[1] "no random effects for nu"
[1] "lh_parahippocampal_thickness"
inter_row length: 29 
[1] "no random effects for sigma"
[1] "no random effects for nu"
[1] "lh_paracentral_thickness"
inter_row length: 29 
[1] "no random effects for sigma"
[1] "no random effects for nu"
[1] "lh_parsopercularis_thickness"
inter_row length: 29 
[1] "no random effects for sigma"
[1] "no random effects for nu"
[1] "lh_parsorbitalis_thickness"
inter_row length: 29 
[1] "no random effects for sigma"
[1] "no random effects for nu"
[1] "lh_parstriangularis_thickness"
inter_row length: 29 
[1] "no random effects for sigma"
[1] "no random effects for nu"
[1] "lh_pericalcarine_thickness"
inter_row length: 29 
[1] "no random effects for nu"
[1] "lh_postcentral_thickness"
inter_row length: 29 
[1] "no random effects for nu"
[1] "lh_posteriorcingulate_thickness"
inter_row length: 29 
[1] "no random effects for nu"
[1] "lh_precentral_thickness"
inter_row length: 29 
[1] "no random effects for sigma"
[1] "no random effects for nu"
[1] "lh_precuneus_thickness"
inter_row length: 29 
[1] "no random effects for sigma"
[1] "no random effects for nu"
[1] "lh_rostralanteriorcingulate_thickness"
inter_row length: 29 
[1] "no random effects for sigma"
[1] "no random effects for nu"
[1] "lh_rostralmiddlefrontal_thickness"
inter_row length: 29 
[1] "no random effects for sigma"
[1] "no random effects for nu"
[1] "lh_superiorfrontal_thickness"
inter_row length: 29 
[1] "no random effects for sigma"
[1] "no random effects for nu"
[1] "lh_superiorparietal_thickness"
inter_row length: 29 
[1] "no random effects for sigma"
[1] "no random effects for nu"
[1] "lh_superiortemporal_thickness"
inter_row length: 29 
[1] "no random effects for sigma"
[1] "no random effects for nu"
[1] "lh_supramarginal_thickness"
inter_row length: 29 
[1] "no random effects for sigma"
[1] "no random effects for nu"
[1] "lh_frontalpole_thickness"
inter_row length: 29 
[1] "no random effects for sigma"
[1] "no random effects for nu"
[1] "lh_temporalpole_thickness"
inter_row length: 29 
[1] "no random effects for sigma"
[1] "no random effects for nu"
[1] "lh_transversetemporal_thickness"
inter_row length: 29 
[1] "no random effects for sigma"
[1] "no random effects for nu"
[1] "lh_insula_thickness"
inter_row length: 29 
[1] "no random effects for sigma"
[1] "no random effects for nu"
[1] "rh_bankssts_thickness"
inter_row length: 29 
[1] "no random effects for mu"
[1] "no random effects for sigma"
[1] "no random effects for nu"
[1] "rh_caudalanteriorcingulate_thickness"
inter_row length: 29 
[1] "no random effects for sigma"
[1] "no random effects for nu"
[1] "rh_caudalmiddlefrontal_thickness"
inter_row length: 29 
[1] "no random effects for sigma"
[1] "no random effects for nu"
[1] "rh_cuneus_thickness"
inter_row length: 29 
[1] "no random effects for sigma"
[1] "no random effects for nu"
[1] "rh_entorhinal_thickness"
inter_row length: 29 
[1] "no random effects for sigma"
[1] "no random effects for nu"
[1] "rh_fusiform_thickness"
inter_row length: 29 
[1] "no random effects for sigma"
[1] "no random effects for nu"
[1] "rh_inferiorparietal_thickness"
inter_row length: 29 
[1] "no random effects for sigma"
[1] "no random effects for nu"
[1] "rh_inferiortemporal_thickness"
inter_row length: 29 
[1] "no random effects for sigma"
[1] "no random effects for nu"
[1] "rh_isthmuscingulate_thickness"
inter_row length: 29 
[1] "no random effects for nu"
[1] "rh_lateraloccipital_thickness"
inter_row length: 29 
[1] "no random effects for sigma"
[1] "no random effects for nu"
[1] "rh_lateralorbitofrontal_thickness"
inter_row length: 29 
[1] "no random effects for sigma"
[1] "no random effects for nu"
[1] "rh_lingual_thickness"
inter_row length: 29 
[1] "no random effects for sigma"
[1] "no random effects for nu"
[1] "rh_medialorbitofrontal_thickness"
inter_row length: 29 
[1] "no random effects for sigma"
[1] "no random effects for nu"
[1] "rh_middletemporal_thickness"
inter_row length: 29 
[1] "no random effects for sigma"
[1] "no random effects for nu"
[1] "rh_parahippocampal_thickness"
inter_row length: 29 
[1] "no random effects for sigma"
[1] "no random effects for nu"
[1] "rh_paracentral_thickness"
inter_row length: 29 
[1] "no random effects for sigma"
[1] "no random effects for nu"
[1] "rh_parsopercularis_thickness"
inter_row length: 29 
[1] "no random effects for sigma"
[1] "no random effects for nu"
[1] "rh_parsorbitalis_thickness"
inter_row length: 29 
[1] "no random effects for sigma"
[1] "no random effects for nu"
[1] "rh_parstriangularis_thickness"
inter_row length: 29 
[1] "no random effects for sigma"
[1] "no random effects for nu"
[1] "rh_pericalcarine_thickness"
inter_row length: 29 
[1] "no random effects for sigma"
[1] "no random effects for nu"
[1] "rh_postcentral_thickness"
inter_row length: 29 
[1] "no random effects for sigma"
[1] "no random effects for nu"
[1] "rh_posteriorcingulate_thickness"
inter_row length: 29 
[1] "no random effects for sigma"
[1] "no random effects for nu"
[1] "rh_precentral_thickness"
inter_row length: 29 
[1] "no random effects for sigma"
[1] "no random effects for nu"
[1] "rh_precuneus_thickness"
inter_row length: 29 
[1] "no random effects for sigma"
[1] "no random effects for nu"
[1] "rh_rostralanteriorcingulate_thickness"
inter_row length: 29 
[1] "no random effects for sigma"
[1] "no random effects for nu"
[1] "rh_rostralmiddlefrontal_thickness"
inter_row length: 29 
[1] "no random effects for sigma"
[1] "no random effects for nu"
[1] "rh_superiorfrontal_thickness"
inter_row length: 29 
[1] "no random effects for sigma"
[1] "no random effects for nu"
[1] "rh_superiorparietal_thickness"
inter_row length: 29 
[1] "no random effects for sigma"
[1] "no random effects for nu"
[1] "rh_superiortemporal_thickness"
inter_row length: 29 
[1] "no random effects for sigma"
[1] "no random effects for nu"
[1] "rh_supramarginal_thickness"
inter_row length: 29 
[1] "no random effects for sigma"
[1] "no random effects for nu"
[1] "rh_frontalpole_thickness"
inter_row length: 29 
[1] "no random effects for sigma"
[1] "no random effects for nu"
[1] "rh_temporalpole_thickness"
inter_row length: 29 
[1] "no random effects for sigma"
[1] "no random effects for nu"
[1] "rh_transversetemporal_thickness"
inter_row length: 29 
[1] "no random effects for sigma"
[1] "no random effects for nu"
[1] "rh_insula_thickness"
inter_row length: 29 
[1] "no random effects for sigma"
[1] "no random effects for nu"
[1] "lh_bankssts_area"
inter_row length: 29 
[1] "no random effects for sigma"
[1] "no random effects for nu"
[1] "lh_caudalanteriorcingulate_area"
inter_row length: 29 
[1] "no random effects for nu"
[1] "lh_caudalmiddlefrontal_area"
inter_row length: 29 
[1] "no random effects for mu"
[1] "no random effects for sigma"
[1] "no random effects for nu"
[1] "lh_cuneus_area"
inter_row length: 29 
[1] "no random effects for sigma"
[1] "no random effects for nu"
[1] "lh_entorhinal_area"
inter_row length: 29 
[1] "no random effects for sigma"
[1] "no random effects for nu"
[1] "lh_fusiform_area"
inter_row length: 29 
[1] "no random effects for mu"
[1] "no random effects for sigma"
[1] "no random effects for nu"
[1] "lh_inferiorparietal_area"
inter_row length: 29 
[1] "no random effects for mu"
[1] "no random effects for sigma"
[1] "no random effects for nu"
[1] "lh_inferiortemporal_area"
inter_row length: 29 
[1] "no random effects for mu"
[1] "no random effects for sigma"
[1] "no random effects for nu"
[1] "lh_isthmuscingulate_area"
inter_row length: 29 
[1] "no random effects for mu"
[1] "no random effects for nu"
[1] "lh_lateraloccipital_area"
inter_row length: 29 
[1] "no random effects for mu"
[1] "no random effects for sigma"
[1] "no random effects for nu"
[1] "lh_lateralorbitofrontal_area"
inter_row length: 29 
[1] "no random effects for sigma"
[1] "no random effects for nu"
[1] "lh_lingual_area"
inter_row length: 29 
[1] "no random effects for mu"
[1] "no random effects for sigma"
[1] "no random effects for nu"
[1] "lh_medialorbitofrontal_area"
inter_row length: 29 
[1] "no random effects for sigma"
[1] "no random effects for nu"
[1] "lh_middletemporal_area"
inter_row length: 29 
[1] "no random effects for mu"
[1] "no random effects for sigma"
[1] "no random effects for nu"
[1] "lh_parahippocampal_area"
inter_row length: 29 
[1] "no random effects for mu"
[1] "no random effects for sigma"
[1] "no random effects for nu"
[1] "lh_paracentral_area"
inter_row length: 29 
[1] "no random effects for sigma"
[1] "no random effects for nu"
[1] "lh_parsopercularis_area"
inter_row length: 29 
[1] "no random effects for nu"
[1] "lh_parsorbitalis_area"
inter_row length: 29 
[1] "no random effects for mu"
[1] "no random effects for sigma"
[1] "no random effects for nu"
[1] "lh_parstriangularis_area"
inter_row length: 29 
[1] "no random effects for mu"
[1] "no random effects for sigma"
[1] "no random effects for nu"
[1] "lh_pericalcarine_area"
inter_row length: 29 
[1] "no random effects for mu"
[1] "no random effects for sigma"
[1] "no random effects for nu"
[1] "lh_postcentral_area"
inter_row length: 29 
[1] "no random effects for mu"
[1] "no random effects for sigma"
[1] "no random effects for nu"
[1] "lh_posteriorcingulate_area"
inter_row length: 29 
[1] "no random effects for mu"
[1] "no random effects for sigma"
[1] "no random effects for nu"
[1] "lh_precentral_area"
inter_row length: 29 
[1] "no random effects for mu"
[1] "no random effects for sigma"
[1] "no random effects for nu"
[1] "lh_precuneus_area"
inter_row length: 29 
[1] "no random effects for mu"
[1] "no random effects for sigma"
[1] "no random effects for nu"
[1] "lh_rostralanteriorcingulate_area"
inter_row length: 29 
[1] "no random effects for mu"
[1] "no random effects for sigma"
[1] "no random effects for nu"
[1] "lh_rostralmiddlefrontal_area"
inter_row length: 29 
[1] "no random effects for mu"
[1] "no random effects for sigma"
[1] "no random effects for nu"
[1] "lh_superiorfrontal_area"
inter_row length: 29 
[1] "no random effects for mu"
[1] "no random effects for sigma"
[1] "no random effects for nu"
[1] "lh_superiorparietal_area"
inter_row length: 29 
[1] "no random effects for mu"
[1] "no random effects for sigma"
[1] "no random effects for nu"
[1] "lh_superiortemporal_area"
inter_row length: 29 
[1] "no random effects for mu"
[1] "no random effects for sigma"
[1] "no random effects for nu"
[1] "lh_supramarginal_area"
inter_row length: 29 
[1] "no random effects for mu"
[1] "no random effects for sigma"
[1] "no random effects for nu"
[1] "lh_frontalpole_area"
inter_row length: 29 
[1] "no random effects for sigma"
[1] "no random effects for nu"
[1] "lh_temporalpole_area"
inter_row length: 29 
[1] "no random effects for mu"
[1] "no random effects for sigma"
[1] "no random effects for nu"
[1] "lh_transversetemporal_area"
inter_row length: 29 
[1] "no random effects for mu"
[1] "no random effects for sigma"
[1] "no random effects for nu"
[1] "lh_insula_area"
inter_row length: 29 
[1] "no random effects for sigma"
[1] "no random effects for nu"
[1] "rh_bankssts_area"
inter_row length: 29 
[1] "no random effects for mu"
[1] "no random effects for sigma"
[1] "no random effects for nu"
[1] "rh_caudalanteriorcingulate_area"
inter_row length: 29 
[1] "no random effects for mu"
[1] "no random effects for sigma"
[1] "no random effects for nu"
[1] "rh_caudalmiddlefrontal_area"
inter_row length: 29 
[1] "no random effects for mu"
[1] "no random effects for sigma"
[1] "no random effects for nu"
[1] "rh_cuneus_area"
inter_row length: 29 
[1] "no random effects for mu"
[1] "no random effects for sigma"
[1] "no random effects for nu"
[1] "rh_entorhinal_area"
inter_row length: 29 
[1] "no random effects for mu"
[1] "no random effects for sigma"
[1] "no random effects for nu"
[1] "rh_fusiform_area"
inter_row length: 29 
[1] "no random effects for mu"
[1] "no random effects for sigma"
[1] "no random effects for nu"
[1] "rh_inferiorparietal_area"
inter_row length: 29 
[1] "no random effects for mu"
[1] "no random effects for sigma"
[1] "no random effects for nu"
[1] "rh_inferiortemporal_area"
inter_row length: 29 
[1] "no random effects for mu"
[1] "no random effects for sigma"
[1] "no random effects for nu"
[1] "rh_isthmuscingulate_area"
inter_row length: 29 
[1] "no random effects for mu"
[1] "no random effects for sigma"
[1] "no random effects for nu"
[1] "rh_lateraloccipital_area"
inter_row length: 29 
[1] "no random effects for mu"
[1] "no random effects for sigma"
[1] "no random effects for nu"
[1] "rh_lateralorbitofrontal_area"
inter_row length: 29 
[1] "no random effects for sigma"
[1] "no random effects for nu"
[1] "rh_lingual_area"
inter_row length: 29 
[1] "no random effects for mu"
[1] "no random effects for sigma"
[1] "no random effects for nu"
[1] "rh_medialorbitofrontal_area"
inter_row length: 29 
[1] "no random effects for sigma"
[1] "no random effects for nu"
[1] "rh_middletemporal_area"
inter_row length: 29 
[1] "no random effects for mu"
[1] "no random effects for sigma"
[1] "no random effects for nu"
[1] "rh_parahippocampal_area"
inter_row length: 29 
[1] "no random effects for mu"
[1] "no random effects for sigma"
[1] "no random effects for nu"
[1] "rh_paracentral_area"
inter_row length: 29 
[1] "no random effects for mu"
[1] "no random effects for sigma"
[1] "no random effects for nu"
[1] "rh_parsopercularis_area"
inter_row length: 29 
[1] "no random effects for mu"
[1] "no random effects for sigma"
[1] "no random effects for nu"
[1] "rh_parsorbitalis_area"
inter_row length: 29 
[1] "no random effects for mu"
[1] "no random effects for sigma"
[1] "no random effects for nu"
[1] "rh_parstriangularis_area"
inter_row length: 29 
[1] "no random effects for mu"
[1] "no random effects for sigma"
[1] "no random effects for nu"
[1] "rh_pericalcarine_area"
inter_row length: 29 
[1] "no random effects for mu"
[1] "no random effects for sigma"
[1] "no random effects for nu"
[1] "rh_postcentral_area"
inter_row length: 29 
[1] "no random effects for mu"
[1] "no random effects for sigma"
[1] "no random effects for nu"
[1] "rh_posteriorcingulate_area"
inter_row length: 29 
[1] "no random effects for mu"
[1] "no random effects for sigma"
[1] "no random effects for nu"
[1] "rh_precentral_area"
inter_row length: 29 
[1] "no random effects for mu"
[1] "no random effects for sigma"
[1] "no random effects for nu"
[1] "rh_precuneus_area"
inter_row length: 29 
[1] "no random effects for mu"
[1] "no random effects for sigma"
[1] "no random effects for nu"
[1] "rh_rostralanteriorcingulate_area"
inter_row length: 29 
[1] "no random effects for mu"
[1] "no random effects for sigma"
[1] "no random effects for nu"
[1] "rh_rostralmiddlefrontal_area"
inter_row length: 29 
[1] "no random effects for mu"
[1] "no random effects for sigma"
[1] "no random effects for nu"
[1] "rh_superiorfrontal_area"
inter_row length: 29 
[1] "no random effects for mu"
[1] "no random effects for sigma"
[1] "no random effects for nu"
[1] "rh_superiorparietal_area"
inter_row length: 29 
[1] "no random effects for mu"
[1] "no random effects for sigma"
[1] "no random effects for nu"
[1] "rh_superiortemporal_area"
inter_row length: 29 
[1] "no random effects for mu"
[1] "no random effects for sigma"
[1] "no random effects for nu"
[1] "rh_supramarginal_area"
inter_row length: 29 
[1] "no random effects for mu"
[1] "no random effects for sigma"
[1] "no random effects for nu"
[1] "rh_frontalpole_area"
inter_row length: 29 
[1] "no random effects for sigma"
[1] "no random effects for nu"
[1] "rh_temporalpole_area"
inter_row length: 29 
[1] "no random effects for mu"
[1] "no random effects for sigma"
[1] "no random effects for nu"
[1] "rh_transversetemporal_area"
inter_row length: 29 
[1] "no random effects for mu"
[1] "no random effects for sigma"
[1] "no random effects for nu"
[1] "rh_insula_area"
inter_row length: 29 
[1] "no random effects for mu"
[1] "no random effects for sigma"
[1] "no random effects for nu"
End: Wed Apr  8 08:29:09 PM CST 2026
