Host: node1
Start: Sun Apr 26 12:48:34 AM CST 2026
TMPDIR: /data/home/tqi/data1/share/after_freesurfer/CODE/NBS/tmp
Subjects included: 204 
Diagnosis counts:

 TD  DD 
112  92 
AgeGroup counts:

Child Adult 
  117    87 
Sex counts:

Female   Male 
   108     96 
Diagnosis x AgeGroup x Sex counts:
          Female Male
                     
TD Child      25   26
   Adult      45   16
DD Child      21   45
   Adult      17    9
Network matrix dimension: 204 x 50403 

==============================
Running: DK318_MIND_full_Diagnosis_by_AgeGroup_by_Sex 
Model: ~ Diagnosis * AgeGroup * Sex 
Permutations: 10 
thrP: 0.01 
==============================
Computing observed stats (setting 95 cluster cores).
Computing permutated stats (setting 95 cluster cores).
Permutation progress: ....
Computing observed stats (setting 95 cluster cores).
Computing p.adjust.method.

==============================
Running planned contrast NBS: Child_Female_DD_vs_TD 
Contrast: DD - TD at AgeGroup = Child , Sex = Female 
Model: ~ Diagnosis * AgeGroup * Sex 
Permutations: 10 
thrP: 0.01 
==============================
Permutation 10 of 10 

==============================
Running planned contrast NBS: Child_Male_DD_vs_TD 
Contrast: DD - TD at AgeGroup = Child , Sex = Male 
Model: ~ Diagnosis * AgeGroup * Sex 
Permutations: 10 
thrP: 0.01 
==============================
Permutation 10 of 10 

==============================
Running planned contrast NBS: Adult_Female_DD_vs_TD 
Contrast: DD - TD at AgeGroup = Adult , Sex = Female 
Model: ~ Diagnosis * AgeGroup * Sex 
Permutations: 10 
thrP: 0.01 
==============================
Permutation 10 of 10 

==============================
Running planned contrast NBS: Adult_Male_DD_vs_TD 
Contrast: DD - TD at AgeGroup = Adult , Sex = Male 
Model: ~ Diagnosis * AgeGroup * Sex 
Permutations: 10 
thrP: 0.01 
==============================
Permutation 10 of 10 
No FWE-significant component for  Adult_Male_DD_vs_TD 

All analyses finished. Results saved to:
 /data/home/tqi/data1/share/after_freesurfer/FILE/test_mean_1.5/MIND_DK318_NBS 
Tables saved to:
 /data/home/tqi/data1/share/after_freesurfer/FILE/test_mean_1.5/MIND_DK318_NBS/tables 
Figures saved to:
 /data/home/tqi/data1/share/after_freesurfer/FILE/test_mean_1.5/MIND_DK318_NBS/figures 
BrainNet files saved to:
 /data/home/tqi/data1/share/after_freesurfer/FILE/test_mean_1.5/MIND_DK318_NBS/brainnet_files 
End: Sun Apr 26 01:05:05 AM CST 2026
