Warning messages:
1: In value[[3L]](cond) :
  Failed to export per-analysis tables for overall_TD_gt_DD: Must use existing variables.
✖ `strn` not found in `.data`.
2: In value[[3L]](cond) :
  Failed to export per-analysis tables for Adult_TD_gt_DD: Must use existing variables.
✖ `strn` not found in `.data`.
3: In value[[3L]](cond) :
  Failed to export per-analysis tables for Child_TD_gt_DD: Must use existing variables.
✖ `strn` not found in `.data`.
4: In value[[3L]](cond) :
  Failed to export per-analysis tables for Adult_Female_TD_gt_DD: Must use existing variables.
✖ `strn` not found in `.data`.
5: In value[[3L]](cond) :
  Failed to export per-analysis tables for Adult_Male_DD_gt_TD: Must use existing variables.
✖ `strn` not found in `.data`.
6: In value[[3L]](cond) :
  Failed to export per-analysis tables for Child_Female_TD_gt_DD: Must use existing variables.
✖ `strn` not found in `.data`.
7: In value[[3L]](cond) :
  Failed to export per-analysis tables for Child_Male_TD_gt_DD: Must use existing variables.
✖ `strn` not found in `.data`.
Failed to query server: Transport endpoint is not connected
Warning message:
In system("timedatectl", intern = TRUE) :
  running command 'timedatectl' had status 1
