Host: node1
Start: Tue Apr 28 09:25:05 AM CST 2026
TMPDIR: /data/home/tqi/data1/share/after_freesurfer/CODE/NBS/tmp
NBR_ANALYSIS_MODE: debug
Subjects included: 204 
Diagnosis counts:

 TD  DD 
112  92 
AgeGroup counts:

Child Adult 
  117    87 
Sex counts:

Female   Male 
   108     96 
Diagnosis x AgeGroup x Sex counts:
          Female Male
                     
TD Child      25   26
   Adult      45   16
DD Child      21   45
   Adult      17    9
Network matrix dimension: 204 x 50403 

==============================
Running NBR: NBR_Adult_DD_gt_TD 
Model: ~ D + Age_c 
Alternative: lower 
Permutations: 10 
thrP: 0.01 
==============================
Computing observed stats (setting 95 cluster cores).
Computing permutated stats (setting 95 cluster cores).
Permutation progress: ....

==============================
Running NBR: NBR_Adult_TD_gt_DD 
Model: ~ D + Age_c 
Alternative: greater 
Permutations: 10 
thrP: 0.01 
==============================
Computing observed stats (setting 95 cluster cores).
Computing permutated stats (setting 95 cluster cores).
Permutation progress: ....

==============================
Running NBR: NBR_Child_DD_gt_TD 
Model: ~ D + Age_c 
Alternative: lower 
Permutations: 10 
thrP: 0.01 
==============================
Computing observed stats (setting 95 cluster cores).
Computing permutated stats (setting 95 cluster cores).
Permutation progress: ....

==============================
Running NBR: NBR_Child_TD_gt_DD 
Model: ~ D + Age_c 
Alternative: greater 
Permutations: 10 
thrP: 0.01 
==============================
Computing observed stats (setting 95 cluster cores).
Computing permutated stats (setting 95 cluster cores).
Permutation progress: ....

==============================
Running NBR: NBR_Adult_Female_DD_gt_TD 
Model: ~ D + Age_c 
Alternative: lower 
Permutations: 10 
thrP: 0.01 
==============================
Computing observed stats (setting 95 cluster cores).
Computing permutated stats (setting 95 cluster cores).
Permutation progress: ....

==============================
Running NBR: NBR_Adult_Female_TD_gt_DD 
Model: ~ D + Age_c 
Alternative: greater 
Permutations: 10 
thrP: 0.01 
==============================
Computing observed stats (setting 95 cluster cores).
Computing permutated stats (setting 95 cluster cores).
Permutation progress: ....

==============================
Running NBR: NBR_Adult_Male_DD_gt_TD 
Model: ~ D + Age_c 
Alternative: lower 
Permutations: 10 
thrP: 0.01 
==============================
Computing observed stats (setting 95 cluster cores).
Computing permutated stats (setting 95 cluster cores).
Permutation progress: ....

==============================
Running NBR: NBR_Adult_Male_TD_gt_DD 
Model: ~ D + Age_c 
Alternative: greater 
Permutations: 10 
thrP: 0.01 
==============================
Computing observed stats (setting 95 cluster cores).
Computing permutated stats (setting 95 cluster cores).
Permutation progress: ....

==============================
Running NBR: NBR_Child_Female_DD_gt_TD 
Model: ~ D + Age_c 
Alternative: lower 
Permutations: 10 
thrP: 0.01 
==============================
Computing observed stats (setting 95 cluster cores).
Computing permutated stats (setting 95 cluster cores).
Permutation progress: ....

==============================
Running NBR: NBR_Child_Female_TD_gt_DD 
Model: ~ D + Age_c 
Alternative: greater 
Permutations: 10 
thrP: 0.01 
==============================
Computing observed stats (setting 95 cluster cores).
Computing permutated stats (setting 95 cluster cores).
Permutation progress: ....

==============================
Running NBR: NBR_Child_Male_DD_gt_TD 
Model: ~ D + Age_c 
Alternative: lower 
Permutations: 10 
thrP: 0.01 
==============================
Computing observed stats (setting 95 cluster cores).
Computing permutated stats (setting 95 cluster cores).
Permutation progress: ....

==============================
Running NBR: NBR_Child_Male_TD_gt_DD 
Model: ~ D + Age_c 
Alternative: greater 
Permutations: 10 
thrP: 0.01 
==============================
Computing observed stats (setting 95 cluster cores).
Computing permutated stats (setting 95 cluster cores).
Permutation progress: ....
No FWE-significant component for  Adult_DD_gt_TD 
No FWE-significant component for  Child_DD_gt_TD 
No FWE-significant component for  Adult_Female_DD_gt_TD 
No FWE-significant component for  Adult_Male_DD_gt_TD 
No FWE-significant component for  Child_Female_DD_gt_TD 
No FWE-significant component for  Child_Male_DD_gt_TD 

All analyses finished. Results saved to:
 /data/home/tqi/data1/share/after_freesurfer/FILE/test_mean_1.5/MIND_DK318_NBS 
Tables saved to:
 /data/home/tqi/data1/share/after_freesurfer/FILE/test_mean_1.5/MIND_DK318_NBS/tables 
BrainNet files saved to:
 /data/home/tqi/data1/share/after_freesurfer/FILE/test_mean_1.5/MIND_DK318_NBS/brainnet_files 
NBR R analysis finished. Submitting Python plotting shell...
