Host: node3
Start: Thu Apr 23 01:47:30 AM UTC 2026
TMPDIR: /data/home/tqi/data1/share/after_freesurfer/CODE/NBS/tmp
Subjects included: 204 
Diagnosis counts:

 TD  DD 
112  92 
AgeGroup counts:

Child Adult 
  117    87 
Diagnosis x AgeGroup counts:
    
     Child Adult
  TD    51    61
  DD    66    26
Sex counts:

Female   Male 
   108     96 
Network matrix dimension: 204 x 50403 

==============================
Running: DK318_MIND_main_Diagnosis_TD_vs_DD 
Model: ~ Diagnosis + AgeGroup + Sex 
Permutations: 10 
thrP: 0.01 
thrT: NULL 
==============================
Computing observed stats (setting 79 cluster cores).
Computing permutated stats (setting 79 cluster cores).
Permutation progress: ....
Computing observed stats (setting 79 cluster cores).
Computing p.adjust.method.

==============================
Running: DK318_MIND_interaction_Diagnosis_by_AgeGroup 
Model: ~ Diagnosis * AgeGroup + Sex 
Permutations: 10 
thrP: 0.01 
thrT: NULL 
==============================
Computing observed stats (setting 79 cluster cores).
Computing permutated stats (setting 79 cluster cores).
Permutation progress: ....
Computing observed stats (setting 79 cluster cores).
Computing p.adjust.method.

All analyses finished. Results saved to:
 /data/home/tqi/data1/share/after_freesurfer/FILE/test_mean_1.5/MIND_DK318_NBS 
End: Thu Apr 23 03:06:48 AM UTC 2026
