Start: Thu Apr 23 03:07:00 AM UTC 2026
Host: node3
Working directory: /data/home/tqi/data1/share/after_freesurfer/CODE/DM_MD_LAN_network
当前工作目录: /data/home/tqi/data1/share/after_freesurfer
0 files missing from root.txt in /data/home/tqi/data1/share/after_freesurfer/FILE
0 files missing from bem.txt in /data/home/tqi/data1/share/after_freesurfer/FILE/fsaverage
fsaverage dir: /data/home/tqi/data1/share/after_freesurfer/FILE/fsaverage

========== brain_regions_at_least_one_task_mean_gt_2 ==========
CSV: /data/home/tqi/data1/share/after_freesurfer/FILE/test_mean_1.5/DM_MD_LAN_network/brain_regions_at_least_one_task_mean_gt_2.csv
First column used: brain_region
Total requested regions: 45
LH requested ROIs: 38, matched annot names: 38
RH requested ROIs: 7, matched annot names: 7
LH unmatched examples: ['lh_bankssts_part1', 'lh_bankssts_part2', 'lh_fusiform_part1', 'lh_fusiform_part3', 'lh_fusiform_part4', 'lh_fusiform_part5', 'lh_fusiform_part6', 'lh_inferiorparietal_part5', 'lh_inferiorparietal_part7', 'lh_inferiortemporal_part2']
RH unmatched examples: ['rh_fusiform_part1', 'rh_fusiform_part4', 'rh_lateraloccipital_part7', 'rh_lateraloccipital_part9', 'rh_superiorparietal_part10', 'rh_superiortemporal_part1', 'rh_superiortemporal_part4']
Saved: /data/home/tqi/data1/share/after_freesurfer/FILE/test_mean_1.5/DM_MD_LAN_network/brain_region_table_brainmaps/brain_regions_at_least_one_task_mean_gt_2/brain_regions_at_least_one_task_mean_gt_2_regions_used.csv
Saved: /data/home/tqi/data1/share/after_freesurfer/FILE/test_mean_1.5/DM_MD_LAN_network/brain_region_table_brainmaps/brain_regions_at_least_one_task_mean_gt_2/brain_regions_at_least_one_task_mean_gt_2_lh_lateral.png
Saved: /data/home/tqi/data1/share/after_freesurfer/FILE/test_mean_1.5/DM_MD_LAN_network/brain_region_table_brainmaps/brain_regions_at_least_one_task_mean_gt_2/brain_regions_at_least_one_task_mean_gt_2_lh_medial.png
Saved: /data/home/tqi/data1/share/after_freesurfer/FILE/test_mean_1.5/DM_MD_LAN_network/brain_region_table_brainmaps/brain_regions_at_least_one_task_mean_gt_2/brain_regions_at_least_one_task_mean_gt_2_rh_lateral.png
Saved: /data/home/tqi/data1/share/after_freesurfer/FILE/test_mean_1.5/DM_MD_LAN_network/brain_region_table_brainmaps/brain_regions_at_least_one_task_mean_gt_2/brain_regions_at_least_one_task_mean_gt_2_rh_medial.png

========== brain_regions_at_least_two_tasks_mean_gt_2 ==========
CSV: /data/home/tqi/data1/share/after_freesurfer/FILE/test_mean_1.5/DM_MD_LAN_network/brain_regions_at_least_two_tasks_mean_gt_2.csv
First column used: brain_region
Total requested regions: 23
LH requested ROIs: 23, matched annot names: 23
RH requested ROIs: 0, matched annot names: 0
LH unmatched examples: ['lh_bankssts_part1', 'lh_bankssts_part2', 'lh_fusiform_part1', 'lh_fusiform_part3', 'lh_fusiform_part5', 'lh_fusiform_part6', 'lh_inferiorparietal_part5', 'lh_inferiortemporal_part2', 'lh_inferiortemporal_part5', 'lh_inferiortemporal_part6']
RH unmatched examples: []
Saved: /data/home/tqi/data1/share/after_freesurfer/FILE/test_mean_1.5/DM_MD_LAN_network/brain_region_table_brainmaps/brain_regions_at_least_two_tasks_mean_gt_2/brain_regions_at_least_two_tasks_mean_gt_2_regions_used.csv
Saved: /data/home/tqi/data1/share/after_freesurfer/FILE/test_mean_1.5/DM_MD_LAN_network/brain_region_table_brainmaps/brain_regions_at_least_two_tasks_mean_gt_2/brain_regions_at_least_two_tasks_mean_gt_2_lh_lateral.png
Saved: /data/home/tqi/data1/share/after_freesurfer/FILE/test_mean_1.5/DM_MD_LAN_network/brain_region_table_brainmaps/brain_regions_at_least_two_tasks_mean_gt_2/brain_regions_at_least_two_tasks_mean_gt_2_lh_medial.png
No matched regions for brain_regions_at_least_two_tasks_mean_gt_2 rh; saving background-only surface.
Saved: /data/home/tqi/data1/share/after_freesurfer/FILE/test_mean_1.5/DM_MD_LAN_network/brain_region_table_brainmaps/brain_regions_at_least_two_tasks_mean_gt_2/brain_regions_at_least_two_tasks_mean_gt_2_rh_lateral.png
No matched regions for brain_regions_at_least_two_tasks_mean_gt_2 rh; saving background-only surface.
Saved: /data/home/tqi/data1/share/after_freesurfer/FILE/test_mean_1.5/DM_MD_LAN_network/brain_region_table_brainmaps/brain_regions_at_least_two_tasks_mean_gt_2/brain_regions_at_least_two_tasks_mean_gt_2_rh_medial.png

========== alphabetic_structural ==========
CSV: /data/home/tqi/data1/share/after_freesurfer/FILE/test_mean_1.5/DM_MD_LAN_network/alphabetic_structural.csv
First column used: barin_region
Total requested regions: 23
LH requested ROIs: 10, matched annot names: 10
RH requested ROIs: 13, matched annot names: 13
LH unmatched examples: ['lh_inferiorparietal_part1', 'lh_inferiorparietal_part2', 'lh_inferiorparietal_part3', 'lh_inferiorparietal_part4', 'lh_inferiorparietal_part5', 'lh_inferiorparietal_part6', 'lh_inferiorparietal_part7', 'lh_inferiorparietal_part8', 'lh_inferiorparietal_part9', 'lh_parsorbitalis_part1']
RH unmatched examples: ['rh_middletemporal_part1', 'rh_middletemporal_part2', 'rh_middletemporal_part3', 'rh_middletemporal_part4', 'rh_middletemporal_part5', 'rh_middletemporal_part6', 'rh_superiortemporal_part1', 'rh_superiortemporal_part2', 'rh_superiortemporal_part3', 'rh_superiortemporal_part4']
Saved: /data/home/tqi/data1/share/after_freesurfer/FILE/test_mean_1.5/DM_MD_LAN_network/brain_region_table_brainmaps/alphabetic_structural/alphabetic_structural_regions_used.csv
Saved: /data/home/tqi/data1/share/after_freesurfer/FILE/test_mean_1.5/DM_MD_LAN_network/brain_region_table_brainmaps/alphabetic_structural/alphabetic_structural_lh_lateral.png
Saved: /data/home/tqi/data1/share/after_freesurfer/FILE/test_mean_1.5/DM_MD_LAN_network/brain_region_table_brainmaps/alphabetic_structural/alphabetic_structural_lh_medial.png
Saved: /data/home/tqi/data1/share/after_freesurfer/FILE/test_mean_1.5/DM_MD_LAN_network/brain_region_table_brainmaps/alphabetic_structural/alphabetic_structural_rh_lateral.png
Saved: /data/home/tqi/data1/share/after_freesurfer/FILE/test_mean_1.5/DM_MD_LAN_network/brain_region_table_brainmaps/alphabetic_structural/alphabetic_structural_rh_medial.png

========== morphosyllabic_functional ==========
CSV: /data/home/tqi/data1/share/after_freesurfer/FILE/test_mean_1.5/DM_MD_LAN_network/morphosyllabic_functional.csv
First column used: barin_region
Total requested regions: 79
LH requested ROIs: 56, matched annot names: 56
RH requested ROIs: 23, matched annot names: 23
LH unmatched examples: ['lh_caudalmiddlefrontal_part1', 'lh_caudalmiddlefrontal_part2', 'lh_caudalmiddlefrontal_part3', 'lh_caudalmiddlefrontal_part4', 'lh_inferiorparietal_part1', 'lh_inferiorparietal_part2', 'lh_inferiorparietal_part3', 'lh_inferiorparietal_part4', 'lh_inferiorparietal_part5', 'lh_inferiorparietal_part6']
RH unmatched examples: ['rh_middletemporal_part1', 'rh_middletemporal_part2', 'rh_middletemporal_part3', 'rh_middletemporal_part4', 'rh_middletemporal_part5', 'rh_middletemporal_part6', 'rh_postcentral_part1', 'rh_postcentral_part2', 'rh_postcentral_part3', 'rh_postcentral_part4']
Saved: /data/home/tqi/data1/share/after_freesurfer/FILE/test_mean_1.5/DM_MD_LAN_network/brain_region_table_brainmaps/morphosyllabic_functional/morphosyllabic_functional_regions_used.csv
Saved: /data/home/tqi/data1/share/after_freesurfer/FILE/test_mean_1.5/DM_MD_LAN_network/brain_region_table_brainmaps/morphosyllabic_functional/morphosyllabic_functional_lh_lateral.png
Saved: /data/home/tqi/data1/share/after_freesurfer/FILE/test_mean_1.5/DM_MD_LAN_network/brain_region_table_brainmaps/morphosyllabic_functional/morphosyllabic_functional_lh_medial.png
Saved: /data/home/tqi/data1/share/after_freesurfer/FILE/test_mean_1.5/DM_MD_LAN_network/brain_region_table_brainmaps/morphosyllabic_functional/morphosyllabic_functional_rh_lateral.png
Saved: /data/home/tqi/data1/share/after_freesurfer/FILE/test_mean_1.5/DM_MD_LAN_network/brain_region_table_brainmaps/morphosyllabic_functional/morphosyllabic_functional_rh_medial.png

========== morphosyllabic_structural ==========
CSV: /data/home/tqi/data1/share/after_freesurfer/FILE/test_mean_1.5/DM_MD_LAN_network/morphosyllabic_structural.csv
First column used: barin_region
Total requested regions: 77
LH requested ROIs: 51, matched annot names: 51
RH requested ROIs: 26, matched annot names: 26
LH unmatched examples: ['lh_caudalmiddlefrontal_part1', 'lh_caudalmiddlefrontal_part2', 'lh_caudalmiddlefrontal_part3', 'lh_caudalmiddlefrontal_part4', 'lh_inferiorparietal_part1', 'lh_inferiorparietal_part2', 'lh_inferiorparietal_part3', 'lh_inferiorparietal_part4', 'lh_inferiorparietal_part5', 'lh_inferiorparietal_part6']
RH unmatched examples: ['rh_inferiortemporal_part1', 'rh_inferiortemporal_part2', 'rh_inferiortemporal_part3', 'rh_inferiortemporal_part4', 'rh_inferiortemporal_part5', 'rh_inferiortemporal_part6', 'rh_middletemporal_part1', 'rh_middletemporal_part2', 'rh_middletemporal_part3', 'rh_middletemporal_part4']
Saved: /data/home/tqi/data1/share/after_freesurfer/FILE/test_mean_1.5/DM_MD_LAN_network/brain_region_table_brainmaps/morphosyllabic_structural/morphosyllabic_structural_regions_used.csv
Saved: /data/home/tqi/data1/share/after_freesurfer/FILE/test_mean_1.5/DM_MD_LAN_network/brain_region_table_brainmaps/morphosyllabic_structural/morphosyllabic_structural_lh_lateral.png
Saved: /data/home/tqi/data1/share/after_freesurfer/FILE/test_mean_1.5/DM_MD_LAN_network/brain_region_table_brainmaps/morphosyllabic_structural/morphosyllabic_structural_lh_medial.png
Saved: /data/home/tqi/data1/share/after_freesurfer/FILE/test_mean_1.5/DM_MD_LAN_network/brain_region_table_brainmaps/morphosyllabic_structural/morphosyllabic_structural_rh_lateral.png
Saved: /data/home/tqi/data1/share/after_freesurfer/FILE/test_mean_1.5/DM_MD_LAN_network/brain_region_table_brainmaps/morphosyllabic_structural/morphosyllabic_structural_rh_medial.png

========== alphabetic_functional ==========
CSV: /data/home/tqi/data1/share/after_freesurfer/FILE/test_mean_1.5/DM_MD_LAN_network/alphabetic_functional.csv
First column used: barin_region
Total requested regions: 57
LH requested ROIs: 41, matched annot names: 41
RH requested ROIs: 16, matched annot names: 16
LH unmatched examples: ['lh_fusiform_part1', 'lh_fusiform_part2', 'lh_fusiform_part3', 'lh_fusiform_part4', 'lh_fusiform_part5', 'lh_fusiform_part6', 'lh_inferiorparietal_part1', 'lh_inferiorparietal_part2', 'lh_inferiorparietal_part3', 'lh_inferiorparietal_part4']
RH unmatched examples: ['rh_lateraloccipital_part1', 'rh_lateraloccipital_part2', 'rh_lateraloccipital_part3', 'rh_lateraloccipital_part4', 'rh_lateraloccipital_part5', 'rh_lateraloccipital_part6', 'rh_lateraloccipital_part7', 'rh_lateraloccipital_part8', 'rh_lateraloccipital_part9', 'rh_superiortemporal_part1']
Saved: /data/home/tqi/data1/share/after_freesurfer/FILE/test_mean_1.5/DM_MD_LAN_network/brain_region_table_brainmaps/alphabetic_functional/alphabetic_functional_regions_used.csv
Saved: /data/home/tqi/data1/share/after_freesurfer/FILE/test_mean_1.5/DM_MD_LAN_network/brain_region_table_brainmaps/alphabetic_functional/alphabetic_functional_lh_lateral.png
Saved: /data/home/tqi/data1/share/after_freesurfer/FILE/test_mean_1.5/DM_MD_LAN_network/brain_region_table_brainmaps/alphabetic_functional/alphabetic_functional_lh_medial.png
Saved: /data/home/tqi/data1/share/after_freesurfer/FILE/test_mean_1.5/DM_MD_LAN_network/brain_region_table_brainmaps/alphabetic_functional/alphabetic_functional_rh_lateral.png
Saved: /data/home/tqi/data1/share/after_freesurfer/FILE/test_mean_1.5/DM_MD_LAN_network/brain_region_table_brainmaps/alphabetic_functional/alphabetic_functional_rh_medial.png
Saved: /data/home/tqi/data1/share/after_freesurfer/FILE/test_mean_1.5/DM_MD_LAN_network/brain_region_table_brainmaps/brain_region_table_brainmaps_summary.csv

脑图绘制完成。
End: Thu Apr 23 03:13:48 AM UTC 2026
