Start: Wed Apr 29 12:28:40 AM UTC 2026
Using edge table: /data/home/tqi/data1/share/after_freesurfer/FILE/test_mean_1.5/MIND_DK318_NBS/tables/NBR_ALL_edges_in_FWE_significant_components.csv
Using ROI metadata: /data/home/tqi/data1/share/after_freesurfer/FILE/test_mean_1.5/MIND_DK318_NBS/roi_metadata_with_mni_coordinates.csv
Saved: Adult_DD_gt_TD_Component_3_top50
Saved: Adult_Female_DD_gt_TD_Component_4_top50
Saved: Adult_Female_DD_gt_TD_Component_12_top1
Saved: Adult_Female_DD_gt_TD_Component_28_top1
Saved: Adult_Female_TD_gt_DD_Component_1_top50
Saved: Adult_Female_TD_gt_DD_Component_1_top50
Saved: Adult_Male_DD_gt_TD_Component_3_top50
Saved: Adult_Male_TD_gt_DD_Component_1_top50
Saved: Adult_Male_TD_gt_DD_Component_1_top50
Saved: Adult_TD_gt_DD_Component_1_top50
Saved: Adult_TD_gt_DD_Component_1_top50
Saved: Child_DD_gt_TD_Component_2_top50
Saved: Child_DD_gt_TD_Component_96_top1
Saved: Child_DD_gt_TD_Component_135_top1
Saved: Child_Female_DD_gt_TD_Component_2_top50
Saved: Child_Female_DD_gt_TD_Component_19_top1
Saved: Child_Female_DD_gt_TD_Component_50_top1
Saved: Child_Female_DD_gt_TD_Component_53_top1
Saved: Child_Female_DD_gt_TD_Component_131_top1
Saved: Child_Female_TD_gt_DD_Component_1_top50
Saved: Child_Female_TD_gt_DD_Component_1_top50
Saved: Child_Male_DD_gt_TD_Component_1_top50
Saved: Child_Male_DD_gt_TD_Component_243_top2
Saved: Child_Male_TD_gt_DD_Component_4_top50
Saved: Child_Male_TD_gt_DD_Component_4_top50
Saved: Child_TD_gt_DD_Component_1_top50
Saved: Child_TD_gt_DD_Component_1_top50
Saved: overall_DD_gt_TD_Component_4_top50
Saved: overall_TD_gt_DD_Component_1_top50
Saved: overall_TD_gt_DD_Component_1_top50
Finished. Wrote 30 figure(s) to /data/home/tqi/data1/share/after_freesurfer/FILE/test_mean_1.5/MIND_DK318_NBS/figures/component_top_connectome
End: Wed Apr 29 12:29:48 AM UTC 2026
