
Attaching package: ‘dplyr’

The following objects are masked from ‘package:stats’:

    filter, lag

The following objects are masked from ‘package:base’:

    intersect, setdiff, setequal, union

Loading required package: splines
Loading required package: gamlss.data

Attaching package: ‘gamlss.data’

The following object is masked from ‘package:datasets’:

    sleep

Loading required package: gamlss.dist
Loading required package: nlme

Attaching package: ‘nlme’

The following object is masked from ‘package:dplyr’:

    collapse

Loading required package: parallel
 **********   GAMLSS Version 5.5-0  ********** 
For more on GAMLSS look at https://www.gamlss.com/
Type gamlssNews() to see new features/changes/bug fixes.

New names:
• `` -> `...9`

