
Attaching package: ‘dplyr’

The following objects are masked from ‘package:stats’:

    filter, lag

The following objects are masked from ‘package:base’:

    intersect, setdiff, setequal, union

Loading required package: splines
Loading required package: gamlss.data

Attaching package: ‘gamlss.data’

The following object is masked from ‘package:datasets’:

    sleep

Loading required package: gamlss.dist
Loading required package: nlme

Attaching package: ‘nlme’

The following object is masked from ‘package:dplyr’:

    collapse

Loading required package: parallel
 **********   GAMLSS Version 5.5-0  ********** 
For more on GAMLSS look at https://www.gamlss.com/
Type gamlssNews() to see new features/changes/bug fixes.

New names:
• `` -> `...9`
Error in `mutate()`:
ℹ In argument: `Age = as.numeric(age)`.
Caused by error:
! object 'age' not found
Backtrace:
     ▆
  1. ├─... %>% filter(!is.na(Age), has_file == TRUE)
  2. ├─dplyr::filter(., !is.na(Age), has_file == TRUE)
  3. ├─dplyr::mutate(...)
  4. ├─dplyr:::mutate.data.frame(...)
  5. │ └─dplyr:::mutate_cols(.data, dplyr_quosures(...), by)
  6. │   ├─base::withCallingHandlers(...)
  7. │   └─dplyr:::mutate_col(dots[[i]], data, mask, new_columns)
  8. │     └─mask$eval_all_mutate(quo)
  9. │       └─dplyr (local) eval()
 10. └─base::.handleSimpleError(`<fn>`, "object 'age' not found", base::quote(NULL))
 11.   └─dplyr (local) h(simpleError(msg, call))
 12.     └─rlang::abort(message, class = error_class, parent = parent, call = error_call)
Execution halted

ERROR conda.cli.main_run:execute(49): `conda run Rscript GAMLSS_dk318_degree_edge.R` failed. (See above for error)
