Host: node5
Start: Mon Feb  2 01:49:15 PM CST 2026
Subjects in demo (after basic cleaning): 58 
Subjects with existing MIND csv: 58 
Missing subjects (demo has but file not): 0 
Detected ROI number: 318 
Number of edges (upper triangle): 50403 
Degree matrix: 58 x 318 
Edge matrix: 58 x 50403 

=== Running ROI-wise ANOVA (degree) ===
Degree features with NA p-values (Diagnosis): 0 
Significant Diagnosis (degree, FDR<0.05): 0 
Significant IQ (degree, FDR<0.05): 0 
Saved degree results: /data/home/tqi/data1/share/after_freesurfer/FILE/MIND_ANOVA_adult_with_IQ/ANOVA_DK318_degree_results.csv 

=== Running Edge-wise ANOVA (upper triangle) ===
Edge chunk 1 / 26 - edges: 2000 
Edge chunk 2 / 26 - edges: 2000 
Edge chunk 3 / 26 - edges: 2000 
Edge chunk 4 / 26 - edges: 2000 
Edge chunk 5 / 26 - edges: 2000 
Edge chunk 6 / 26 - edges: 2000 
Edge chunk 7 / 26 - edges: 2000 
Edge chunk 8 / 26 - edges: 2000 
Edge chunk 9 / 26 - edges: 2000 
Edge chunk 10 / 26 - edges: 2000 
Edge chunk 11 / 26 - edges: 2000 
Edge chunk 12 / 26 - edges: 2000 
Edge chunk 13 / 26 - edges: 2000 
Edge chunk 14 / 26 - edges: 2000 
Edge chunk 15 / 26 - edges: 2000 
Edge chunk 16 / 26 - edges: 2000 
Edge chunk 17 / 26 - edges: 2000 
Edge chunk 18 / 26 - edges: 2000 
Edge chunk 19 / 26 - edges: 2000 
Edge chunk 20 / 26 - edges: 2000 
Edge chunk 21 / 26 - edges: 2000 
Edge chunk 22 / 26 - edges: 2000 
Edge chunk 23 / 26 - edges: 2000 
Edge chunk 24 / 26 - edges: 2000 
Edge chunk 25 / 26 - edges: 2000 
Edge chunk 26 / 26 - edges: 403 
Edge features with NA p-values (Diagnosis): 0 
Significant Diagnosis (edges, FDR<0.05): 0 
Significant IQ (edges, FDR<0.05): 0 
Saved edge results: /data/home/tqi/data1/share/after_freesurfer/FILE/MIND_ANOVA_adult_with_IQ/ANOVA_DK318_edge_results.csv 

=== Generating significant results tables ===
No significant Diagnosis results for degree (FDR<0.05)
NULL
No significant Diagnosis results for edge (FDR<0.05)
NULL
No significant IQ results for degree (FDR<0.05)
NULL
No significant IQ results for edge (FDR<0.05)
NULL

DONE.
End: Mon Feb  2 01:55:17 PM CST 2026
