==== TEMP DEBUG INFO ====
Host: node3
PWD: /data/home/tqi/data1/share/after_freesurfer/CODE/analysis
TMPDIR(before): /tmp
--- env tmp vars ---
TMPDIR=/tmp
--- system tmp status ---
drwxrwxrwt 34 root root 2568192 Mar 25 10:01 /tmp
Filesystem                         Size  Used Avail Use% Mounted on
/dev/mapper/ubuntu--vg-ubuntu--lv   98G   94G     0 100% /
Filesystem                         Inodes  IUsed   IFree IUse% Mounted on
/dev/mapper/ubuntu--vg-ubuntu--lv 6553600 415764 6137836    7% /
--- current dir tmp status ---
drwxrwxr-x 2 1010 1010 10 Mar 25 10:16 tmp
Filesystem      Size  Used Avail Use% Mounted on
node1:/data1    419T  401T   18T  96% /data1
Filesystem         Inodes     IUsed      IFree IUse% Mounted on
node1:/data1   8984398336 302397497 8682000839    4% /data1
--- write test /tmp ---
write /tmp ok
--- write test local tmp ---
write local tmp ok
=========================
Host: node3
Start: Wed Mar 25 10:22:31 AM UTC 2026
TMPDIR: /data/home/tqi/data1/share/after_freesurfer/CODE/analysis/tmp
Subjects in demo: 246 
Subjects with matrix+degree csv: 246 
ROI number: 318 
Number of edges: 50403 
Degree matrix: 246 x 318 
Edge matrix: 246 x 50403 

=== Diagnostic ===
Diagnosis counts: TD=119, DD=127 
AgeGroup  counts: Child=127, Adult=119 
Sex       counts: Female=131, Male=115 
First ROI: n valid = 246 , var = 0.00020542 
Mean model coef colnames:  Estimate, Std. Error, t value, Pr(>|t|) 
Disp model coef colnames:  Estimate, Std. Error, t value, Pr(>|t|) 
DiagnosisDD mean p-value:  0.1116261 
dglm fit names:  coefficients, residuals, fitted.values, effects, weights, rank, assign, qr, df.residual, call, formula, terms, model, family, linear.predictors, prior.weights, contrasts, df.null, deviance, aic, null.deviance, y, dispersion.fit, iter, method, m2loglik 

=== Running DGLM (degree) ===
Significant mean Interaction (degree, FDR<0.05): 0 
Significant dispersion Interaction (degree, FDR<0.05): 0 
Saved: /data/home/tqi/data1/share/after_freesurfer/FILE/MIND_DGLM_DK318//DGLM_DK318_degree_results.csv 

=== Running DGLM (edges) ===
Edge chunk 1 / 26 
Edge chunk 2 / 26 
Edge chunk 3 / 26 
Edge chunk 4 / 26 
Edge chunk 5 / 26 
Edge chunk 6 / 26 
Edge chunk 7 / 26 
Edge chunk 8 / 26 
Edge chunk 9 / 26 
Edge chunk 10 / 26 
Edge chunk 11 / 26 
Edge chunk 12 / 26 
Edge chunk 13 / 26 
Edge chunk 14 / 26 
Edge chunk 15 / 26 
Edge chunk 16 / 26 
Edge chunk 17 / 26 
Edge chunk 18 / 26 
Edge chunk 19 / 26 
Edge chunk 20 / 26 
Edge chunk 21 / 26 
Edge chunk 22 / 26 
Edge chunk 23 / 26 
Edge chunk 24 / 26 
Edge chunk 25 / 26 
Edge chunk 26 / 26 
Significant mean Interaction (edges, FDR<0.05): 0 
Significant dispersion Interaction (edges, FDR<0.05): 0 
Saved: /data/home/tqi/data1/share/after_freesurfer/FILE/MIND_DGLM_DK318//DGLM_DK318_edge_results.csv 

==============================
Significant Degree Results (FDR < 0.05 )
==============================

[mean_Diagnosis] n_sig = 11
                      feature   n  p_raw  p_FDR
              lh_insula_part3 246 0.0004 0.0195
 rh_caudalmiddlefrontal_part1 246 0.0004 0.0195
    rh_inferiorparietal_part5 246 0.0003 0.0195
 rh_medialorbitofrontal_part3 246 0.0012 0.0342
          rh_precentral_part1 246 0.0005 0.0216
          rh_precentral_part5 246 0.0001 0.0058
          rh_precentral_part7 246 0.0000 0.0007
          rh_precentral_part8 246 0.0007 0.0231
       rh_supramarginal_part4 246 0.0002 0.0184
       rh_supramarginal_part6 246 0.0006 0.0223
              rh_insula_part3 246 0.0000 0.0014

[mean_AgeGroup] n_sig = 76
                           feature   n  p_raw  p_FDR
                 lh_bankssts_part1 246 0.0043 0.0284
                 lh_fusiform_part1 246 0.0020 0.0209
                 lh_fusiform_part3 246 0.0001 0.0031
         lh_inferiorparietal_part2 246 0.0005 0.0094
         lh_inferiorparietal_part6 246 0.0029 0.0233
         lh_inferiorparietal_part8 246 0.0005 0.0094
         lh_inferiorparietal_part9 246 0.0025 0.0230
         lh_inferiortemporal_part1 246 0.0078 0.0382
         lh_inferiortemporal_part5 246 0.0026 0.0230
         lh_inferiortemporal_part6 246 0.0026 0.0230
         lh_isthmuscingulate_part2 246 0.0035 0.0257
         lh_lateraloccipital_part1 246 0.0083 0.0400
         lh_lateraloccipital_part2 246 0.0003 0.0088
         lh_lateraloccipital_part3 246 0.0051 0.0297
         lh_lateraloccipital_part6 246 0.0004 0.0094
         lh_lateraloccipital_part7 246 0.0046 0.0289
     lh_lateralorbitofrontal_part1 246 0.0010 0.0141
     lh_lateralorbitofrontal_part3 246 0.0006 0.0094
     lh_lateralorbitofrontal_part4 246 0.0011 0.0141
      lh_medialorbitofrontal_part1 246 0.0085 0.0403
         lh_parstriangularis_part2 246 0.0020 0.0207
              lh_postcentral_part6 246 0.0039 0.0270
               lh_precentral_part3 246 0.0000 0.0003
               lh_precentral_part5 246 0.0000 0.0001
               lh_precentral_part7 246 0.0030 0.0234
     lh_rostralmiddlefrontal_part3 246 0.0068 0.0342
    lh_rostralmiddlefrontal_part10 246 0.0015 0.0180
    lh_rostralmiddlefrontal_part11 246 0.0046 0.0289
          lh_superiorfrontal_part1 246 0.0000 0.0009
          lh_superiorfrontal_part3 246 0.0006 0.0094
          lh_superiorfrontal_part4 246 0.0106 0.0450
          lh_superiorfrontal_part5 246 0.0006 0.0095
          lh_superiorfrontal_part6 246 0.0002 0.0068
          lh_superiorfrontal_part7 246 0.0049 0.0293
          lh_superiorfrontal_part8 246 0.0050 0.0293
          lh_superiorfrontal_part9 246 0.0102 0.0450
         lh_superiorfrontal_part11 246 0.0103 0.0450
            lh_supramarginal_part2 246 0.0012 0.0147
            lh_supramarginal_part5 246 0.0041 0.0277
              lh_frontalpole_part1 246 0.0115 0.0481
  rh_caudalanteriorcingulate_part1 246 0.0028 0.0233
                 rh_fusiform_part1 246 0.0057 0.0303
                 rh_fusiform_part2 246 0.0086 0.0403
                 rh_fusiform_part3 246 0.0105 0.0450
         rh_inferiorparietal_part3 246 0.0038 0.0267
         rh_inferiorparietal_part4 246 0.0000 0.0009
         rh_inferiorparietal_part6 246 0.0008 0.0117
         rh_inferiortemporal_part1 246 0.0062 0.0319
         rh_lateraloccipital_part2 246 0.0016 0.0181
         rh_lateraloccipital_part3 246 0.0057 0.0303
     rh_lateralorbitofrontal_part1 246 0.0054 0.0303
     rh_lateralorbitofrontal_part3 246 0.0000 0.0006
           rh_middletemporal_part5 246 0.0059 0.0309
          rh_parsopercularis_part3 246 0.0033 0.0247
            rh_parsorbitalis_part1 246 0.0016 0.0180
         rh_parstriangularis_part1 246 0.0036 0.0257
              rh_postcentral_part2 246 0.0008 0.0119
              rh_postcentral_part4 246 0.0056 0.0303
       rh_posteriorcingulate_part1 246 0.0072 0.0357
       rh_posteriorcingulate_part2 246 0.0028 0.0233
               rh_precentral_part3 246 0.0000 0.0006
               rh_precentral_part5 246 0.0000 0.0001
                rh_precuneus_part5 246 0.0046 0.0289
                rh_precuneus_part6 246 0.0016 0.0180
                rh_precuneus_part7 246 0.0047 0.0289
 rh_rostralanteriorcingulate_part1 246 0.0002 0.0050
          rh_superiorfrontal_part1 246 0.0000 0.0000
          rh_superiorfrontal_part2 246 0.0054 0.0303
          rh_superiorfrontal_part3 246 0.0005 0.0094
          rh_superiorfrontal_part4 246 0.0030 0.0234
          rh_superiorfrontal_part6 246 0.0022 0.0215
          rh_superiorfrontal_part8 246 0.0091 0.0419
         rh_superiorfrontal_part10 246 0.0099 0.0450
         rh_superiorparietal_part3 246 0.0004 0.0089
         rh_superiorparietal_part4 246 0.0103 0.0450
              rh_frontalpole_part1 246 0.0026 0.0230

[mean_Interaction] n_sig = 0

[disp_Diagnosis] n_sig = 0

[disp_AgeGroup] n_sig = 0

[disp_Interaction] n_sig = 0

Degree mean interaction significant (FDR): 0 ROIs. Saved: /data/home/tqi/data1/share/after_freesurfer/FILE/MIND_DGLM_DK318//DGLM_DK318_degree_mean_interaction_significant_fdr.csv
Degree mean interaction significant (uncorrected): 15 ROIs. Saved: /data/home/tqi/data1/share/after_freesurfer/FILE/MIND_DGLM_DK318//DGLM_DK318_degree_mean_interaction_significant_uncorrected.csv
Degree dispersion interaction significant (FDR): 0 ROIs. Saved: /data/home/tqi/data1/share/after_freesurfer/FILE/MIND_DGLM_DK318//DGLM_DK318_degree_dispersion_interaction_significant_fdr.csv
Degree dispersion interaction significant (uncorrected): 2 ROIs. Saved: /data/home/tqi/data1/share/after_freesurfer/FILE/MIND_DGLM_DK318//DGLM_DK318_degree_dispersion_interaction_significant_uncorrected.csv

==============================
Significant Edge Results (FDR < 0.05 )
==============================

[mean_Diagnosis] n_sig = 666
  (showing top 20 by FDR)
                          region_i                      region_j   n p_raw
         lh_inferiortemporal_part4           rh_precentral_part7 246     0
      rh_caudalmiddlefrontal_part1  rh_medialorbitofrontal_part3 246     0
         rh_parstriangularis_part2           rh_precentral_part7 246     0
          rh_superiorfrontal_part5               rh_insula_part2 246     0
         rh_parstriangularis_part2           rh_precentral_part5 246     0
         rh_inferiorparietal_part2           rh_precentral_part5 246     0
         lh_inferiortemporal_part2           rh_precentral_part7 246     0
                 rh_fusiform_part6           rh_precentral_part7 246     0
                   lh_insula_part2      rh_superiorfrontal_part5 246     0
          rh_superiorfrontal_part5               rh_insula_part3 246     0
      rh_caudalmiddlefrontal_part2 rh_lateralorbitofrontal_part5 246     0
              rh_paracentral_part2               rh_insula_part3 246     0
         lh_inferiortemporal_part3           rh_precentral_part7 246     0
                 rh_bankssts_part1           rh_precentral_part5 246     0
 rh_rostralanteriorcingulate_part1      rh_superiorfrontal_part5 246     0
               lh_precentral_part2               rh_insula_part3 246     0
 lh_rostralanteriorcingulate_part1      rh_superiorfrontal_part5 246     0
         lh_superiorparietal_part1     rh_superiorfrontal_part11 246     0
                   lh_insula_part3          rh_paracentral_part2 246     0
      lh_medialorbitofrontal_part2           rh_precentral_part7 246     0
  p_FDR
 0.0001
 0.0011
 0.0011
 0.0011
 0.0013
 0.0013
 0.0015
 0.0015
 0.0015
 0.0015
 0.0015
 0.0015
 0.0016
 0.0016
 0.0018
 0.0018
 0.0025
 0.0030
 0.0043
 0.0043

[mean_AgeGroup] n_sig = 4548
  (showing top 20 by FDR)
                      region_i                          region_j   n p_raw
     lh_lateraloccipital_part3     lh_lateralorbitofrontal_part3 246     0
           lh_precentral_part3          rh_superiorfrontal_part6 246     0
           lh_precentral_part1          rh_superiorfrontal_part8 246     0
     lh_parstriangularis_part2               rh_precentral_part3 246     0
     rh_parstriangularis_part1               rh_precentral_part5 246     0
           lh_precentral_part1 rh_rostralanteriorcingulate_part1 246     0
   lh_posteriorcingulate_part1               lh_precentral_part9 246     0
           rh_precentral_part3          rh_superiorfrontal_part6 246     0
           lh_precentral_part3          lh_superiorfrontal_part8 246     0
           rh_precentral_part2               rh_precentral_part3 246     0
           lh_precentral_part5         rh_parstriangularis_part1 246     0
               lh_cuneus_part3               rh_precentral_part1 246     0
          rh_postcentral_part7               rh_precentral_part1 246     0
      lh_superiorfrontal_part3               rh_precentral_part3 246     0
 rh_rostralmiddlefrontal_part9          rh_superiorfrontal_part1 246     0
           lh_precentral_part3          lh_superiorfrontal_part3 246     0
      lh_superiorfrontal_part6               rh_precentral_part3 246     0
           lh_precentral_part3 rh_rostralanteriorcingulate_part1 246     0
     lh_parstriangularis_part2          rh_superiorfrontal_part1 246     0
 lh_rostralmiddlefrontal_part7          rh_superiorfrontal_part1 246     0
 p_FDR
     0
     0
     0
     0
     0
     0
     0
     0
     0
     0
     0
     0
     0
     0
     0
     0
     0
     0
     0
     0

[mean_Interaction] n_sig = 0

[disp_Diagnosis] n_sig = 3
             region_i             region_j   n p_raw  p_FDR
      lh_insula_part3 rh_postcentral_part6 246     0 0.0012
 lh_postcentral_part7  rh_precentral_part8 246     0 0.0199
 rh_postcentral_part6      rh_insula_part3 246     0 0.0199

[disp_AgeGroup] n_sig = 0

[disp_Interaction] n_sig = 0

Edge mean interaction significant (FDR): 0 edges. Saved: /data/home/tqi/data1/share/after_freesurfer/FILE/MIND_DGLM_DK318//DGLM_DK318_edge_mean_interaction_significant_fdr.csv
Edge mean interaction significant (uncorrected): 3973 edges. Saved: /data/home/tqi/data1/share/after_freesurfer/FILE/MIND_DGLM_DK318//DGLM_DK318_edge_mean_interaction_significant_uncorrected.csv
Edge dispersion interaction significant (FDR): 0 edges. Saved: /data/home/tqi/data1/share/after_freesurfer/FILE/MIND_DGLM_DK318//DGLM_DK318_edge_dispersion_interaction_significant_fdr.csv
Edge dispersion interaction significant (uncorrected): 618 edges. Saved: /data/home/tqi/data1/share/after_freesurfer/FILE/MIND_DGLM_DK318//DGLM_DK318_edge_dispersion_interaction_significant_uncorrected.csv

DONE.
End: Wed Mar 25 10:33:48 AM UTC 2026
