Host: node5
Start: Mon Feb  2 08:43:14 PM CST 2026
Subjects in demo (after basic cleaning): 61 
Subjects with existing MIND csv: 61 
Missing subjects (demo has but file not): 0 
Detected ROI number: 318 
Number of edges (upper triangle): 50403 
Degree matrix: 61 x 318 
Edge matrix: 61 x 50403 

=== Running ROI-wise ANOVA (degree) ===
Degree features with NA p-values (Diagnosis): 0 
Significant Diagnosis (degree, FDR<0.05): 0 
Significant IQ (degree, FDR<0.05): 0 
Saved degree results: /data/home/tqi/data1/share/after_freesurfer/FILE/MIND_ANOVA_adult_with_IQ/ANOVA_DK318_degree_results.csv 

=== Running Edge-wise ANOVA (upper triangle) ===
Edge chunk 1 / 26 - edges: 2000 
Edge chunk 2 / 26 - edges: 2000 
Edge chunk 3 / 26 - edges: 2000 
Edge chunk 4 / 26 - edges: 2000 
Edge chunk 5 / 26 - edges: 2000 
Edge chunk 6 / 26 - edges: 2000 
Edge chunk 7 / 26 - edges: 2000 
Edge chunk 8 / 26 - edges: 2000 
Edge chunk 9 / 26 - edges: 2000 
Edge chunk 10 / 26 - edges: 2000 
Edge chunk 11 / 26 - edges: 2000 
Edge chunk 12 / 26 - edges: 2000 
Edge chunk 13 / 26 - edges: 2000 
Edge chunk 14 / 26 - edges: 2000 
Edge chunk 15 / 26 - edges: 2000 
Edge chunk 16 / 26 - edges: 2000 
Edge chunk 17 / 26 - edges: 2000 
Edge chunk 18 / 26 - edges: 2000 
Edge chunk 19 / 26 - edges: 2000 
Edge chunk 20 / 26 - edges: 2000 
Edge chunk 21 / 26 - edges: 2000 
Edge chunk 22 / 26 - edges: 2000 
Edge chunk 23 / 26 - edges: 2000 
Edge chunk 24 / 26 - edges: 2000 
Edge chunk 25 / 26 - edges: 2000 
Edge chunk 26 / 26 - edges: 403 
Edge features with NA p-values (Diagnosis): 0 
Significant Diagnosis (edges, FDR<0.05): 0 
Significant IQ (edges, FDR<0.05): 0 
Saved edge results: /data/home/tqi/data1/share/after_freesurfer/FILE/MIND_ANOVA_adult_with_IQ/ANOVA_DK318_edge_results.csv 

=== Generating significant results tables ===
Significant Diagnosis degree results (n = 11 ): /data/home/tqi/data1/share/after_freesurfer/FILE/MIND_ANOVA_adult_with_IQ/Significant_Diagnosis_DK318_degree_results.csv 
# A tibble: 11 × 15
   feature          n p_Diagnosis   p_IQ p_Diagnosis_FDR p_IQ_FDR eta2_Diagnosis
   <chr>        <int>       <dbl>  <dbl>           <dbl>    <dbl>          <dbl>
 1 lh_inferior…    61     0.00584 0.480            0.682    0.947         0.126 
 2 lh_precentr…    61     0.00372 0.300            0.682    0.908         0.138 
 3 rh_lingual_…    61     0.00643 0.550            0.682    0.947         0.123 
 4 rh_bankssts…    61     0.0141  0.885            0.897    0.985         0.101 
 5 rh_rostralm…    61     0.0138  0.399            0.897    0.908         0.102 
 6 lh_pericalc…    61     0.0178  0.0625           0.897    0.779         0.0947
 7 rh_parahipp…    61     0.0198  0.280            0.897    0.908         0.0917
 8 lh_cuneus_p…    61     0.0327  0.635            0.989    0.947         0.0775
 9 rh_caudalmi…    61     0.0297  0.0927           0.989    0.797         0.0803
10 rh_entorhin…    61     0.0322  0.194            0.989    0.894         0.0780
11 rh_precentr…    61     0.0456  0.272            0.989    0.908         0.0683
# ℹ 8 more variables: eta2_IQ <dbl>, cohens_f_Diagnosis <dbl>,
#   cohens_f_IQ <dbl>, mean_TD <dbl>, mean_DD <dbl>, direction <chr>,
#   sig_raw <lgl>, sig_fdr <lgl>
Significant Diagnosis edge results (n = 2782 ): /data/home/tqi/data1/share/after_freesurfer/FILE/MIND_ANOVA_adult_with_IQ/Significant_Diagnosis_DK318_edge_results.csv 
# A tibble: 2,782 × 19
   edge_id     i     j region_i                region_j     n p_Diagnosis   p_IQ
     <int> <int> <int> <chr>                   <chr>    <int>       <dbl>  <dbl>
 1      36     8     9 lh_cuneus_part1         lh_cune…    61    0.000701 0.216 
 2      74     8    13 lh_cuneus_part1         lh_fusi…    61    0.00205  0.0494
 3     198     8    21 lh_cuneus_part1         lh_infe…    61    0.000824 0.357 
 4     202    12    21 lh_fusiform_part1       lh_infe…    61    0.00312  0.260 
 5     238     7    23 lh_caudalmiddlefrontal… lh_infe…    61    0.00252  0.0484
 6     456    21    31 lh_inferiorparietal_pa… lh_infe…    61    0.00384  0.101 
 7     638     8    37 lh_cuneus_part1         lh_late…    61    0.00350  0.214 
 8     798    18    41 lh_inferiorparietal_pa… lh_late…    61    0.00409  0.0149
 9    1674    21    59 lh_inferiorparietal_pa… lh_midd…    61    0.00399  0.0514
10    1847    17    62 lh_fusiform_part6       lh_midd…    61    0.00397  0.861 
# ℹ 2,772 more rows
# ℹ 11 more variables: p_Diagnosis_FDR <dbl>, p_IQ_FDR <dbl>,
#   eta2_Diagnosis <dbl>, eta2_IQ <dbl>, cohens_f_Diagnosis <dbl>,
#   cohens_f_IQ <dbl>, mean_TD <dbl>, mean_DD <dbl>, direction <chr>,
#   sig_raw <lgl>, sig_fdr <lgl>
Significant IQ degree results (n = 18 ): /data/home/tqi/data1/share/after_freesurfer/FILE/MIND_ANOVA_adult_with_IQ/Significant_IQ_DK318_degree_results.csv 
# A tibble: 18 × 14
   feature         n p_Diagnosis    p_IQ p_Diagnosis_FDR p_IQ_FDR eta2_Diagnosis
   <chr>       <int>       <dbl>   <dbl>           <dbl>    <dbl>          <dbl>
 1 lh_caudalm…    61      0.712  0.0395            0.989    0.779      0.00240  
 2 lh_fusifor…    61      0.0694 0.0353            0.989    0.779      0.0567   
 3 lh_lateral…    61      0.0784 0.00992           0.989    0.779      0.0534   
 4 lh_lateral…    61      0.952  0.0262            0.989    0.779      0.0000640
 5 lh_lateral…    61      0.655  0.0419            0.989    0.779      0.00353  
 6 lh_superio…    61      0.415  0.0106            0.989    0.779      0.0117   
 7 lh_superio…    61      0.472  0.00860           0.989    0.779      0.00910  
 8 lh_insula_…    61      0.829  0.0340            0.989    0.779      0.000825 
 9 rh_inferio…    61      0.849  0.0341            0.989    0.779      0.000645 
10 rh_inferio…    61      0.125  0.0303            0.989    0.779      0.0408   
11 rh_inferio…    61      0.624  0.0283            0.989    0.779      0.00425  
12 rh_lateral…    61      0.632  0.0229            0.989    0.779      0.00405  
13 rh_medialo…    61      0.763  0.0237            0.989    0.779      0.00161  
14 rh_precent…    61      0.512  0.0468            0.989    0.779      0.00757  
15 rh_superio…    61      0.0998 0.0198            0.989    0.779      0.0468   
16 rh_superio…    61      0.205  0.0302            0.989    0.779      0.0280   
17 rh_superio…    61      0.784  0.0439            0.989    0.779      0.00132  
18 rh_superio…    61      0.235  0.0230            0.989    0.779      0.0246   
# ℹ 7 more variables: eta2_IQ <dbl>, cohens_f_Diagnosis <dbl>,
#   cohens_f_IQ <dbl>, corr_IQ <dbl>, direction <chr>, sig_raw <lgl>,
#   sig_fdr <lgl>
Significant IQ edge results (n = 2667 ): /data/home/tqi/data1/share/after_freesurfer/FILE/MIND_ANOVA_adult_with_IQ/Significant_IQ_DK318_edge_results.csv 
# A tibble: 2,667 × 18
   edge_id     i     j region_i               region_j     n p_Diagnosis    p_IQ
     <int> <int> <int> <chr>                  <chr>    <int>       <dbl>   <dbl>
 1   38641   138   279 lh_superiorparietal_p… rh_supe…    61     0.00579 3.14e-6
 2   19863   162   200 rh_caudalanteriorcing… rh_late…    61     0.0333  9.18e-6
 3   19825   124   200 lh_superiorfrontal_pa… rh_late…    61     0.105   5.15e-5
 4    7544    41   124 lh_lateraloccipital_p… lh_supe…    61     0.00723 6.98e-5
 5      18     3     7 lh_caudalanteriorcing… lh_caud…    61     0.633   4.19e-2
 6      53     8    11 lh_cuneus_part1        lh_ento…    61     0.0317  3.54e-2
 7      74     8    13 lh_cuneus_part1        lh_fusi…    61     0.00205 4.94e-2
 8      80     2    14 lh_bankssts_part2      lh_fusi…    61     0.770   3.78e-2
 9      83     5    14 lh_caudalmiddlefronta… lh_fusi…    61     0.528   8.31e-3
10      85     7    14 lh_caudalmiddlefronta… lh_fusi…    61     0.147   2.55e-2
# ℹ 2,657 more rows
# ℹ 10 more variables: p_Diagnosis_FDR <dbl>, p_IQ_FDR <dbl>,
#   eta2_Diagnosis <dbl>, eta2_IQ <dbl>, cohens_f_Diagnosis <dbl>,
#   cohens_f_IQ <dbl>, corr_IQ <dbl>, direction <chr>, sig_raw <lgl>,
#   sig_fdr <lgl>

DONE.
End: Mon Feb  2 08:51:49 PM CST 2026
