==== TEMP DEBUG INFO ====
Host: node5
PWD: /data/home/tqi/data1/share/after_freesurfer/CODE
TMPDIR(before): /tmp
--- env tmp vars ---
TMPDIR=/tmp
--- system tmp status ---
drwxrwxrwt 22 root root 2138112 Mar 26 19:02 /tmp
Filesystem      Size  Used Avail Use% Mounted on
/dev/sda2       439G   52G  365G  13% /
Filesystem       Inodes  IUsed    IFree IUse% Mounted on
/dev/sda2      29237248 663051 28574197    3% /
--- current dir tmp status ---
drwxrwxr-x 2 1010 1010 10 Mar 26 18:55 tmp
Filesystem      Size  Used Avail Use% Mounted on
node1:/data1    419T  401T   18T  96% /data1
Filesystem         Inodes     IUsed      IFree IUse% Mounted on
node1:/data1   8984398336 302435412 8681962924    4% /data1
--- write test /tmp ---
write /tmp ok
--- write test local tmp ---
write local tmp ok
=========================
Host: node5
Start: Thu Mar 26 07:04:03 PM CST 2026
TMPDIR: /data/home/tqi/data1/share/after_freesurfer/CODE/analysis/tmp
Subjects in demo: 209 
Subjects with matrix+degree csv: 209 
ROI number: 318 
Number of edges: 50403 
Degree matrix: 209 x 318 
Edge matrix: 209 x 50403 

=== Diagnostic ===
Diagnosis counts: TD=112, DD=97 
AgeGroup  counts: Child=118, Adult=91 
Sex       counts: Female=110, Male=99 
First ROI: n valid = 209 , var = 0.00022131 
Mean model coef colnames:  Estimate, Std. Error, t value, Pr(>|t|) 
Disp model coef colnames:  Estimate, Std. Error, t value, Pr(>|t|) 
DiagnosisDD mean p-value:  0.133096 
dglm fit names:  coefficients, residuals, fitted.values, effects, weights, rank, assign, qr, df.residual, call, formula, terms, model, family, linear.predictors, prior.weights, contrasts, df.null, deviance, aic, null.deviance, y, dispersion.fit, iter, method, m2loglik 

=== Running DGLM (degree) ===
Significant mean Interaction (degree, FDR<0.05): 0 
Significant dispersion Interaction (degree, FDR<0.05): 0 
Saved: /data/home/tqi/data1/share/after_freesurfer/FILE/test_mean_1.5/MIND_DGLM_DK318//DGLM_DK318_degree_results.csv 

=== Running DGLM (edges) ===
Edge chunk 1 / 26 
Edge chunk 2 / 26 
Edge chunk 3 / 26 
Edge chunk 4 / 26 
Edge chunk 5 / 26 
Edge chunk 6 / 26 
Edge chunk 7 / 26 
Edge chunk 8 / 26 
Edge chunk 9 / 26 
Edge chunk 10 / 26 
Edge chunk 11 / 26 
Edge chunk 12 / 26 
Edge chunk 13 / 26 
Edge chunk 14 / 26 
Edge chunk 15 / 26 
Edge chunk 16 / 26 
Edge chunk 17 / 26 
Edge chunk 18 / 26 
Edge chunk 19 / 26 
Edge chunk 20 / 26 
Edge chunk 21 / 26 
Edge chunk 22 / 26 
Edge chunk 23 / 26 
Edge chunk 24 / 26 
Edge chunk 25 / 26 
Edge chunk 26 / 26 
Significant mean Interaction (edges, FDR<0.05): 0 
Significant dispersion Interaction (edges, FDR<0.05): 0 
Saved: /data/home/tqi/data1/share/after_freesurfer/FILE/test_mean_1.5/MIND_DGLM_DK318//DGLM_DK318_edge_results.csv 

==============================
Significant Degree Results (FDR < 0.05 )
==============================

[mean_Diagnosis] n_sig = 16
                           feature   n  p_raw  p_FDR
                 lh_fusiform_part6 209 0.0005 0.0196
         lh_inferiortemporal_part4 209 0.0006 0.0196
         lh_lateraloccipital_part4 209 0.0018 0.0367
                lh_precuneus_part3 209 0.0012 0.0290
 lh_rostralanteriorcingulate_part1 209 0.0007 0.0212
                   lh_insula_part3 209 0.0012 0.0290
      rh_caudalmiddlefrontal_part1 209 0.0005 0.0196
      rh_caudalmiddlefrontal_part3 209 0.0016 0.0339
         rh_inferiorparietal_part2 209 0.0004 0.0196
               rh_precentral_part1 209 0.0013 0.0304
               rh_precentral_part5 209 0.0001 0.0114
               rh_precentral_part7 209 0.0000 0.0074
               rh_precentral_part8 209 0.0010 0.0281
          rh_superiorfrontal_part5 209 0.0001 0.0114
            rh_supramarginal_part6 209 0.0005 0.0196
                   rh_insula_part3 209 0.0000 0.0038

[mean_AgeGroup] n_sig = 55
                           feature   n  p_raw  p_FDR
                 lh_bankssts_part1 209 0.0072 0.0466
                 lh_fusiform_part1 209 0.0085 0.0493
                 lh_fusiform_part3 209 0.0001 0.0048
         lh_inferiorparietal_part2 209 0.0020 0.0258
         lh_inferiorparietal_part6 209 0.0032 0.0305
         lh_inferiorparietal_part8 209 0.0021 0.0258
         lh_inferiorparietal_part9 209 0.0059 0.0410
         lh_inferiortemporal_part1 209 0.0084 0.0492
         lh_isthmuscingulate_part2 209 0.0024 0.0269
         lh_lateraloccipital_part2 209 0.0010 0.0226
         lh_lateraloccipital_part6 209 0.0021 0.0258
         lh_lateraloccipital_part7 209 0.0047 0.0363
     lh_lateralorbitofrontal_part1 209 0.0020 0.0258
     lh_lateralorbitofrontal_part3 209 0.0012 0.0242
     lh_lateralorbitofrontal_part4 209 0.0021 0.0258
      lh_medialorbitofrontal_part1 209 0.0064 0.0436
         lh_parstriangularis_part2 209 0.0044 0.0353
              lh_postcentral_part4 209 0.0078 0.0487
              lh_postcentral_part6 209 0.0083 0.0492
               lh_precentral_part3 209 0.0000 0.0025
               lh_precentral_part5 209 0.0000 0.0009
               lh_precentral_part7 209 0.0016 0.0258
                lh_precuneus_part2 209 0.0055 0.0393
     lh_rostralmiddlefrontal_part3 209 0.0081 0.0492
    lh_rostralmiddlefrontal_part10 209 0.0066 0.0440
          lh_superiorfrontal_part1 209 0.0001 0.0051
          lh_superiorfrontal_part3 209 0.0022 0.0258
          lh_superiorfrontal_part5 209 0.0018 0.0258
          lh_superiorfrontal_part6 209 0.0004 0.0102
          lh_superiorfrontal_part8 209 0.0018 0.0258
            lh_supramarginal_part2 209 0.0002 0.0074
  rh_caudalanteriorcingulate_part1 209 0.0028 0.0289
                 rh_fusiform_part1 209 0.0076 0.0482
                 rh_fusiform_part2 209 0.0034 0.0310
         rh_inferiorparietal_part3 209 0.0036 0.0319
         rh_inferiorparietal_part4 209 0.0000 0.0017
         rh_inferiorparietal_part6 209 0.0014 0.0250
         rh_lateraloccipital_part2 209 0.0044 0.0353
         rh_lateraloccipital_part3 209 0.0028 0.0289
     rh_lateralorbitofrontal_part3 209 0.0000 0.0015
            rh_parsorbitalis_part1 209 0.0051 0.0388
              rh_postcentral_part2 209 0.0038 0.0329
       rh_posteriorcingulate_part2 209 0.0056 0.0393
               rh_precentral_part3 209 0.0001 0.0025
               rh_precentral_part5 209 0.0000 0.0002
                rh_precuneus_part6 209 0.0012 0.0242
 rh_rostralanteriorcingulate_part1 209 0.0006 0.0165
          rh_superiorfrontal_part1 209 0.0000 0.0000
          rh_superiorfrontal_part2 209 0.0056 0.0393
          rh_superiorfrontal_part3 209 0.0014 0.0250
          rh_superiorfrontal_part4 209 0.0028 0.0289
          rh_superiorfrontal_part6 209 0.0030 0.0302
         rh_superiorparietal_part3 209 0.0008 0.0192
            rh_supramarginal_part3 209 0.0033 0.0310
              rh_frontalpole_part1 209 0.0041 0.0339

[mean_Interaction] n_sig = 0

[disp_Diagnosis] n_sig = 0

[disp_AgeGroup] n_sig = 0

[disp_Interaction] n_sig = 0

Degree mean interaction significant (FDR): 0 ROIs. Saved: /data/home/tqi/data1/share/after_freesurfer/FILE/test_mean_1.5/MIND_DGLM_DK318//DGLM_DK318_degree_mean_interaction_significant_fdr.csv
Degree mean interaction significant (uncorrected): 19 ROIs. Saved: /data/home/tqi/data1/share/after_freesurfer/FILE/test_mean_1.5/MIND_DGLM_DK318//DGLM_DK318_degree_mean_interaction_significant_uncorrected.csv
Degree dispersion interaction significant (FDR): 0 ROIs. Saved: /data/home/tqi/data1/share/after_freesurfer/FILE/test_mean_1.5/MIND_DGLM_DK318//DGLM_DK318_degree_dispersion_interaction_significant_fdr.csv
Degree dispersion interaction significant (uncorrected): 1 ROIs. Saved: /data/home/tqi/data1/share/after_freesurfer/FILE/test_mean_1.5/MIND_DGLM_DK318//DGLM_DK318_degree_dispersion_interaction_significant_uncorrected.csv

==============================
Significant Edge Results (FDR < 0.05 )
==============================

[mean_Diagnosis] n_sig = 456
  (showing top 20 by FDR)
                          region_i                     region_j   n p_raw
 lh_rostralanteriorcingulate_part1     rh_superiorfrontal_part5 209     0
          rh_superiorfrontal_part5              rh_insula_part2 209     0
         lh_superiorparietal_part1    rh_superiorfrontal_part11 209     0
      rh_caudalmiddlefrontal_part1 rh_medialorbitofrontal_part3 209     0
         rh_inferiorparietal_part2          rh_precentral_part5 209     0
                 rh_fusiform_part5     rh_superiorfrontal_part5 209     0
     lh_lateralorbitofrontal_part3     rh_superiorfrontal_part5 209     0
         rh_isthmuscingulate_part2     rh_superiorfrontal_part5 209     0
      lh_medialorbitofrontal_part4     rh_superiorfrontal_part5 209     0
         rh_parstriangularis_part2          rh_precentral_part5 209     0
 rh_rostralanteriorcingulate_part1     rh_superiorfrontal_part5 209     0
         lh_inferiortemporal_part4          rh_precentral_part7 209     0
         lh_inferiortemporal_part4     rh_superiorfrontal_part5 209     0
       rh_posteriorcingulate_part2     rh_superiorfrontal_part5 209     0
               rh_precentral_part5    rh_superiortemporal_part6 209     0
      rh_caudalmiddlefrontal_part2              rh_insula_part2 209     0
                   lh_insula_part2     rh_superiorfrontal_part5 209     0
         lh_inferiortemporal_part3 rh_caudalmiddlefrontal_part1 209     0
      rh_caudalmiddlefrontal_part1       rh_supramarginal_part6 209     0
      rh_caudalmiddlefrontal_part1 rh_medialorbitofrontal_part4 209     0
  p_FDR
 0.0002
 0.0002
 0.0003
 0.0004
 0.0005
 0.0005
 0.0011
 0.0011
 0.0011
 0.0018
 0.0026
 0.0027
 0.0035
 0.0035
 0.0035
 0.0035
 0.0036
 0.0041
 0.0041
 0.0041

[mean_AgeGroup] n_sig = 3397
  (showing top 20 by FDR)
                      region_i                      region_j   n p_raw p_FDR
           lh_precentral_part3      rh_superiorfrontal_part6 209     0     0
           rh_precentral_part3      rh_superiorfrontal_part6 209     0     0
     lh_lateraloccipital_part3 lh_lateralorbitofrontal_part3 209     0     0
     rh_parstriangularis_part1           rh_precentral_part5 209     0     0
           lh_precentral_part3      lh_superiorfrontal_part8 209     0     0
   lh_posteriorcingulate_part1           lh_precentral_part9 209     0     0
               lh_cuneus_part3           rh_precentral_part1 209     0     0
          rh_postcentral_part7           rh_precentral_part1 209     0     0
      lh_superiorfrontal_part3           rh_precentral_part3 209     0     0
      lh_superiorfrontal_part8           rh_precentral_part3 209     0     0
 lh_rostralmiddlefrontal_part7      rh_superiorfrontal_part1 209     0     0
           lh_precentral_part1      rh_superiorfrontal_part8 209     0     0
     lh_parstriangularis_part2           rh_precentral_part3 209     0     0
     rh_parstriangularis_part1           rh_precentral_part3 209     0     0
           lh_precentral_part5      rh_superiorfrontal_part6 209     0     0
           rh_precentral_part2           rh_precentral_part3 209     0     0
          lh_postcentral_part1 lh_rostralmiddlefrontal_part9 209     0     0
           rh_precentral_part5      rh_superiorfrontal_part4 209     0     0
 lh_rostralmiddlefrontal_part9     rh_superiorparietal_part4 209     0     0
      lh_superiorfrontal_part3           rh_precentral_part5 209     0     0

[mean_Interaction] n_sig = 0

[disp_Diagnosis] n_sig = 0

[disp_AgeGroup] n_sig = 0

[disp_Interaction] n_sig = 0

Edge mean interaction significant (FDR): 0 edges. Saved: /data/home/tqi/data1/share/after_freesurfer/FILE/test_mean_1.5/MIND_DGLM_DK318//DGLM_DK318_edge_mean_interaction_significant_fdr.csv
Edge mean interaction significant (uncorrected): 4199 edges. Saved: /data/home/tqi/data1/share/after_freesurfer/FILE/test_mean_1.5/MIND_DGLM_DK318//DGLM_DK318_edge_mean_interaction_significant_uncorrected.csv
Edge dispersion interaction significant (FDR): 0 edges. Saved: /data/home/tqi/data1/share/after_freesurfer/FILE/test_mean_1.5/MIND_DGLM_DK318//DGLM_DK318_edge_dispersion_interaction_significant_fdr.csv
Edge dispersion interaction significant (uncorrected): 629 edges. Saved: /data/home/tqi/data1/share/after_freesurfer/FILE/test_mean_1.5/MIND_DGLM_DK318//DGLM_DK318_edge_dispersion_interaction_significant_uncorrected.csv

DONE.
End: Thu Mar 26 07:14:57 PM CST 2026
