Loading required package: readxl
Loading required package: dplyr

Attaching package: ‘dplyr’

The following objects are masked from ‘package:stats’:

    filter, lag

The following objects are masked from ‘package:base’:

    intersect, setdiff, setequal, union

Loading required package: purrr
Loading required package: dglm
also installing the dependency ‘statmod’

trying URL 'https://cran.r-project.org/src/contrib/statmod_1.5.1.tar.gz'
Content type 'application/x-gzip' length 93062 bytes (90 KB)
==================================================
downloaded 90 KB

trying URL 'https://cran.r-project.org/src/contrib/dglm_1.8.6.tar.gz'
Content type 'application/x-gzip' length 18521 bytes (18 KB)
==================================================
downloaded 18 KB

* installing *source* package ‘statmod’ ...
** package ‘statmod’ successfully unpacked and MD5 sums checked
** using staged installation
** libs
using C compiler: ‘x86_64-conda-linux-gnu-cc (Anaconda gcc) 11.2.0’
using Fortran compiler: ‘GNU Fortran (Anaconda gcc) 11.2.0’
installing to /data/home/tqi/.conda/envs/rd_env_r/lib/R/library/00LOCK-statmod/00new/statmod/libs
** R
** data
** inst
** byte-compile and prepare package for lazy loading
** help
*** installing help indices
** building package indices
** testing if installed package can be loaded from temporary location
** checking absolute paths in shared objects and dynamic libraries
** testing if installed package can be loaded from final location
** testing if installed package keeps a record of temporary installation path
* DONE (statmod)
* installing *source* package ‘dglm’ ...
** package ‘dglm’ successfully unpacked and MD5 sums checked
** using staged installation
** R
** byte-compile and prepare package for lazy loading
** help
*** installing help indices
** building package indices
** testing if installed package can be loaded from temporary location
** testing if installed package can be loaded from final location
** testing if installed package keeps a record of temporary installation path
* DONE (dglm)

The downloaded source packages are in
	‘/tmp/RtmpdAXYXy/downloaded_packages’
Updating HTML index of packages in '.Library'
Making 'packages.html' ... done
Loading required package: stringr
Warning message:
In library(package, lib.loc = lib.loc, character.only = TRUE, logical.return = TRUE,  :
  there is no package called ‘dglm’
New names:
• `` -> `...9`
slurmstepd: error: *** JOB 734039 ON node4 CANCELLED AT 2026-03-16T15:39:28 ***
