
Attaching package: ‘dplyr’

The following objects are masked from ‘package:stats’:

    filter, lag

The following objects are masked from ‘package:base’:

    intersect, setdiff, setequal, union

Loading required package: carData

Attaching package: ‘car’

The following object is masked from ‘package:purrr’:

    some

The following object is masked from ‘package:dplyr’:

    recode

New names:
• `` -> `...9`
Warning message:
In left_join(., file_map, by = "id_old") :
  Detected an unexpected many-to-many relationship between `x` and `y`.
ℹ Row 223 of `x` matches multiple rows in `y`.
ℹ Row 258 of `y` matches multiple rows in `x`.
ℹ If a many-to-many relationship is expected, set `relationship =
  "many-to-many"` to silence this warning.
Error: invalid multibyte character in parser (<input>:27:47)
Execution halted
