Host: node3
Start: Sun Feb  1 10:41:15 AM UTC 2026
Subjects in demo (after basic cleaning): 182 
Subjects with existing MIND csv: 182 
Missing subjects (demo has but file not): 0 
Detected ROI number: 318 
Number of edges (upper triangle): 50403 
Degree matrix: 182 x 318 
Edge matrix: 182 x 50403 

=== Running ROI-wise ANOVA (degree) ===
Degree features with NA p-values (likely constant/degenerate): 0 
Significant Interaction (degree, FDR<0.05): 0 
Saved degree results: /data/home/tqi/data1/share/after_freesurfer/FILE/MIND_ANOVA_with_site/ANOVA_DK318_degree_results.csv 

=== Running Edge-wise ANOVA (upper triangle) ===
Edge chunk 1 / 26 - edges: 2000 
Edge chunk 2 / 26 - edges: 2000 
Edge chunk 3 / 26 - edges: 2000 
Edge chunk 4 / 26 - edges: 2000 
Edge chunk 5 / 26 - edges: 2000 
Edge chunk 6 / 26 - edges: 2000 
Edge chunk 7 / 26 - edges: 2000 
Edge chunk 8 / 26 - edges: 2000 
Edge chunk 9 / 26 - edges: 2000 
Edge chunk 10 / 26 - edges: 2000 
Edge chunk 11 / 26 - edges: 2000 
Edge chunk 12 / 26 - edges: 2000 
Edge chunk 13 / 26 - edges: 2000 
Edge chunk 14 / 26 - edges: 2000 
Edge chunk 15 / 26 - edges: 2000 
Edge chunk 16 / 26 - edges: 2000 
Edge chunk 17 / 26 - edges: 2000 
Edge chunk 18 / 26 - edges: 2000 
Edge chunk 19 / 26 - edges: 2000 
Edge chunk 20 / 26 - edges: 2000 
Edge chunk 21 / 26 - edges: 2000 
Edge chunk 22 / 26 - edges: 2000 
Edge chunk 23 / 26 - edges: 2000 
Edge chunk 24 / 26 - edges: 2000 
Edge chunk 25 / 26 - edges: 2000 
Edge chunk 26 / 26 - edges: 403 
Edge features with NA p-values (likely constant/degenerate): 0 
Significant Interaction (edges, FDR<0.05): 0 
Saved edge results: /data/home/tqi/data1/share/after_freesurfer/FILE/MIND_ANOVA_with_site/ANOVA_DK318_edge_results.csv 

=== Generating significant results tables ===
Significant Diagnosis degree results (n = 8 ): /data/home/tqi/data1/share/after_freesurfer/FILE/MIND_ANOVA_with_site/Significant_Diagnosis_DK318_degree_results.csv 
# A tibble: 8 × 17
  feature                 n p_Diagnosis p_AgeGroup p_Interaction p_Diagnosis_FDR
  <chr>               <int>       <dbl>      <dbl>         <dbl>           <dbl>
1 rh_precentral_part7   182   0.0000308   0.000819        0.0144         0.00981
2 lh_superiortempora…   182   0.000209    0.431           0.418          0.0222 
3 rh_inferiorparieta…   182   0.000152    0.752           0.789          0.0222 
4 rh_bankssts_part1     182   0.00108     0.941           0.893          0.0431 
5 rh_medialorbitofro…   182   0.000817    0.534           0.780          0.0431 
6 rh_rostralanterior…   182   0.000977    0.000335        0.320          0.0431 
7 rh_supramarginal_p…   182   0.000742    0.280           0.239          0.0431 
8 rh_insula_part3       182   0.000888    0.0806          0.0112         0.0431 
# ℹ 11 more variables: p_AgeGroup_FDR <dbl>, p_Interaction_FDR <dbl>,
#   eta2_Diagnosis <dbl>, eta2_AgeGroup <dbl>, eta2_Interaction <dbl>,
#   cohens_f_Diagnosis <dbl>, cohens_f_AgeGroup <dbl>,
#   cohens_f_Interaction <dbl>, mean_TD <dbl>, mean_DD <dbl>, direction <chr>
Significant Diagnosis edge results (n = 5 ): /data/home/tqi/data1/share/after_freesurfer/FILE/MIND_ANOVA_with_site/Significant_Diagnosis_DK318_edge_results.csv 
# A tibble: 5 × 19
  edge_id     i     j     n p_Diagnosis p_AgeGroup p_Interaction p_Diagnosis_FDR
    <int> <int> <int> <int>       <dbl>      <dbl>         <dbl>           <dbl>
1   31655    29   253   182 0.000000522   0.0404          0.0707          0.0211
2   31730   104   253   182 0.000000836   0.000623        0.0775          0.0211
3   12843   123   161   182 0.00000373    0.504           0.351           0.0449
4   31684    58   253   182 0.00000445    0.000419        0.489           0.0449
5   34147   217   262   182 0.00000426    0.916           0.104           0.0449
# ℹ 11 more variables: p_AgeGroup_FDR <dbl>, p_Interaction_FDR <dbl>,
#   eta2_Diagnosis <dbl>, eta2_AgeGroup <dbl>, eta2_Interaction <dbl>,
#   cohens_f_Diagnosis <dbl>, cohens_f_AgeGroup <dbl>,
#   cohens_f_Interaction <dbl>, mean_TD <dbl>, mean_DD <dbl>, direction <chr>
Significant AgeGroup degree results (n = 57 ): /data/home/tqi/data1/share/after_freesurfer/FILE/MIND_ANOVA_with_site/Significant_AgeGroup_DK318_degree_results.csv 
# A tibble: 57 × 17
   feature                n p_Diagnosis p_AgeGroup p_Interaction p_Diagnosis_FDR
   <chr>              <int>       <dbl>      <dbl>         <dbl>           <dbl>
 1 rh_superiorfronta…   182     0.285      1.07e-9         0.551          0.520 
 2 lh_precentral_par…   182     0.964      1.76e-8         0.256          0.983 
 3 lh_precentral_par…   182     0.871      7.95e-8         0.438          0.932 
 4 rh_precentral_par…   182     0.00158    3.12e-7         0.291          0.0519
 5 rh_precentral_par…   182     0.211      1.82e-6         0.249          0.447 
 6 lh_superiorfronta…   182     0.286      3.11e-6         0.134          0.520 
 7 rh_superiorfronta…   182     0.136      5.98e-6         0.162          0.378 
 8 lh_superiorfronta…   182     0.371      7.88e-6         0.507          0.586 
 9 rh_lateralorbitof…   182     0.426      9.28e-6         0.812          0.645 
10 lh_superiortempor…   182     0.241      1.14e-5         0.539          0.479 
# ℹ 47 more rows
# ℹ 11 more variables: p_AgeGroup_FDR <dbl>, p_Interaction_FDR <dbl>,
#   eta2_Diagnosis <dbl>, eta2_AgeGroup <dbl>, eta2_Interaction <dbl>,
#   cohens_f_Diagnosis <dbl>, cohens_f_AgeGroup <dbl>,
#   cohens_f_Interaction <dbl>, mean_Child <dbl>, mean_Adult <dbl>,
#   direction <chr>
Significant AgeGroup edge results (n = 6999 ): /data/home/tqi/data1/share/after_freesurfer/FILE/MIND_ANOVA_with_site/Significant_AgeGroup_DK318_edge_results.csv 
# A tibble: 6,999 × 19
   edge_id     i     j     n p_Diagnosis p_AgeGroup p_Interaction
     <int> <int> <int> <int>       <dbl>      <dbl>         <dbl>
 1   26886    90   233   182     0.550     1.37e-14         0.288
 2    3972    56    90   182     0.474     3.42e-13         0.537
 3    3990    74    90   182     0.455     1.18e-13         0.764
 4    9664    73   140   182     0.625     3.42e-13         0.895
 5   26655    90   232   182     0.704     2.65e-13         0.944
 6   30861   233   249   182     0.00661   3.09e-13         0.923
 7   44521   268   299   182     0.196     3.19e-13         0.274
 8    3986    70    90   182     0.931     7.69e-13         0.672
 9    6628    73   116   182     0.870     8.69e-13         0.224
10   26681   116   232   182     0.779     8.20e-13         0.775
# ℹ 6,989 more rows
# ℹ 12 more variables: p_Diagnosis_FDR <dbl>, p_AgeGroup_FDR <dbl>,
#   p_Interaction_FDR <dbl>, eta2_Diagnosis <dbl>, eta2_AgeGroup <dbl>,
#   eta2_Interaction <dbl>, cohens_f_Diagnosis <dbl>, cohens_f_AgeGroup <dbl>,
#   cohens_f_Interaction <dbl>, mean_Child <dbl>, mean_Adult <dbl>,
#   direction <chr>
No significant Interaction results for degree (FDR<0.05)
NULL
No significant Interaction results for edge (FDR<0.05)
NULL

DONE.
End: Sun Feb  1 10:48:37 AM UTC 2026
