Host: node5
Start: Tue Feb  3 11:38:47 PM CST 2026
Loading demographic data...
Total subjects with valid data: 289
  - Child TD: 75
  - Child DD: 84
  - Adult TD: 70
  - Adult DD: 60

Detected 318 ROIs
Number of edges (upper triangle): 50403

Loading matrices...
Degree matrix shape: (289, 318)
Edge matrix shape: (289, 50403)

======================================================================
DEGREE ANALYSIS
======================================================================

=== Analyzing Child group (n=159) ===

Child group - Significant ROIs (FDR<0.05): 2
Saved: /data/home/tqi/data1/share/after_freesurfer/FILE/MIND_t_test/Stratified_Child_degree_results.csv

=== Analyzing Adult group (n=130) ===

Adult group - Significant ROIs (FDR<0.05): 36
Saved: /data/home/tqi/data1/share/after_freesurfer/FILE/MIND_t_test/Stratified_Adult_degree_results.csv

======================================================================
EDGE ANALYSIS
======================================================================
Processing edge chunk 1/26 (edges 0-2000)...

=== Analyzing Child group (n=159) ===
Processing edge chunk 2/26 (edges 2000-4000)...

=== Analyzing Child group (n=159) ===
Processing edge chunk 3/26 (edges 4000-6000)...

=== Analyzing Child group (n=159) ===
Processing edge chunk 4/26 (edges 6000-8000)...

=== Analyzing Child group (n=159) ===
Processing edge chunk 5/26 (edges 8000-10000)...

=== Analyzing Child group (n=159) ===
Processing edge chunk 6/26 (edges 10000-12000)...

=== Analyzing Child group (n=159) ===
Processing edge chunk 7/26 (edges 12000-14000)...

=== Analyzing Child group (n=159) ===
Processing edge chunk 8/26 (edges 14000-16000)...

=== Analyzing Child group (n=159) ===
Processing edge chunk 9/26 (edges 16000-18000)...

=== Analyzing Child group (n=159) ===
Processing edge chunk 10/26 (edges 18000-20000)...

=== Analyzing Child group (n=159) ===
Processing edge chunk 11/26 (edges 20000-22000)...

=== Analyzing Child group (n=159) ===
Processing edge chunk 12/26 (edges 22000-24000)...

=== Analyzing Child group (n=159) ===
Processing edge chunk 13/26 (edges 24000-26000)...

=== Analyzing Child group (n=159) ===
Processing edge chunk 14/26 (edges 26000-28000)...

=== Analyzing Child group (n=159) ===
Processing edge chunk 15/26 (edges 28000-30000)...

=== Analyzing Child group (n=159) ===
Processing edge chunk 16/26 (edges 30000-32000)...

=== Analyzing Child group (n=159) ===
Processing edge chunk 17/26 (edges 32000-34000)...

=== Analyzing Child group (n=159) ===
Processing edge chunk 18/26 (edges 34000-36000)...

=== Analyzing Child group (n=159) ===
Processing edge chunk 19/26 (edges 36000-38000)...

=== Analyzing Child group (n=159) ===
Processing edge chunk 20/26 (edges 38000-40000)...

=== Analyzing Child group (n=159) ===
Processing edge chunk 21/26 (edges 40000-42000)...

=== Analyzing Child group (n=159) ===
Processing edge chunk 22/26 (edges 42000-44000)...

=== Analyzing Child group (n=159) ===
Processing edge chunk 23/26 (edges 44000-46000)...

=== Analyzing Child group (n=159) ===
Processing edge chunk 24/26 (edges 46000-48000)...

=== Analyzing Child group (n=159) ===
Processing edge chunk 25/26 (edges 48000-50000)...

=== Analyzing Child group (n=159) ===
Processing edge chunk 26/26 (edges 50000-50403)...

=== Analyzing Child group (n=159) ===

Child group - Significant Edges (FDR<0.05): 184
Saved: /data/home/tqi/data1/share/after_freesurfer/FILE/MIND_t_test/Stratified_Child_edge_results.csv
Processing edge chunk 1/26 (edges 0-2000)...

=== Analyzing Adult group (n=130) ===
Processing edge chunk 2/26 (edges 2000-4000)...

=== Analyzing Adult group (n=130) ===
Processing edge chunk 3/26 (edges 4000-6000)...

=== Analyzing Adult group (n=130) ===
Processing edge chunk 4/26 (edges 6000-8000)...

=== Analyzing Adult group (n=130) ===
Processing edge chunk 5/26 (edges 8000-10000)...

=== Analyzing Adult group (n=130) ===
Processing edge chunk 6/26 (edges 10000-12000)...

=== Analyzing Adult group (n=130) ===
Processing edge chunk 7/26 (edges 12000-14000)...

=== Analyzing Adult group (n=130) ===
Processing edge chunk 8/26 (edges 14000-16000)...

=== Analyzing Adult group (n=130) ===
Processing edge chunk 9/26 (edges 16000-18000)...

=== Analyzing Adult group (n=130) ===
Processing edge chunk 10/26 (edges 18000-20000)...

=== Analyzing Adult group (n=130) ===
Processing edge chunk 11/26 (edges 20000-22000)...

=== Analyzing Adult group (n=130) ===
Processing edge chunk 12/26 (edges 22000-24000)...

=== Analyzing Adult group (n=130) ===
Processing edge chunk 13/26 (edges 24000-26000)...

=== Analyzing Adult group (n=130) ===
Processing edge chunk 14/26 (edges 26000-28000)...

=== Analyzing Adult group (n=130) ===
Processing edge chunk 15/26 (edges 28000-30000)...

=== Analyzing Adult group (n=130) ===
Processing edge chunk 16/26 (edges 30000-32000)...

=== Analyzing Adult group (n=130) ===
Processing edge chunk 17/26 (edges 32000-34000)...

=== Analyzing Adult group (n=130) ===
Processing edge chunk 18/26 (edges 34000-36000)...

=== Analyzing Adult group (n=130) ===
Processing edge chunk 19/26 (edges 36000-38000)...

=== Analyzing Adult group (n=130) ===
Processing edge chunk 20/26 (edges 38000-40000)...

=== Analyzing Adult group (n=130) ===
Processing edge chunk 21/26 (edges 40000-42000)...

=== Analyzing Adult group (n=130) ===
Processing edge chunk 22/26 (edges 42000-44000)...

=== Analyzing Adult group (n=130) ===
Processing edge chunk 23/26 (edges 44000-46000)...

=== Analyzing Adult group (n=130) ===
Processing edge chunk 24/26 (edges 46000-48000)...

=== Analyzing Adult group (n=130) ===
Processing edge chunk 25/26 (edges 48000-50000)...

=== Analyzing Adult group (n=130) ===
Processing edge chunk 26/26 (edges 50000-50403)...

=== Analyzing Adult group (n=130) ===

Adult group - Significant Edges (FDR<0.05): 781
Saved: /data/home/tqi/data1/share/after_freesurfer/FILE/MIND_t_test/Stratified_Adult_edge_results.csv

======================================================================
Summary report saved: /data/home/tqi/data1/share/after_freesurfer/FILE/MIND_t_test/Stratified_Analysis_Summary.txt
======================================================================

======================================================================
GENERATING SIGNIFICANT RESULTS TABLES
======================================================================
Significant Child degree results (n=2): /data/home/tqi/data1/share/after_freesurfer/FILE/MIND_t_test/Significant_Child_degree_results.csv
Significant Adult degree results (n=36): /data/home/tqi/data1/share/after_freesurfer/FILE/MIND_t_test/Significant_Adult_degree_results.csv
Significant Child edge results (n=184): /data/home/tqi/data1/share/after_freesurfer/FILE/MIND_t_test/Significant_Child_edge_results.csv
Significant Adult edge results (n=781): /data/home/tqi/data1/share/after_freesurfer/FILE/MIND_t_test/Significant_Adult_edge_results.csv

ANALYSIS COMPLETE!

End: Tue Feb  3 11:49:15 PM CST 2026
