
Attaching package: ‘dplyr’

The following objects are masked from ‘package:stats’:

    filter, lag

The following objects are masked from ‘package:base’:

    intersect, setdiff, setequal, union

Loading required package: carData

Attaching package: ‘car’

The following object is masked from ‘package:purrr’:

    some

The following object is masked from ‘package:dplyr’:

    recode

New names:
• `` -> `...9`
Error in file(file, ifelse(append, "a", "w")) : 
  cannot open the connection
Calls: write.csv -> eval.parent -> eval -> eval -> <Anonymous> -> file
In addition: Warning message:
In file(file, ifelse(append, "a", "w")) :
  cannot open file '/data/home/tqi/data1/share/after_freesurfer/FILE/MIND_ANOVA/ANOVA_DK318_edge_results.csv': No such file or directory
Execution halted
