Host: node4
Start: Mon Mar 16 03:36:36 PM CST 2026
Installing dglm ...
x86_64-conda-linux-gnu-cc -I"/data/home/tqi/.conda/envs/rd_env_r/lib/R/include" -DNDEBUG   -DNDEBUG -D_FORTIFY_SOURCE=2 -O2 -isystem /data/home/tqi/.conda/envs/rd_env_r/include -I/data/home/tqi/.conda/envs/rd_env_r/include -Wl,-rpath-link,/data/home/tqi/.conda/envs/rd_env_r/lib    -fpic  -march=nocona -mtune=haswell -ftree-vectorize -fPIC -fstack-protector-strong -fno-plt -O2 -ffunction-sections -pipe -isystem /data/home/tqi/.conda/envs/rd_env_r/include -fdebug-prefix-map=/croot/r-base_1744617423037/work=/usr/local/src/conda/r-base-4.3.1 -fdebug-prefix-map=/data/home/tqi/.conda/envs/rd_env_r=/usr/local/src/conda-prefix  -c expectedDeviance.c -o expectedDeviance.o
x86_64-conda-linux-gnu-gfortran  -fpic  -fopenmp -march=nocona -mtune=haswell -ftree-vectorize -fPIC -fstack-protector-strong -fno-plt -O2 -ffunction-sections -pipe -isystem /data/home/tqi/.conda/envs/rd_env_r/include -fdebug-prefix-map=/croot/r-base_1744617423037/work=/usr/local/src/conda/r-base-4.3.1 -fdebug-prefix-map=/data/home/tqi/.conda/envs/rd_env_r=/usr/local/src/conda-prefix  -c gaussq2.f -o gaussq2.o
x86_64-conda-linux-gnu-cc -I"/data/home/tqi/.conda/envs/rd_env_r/lib/R/include" -DNDEBUG   -DNDEBUG -D_FORTIFY_SOURCE=2 -O2 -isystem /data/home/tqi/.conda/envs/rd_env_r/include -I/data/home/tqi/.conda/envs/rd_env_r/include -Wl,-rpath-link,/data/home/tqi/.conda/envs/rd_env_r/lib    -fpic  -march=nocona -mtune=haswell -ftree-vectorize -fPIC -fstack-protector-strong -fno-plt -O2 -ffunction-sections -pipe -isystem /data/home/tqi/.conda/envs/rd_env_r/include -fdebug-prefix-map=/croot/r-base_1744617423037/work=/usr/local/src/conda/r-base-4.3.1 -fdebug-prefix-map=/data/home/tqi/.conda/envs/rd_env_r=/usr/local/src/conda-prefix  -c init.c -o init.o
x86_64-conda-linux-gnu-cc -shared -L/data/home/tqi/.conda/envs/rd_env_r/lib/R/lib -Wl,-O2 -Wl,--sort-common -Wl,--as-needed -Wl,-z,relro -Wl,-z,now -Wl,--disable-new-dtags -Wl,--gc-sections -Wl,-rpath,/data/home/tqi/.conda/envs/rd_env_r/lib -Wl,-rpath-link,/data/home/tqi/.conda/envs/rd_env_r/lib -L/data/home/tqi/.conda/envs/rd_env_r/lib -o statmod.so expectedDeviance.o gaussq2.o init.o -lgfortran -lm -lgomp -lquadmath -lpthread -L/data/home/tqi/.conda/envs/rd_env_r/lib/R/lib -lR
Subjects in demo: 279 
Subjects with MIND csv: 278 
ROI number: 318 
Number of edges: 50403 
Degree matrix: 278 x 318 
Edge matrix: 278 x 50403 

=== Running DGLM (degree) ===
Significant Interaction (degree, FDR<0.05): 0 
Saved: /data/home/tqi/data1/share/after_freesurfer/FILE/MIND_DGLM/DGLM_DK318_degree_results.csv 

=== Running DGLM (edges) ===
Edge chunk 1 / 26 
Edge chunk 2 / 26 
Edge chunk 3 / 26 
Edge chunk 4 / 26 
