Host: node5
Start: Wed Mar 25 08:34:12 PM CST 2026
TMPDIR: /data/home/tqi/data1/share/after_freesurfer/CODE/analysis/tmp
Subjects in demo: 246 
Subjects with matrix+degree csv: 246 
ROI number: 68 
Number of edges: 2278 
Degree matrix: 246 x 68 
Edge matrix: 246 x 2278 

=== Diagnostic ===
Diagnosis counts: TD=119, DD=127 
AgeGroup  counts: Child=127, Adult=119 
Sex       counts: Female=131, Male=115 
First ROI: n valid = 246 , var = 0.00041726 
Mean model coef colnames:  Estimate, Std. Error, t value, Pr(>|t|) 
Disp model coef colnames:  Estimate, Std. Error, t value, Pr(>|t|) 
DiagnosisDD mean p-value:  0.07041611 
dglm fit names:  coefficients, residuals, fitted.values, effects, weights, rank, assign, qr, df.residual, call, formula, terms, model, family, linear.predictors, prior.weights, contrasts, df.null, deviance, aic, null.deviance, y, dispersion.fit, iter, method, m2loglik 

=== Running DGLM (degree) ===
Significant mean Interaction (degree, FDR<0.05): 0 
Significant dispersion Interaction (degree, FDR<0.05): 0 
Saved: /data/home/tqi/data1/share/after_freesurfer/FILE/MIND_DK68_DGLM//DGLM_DK68_degree_results.csv 

=== Running DGLM (edges) ===
Edge chunk 1 / 2 
Edge chunk 2 / 2 
Significant mean Interaction (edges, FDR<0.05): 0 
Significant dispersion Interaction (edges, FDR<0.05): 0 
Saved: /data/home/tqi/data1/share/after_freesurfer/FILE/MIND_DK68_DGLM//DGLM_DK68_edge_results.csv 

==============================
Significant Degree Results (FDR < 0.05 )
==============================

[mean_Diagnosis] n_sig = 7
                 feature   n  p_raw  p_FDR
 lh_rostralmiddlefrontal 246 0.0022 0.0217
        lh_supramarginal 246 0.0011 0.0188
  rh_caudalmiddlefrontal 246 0.0001 0.0096
     rh_inferiorparietal 246 0.0022 0.0217
           rh_precentral 246 0.0006 0.0188
            rh_precuneus 246 0.0008 0.0188
        rh_supramarginal 246 0.0017 0.0217

[mean_AgeGroup] n_sig = 0

[mean_Interaction] n_sig = 0

[disp_Diagnosis] n_sig = 0

[disp_AgeGroup] n_sig = 0

[disp_Interaction] n_sig = 0

Degree mean interaction significant (FDR): 0 ROIs. Saved: /data/home/tqi/data1/share/after_freesurfer/FILE/MIND_DK68_DGLM//DGLM_DK68_degree_mean_interaction_significant_fdr.csv
Degree mean interaction significant (uncorrected): 2 ROIs. Saved: /data/home/tqi/data1/share/after_freesurfer/FILE/MIND_DK68_DGLM//DGLM_DK68_degree_mean_interaction_significant_uncorrected.csv
Degree dispersion interaction significant (FDR): 0 ROIs. Saved: /data/home/tqi/data1/share/after_freesurfer/FILE/MIND_DK68_DGLM//DGLM_DK68_degree_dispersion_interaction_significant_fdr.csv
Degree dispersion interaction significant (uncorrected): 0 ROIs. Saved: /data/home/tqi/data1/share/after_freesurfer/FILE/MIND_DK68_DGLM//DGLM_DK68_degree_dispersion_interaction_significant_uncorrected.csv

==============================
Significant Edge Results (FDR < 0.05 )
==============================

[mean_Diagnosis] n_sig = 73
  (showing top 20 by FDR)
                    region_i                region_j   n p_raw  p_FDR
         lh_inferiortemporal  rh_caudalmiddlefrontal 246 0e+00 0.0014
         rh_parstriangularis           rh_precentral 246 0e+00 0.0014
      rh_caudalmiddlefrontal       rh_middletemporal 246 0e+00 0.0080
      rh_caudalmiddlefrontal rh_lateralorbitofrontal 246 0e+00 0.0088
                 lh_fusiform  rh_caudalmiddlefrontal 246 0e+00 0.0110
     lh_lateralorbitofrontal  rh_caudalmiddlefrontal 246 1e-04 0.0110
 lh_rostralanteriorcingulate  rh_caudalmiddlefrontal 246 1e-04 0.0110
                 rh_bankssts          rh_paracentral 246 0e+00 0.0110
            lh_supramarginal            rh_precuneus 246 0e+00 0.0110
              rh_postcentral      rh_superiorfrontal 246 0e+00 0.0110
      rh_caudalmiddlefrontal        rh_supramarginal 246 0e+00 0.0110
                   rh_cuneus          rh_postcentral 246 1e-04 0.0113
      rh_caudalmiddlefrontal     rh_superiortemporal 246 1e-04 0.0186
                rh_precuneus        rh_supramarginal 246 1e-04 0.0186
         lh_inferiortemporal           rh_precentral 246 1e-04 0.0195
 lh_rostralanteriorcingulate      rh_superiorfrontal 246 1e-04 0.0195
           lh_middletemporal  rh_caudalmiddlefrontal 246 2e-04 0.0196
                   lh_cuneus          rh_postcentral 246 2e-04 0.0196
          lh_superiorfrontal          rh_postcentral 246 2e-04 0.0196
     lh_lateralorbitofrontal           rh_precentral 246 2e-04 0.0196

[mean_AgeGroup] n_sig = 244
  (showing top 20 by FDR)
                region_i                    region_j   n p_raw p_FDR
           lh_precentral         rh_superiorparietal 246     0 0e+00
               lh_cuneus               lh_precentral 246     0 0e+00
           lh_precentral         lh_superiorparietal 246     0 0e+00
 rh_rostralmiddlefrontal         rh_superiortemporal 246     0 0e+00
           rh_precentral         rh_superiorparietal 246     0 0e+00
              lh_lingual               lh_precentral 246     0 1e-04
           lh_precentral                  rh_lingual 246     0 1e-04
      rh_parsopercularis               rh_precentral 246     0 1e-04
        rh_parsorbitalis          rh_superiorfrontal 246     0 1e-04
     lh_superiortemporal     rh_rostralmiddlefrontal 246     0 2e-04
           lh_precentral         rh_lateraloccipital 246     0 2e-04
              lh_lingual         rh_isthmuscingulate 246     0 2e-04
        lh_pericalcarine               lh_precentral 246     0 2e-04
           lh_precentral                   rh_cuneus 246     0 3e-04
           lh_precentral          rh_parsopercularis 246     0 3e-04
             lh_fusiform rh_rostralanteriorcingulate 246     0 3e-04
     rh_lateraloccipital               rh_precentral 246     0 3e-04
           lh_precentral              rh_postcentral 246     0 4e-04
     lh_isthmuscingulate                  lh_lingual 246     0 5e-04
     lh_lateraloccipital     rh_rostralmiddlefrontal 246     0 5e-04

[mean_Interaction] n_sig = 0

[disp_Diagnosis] n_sig = 0

[disp_AgeGroup] n_sig = 0

[disp_Interaction] n_sig = 0

Edge mean interaction significant (FDR): 0 edges. Saved: /data/home/tqi/data1/share/after_freesurfer/FILE/MIND_DK68_DGLM//DGLM_DK68_edge_mean_interaction_significant_fdr.csv
Edge mean interaction significant (uncorrected): 135 edges. Saved: /data/home/tqi/data1/share/after_freesurfer/FILE/MIND_DK68_DGLM//DGLM_DK68_edge_mean_interaction_significant_uncorrected.csv
Edge dispersion interaction significant (FDR): 0 edges. Saved: /data/home/tqi/data1/share/after_freesurfer/FILE/MIND_DK68_DGLM//DGLM_DK68_edge_dispersion_interaction_significant_fdr.csv
Edge dispersion interaction significant (uncorrected): 13 edges. Saved: /data/home/tqi/data1/share/after_freesurfer/FILE/MIND_DK68_DGLM//DGLM_DK68_edge_dispersion_interaction_significant_uncorrected.csv

DONE.
End: Wed Mar 25 08:34:56 PM CST 2026
