Loading required package: readxl
Loading required package: dplyr

Attaching package: ‘dplyr’

The following objects are masked from ‘package:stats’:

    filter, lag

The following objects are masked from ‘package:base’:

    intersect, setdiff, setequal, union

Loading required package: purrr
Loading required package: dglm
Loading required package: emmeans
Welcome to emmeans.
Caution: You lose important information if you filter this package's results.
See '? untidy'
Loading required package: stringr
Warning message:
glm.fit: algorithm did not converge 
Traceback (most recent call last):
  File "/data/home/tqi/data1/share/after_freesurfer/CODE/degree/plot_significant_DK68_stratified_brainmaps.py", line 28, in <module>
    exec(compile(script_txt, str(TEMPLATE), "exec"), namespace)
    ~~~~^^^^^^^^^^^^^^^^^^^^^^^^^^^^^^^^^^^^^^^^^^^^^^^^^^^^^^^
  File "/data/home/tqi/data1/share/after_freesurfer/CODE/degree/plot_significant_DK318_stratified_brainmaps.py", line 362, in <module>
    main()
    ~~~~^^
  File "/data/home/tqi/data1/share/after_freesurfer/CODE/degree/plot_significant_DK318_stratified_brainmaps.py", line 339, in main
    surfaces = load_fsaverage_and_annot()
  File "/data/home/tqi/data1/share/after_freesurfer/CODE/degree/plot_significant_DK318_stratified_brainmaps.py", line 55, in load_fsaverage_and_annot
    lh_labels, _, lh_names = read_annot(LH_ANNOT)
                             ~~~~~~~~~~^^^^^^^^^^
  File "/data/home/tqi/.conda/envs/rd_env_r/lib/python3.13/site-packages/nibabel/freesurfer/io.py", line 355, in read_annot
    with open(filepath, 'rb') as fobj:
         ~~~~^^^^^^^^^^^^^^^^
FileNotFoundError: [Errno 2] No such file or directory: '/data/home/tqi/data1/share/after_freesurfer/FILE/DK-318/lh.DK68.annot'
